-- Found ament_cmake: 0.9.11 (/opt/ros/foxy/share/ament_cmake/cmake)
-- Found PythonInterp: /usr/bin/python3 (found suitable version "3.8.10", minimum required is "3") 
-- Using PYTHON_EXECUTABLE: /usr/bin/python3
-- Found rosidl_default_generators: 1.0.1 (/opt/ros/foxy/share/rosidl_default_generators/cmake)
-- Using all available rosidl_typesupport_c: rosidl_typesupport_connext_c;rosidl_typesupport_fastrtps_c;rosidl_typesupport_introspection_c
-- Found rosidl_adapter: 1.3.0 (/opt/ros/foxy/share/rosidl_adapter/cmake)
-- Found RTI Connext: /opt/rti.com/rti_connext_dds-5.3.1
-- Using all available rosidl_typesupport_cpp: rosidl_typesupport_connext_cpp;rosidl_typesupport_fastrtps_cpp;rosidl_typesupport_introspection_cpp
-- Found PythonInterp: /usr/bin/python3 (found version "3.8.10") 
-- Found ament_cmake_ros: 0.9.2 (/opt/ros/foxy/share/ament_cmake_ros/cmake)
-- Using all available rosidl_typesupport_c: rosidl_typesupport_connext_c;rosidl_typesupport_fastrtps_c;rosidl_typesupport_introspection_c
-- Using all available rosidl_typesupport_cpp: rosidl_typesupport_connext_cpp;rosidl_typesupport_fastrtps_cpp;rosidl_typesupport_introspection_cpp
-- Found PythonInterp: /usr/bin/python3 (found suitable version "3.8.10", minimum required is "3.5") 
-- Found python_cmake_module: 0.8.1 (/opt/ros/foxy/share/python_cmake_module/cmake)
-- Found PythonLibs: /usr/lib/x86_64-linux-gnu/libpython3.8.so (found suitable version "3.8.10", minimum required is "3.5") 
-- Using PYTHON_EXECUTABLE: /usr/bin/python3
-- Using PYTHON_INCLUDE_DIRS: /usr/include/python3.8
-- Using PYTHON_LIBRARIES: /usr/lib/x86_64-linux-gnu/libpython3.8.so
-- Found PythonExtra: .so  
-- Found ament_lint_auto: 0.9.7 (/opt/ros/foxy/share/ament_lint_auto/cmake)
-- Configuring done
-- Generating done
-- Build files have been written to: /home/ge/Desktop/ros2/ws01_plumbing/src/build/base_interfaces_demo
[  2%] [34m[1mGenerating C code for ROS interfaces[0m
[35m[1mScanning dependencies of target base_interfaces_demo__dds_connext_idl[0m
[35m[1mScanning dependencies of target base_interfaces_demo__cpp[0m
[  6%] [34m[1mGenerating C++ code for ROS interfaces[0m
[  6%] [34m[1mGenerating DDS interfaces[0m
[  6%] Built target base_interfaces_demo__dds_connext_idl
[  6%] Built target base_interfaces_demo__cpp
[  8%] [34m[1mGenerating C++ type support dispatch for ROS interfaces[0m
[ 10%] [34m[1mGenerating C++ type support for eProsima Fast-RTPS[0m
[ 14%] [34m[1mGenerating C++ introspection for ROS interfaces[0m
[ 14%] [34m[1mGenerating C++ type support for RTI Connext (using '/opt/rti.com/rti_connext_dds-5.3.1/bin/rtiddsgen_server')[0m
[35m[1mScanning dependencies of target base_interfaces_demo__rosidl_generator_c[0m
[ 16%] [32mBuilding C object CMakeFiles/base_interfaces_demo__rosidl_generator_c.dir/rosidl_generator_c/base_interfaces_demo/srv/detail/addints__functions.c.o[0m
[ 18%] [32m[1mLinking C shared library libbase_interfaces_demo__rosidl_generator_c.so[0m
[ 18%] Built target base_interfaces_demo__rosidl_generator_c
[ 22%] [34m[1mGenerating C type support dispatch for ROS interfaces[0m
[ 22%] [34m[1mGenerating C introspection for ROS interfaces[0m
[35m[1mScanning dependencies of target base_interfaces_demo__rosidl_typesupport_introspection_cpp[0m
[ 24%] [32mBuilding CXX object CMakeFiles/base_interfaces_demo__rosidl_typesupport_introspection_cpp.dir/rosidl_typesupport_introspection_cpp/base_interfaces_demo/srv/detail/addints__type_support.cpp.o[0m
[35m[1mScanning dependencies of target base_interfaces_demo__rosidl_typesupport_cpp[0m
[ 26%] [32mBuilding CXX object CMakeFiles/base_interfaces_demo__rosidl_typesupport_cpp.dir/rosidl_typesupport_cpp/base_interfaces_demo/srv/addints__type_support.cpp.o[0m
[35m[1mScanning dependencies of target base_interfaces_demo__rosidl_typesupport_fastrtps_cpp[0m
[ 28%] [32mBuilding CXX object CMakeFiles/base_interfaces_demo__rosidl_typesupport_fastrtps_cpp.dir/rosidl_typesupport_fastrtps_cpp/base_interfaces_demo/srv/detail/dds_fastrtps/addints__type_support.cpp.o[0m
[35m[1mScanning dependencies of target base_interfaces_demo__rosidl_typesupport_c[0m
[ 30%] [32mBuilding CXX object CMakeFiles/base_interfaces_demo__rosidl_typesupport_c.dir/rosidl_typesupport_c/base_interfaces_demo/srv/addints__type_support.cpp.o[0m
[35m[1mScanning dependencies of target base_interfaces_demo__rosidl_typesupport_introspection_c[0m
[ 32%] [32mBuilding C object CMakeFiles/base_interfaces_demo__rosidl_typesupport_introspection_c.dir/rosidl_typesupport_introspection_c/base_interfaces_demo/srv/detail/addints__type_support.c.o[0m
[ 34%] [32m[1mLinking CXX shared library libbase_interfaces_demo__rosidl_typesupport_c.so[0m
[ 36%] [32m[1mLinking C shared library libbase_interfaces_demo__rosidl_typesupport_introspection_c.so[0m
[ 36%] Built target base_interfaces_demo__rosidl_typesupport_c
[ 36%] Built target base_interfaces_demo__rosidl_typesupport_introspection_c
[ 38%] [32m[1mLinking CXX shared library libbase_interfaces_demo__rosidl_typesupport_introspection_cpp.so[0m
[ 40%] [32m[1mLinking CXX shared library libbase_interfaces_demo__rosidl_typesupport_cpp.so[0m
[ 40%] Built target base_interfaces_demo__rosidl_typesupport_introspection_cpp
[ 40%] Built target base_interfaces_demo__rosidl_typesupport_cpp
[ 42%] [32m[1mLinking CXX shared library libbase_interfaces_demo__rosidl_typesupport_fastrtps_cpp.so[0m
[ 42%] Built target base_interfaces_demo__rosidl_typesupport_fastrtps_cpp
[ 44%] [34m[1mGenerating C type support for eProsima Fast-RTPS[0m
INFO com.rti.ndds.nddsgen.Main Running rtiddsgen version 2.5.2, please wait ...
INFO com.rti.ndds.nddsgen.Main Done
[35m[1mScanning dependencies of target base_interfaces_demo__rosidl_typesupport_fastrtps_c[0m
[ 46%] [32mBuilding CXX object CMakeFiles/base_interfaces_demo__rosidl_typesupport_fastrtps_c.dir/rosidl_typesupport_fastrtps_c/base_interfaces_demo/srv/detail/addints__type_support_c.cpp.o[0m
[35m[1mScanning dependencies of target base_interfaces_demo__rosidl_typesupport_connext_cpp[0m
[ 55%] [32mBuilding CXX object CMakeFiles/base_interfaces_demo__rosidl_typesupport_connext_cpp.dir/rosidl_typesupport_connext_cpp/base_interfaces_demo/srv/dds_connext/Addints_.cxx.o[0m
[ 55%] [32mBuilding CXX object CMakeFiles/base_interfaces_demo__rosidl_typesupport_connext_cpp.dir/rosidl_typesupport_connext_cpp/base_interfaces_demo/srv/dds_connext/Addints_Plugin.cxx.o[0m
[ 55%] [32mBuilding CXX object CMakeFiles/base_interfaces_demo__rosidl_typesupport_connext_cpp.dir/rosidl_typesupport_connext_cpp/base_interfaces_demo/srv/dds_connext/addints__type_support.cpp.o[0m
[ 55%] [32mBuilding CXX object CMakeFiles/base_interfaces_demo__rosidl_typesupport_connext_cpp.dir/rosidl_typesupport_connext_cpp/base_interfaces_demo/srv/dds_connext/Addints_Support.cxx.o[0m
[ 57%] [32m[1mLinking CXX shared library libbase_interfaces_demo__rosidl_typesupport_fastrtps_c.so[0m
[ 57%] Built target base_interfaces_demo__rosidl_typesupport_fastrtps_c
[ 59%] [32m[1mLinking CXX shared library libbase_interfaces_demo__rosidl_typesupport_connext_cpp.so[0m
[ 61%] Built target base_interfaces_demo__rosidl_typesupport_connext_cpp
[ 63%] [34m[1mGenerating C type support for RTI Connext[0m
[35m[1mScanning dependencies of target base_interfaces_demo__rosidl_typesupport_connext_c[0m
[ 71%] [32mBuilding CXX object CMakeFiles/base_interfaces_demo__rosidl_typesupport_connext_c.dir/rosidl_typesupport_connext_cpp/base_interfaces_demo/srv/dds_connext/Addints_.cxx.o[0m
[ 71%] [32mBuilding CXX object CMakeFiles/base_interfaces_demo__rosidl_typesupport_connext_c.dir/rosidl_typesupport_connext_cpp/base_interfaces_demo/srv/dds_connext/Addints_Support.cxx.o[0m
[ 71%] [32mBuilding CXX object CMakeFiles/base_interfaces_demo__rosidl_typesupport_connext_c.dir/rosidl_typesupport_connext_c/base_interfaces_demo/srv/dds_connext/addints__type_support_c.cpp.o[0m
[ 71%] [32mBuilding CXX object CMakeFiles/base_interfaces_demo__rosidl_typesupport_connext_c.dir/rosidl_typesupport_connext_cpp/base_interfaces_demo/srv/dds_connext/Addints_Plugin.cxx.o[0m
[ 73%] [32m[1mLinking CXX shared library libbase_interfaces_demo__rosidl_typesupport_connext_c.so[0m
[ 77%] Built target base_interfaces_demo__rosidl_typesupport_connext_c
[35m[1mScanning dependencies of target base_interfaces_demo[0m
[ 77%] Built target base_interfaces_demo
[35m[1mScanning dependencies of target base_interfaces_demo__py[0m
[ 79%] [34m[1mGenerating Python code for ROS interfaces[0m
[ 79%] Built target base_interfaces_demo__py
[35m[1mScanning dependencies of target base_interfaces_demo__python[0m
[ 81%] [32mBuilding C object CMakeFiles/base_interfaces_demo__python.dir/rosidl_generator_py/base_interfaces_demo/srv/_addints_s.c.o[0m
[ 83%] [32m[1mLinking C shared library rosidl_generator_py/base_interfaces_demo/libbase_interfaces_demo__python.so[0m
[ 83%] Built target base_interfaces_demo__python
[35m[1mScanning dependencies of target base_interfaces_demo__rosidl_typesupport_c__pyext[0m
[35m[1mScanning dependencies of target base_interfaces_demo__rosidl_typesupport_introspection_c__pyext[0m
[35m[1mScanning dependencies of target base_interfaces_demo__rosidl_typesupport_fastrtps_c__pyext[0m
[35m[1mScanning dependencies of target base_interfaces_demo__rosidl_typesupport_connext_c__pyext[0m
[ 89%] [32mBuilding C object CMakeFiles/base_interfaces_demo__rosidl_typesupport_introspection_c__pyext.dir/rosidl_generator_py/base_interfaces_demo/_base_interfaces_demo_s.ep.rosidl_typesupport_introspection_c.c.o[0m
[ 89%] [32mBuilding C object CMakeFiles/base_interfaces_demo__rosidl_typesupport_fastrtps_c__pyext.dir/rosidl_generator_py/base_interfaces_demo/_base_interfaces_demo_s.ep.rosidl_typesupport_fastrtps_c.c.o[0m
[ 89%] [32mBuilding C object CMakeFiles/base_interfaces_demo__rosidl_typesupport_c__pyext.dir/rosidl_generator_py/base_interfaces_demo/_base_interfaces_demo_s.ep.rosidl_typesupport_c.c.o[0m
[ 91%] [32mBuilding C object CMakeFiles/base_interfaces_demo__rosidl_typesupport_connext_c__pyext.dir/rosidl_generator_py/base_interfaces_demo/_base_interfaces_demo_s.ep.rosidl_typesupport_connext_c.c.o[0m
[ 93%] [32m[1mLinking CXX shared library rosidl_generator_py/base_interfaces_demo/base_interfaces_demo_s__rosidl_typesupport_fastrtps_c.cpython-38-x86_64-linux-gnu.so[0m
[ 95%] [32m[1mLinking C shared library rosidl_generator_py/base_interfaces_demo/base_interfaces_demo_s__rosidl_typesupport_connext_c.cpython-38-x86_64-linux-gnu.so[0m
[ 97%] [32m[1mLinking C shared library rosidl_generator_py/base_interfaces_demo/base_interfaces_demo_s__rosidl_typesupport_c.cpython-38-x86_64-linux-gnu.so[0m
[100%] [32m[1mLinking C shared library rosidl_generator_py/base_interfaces_demo/base_interfaces_demo_s__rosidl_typesupport_introspection_c.cpython-38-x86_64-linux-gnu.so[0m
[100%] Built target base_interfaces_demo__rosidl_typesupport_c__pyext
[100%] Built target base_interfaces_demo__rosidl_typesupport_introspection_c__pyext
[100%] Built target base_interfaces_demo__rosidl_typesupport_fastrtps_c__pyext
[100%] Built target base_interfaces_demo__rosidl_typesupport_connext_c__pyext
-- Install configuration: ""
-- Installing: /home/ge/Desktop/ros2/ws01_plumbing/src/install/base_interfaces_demo/share/ament_index/resource_index/rosidl_interfaces/base_interfaces_demo
-- Installing: /home/ge/Desktop/ros2/ws01_plumbing/src/install/base_interfaces_demo/include/base_interfaces_demo
-- Installing: /home/ge/Desktop/ros2/ws01_plumbing/src/install/base_interfaces_demo/include/base_interfaces_demo/msg
-- Installing: /home/ge/Desktop/ros2/ws01_plumbing/src/install/base_interfaces_demo/include/base_interfaces_demo/msg/rosidl_generator_c__visibility_control.h
-- Installing: /home/ge/Desktop/ros2/ws01_plumbing/src/install/base_interfaces_demo/include/base_interfaces_demo/srv
-- Installing: /home/ge/Desktop/ros2/ws01_plumbing/src/install/base_interfaces_demo/include/base_interfaces_demo/srv/detail
-- Installing: /home/ge/Desktop/ros2/ws01_plumbing/src/install/base_interfaces_demo/include/base_interfaces_demo/srv/detail/addints__type_support.h
-- Installing: /home/ge/Desktop/ros2/ws01_plumbing/src/install/base_interfaces_demo/include/base_interfaces_demo/srv/detail/addints__struct.h
-- Installing: /home/ge/Desktop/ros2/ws01_plumbing/src/install/base_interfaces_demo/include/base_interfaces_demo/srv/detail/addints__functions.c
-- Installing: /home/ge/Desktop/ros2/ws01_plumbing/src/install/base_interfaces_demo/include/base_interfaces_demo/srv/detail/addints__functions.h
-- Installing: /home/ge/Desktop/ros2/ws01_plumbing/src/install/base_interfaces_demo/include/base_interfaces_demo/srv/addints.h
-- Installing: /home/ge/Desktop/ros2/ws01_plumbing/src/install/base_interfaces_demo/share/base_interfaces_demo/environment/library_path.sh
-- Installing: /home/ge/Desktop/ros2/ws01_plumbing/src/install/base_interfaces_demo/share/base_interfaces_demo/environment/library_path.dsv
-- Installing: /home/ge/Desktop/ros2/ws01_plumbing/src/install/base_interfaces_demo/lib/libbase_interfaces_demo__rosidl_generator_c.so
-- Set runtime path of "/home/ge/Desktop/ros2/ws01_plumbing/src/install/base_interfaces_demo/lib/libbase_interfaces_demo__rosidl_generator_c.so" to ""
-- Up-to-date: /home/ge/Desktop/ros2/ws01_plumbing/src/install/base_interfaces_demo/include/base_interfaces_demo
-- Up-to-date: /home/ge/Desktop/ros2/ws01_plumbing/src/install/base_interfaces_demo/include/base_interfaces_demo/msg
-- Installing: /home/ge/Desktop/ros2/ws01_plumbing/src/install/base_interfaces_demo/include/base_interfaces_demo/msg/rosidl_typesupport_connext_c__visibility_control.h
-- Up-to-date: /home/ge/Desktop/ros2/ws01_plumbing/src/install/base_interfaces_demo/include/base_interfaces_demo/srv
-- Installing: /home/ge/Desktop/ros2/ws01_plumbing/src/install/base_interfaces_demo/include/base_interfaces_demo/srv/dds_connext
-- Installing: /home/ge/Desktop/ros2/ws01_plumbing/src/install/base_interfaces_demo/include/base_interfaces_demo/srv/addints__rosidl_typesupport_connext_c.h
-- Installing: /home/ge/Desktop/ros2/ws01_plumbing/src/install/base_interfaces_demo/lib/libbase_interfaces_demo__rosidl_typesupport_connext_c.so
-- Set runtime path of "/home/ge/Desktop/ros2/ws01_plumbing/src/install/base_interfaces_demo/lib/libbase_interfaces_demo__rosidl_typesupport_connext_c.so" to ""
-- Installing: /home/ge/Desktop/ros2/ws01_plumbing/src/install/base_interfaces_demo/share/base_interfaces_demo/srv/dds_connext
-- Installing: /home/ge/Desktop/ros2/ws01_plumbing/src/install/base_interfaces_demo/share/base_interfaces_demo/srv/dds_connext/Addints_.idl
-- Up-to-date: /home/ge/Desktop/ros2/ws01_plumbing/src/install/base_interfaces_demo/include/base_interfaces_demo
-- Up-to-date: /home/ge/Desktop/ros2/ws01_plumbing/src/install/base_interfaces_demo/include/base_interfaces_demo/msg
-- Installing: /home/ge/Desktop/ros2/ws01_plumbing/src/install/base_interfaces_demo/include/base_interfaces_demo/msg/rosidl_typesupport_connext_cpp__visibility_control.h
-- Up-to-date: /home/ge/Desktop/ros2/ws01_plumbing/src/install/base_interfaces_demo/include/base_interfaces_demo/srv
-- Up-to-date: /home/ge/Desktop/ros2/ws01_plumbing/src/install/base_interfaces_demo/include/base_interfaces_demo/srv/dds_connext
-- Installing: /home/ge/Desktop/ros2/ws01_plumbing/src/install/base_interfaces_demo/include/base_interfaces_demo/srv/dds_connext/Addints_Plugin.cxx
-- Installing: /home/ge/Desktop/ros2/ws01_plumbing/src/install/base_interfaces_demo/include/base_interfaces_demo/srv/dds_connext/Addints_.h
-- Installing: /home/ge/Desktop/ros2/ws01_plumbing/src/install/base_interfaces_demo/include/base_interfaces_demo/srv/dds_connext/Addints_Support.cxx
-- Installing: /home/ge/Desktop/ros2/ws01_plumbing/src/install/base_interfaces_demo/include/base_interfaces_demo/srv/dds_connext/Addints_.cxx
-- Installing: /home/ge/Desktop/ros2/ws01_plumbing/src/install/base_interfaces_demo/include/base_interfaces_demo/srv/dds_connext/Addints_Plugin.h
-- Installing: /home/ge/Desktop/ros2/ws01_plumbing/src/install/base_interfaces_demo/include/base_interfaces_demo/srv/dds_connext/Addints_Support.h
-- Installing: /home/ge/Desktop/ros2/ws01_plumbing/src/install/base_interfaces_demo/include/base_interfaces_demo/srv/addints__rosidl_typesupport_connext_cpp.hpp
-- Installing: /home/ge/Desktop/ros2/ws01_plumbing/src/install/base_interfaces_demo/lib/libbase_interfaces_demo__rosidl_typesupport_connext_cpp.so
-- Set runtime path of "/home/ge/Desktop/ros2/ws01_plumbing/src/install/base_interfaces_demo/lib/libbase_interfaces_demo__rosidl_typesupport_connext_cpp.so" to ""
-- Up-to-date: /home/ge/Desktop/ros2/ws01_plumbing/src/install/base_interfaces_demo/include/base_interfaces_demo
-- Up-to-date: /home/ge/Desktop/ros2/ws01_plumbing/src/install/base_interfaces_demo/include/base_interfaces_demo/msg
-- Installing: /home/ge/Desktop/ros2/ws01_plumbing/src/install/base_interfaces_demo/include/base_interfaces_demo/msg/rosidl_typesupport_fastrtps_c__visibility_control.h
-- Up-to-date: /home/ge/Desktop/ros2/ws01_plumbing/src/install/base_interfaces_demo/include/base_interfaces_demo/srv
-- Up-to-date: /home/ge/Desktop/ros2/ws01_plumbing/src/install/base_interfaces_demo/include/base_interfaces_demo/srv/detail
-- Installing: /home/ge/Desktop/ros2/ws01_plumbing/src/install/base_interfaces_demo/include/base_interfaces_demo/srv/detail/addints__rosidl_typesupport_fastrtps_c.h
-- Installing: /home/ge/Desktop/ros2/ws01_plumbing/src/install/base_interfaces_demo/lib/libbase_interfaces_demo__rosidl_typesupport_fastrtps_c.so
-- Set runtime path of "/home/ge/Desktop/ros2/ws01_plumbing/src/install/base_interfaces_demo/lib/libbase_interfaces_demo__rosidl_typesupport_fastrtps_c.so" to ""
-- Up-to-date: /home/ge/Desktop/ros2/ws01_plumbing/src/install/base_interfaces_demo/include/base_interfaces_demo
-- Up-to-date: /home/ge/Desktop/ros2/ws01_plumbing/src/install/base_interfaces_demo/include/base_interfaces_demo/msg
-- Installing: /home/ge/Desktop/ros2/ws01_plumbing/src/install/base_interfaces_demo/include/base_interfaces_demo/msg/rosidl_typesupport_fastrtps_cpp__visibility_control.h
-- Up-to-date: /home/ge/Desktop/ros2/ws01_plumbing/src/install/base_interfaces_demo/include/base_interfaces_demo/srv
-- Up-to-date: /home/ge/Desktop/ros2/ws01_plumbing/src/install/base_interfaces_demo/include/base_interfaces_demo/srv/detail
-- Installing: /home/ge/Desktop/ros2/ws01_plumbing/src/install/base_interfaces_demo/include/base_interfaces_demo/srv/detail/addints__rosidl_typesupport_fastrtps_cpp.hpp
-- Installing: /home/ge/Desktop/ros2/ws01_plumbing/src/install/base_interfaces_demo/include/base_interfaces_demo/srv/detail/dds_fastrtps
-- Installing: /home/ge/Desktop/ros2/ws01_plumbing/src/install/base_interfaces_demo/lib/libbase_interfaces_demo__rosidl_typesupport_fastrtps_cpp.so
-- Set runtime path of "/home/ge/Desktop/ros2/ws01_plumbing/src/install/base_interfaces_demo/lib/libbase_interfaces_demo__rosidl_typesupport_fastrtps_cpp.so" to ""
-- Up-to-date: /home/ge/Desktop/ros2/ws01_plumbing/src/install/base_interfaces_demo/include/base_interfaces_demo
-- Up-to-date: /home/ge/Desktop/ros2/ws01_plumbing/src/install/base_interfaces_demo/include/base_interfaces_demo/msg
-- Installing: /home/ge/Desktop/ros2/ws01_plumbing/src/install/base_interfaces_demo/include/base_interfaces_demo/msg/rosidl_typesupport_introspection_c__visibility_control.h
-- Up-to-date: /home/ge/Desktop/ros2/ws01_plumbing/src/install/base_interfaces_demo/include/base_interfaces_demo/srv
-- Up-to-date: /home/ge/Desktop/ros2/ws01_plumbing/src/install/base_interfaces_demo/include/base_interfaces_demo/srv/detail
-- Installing: /home/ge/Desktop/ros2/ws01_plumbing/src/install/base_interfaces_demo/include/base_interfaces_demo/srv/detail/addints__rosidl_typesupport_introspection_c.h
-- Installing: /home/ge/Desktop/ros2/ws01_plumbing/src/install/base_interfaces_demo/include/base_interfaces_demo/srv/detail/addints__type_support.c
-- Installing: /home/ge/Desktop/ros2/ws01_plumbing/src/install/base_interfaces_demo/lib/libbase_interfaces_demo__rosidl_typesupport_introspection_c.so
-- Set runtime path of "/home/ge/Desktop/ros2/ws01_plumbing/src/install/base_interfaces_demo/lib/libbase_interfaces_demo__rosidl_typesupport_introspection_c.so" to ""
-- Installing: /home/ge/Desktop/ros2/ws01_plumbing/src/install/base_interfaces_demo/lib/libbase_interfaces_demo__rosidl_typesupport_c.so
-- Set runtime path of "/home/ge/Desktop/ros2/ws01_plumbing/src/install/base_interfaces_demo/lib/libbase_interfaces_demo__rosidl_typesupport_c.so" to ""
-- Up-to-date: /home/ge/Desktop/ros2/ws01_plumbing/src/install/base_interfaces_demo/include/base_interfaces_demo
-- Up-to-date: /home/ge/Desktop/ros2/ws01_plumbing/src/install/base_interfaces_demo/include/base_interfaces_demo/srv
-- Up-to-date: /home/ge/Desktop/ros2/ws01_plumbing/src/install/base_interfaces_demo/include/base_interfaces_demo/srv/detail
-- Installing: /home/ge/Desktop/ros2/ws01_plumbing/src/install/base_interfaces_demo/include/base_interfaces_demo/srv/detail/addints__builder.hpp
-- Installing: /home/ge/Desktop/ros2/ws01_plumbing/src/install/base_interfaces_demo/include/base_interfaces_demo/srv/detail/addints__struct.hpp
-- Installing: /home/ge/Desktop/ros2/ws01_plumbing/src/install/base_interfaces_demo/include/base_interfaces_demo/srv/detail/addints__traits.hpp
-- Installing: /home/ge/Desktop/ros2/ws01_plumbing/src/install/base_interfaces_demo/include/base_interfaces_demo/srv/addints.hpp
-- Up-to-date: /home/ge/Desktop/ros2/ws01_plumbing/src/install/base_interfaces_demo/include/base_interfaces_demo
-- Up-to-date: /home/ge/Desktop/ros2/ws01_plumbing/src/install/base_interfaces_demo/include/base_interfaces_demo/srv
-- Up-to-date: /home/ge/Desktop/ros2/ws01_plumbing/src/install/base_interfaces_demo/include/base_interfaces_demo/srv/detail
-- Installing: /home/ge/Desktop/ros2/ws01_plumbing/src/install/base_interfaces_demo/include/base_interfaces_demo/srv/detail/addints__rosidl_typesupport_introspection_cpp.hpp
-- Installing: /home/ge/Desktop/ros2/ws01_plumbing/src/install/base_interfaces_demo/include/base_interfaces_demo/srv/detail/addints__type_support.cpp
-- Installing: /home/ge/Desktop/ros2/ws01_plumbing/src/install/base_interfaces_demo/lib/libbase_interfaces_demo__rosidl_typesupport_introspection_cpp.so
-- Set runtime path of "/home/ge/Desktop/ros2/ws01_plumbing/src/install/base_interfaces_demo/lib/libbase_interfaces_demo__rosidl_typesupport_introspection_cpp.so" to ""
-- Installing: /home/ge/Desktop/ros2/ws01_plumbing/src/install/base_interfaces_demo/lib/libbase_interfaces_demo__rosidl_typesupport_cpp.so
-- Set runtime path of "/home/ge/Desktop/ros2/ws01_plumbing/src/install/base_interfaces_demo/lib/libbase_interfaces_demo__rosidl_typesupport_cpp.so" to ""
-- Installing: /home/ge/Desktop/ros2/ws01_plumbing/src/install/base_interfaces_demo/share/base_interfaces_demo/environment/pythonpath.sh
-- Installing: /home/ge/Desktop/ros2/ws01_plumbing/src/install/base_interfaces_demo/share/base_interfaces_demo/environment/pythonpath.dsv
-- Installing: /home/ge/Desktop/ros2/ws01_plumbing/src/install/base_interfaces_demo/lib/python3.8/site-packages/base_interfaces_demo/__init__.py
Compiling '/home/ge/Desktop/ros2/ws01_plumbing/src/install/base_interfaces_demo/lib/python3.8/site-packages/base_interfaces_demo/__init__.py'...
-- Installing: /home/ge/Desktop/ros2/ws01_plumbing/src/install/base_interfaces_demo/lib/python3.8/site-packages/base_interfaces_demo/srv
-- Installing: /home/ge/Desktop/ros2/ws01_plumbing/src/install/base_interfaces_demo/lib/python3.8/site-packages/base_interfaces_demo/srv/__init__.py
-- Installing: /home/ge/Desktop/ros2/ws01_plumbing/src/install/base_interfaces_demo/lib/python3.8/site-packages/base_interfaces_demo/srv/_addints.py
-- Installing: /home/ge/Desktop/ros2/ws01_plumbing/src/install/base_interfaces_demo/lib/python3.8/site-packages/base_interfaces_demo/srv/_addints_s.c
-- Installing: /home/ge/Desktop/ros2/ws01_plumbing/src/install/base_interfaces_demo/lib/python3.8/site-packages/base_interfaces_demo/base_interfaces_demo_s__rosidl_typesupport_connext_c.cpython-38-x86_64-linux-gnu.so
-- Set runtime path of "/home/ge/Desktop/ros2/ws01_plumbing/src/install/base_interfaces_demo/lib/python3.8/site-packages/base_interfaces_demo/base_interfaces_demo_s__rosidl_typesupport_connext_c.cpython-38-x86_64-linux-gnu.so" to ""
-- Installing: /home/ge/Desktop/ros2/ws01_plumbing/src/install/base_interfaces_demo/lib/python3.8/site-packages/base_interfaces_demo/base_interfaces_demo_s__rosidl_typesupport_fastrtps_c.cpython-38-x86_64-linux-gnu.so
-- Set runtime path of "/home/ge/Desktop/ros2/ws01_plumbing/src/install/base_interfaces_demo/lib/python3.8/site-packages/base_interfaces_demo/base_interfaces_demo_s__rosidl_typesupport_fastrtps_c.cpython-38-x86_64-linux-gnu.so" to ""
-- Installing: /home/ge/Desktop/ros2/ws01_plumbing/src/install/base_interfaces_demo/lib/python3.8/site-packages/base_interfaces_demo/base_interfaces_demo_s__rosidl_typesupport_introspection_c.cpython-38-x86_64-linux-gnu.so
-- Set runtime path of "/home/ge/Desktop/ros2/ws01_plumbing/src/install/base_interfaces_demo/lib/python3.8/site-packages/base_interfaces_demo/base_interfaces_demo_s__rosidl_typesupport_introspection_c.cpython-38-x86_64-linux-gnu.so" to ""
-- Installing: /home/ge/Desktop/ros2/ws01_plumbing/src/install/base_interfaces_demo/lib/python3.8/site-packages/base_interfaces_demo/base_interfaces_demo_s__rosidl_typesupport_c.cpython-38-x86_64-linux-gnu.so
-- Set runtime path of "/home/ge/Desktop/ros2/ws01_plumbing/src/install/base_interfaces_demo/lib/python3.8/site-packages/base_interfaces_demo/base_interfaces_demo_s__rosidl_typesupport_c.cpython-38-x86_64-linux-gnu.so" to ""
-- Installing: /home/ge/Desktop/ros2/ws01_plumbing/src/install/base_interfaces_demo/lib/libbase_interfaces_demo__python.so
-- Set runtime path of "/home/ge/Desktop/ros2/ws01_plumbing/src/install/base_interfaces_demo/lib/libbase_interfaces_demo__python.so" to ""
-- Installing: /home/ge/Desktop/ros2/ws01_plumbing/src/install/base_interfaces_demo/share/base_interfaces_demo/srv/Addints.idl
-- Installing: /home/ge/Desktop/ros2/ws01_plumbing/src/install/base_interfaces_demo/share/base_interfaces_demo/srv/Addints.srv
-- Installing: /home/ge/Desktop/ros2/ws01_plumbing/src/install/base_interfaces_demo/share/base_interfaces_demo/srv/Addints_Request.msg
-- Installing: /home/ge/Desktop/ros2/ws01_plumbing/src/install/base_interfaces_demo/share/base_interfaces_demo/srv/Addints_Response.msg
-- Installing: /home/ge/Desktop/ros2/ws01_plumbing/src/install/base_interfaces_demo/share/ament_index/resource_index/package_run_dependencies/base_interfaces_demo
-- Installing: /home/ge/Desktop/ros2/ws01_plumbing/src/install/base_interfaces_demo/share/ament_index/resource_index/parent_prefix_path/base_interfaces_demo
-- Installing: /home/ge/Desktop/ros2/ws01_plumbing/src/install/base_interfaces_demo/share/base_interfaces_demo/environment/ament_prefix_path.sh
-- Installing: /home/ge/Desktop/ros2/ws01_plumbing/src/install/base_interfaces_demo/share/base_interfaces_demo/environment/ament_prefix_path.dsv
-- Installing: /home/ge/Desktop/ros2/ws01_plumbing/src/install/base_interfaces_demo/share/base_interfaces_demo/environment/path.sh
-- Installing: /home/ge/Desktop/ros2/ws01_plumbing/src/install/base_interfaces_demo/share/base_interfaces_demo/environment/path.dsv
-- Installing: /home/ge/Desktop/ros2/ws01_plumbing/src/install/base_interfaces_demo/share/base_interfaces_demo/local_setup.bash
-- Installing: /home/ge/Desktop/ros2/ws01_plumbing/src/install/base_interfaces_demo/share/base_interfaces_demo/local_setup.sh
-- Installing: /home/ge/Desktop/ros2/ws01_plumbing/src/install/base_interfaces_demo/share/base_interfaces_demo/local_setup.zsh
-- Installing: /home/ge/Desktop/ros2/ws01_plumbing/src/install/base_interfaces_demo/share/base_interfaces_demo/local_setup.dsv
-- Installing: /home/ge/Desktop/ros2/ws01_plumbing/src/install/base_interfaces_demo/share/base_interfaces_demo/package.dsv
-- Installing: /home/ge/Desktop/ros2/ws01_plumbing/src/install/base_interfaces_demo/share/ament_index/resource_index/packages/base_interfaces_demo
-- Installing: /home/ge/Desktop/ros2/ws01_plumbing/src/install/base_interfaces_demo/share/base_interfaces_demo/cmake/base_interfaces_demo__rosidl_generator_cExport.cmake
-- Installing: /home/ge/Desktop/ros2/ws01_plumbing/src/install/base_interfaces_demo/share/base_interfaces_demo/cmake/base_interfaces_demo__rosidl_generator_cExport-noconfig.cmake
-- Installing: /home/ge/Desktop/ros2/ws01_plumbing/src/install/base_interfaces_demo/share/base_interfaces_demo/cmake/base_interfaces_demo__rosidl_typesupport_introspection_cExport.cmake
-- Installing: /home/ge/Desktop/ros2/ws01_plumbing/src/install/base_interfaces_demo/share/base_interfaces_demo/cmake/base_interfaces_demo__rosidl_typesupport_introspection_cExport-noconfig.cmake
-- Installing: /home/ge/Desktop/ros2/ws01_plumbing/src/install/base_interfaces_demo/share/base_interfaces_demo/cmake/base_interfaces_demo__rosidl_typesupport_cExport.cmake
-- Installing: /home/ge/Desktop/ros2/ws01_plumbing/src/install/base_interfaces_demo/share/base_interfaces_demo/cmake/base_interfaces_demo__rosidl_typesupport_cExport-noconfig.cmake
-- Installing: /home/ge/Desktop/ros2/ws01_plumbing/src/install/base_interfaces_demo/share/base_interfaces_demo/cmake/base_interfaces_demo__rosidl_generator_cppExport.cmake
-- Installing: /home/ge/Desktop/ros2/ws01_plumbing/src/install/base_interfaces_demo/share/base_interfaces_demo/cmake/base_interfaces_demo__rosidl_typesupport_introspection_cppExport.cmake
-- Installing: /home/ge/Desktop/ros2/ws01_plumbing/src/install/base_interfaces_demo/share/base_interfaces_demo/cmake/base_interfaces_demo__rosidl_typesupport_introspection_cppExport-noconfig.cmake
-- Installing: /home/ge/Desktop/ros2/ws01_plumbing/src/install/base_interfaces_demo/share/base_interfaces_demo/cmake/base_interfaces_demo__rosidl_typesupport_cppExport.cmake
-- Installing: /home/ge/Desktop/ros2/ws01_plumbing/src/install/base_interfaces_demo/share/base_interfaces_demo/cmake/base_interfaces_demo__rosidl_typesupport_cppExport-noconfig.cmake
-- Installing: /home/ge/Desktop/ros2/ws01_plumbing/src/install/base_interfaces_demo/share/base_interfaces_demo/cmake/rosidl_cmake-extras.cmake
-- Installing: /home/ge/Desktop/ros2/ws01_plumbing/src/install/base_interfaces_demo/share/base_interfaces_demo/cmake/ament_cmake_export_dependencies-extras.cmake
-- Installing: /home/ge/Desktop/ros2/ws01_plumbing/src/install/base_interfaces_demo/share/base_interfaces_demo/cmake/ament_cmake_export_libraries-extras.cmake
-- Installing: /home/ge/Desktop/ros2/ws01_plumbing/src/install/base_interfaces_demo/share/base_interfaces_demo/cmake/ament_cmake_export_targets-extras.cmake
-- Installing: /home/ge/Desktop/ros2/ws01_plumbing/src/install/base_interfaces_demo/share/base_interfaces_demo/cmake/ament_cmake_export_include_directories-extras.cmake
-- Installing: /home/ge/Desktop/ros2/ws01_plumbing/src/install/base_interfaces_demo/share/base_interfaces_demo/cmake/rosidl_cmake_export_typesupport_libraries-extras.cmake
-- Installing: /home/ge/Desktop/ros2/ws01_plumbing/src/install/base_interfaces_demo/share/base_interfaces_demo/cmake/rosidl_cmake_export_typesupport_targets-extras.cmake
-- Installing: /home/ge/Desktop/ros2/ws01_plumbing/src/install/base_interfaces_demo/share/base_interfaces_demo/cmake/base_interfaces_demoConfig.cmake
-- Installing: /home/ge/Desktop/ros2/ws01_plumbing/src/install/base_interfaces_demo/share/base_interfaces_demo/cmake/base_interfaces_demoConfig-version.cmake
-- Installing: /home/ge/Desktop/ros2/ws01_plumbing/src/install/base_interfaces_demo/share/base_interfaces_demo/package.xml
