[0.017s] Invoking command in '/home/ge/Desktop/ros2/ws01_plumbing/src/build/base_interfaces_demo': CMAKE_PREFIX_PATH=/opt/ros/foxy _=/usr/bin/env /usr/bin/cmake /home/ge/Desktop/ros2/ws01_plumbing/src/base_interfaces_demo -DCMAKE_INSTALL_PREFIX=/home/ge/Desktop/ros2/ws01_plumbing/src/install/base_interfaces_demo
[0.028s] -- Found ament_cmake: 0.9.11 (/opt/ros/foxy/share/ament_cmake/cmake)
[0.050s] -- Found PythonInterp: /usr/bin/python3 (found suitable version "3.8.10", minimum required is "3") 
[0.050s] -- Using PYTHON_EXECUTABLE: /usr/bin/python3
[0.214s] -- Found rosidl_default_generators: 1.0.1 (/opt/ros/foxy/share/rosidl_default_generators/cmake)
[0.215s] -- Using all available rosidl_typesupport_c: rosidl_typesupport_connext_c;rosidl_typesupport_fastrtps_c;rosidl_typesupport_introspection_c
[0.217s] -- Found rosidl_adapter: 1.3.0 (/opt/ros/foxy/share/rosidl_adapter/cmake)
[0.230s] -- Found RTI Connext: /opt/rti.com/rti_connext_dds-5.3.1
[0.593s] -- Using all available rosidl_typesupport_cpp: rosidl_typesupport_connext_cpp;rosidl_typesupport_fastrtps_cpp;rosidl_typesupport_introspection_cpp
[0.629s] -- Found PythonInterp: /usr/bin/python3 (found version "3.8.10") 
[0.741s] -- Found ament_cmake_ros: 0.9.2 (/opt/ros/foxy/share/ament_cmake_ros/cmake)
[0.827s] -- Using all available rosidl_typesupport_c: rosidl_typesupport_connext_c;rosidl_typesupport_fastrtps_c;rosidl_typesupport_introspection_c
[0.833s] -- Using all available rosidl_typesupport_cpp: rosidl_typesupport_connext_cpp;rosidl_typesupport_fastrtps_cpp;rosidl_typesupport_introspection_cpp
[0.856s] -- Found PythonInterp: /usr/bin/python3 (found suitable version "3.8.10", minimum required is "3.5") 
[0.857s] -- Found python_cmake_module: 0.8.1 (/opt/ros/foxy/share/python_cmake_module/cmake)
[0.886s] -- Found PythonLibs: /usr/lib/x86_64-linux-gnu/libpython3.8.so (found suitable version "3.8.10", minimum required is "3.5") 
[0.886s] -- Using PYTHON_EXECUTABLE: /usr/bin/python3
[0.886s] -- Using PYTHON_INCLUDE_DIRS: /usr/include/python3.8
[0.886s] -- Using PYTHON_LIBRARIES: /usr/lib/x86_64-linux-gnu/libpython3.8.so
[0.908s] -- Found PythonExtra: .so  
[0.947s] -- Found ament_lint_auto: 0.9.7 (/opt/ros/foxy/share/ament_lint_auto/cmake)
[0.955s] -- Configuring done
[0.985s] -- Generating done
[0.987s] -- Build files have been written to: /home/ge/Desktop/ros2/ws01_plumbing/src/build/base_interfaces_demo
[0.992s] Invoked command in '/home/ge/Desktop/ros2/ws01_plumbing/src/build/base_interfaces_demo' returned '0': CMAKE_PREFIX_PATH=/opt/ros/foxy _=/usr/bin/env /usr/bin/cmake /home/ge/Desktop/ros2/ws01_plumbing/src/base_interfaces_demo -DCMAKE_INSTALL_PREFIX=/home/ge/Desktop/ros2/ws01_plumbing/src/install/base_interfaces_demo
[0.995s] Invoking command in '/home/ge/Desktop/ros2/ws01_plumbing/src/build/base_interfaces_demo': CMAKE_PREFIX_PATH=/opt/ros/foxy _=/usr/bin/env /usr/bin/cmake --build /home/ge/Desktop/ros2/ws01_plumbing/src/build/base_interfaces_demo -- -j16 -l16
[1.032s] [  2%] [34m[1mGenerating C code for ROS interfaces[0m
[1.032s] [35m[1mScanning dependencies of target base_interfaces_demo__dds_connext_idl[0m
[1.033s] [35m[1mScanning dependencies of target base_interfaces_demo__cpp[0m
[1.040s] [  6%] [34m[1mGenerating C++ code for ROS interfaces[0m
[1.040s] [  6%] [34m[1mGenerating DDS interfaces[0m
[1.216s] [  6%] Built target base_interfaces_demo__dds_connext_idl
[1.236s] [  6%] Built target base_interfaces_demo__cpp
[1.242s] [  8%] [34m[1mGenerating C++ type support dispatch for ROS interfaces[0m
[1.243s] [ 10%] [34m[1mGenerating C++ type support for eProsima Fast-RTPS[0m
[1.243s] [ 14%] [34m[1mGenerating C++ introspection for ROS interfaces[0m
[1.244s] [ 14%] [34m[1mGenerating C++ type support for RTI Connext (using '/opt/rti.com/rti_connext_dds-5.3.1/bin/rtiddsgen_server')[0m
[1.251s] [35m[1mScanning dependencies of target base_interfaces_demo__rosidl_generator_c[0m
[1.260s] [ 16%] [32mBuilding C object CMakeFiles/base_interfaces_demo__rosidl_generator_c.dir/rosidl_generator_c/base_interfaces_demo/srv/detail/addints__functions.c.o[0m
[1.306s] [ 18%] [32m[1mLinking C shared library libbase_interfaces_demo__rosidl_generator_c.so[0m
[1.333s] [ 18%] Built target base_interfaces_demo__rosidl_generator_c
[1.341s] [ 22%] [34m[1mGenerating C type support dispatch for ROS interfaces[0m
[1.342s] [ 22%] [34m[1mGenerating C introspection for ROS interfaces[0m
[1.429s] [35m[1mScanning dependencies of target base_interfaces_demo__rosidl_typesupport_introspection_cpp[0m
[1.439s] [ 24%] [32mBuilding CXX object CMakeFiles/base_interfaces_demo__rosidl_typesupport_introspection_cpp.dir/rosidl_typesupport_introspection_cpp/base_interfaces_demo/srv/detail/addints__type_support.cpp.o[0m
[1.446s] [35m[1mScanning dependencies of target base_interfaces_demo__rosidl_typesupport_cpp[0m
[1.458s] [ 26%] [32mBuilding CXX object CMakeFiles/base_interfaces_demo__rosidl_typesupport_cpp.dir/rosidl_typesupport_cpp/base_interfaces_demo/srv/addints__type_support.cpp.o[0m
[1.471s] [35m[1mScanning dependencies of target base_interfaces_demo__rosidl_typesupport_fastrtps_cpp[0m
[1.486s] [ 28%] [32mBuilding CXX object CMakeFiles/base_interfaces_demo__rosidl_typesupport_fastrtps_cpp.dir/rosidl_typesupport_fastrtps_cpp/base_interfaces_demo/srv/detail/dds_fastrtps/addints__type_support.cpp.o[0m
[1.509s] [35m[1mScanning dependencies of target base_interfaces_demo__rosidl_typesupport_c[0m
[1.521s] [ 30%] [32mBuilding CXX object CMakeFiles/base_interfaces_demo__rosidl_typesupport_c.dir/rosidl_typesupport_c/base_interfaces_demo/srv/addints__type_support.cpp.o[0m
[1.531s] [35m[1mScanning dependencies of target base_interfaces_demo__rosidl_typesupport_introspection_c[0m
[1.542s] [ 32%] [32mBuilding C object CMakeFiles/base_interfaces_demo__rosidl_typesupport_introspection_c.dir/rosidl_typesupport_introspection_c/base_interfaces_demo/srv/detail/addints__type_support.c.o[0m
[1.547s] [ 34%] [32m[1mLinking CXX shared library libbase_interfaces_demo__rosidl_typesupport_c.so[0m
[1.567s] [ 36%] [32m[1mLinking C shared library libbase_interfaces_demo__rosidl_typesupport_introspection_c.so[0m
[1.581s] [ 36%] Built target base_interfaces_demo__rosidl_typesupport_c
[1.590s] [ 36%] Built target base_interfaces_demo__rosidl_typesupport_introspection_c
[1.661s] [ 38%] [32m[1mLinking CXX shared library libbase_interfaces_demo__rosidl_typesupport_introspection_cpp.so[0m
[1.676s] [ 40%] [32m[1mLinking CXX shared library libbase_interfaces_demo__rosidl_typesupport_cpp.so[0m
[1.695s] [ 40%] Built target base_interfaces_demo__rosidl_typesupport_introspection_cpp
[1.708s] [ 40%] Built target base_interfaces_demo__rosidl_typesupport_cpp
[1.845s] [ 42%] [32m[1mLinking CXX shared library libbase_interfaces_demo__rosidl_typesupport_fastrtps_cpp.so[0m
[1.912s] [ 42%] Built target base_interfaces_demo__rosidl_typesupport_fastrtps_cpp
[1.922s] [ 44%] [34m[1mGenerating C type support for eProsima Fast-RTPS[0m
[2.140s] INFO com.rti.ndds.nddsgen.Main Running rtiddsgen version 2.5.2, please wait ...
[2.140s] INFO com.rti.ndds.nddsgen.Main Done
[2.151s] [35m[1mScanning dependencies of target base_interfaces_demo__rosidl_typesupport_fastrtps_c[0m
[2.167s] [ 46%] [32mBuilding CXX object CMakeFiles/base_interfaces_demo__rosidl_typesupport_fastrtps_c.dir/rosidl_typesupport_fastrtps_c/base_interfaces_demo/srv/detail/addints__type_support_c.cpp.o[0m
[2.175s] [35m[1mScanning dependencies of target base_interfaces_demo__rosidl_typesupport_connext_cpp[0m
[2.227s] [ 55%] [32mBuilding CXX object CMakeFiles/base_interfaces_demo__rosidl_typesupport_connext_cpp.dir/rosidl_typesupport_connext_cpp/base_interfaces_demo/srv/dds_connext/Addints_.cxx.o[0m
[2.227s] [ 55%] [32mBuilding CXX object CMakeFiles/base_interfaces_demo__rosidl_typesupport_connext_cpp.dir/rosidl_typesupport_connext_cpp/base_interfaces_demo/srv/dds_connext/Addints_Plugin.cxx.o[0m
[2.227s] [ 55%] [32mBuilding CXX object CMakeFiles/base_interfaces_demo__rosidl_typesupport_connext_cpp.dir/rosidl_typesupport_connext_cpp/base_interfaces_demo/srv/dds_connext/addints__type_support.cpp.o[0m
[2.227s] [ 55%] [32mBuilding CXX object CMakeFiles/base_interfaces_demo__rosidl_typesupport_connext_cpp.dir/rosidl_typesupport_connext_cpp/base_interfaces_demo/srv/dds_connext/Addints_Support.cxx.o[0m
[2.457s] [ 57%] [32m[1mLinking CXX shared library libbase_interfaces_demo__rosidl_typesupport_fastrtps_c.so[0m
[2.526s] [ 57%] Built target base_interfaces_demo__rosidl_typesupport_fastrtps_c
[2.860s] [ 59%] [32m[1mLinking CXX shared library libbase_interfaces_demo__rosidl_typesupport_connext_cpp.so[0m
[2.964s] [ 61%] Built target base_interfaces_demo__rosidl_typesupport_connext_cpp
[2.974s] [ 63%] [34m[1mGenerating C type support for RTI Connext[0m
[3.154s] [35m[1mScanning dependencies of target base_interfaces_demo__rosidl_typesupport_connext_c[0m
[3.192s] [ 71%] [32mBuilding CXX object CMakeFiles/base_interfaces_demo__rosidl_typesupport_connext_c.dir/rosidl_typesupport_connext_cpp/base_interfaces_demo/srv/dds_connext/Addints_.cxx.o[0m
[3.192s] [ 71%] [32mBuilding CXX object CMakeFiles/base_interfaces_demo__rosidl_typesupport_connext_c.dir/rosidl_typesupport_connext_cpp/base_interfaces_demo/srv/dds_connext/Addints_Support.cxx.o[0m
[3.192s] [ 71%] [32mBuilding CXX object CMakeFiles/base_interfaces_demo__rosidl_typesupport_connext_c.dir/rosidl_typesupport_connext_c/base_interfaces_demo/srv/dds_connext/addints__type_support_c.cpp.o[0m
[3.192s] [ 71%] [32mBuilding CXX object CMakeFiles/base_interfaces_demo__rosidl_typesupport_connext_c.dir/rosidl_typesupport_connext_cpp/base_interfaces_demo/srv/dds_connext/Addints_Plugin.cxx.o[0m
[3.780s] [ 73%] [32m[1mLinking CXX shared library libbase_interfaces_demo__rosidl_typesupport_connext_c.so[0m
[3.894s] [ 77%] Built target base_interfaces_demo__rosidl_typesupport_connext_c
[3.901s] [35m[1mScanning dependencies of target base_interfaces_demo[0m
[3.909s] [ 77%] Built target base_interfaces_demo
[3.919s] [35m[1mScanning dependencies of target base_interfaces_demo__py[0m
[3.929s] [ 79%] [34m[1mGenerating Python code for ROS interfaces[0m
[4.285s] [ 79%] Built target base_interfaces_demo__py
[4.292s] [35m[1mScanning dependencies of target base_interfaces_demo__python[0m
[4.322s] [ 81%] [32mBuilding C object CMakeFiles/base_interfaces_demo__python.dir/rosidl_generator_py/base_interfaces_demo/srv/_addints_s.c.o[0m
[4.389s] [ 83%] [32m[1mLinking C shared library rosidl_generator_py/base_interfaces_demo/libbase_interfaces_demo__python.so[0m
[4.419s] [ 83%] Built target base_interfaces_demo__python
[4.428s] [35m[1mScanning dependencies of target base_interfaces_demo__rosidl_typesupport_c__pyext[0m
[4.428s] [35m[1mScanning dependencies of target base_interfaces_demo__rosidl_typesupport_introspection_c__pyext[0m
[4.428s] [35m[1mScanning dependencies of target base_interfaces_demo__rosidl_typesupport_fastrtps_c__pyext[0m
[4.428s] [35m[1mScanning dependencies of target base_interfaces_demo__rosidl_typesupport_connext_c__pyext[0m
[4.441s] [ 89%] [32mBuilding C object CMakeFiles/base_interfaces_demo__rosidl_typesupport_introspection_c__pyext.dir/rosidl_generator_py/base_interfaces_demo/_base_interfaces_demo_s.ep.rosidl_typesupport_introspection_c.c.o[0m
[4.442s] [ 89%] [32mBuilding C object CMakeFiles/base_interfaces_demo__rosidl_typesupport_fastrtps_c__pyext.dir/rosidl_generator_py/base_interfaces_demo/_base_interfaces_demo_s.ep.rosidl_typesupport_fastrtps_c.c.o[0m
[4.442s] [ 89%] [32mBuilding C object CMakeFiles/base_interfaces_demo__rosidl_typesupport_c__pyext.dir/rosidl_generator_py/base_interfaces_demo/_base_interfaces_demo_s.ep.rosidl_typesupport_c.c.o[0m
[4.442s] [ 91%] [32mBuilding C object CMakeFiles/base_interfaces_demo__rosidl_typesupport_connext_c__pyext.dir/rosidl_generator_py/base_interfaces_demo/_base_interfaces_demo_s.ep.rosidl_typesupport_connext_c.c.o[0m
[4.500s] [ 93%] [32m[1mLinking CXX shared library rosidl_generator_py/base_interfaces_demo/base_interfaces_demo_s__rosidl_typesupport_fastrtps_c.cpython-38-x86_64-linux-gnu.so[0m
[4.500s] [ 95%] [32m[1mLinking C shared library rosidl_generator_py/base_interfaces_demo/base_interfaces_demo_s__rosidl_typesupport_connext_c.cpython-38-x86_64-linux-gnu.so[0m
[4.501s] [ 97%] [32m[1mLinking C shared library rosidl_generator_py/base_interfaces_demo/base_interfaces_demo_s__rosidl_typesupport_c.cpython-38-x86_64-linux-gnu.so[0m
[4.503s] [100%] [32m[1mLinking C shared library rosidl_generator_py/base_interfaces_demo/base_interfaces_demo_s__rosidl_typesupport_introspection_c.cpython-38-x86_64-linux-gnu.so[0m
[4.527s] [100%] Built target base_interfaces_demo__rosidl_typesupport_c__pyext
[4.530s] [100%] Built target base_interfaces_demo__rosidl_typesupport_introspection_c__pyext
[4.547s] [100%] Built target base_interfaces_demo__rosidl_typesupport_fastrtps_c__pyext
[4.553s] [100%] Built target base_interfaces_demo__rosidl_typesupport_connext_c__pyext
[22.240s] Invoked command in '/home/ge/Desktop/ros2/ws01_plumbing/src/build/base_interfaces_demo' returned '0': CMAKE_PREFIX_PATH=/opt/ros/foxy _=/usr/bin/env /usr/bin/cmake --build /home/ge/Desktop/ros2/ws01_plumbing/src/build/base_interfaces_demo -- -j16 -l16
[22.316s] Invoking command in '/home/ge/Desktop/ros2/ws01_plumbing/src/build/base_interfaces_demo': CMAKE_PREFIX_PATH=/opt/ros/foxy _=/usr/bin/env /usr/bin/cmake --install /home/ge/Desktop/ros2/ws01_plumbing/src/build/base_interfaces_demo
[22.324s] -- Install configuration: ""
[22.324s] -- Installing: /home/ge/Desktop/ros2/ws01_plumbing/src/install/base_interfaces_demo/share/ament_index/resource_index/rosidl_interfaces/base_interfaces_demo
[22.324s] -- Installing: /home/ge/Desktop/ros2/ws01_plumbing/src/install/base_interfaces_demo/include/base_interfaces_demo
[22.324s] -- Installing: /home/ge/Desktop/ros2/ws01_plumbing/src/install/base_interfaces_demo/include/base_interfaces_demo/msg
[22.325s] -- Installing: /home/ge/Desktop/ros2/ws01_plumbing/src/install/base_interfaces_demo/include/base_interfaces_demo/msg/rosidl_generator_c__visibility_control.h
[22.325s] -- Installing: /home/ge/Desktop/ros2/ws01_plumbing/src/install/base_interfaces_demo/include/base_interfaces_demo/srv
[22.325s] -- Installing: /home/ge/Desktop/ros2/ws01_plumbing/src/install/base_interfaces_demo/include/base_interfaces_demo/srv/detail
[22.325s] -- Installing: /home/ge/Desktop/ros2/ws01_plumbing/src/install/base_interfaces_demo/include/base_interfaces_demo/srv/detail/addints__type_support.h
[22.325s] -- Installing: /home/ge/Desktop/ros2/ws01_plumbing/src/install/base_interfaces_demo/include/base_interfaces_demo/srv/detail/addints__struct.h
[22.325s] -- Installing: /home/ge/Desktop/ros2/ws01_plumbing/src/install/base_interfaces_demo/include/base_interfaces_demo/srv/detail/addints__functions.c
[22.325s] -- Installing: /home/ge/Desktop/ros2/ws01_plumbing/src/install/base_interfaces_demo/include/base_interfaces_demo/srv/detail/addints__functions.h
[22.325s] -- Installing: /home/ge/Desktop/ros2/ws01_plumbing/src/install/base_interfaces_demo/include/base_interfaces_demo/srv/addints.h
[22.325s] -- Installing: /home/ge/Desktop/ros2/ws01_plumbing/src/install/base_interfaces_demo/share/base_interfaces_demo/environment/library_path.sh
[22.325s] -- Installing: /home/ge/Desktop/ros2/ws01_plumbing/src/install/base_interfaces_demo/share/base_interfaces_demo/environment/library_path.dsv
[22.326s] -- Installing: /home/ge/Desktop/ros2/ws01_plumbing/src/install/base_interfaces_demo/lib/libbase_interfaces_demo__rosidl_generator_c.so
[22.326s] -- Set runtime path of "/home/ge/Desktop/ros2/ws01_plumbing/src/install/base_interfaces_demo/lib/libbase_interfaces_demo__rosidl_generator_c.so" to ""
[22.326s] -- Up-to-date: /home/ge/Desktop/ros2/ws01_plumbing/src/install/base_interfaces_demo/include/base_interfaces_demo
[22.326s] -- Up-to-date: /home/ge/Desktop/ros2/ws01_plumbing/src/install/base_interfaces_demo/include/base_interfaces_demo/msg
[22.326s] -- Installing: /home/ge/Desktop/ros2/ws01_plumbing/src/install/base_interfaces_demo/include/base_interfaces_demo/msg/rosidl_typesupport_connext_c__visibility_control.h
[22.326s] -- Up-to-date: /home/ge/Desktop/ros2/ws01_plumbing/src/install/base_interfaces_demo/include/base_interfaces_demo/srv
[22.326s] -- Installing: /home/ge/Desktop/ros2/ws01_plumbing/src/install/base_interfaces_demo/include/base_interfaces_demo/srv/dds_connext
[22.326s] -- Installing: /home/ge/Desktop/ros2/ws01_plumbing/src/install/base_interfaces_demo/include/base_interfaces_demo/srv/addints__rosidl_typesupport_connext_c.h
[22.326s] -- Installing: /home/ge/Desktop/ros2/ws01_plumbing/src/install/base_interfaces_demo/lib/libbase_interfaces_demo__rosidl_typesupport_connext_c.so
[22.327s] -- Set runtime path of "/home/ge/Desktop/ros2/ws01_plumbing/src/install/base_interfaces_demo/lib/libbase_interfaces_demo__rosidl_typesupport_connext_c.so" to ""
[22.327s] -- Installing: /home/ge/Desktop/ros2/ws01_plumbing/src/install/base_interfaces_demo/share/base_interfaces_demo/srv/dds_connext
[22.327s] -- Installing: /home/ge/Desktop/ros2/ws01_plumbing/src/install/base_interfaces_demo/share/base_interfaces_demo/srv/dds_connext/Addints_.idl
[22.328s] -- Up-to-date: /home/ge/Desktop/ros2/ws01_plumbing/src/install/base_interfaces_demo/include/base_interfaces_demo
[22.328s] -- Up-to-date: /home/ge/Desktop/ros2/ws01_plumbing/src/install/base_interfaces_demo/include/base_interfaces_demo/msg
[22.328s] -- Installing: /home/ge/Desktop/ros2/ws01_plumbing/src/install/base_interfaces_demo/include/base_interfaces_demo/msg/rosidl_typesupport_connext_cpp__visibility_control.h
[22.328s] -- Up-to-date: /home/ge/Desktop/ros2/ws01_plumbing/src/install/base_interfaces_demo/include/base_interfaces_demo/srv
[22.328s] -- Up-to-date: /home/ge/Desktop/ros2/ws01_plumbing/src/install/base_interfaces_demo/include/base_interfaces_demo/srv/dds_connext
[22.328s] -- Installing: /home/ge/Desktop/ros2/ws01_plumbing/src/install/base_interfaces_demo/include/base_interfaces_demo/srv/dds_connext/Addints_Plugin.cxx
[22.328s] -- Installing: /home/ge/Desktop/ros2/ws01_plumbing/src/install/base_interfaces_demo/include/base_interfaces_demo/srv/dds_connext/Addints_.h
[22.328s] -- Installing: /home/ge/Desktop/ros2/ws01_plumbing/src/install/base_interfaces_demo/include/base_interfaces_demo/srv/dds_connext/Addints_Support.cxx
[22.328s] -- Installing: /home/ge/Desktop/ros2/ws01_plumbing/src/install/base_interfaces_demo/include/base_interfaces_demo/srv/dds_connext/Addints_.cxx
[22.328s] -- Installing: /home/ge/Desktop/ros2/ws01_plumbing/src/install/base_interfaces_demo/include/base_interfaces_demo/srv/dds_connext/Addints_Plugin.h
[22.328s] -- Installing: /home/ge/Desktop/ros2/ws01_plumbing/src/install/base_interfaces_demo/include/base_interfaces_demo/srv/dds_connext/Addints_Support.h
[22.328s] -- Installing: /home/ge/Desktop/ros2/ws01_plumbing/src/install/base_interfaces_demo/include/base_interfaces_demo/srv/addints__rosidl_typesupport_connext_cpp.hpp
[22.329s] -- Installing: /home/ge/Desktop/ros2/ws01_plumbing/src/install/base_interfaces_demo/lib/libbase_interfaces_demo__rosidl_typesupport_connext_cpp.so
[22.329s] -- Set runtime path of "/home/ge/Desktop/ros2/ws01_plumbing/src/install/base_interfaces_demo/lib/libbase_interfaces_demo__rosidl_typesupport_connext_cpp.so" to ""
[22.330s] -- Up-to-date: /home/ge/Desktop/ros2/ws01_plumbing/src/install/base_interfaces_demo/include/base_interfaces_demo
[22.330s] -- Up-to-date: /home/ge/Desktop/ros2/ws01_plumbing/src/install/base_interfaces_demo/include/base_interfaces_demo/msg
[22.330s] -- Installing: /home/ge/Desktop/ros2/ws01_plumbing/src/install/base_interfaces_demo/include/base_interfaces_demo/msg/rosidl_typesupport_fastrtps_c__visibility_control.h
[22.330s] -- Up-to-date: /home/ge/Desktop/ros2/ws01_plumbing/src/install/base_interfaces_demo/include/base_interfaces_demo/srv
[22.330s] -- Up-to-date: /home/ge/Desktop/ros2/ws01_plumbing/src/install/base_interfaces_demo/include/base_interfaces_demo/srv/detail
[22.330s] -- Installing: /home/ge/Desktop/ros2/ws01_plumbing/src/install/base_interfaces_demo/include/base_interfaces_demo/srv/detail/addints__rosidl_typesupport_fastrtps_c.h
[22.330s] -- Installing: /home/ge/Desktop/ros2/ws01_plumbing/src/install/base_interfaces_demo/lib/libbase_interfaces_demo__rosidl_typesupport_fastrtps_c.so
[22.330s] -- Set runtime path of "/home/ge/Desktop/ros2/ws01_plumbing/src/install/base_interfaces_demo/lib/libbase_interfaces_demo__rosidl_typesupport_fastrtps_c.so" to ""
[22.330s] -- Up-to-date: /home/ge/Desktop/ros2/ws01_plumbing/src/install/base_interfaces_demo/include/base_interfaces_demo
[22.330s] -- Up-to-date: /home/ge/Desktop/ros2/ws01_plumbing/src/install/base_interfaces_demo/include/base_interfaces_demo/msg
[22.331s] -- Installing: /home/ge/Desktop/ros2/ws01_plumbing/src/install/base_interfaces_demo/include/base_interfaces_demo/msg/rosidl_typesupport_fastrtps_cpp__visibility_control.h
[22.331s] -- Up-to-date: /home/ge/Desktop/ros2/ws01_plumbing/src/install/base_interfaces_demo/include/base_interfaces_demo/srv
[22.331s] -- Up-to-date: /home/ge/Desktop/ros2/ws01_plumbing/src/install/base_interfaces_demo/include/base_interfaces_demo/srv/detail
[22.331s] -- Installing: /home/ge/Desktop/ros2/ws01_plumbing/src/install/base_interfaces_demo/include/base_interfaces_demo/srv/detail/addints__rosidl_typesupport_fastrtps_cpp.hpp
[22.331s] -- Installing: /home/ge/Desktop/ros2/ws01_plumbing/src/install/base_interfaces_demo/include/base_interfaces_demo/srv/detail/dds_fastrtps
[22.331s] -- Installing: /home/ge/Desktop/ros2/ws01_plumbing/src/install/base_interfaces_demo/lib/libbase_interfaces_demo__rosidl_typesupport_fastrtps_cpp.so
[22.331s] -- Set runtime path of "/home/ge/Desktop/ros2/ws01_plumbing/src/install/base_interfaces_demo/lib/libbase_interfaces_demo__rosidl_typesupport_fastrtps_cpp.so" to ""
[22.331s] -- Up-to-date: /home/ge/Desktop/ros2/ws01_plumbing/src/install/base_interfaces_demo/include/base_interfaces_demo
[22.331s] -- Up-to-date: /home/ge/Desktop/ros2/ws01_plumbing/src/install/base_interfaces_demo/include/base_interfaces_demo/msg
[22.331s] -- Installing: /home/ge/Desktop/ros2/ws01_plumbing/src/install/base_interfaces_demo/include/base_interfaces_demo/msg/rosidl_typesupport_introspection_c__visibility_control.h
[22.332s] -- Up-to-date: /home/ge/Desktop/ros2/ws01_plumbing/src/install/base_interfaces_demo/include/base_interfaces_demo/srv
[22.332s] -- Up-to-date: /home/ge/Desktop/ros2/ws01_plumbing/src/install/base_interfaces_demo/include/base_interfaces_demo/srv/detail
[22.332s] -- Installing: /home/ge/Desktop/ros2/ws01_plumbing/src/install/base_interfaces_demo/include/base_interfaces_demo/srv/detail/addints__rosidl_typesupport_introspection_c.h
[22.332s] -- Installing: /home/ge/Desktop/ros2/ws01_plumbing/src/install/base_interfaces_demo/include/base_interfaces_demo/srv/detail/addints__type_support.c
[22.332s] -- Installing: /home/ge/Desktop/ros2/ws01_plumbing/src/install/base_interfaces_demo/lib/libbase_interfaces_demo__rosidl_typesupport_introspection_c.so
[22.332s] -- Set runtime path of "/home/ge/Desktop/ros2/ws01_plumbing/src/install/base_interfaces_demo/lib/libbase_interfaces_demo__rosidl_typesupport_introspection_c.so" to ""
[22.332s] -- Installing: /home/ge/Desktop/ros2/ws01_plumbing/src/install/base_interfaces_demo/lib/libbase_interfaces_demo__rosidl_typesupport_c.so
[22.332s] -- Set runtime path of "/home/ge/Desktop/ros2/ws01_plumbing/src/install/base_interfaces_demo/lib/libbase_interfaces_demo__rosidl_typesupport_c.so" to ""
[22.333s] -- Up-to-date: /home/ge/Desktop/ros2/ws01_plumbing/src/install/base_interfaces_demo/include/base_interfaces_demo
[22.333s] -- Up-to-date: /home/ge/Desktop/ros2/ws01_plumbing/src/install/base_interfaces_demo/include/base_interfaces_demo/srv
[22.333s] -- Up-to-date: /home/ge/Desktop/ros2/ws01_plumbing/src/install/base_interfaces_demo/include/base_interfaces_demo/srv/detail
[22.333s] -- Installing: /home/ge/Desktop/ros2/ws01_plumbing/src/install/base_interfaces_demo/include/base_interfaces_demo/srv/detail/addints__builder.hpp
[22.333s] -- Installing: /home/ge/Desktop/ros2/ws01_plumbing/src/install/base_interfaces_demo/include/base_interfaces_demo/srv/detail/addints__struct.hpp
[22.333s] -- Installing: /home/ge/Desktop/ros2/ws01_plumbing/src/install/base_interfaces_demo/include/base_interfaces_demo/srv/detail/addints__traits.hpp
[22.333s] -- Installing: /home/ge/Desktop/ros2/ws01_plumbing/src/install/base_interfaces_demo/include/base_interfaces_demo/srv/addints.hpp
[22.333s] -- Up-to-date: /home/ge/Desktop/ros2/ws01_plumbing/src/install/base_interfaces_demo/include/base_interfaces_demo
[22.333s] -- Up-to-date: /home/ge/Desktop/ros2/ws01_plumbing/src/install/base_interfaces_demo/include/base_interfaces_demo/srv
[22.333s] -- Up-to-date: /home/ge/Desktop/ros2/ws01_plumbing/src/install/base_interfaces_demo/include/base_interfaces_demo/srv/detail
[22.333s] -- Installing: /home/ge/Desktop/ros2/ws01_plumbing/src/install/base_interfaces_demo/include/base_interfaces_demo/srv/detail/addints__rosidl_typesupport_introspection_cpp.hpp
[22.333s] -- Installing: /home/ge/Desktop/ros2/ws01_plumbing/src/install/base_interfaces_demo/include/base_interfaces_demo/srv/detail/addints__type_support.cpp
[22.333s] -- Installing: /home/ge/Desktop/ros2/ws01_plumbing/src/install/base_interfaces_demo/lib/libbase_interfaces_demo__rosidl_typesupport_introspection_cpp.so
[22.334s] -- Set runtime path of "/home/ge/Desktop/ros2/ws01_plumbing/src/install/base_interfaces_demo/lib/libbase_interfaces_demo__rosidl_typesupport_introspection_cpp.so" to ""
[22.334s] -- Installing: /home/ge/Desktop/ros2/ws01_plumbing/src/install/base_interfaces_demo/lib/libbase_interfaces_demo__rosidl_typesupport_cpp.so
[22.334s] -- Set runtime path of "/home/ge/Desktop/ros2/ws01_plumbing/src/install/base_interfaces_demo/lib/libbase_interfaces_demo__rosidl_typesupport_cpp.so" to ""
[22.334s] -- Installing: /home/ge/Desktop/ros2/ws01_plumbing/src/install/base_interfaces_demo/share/base_interfaces_demo/environment/pythonpath.sh
[22.334s] -- Installing: /home/ge/Desktop/ros2/ws01_plumbing/src/install/base_interfaces_demo/share/base_interfaces_demo/environment/pythonpath.dsv
[22.335s] -- Installing: /home/ge/Desktop/ros2/ws01_plumbing/src/install/base_interfaces_demo/lib/python3.8/site-packages/base_interfaces_demo/__init__.py
[22.359s] Compiling '/home/ge/Desktop/ros2/ws01_plumbing/src/install/base_interfaces_demo/lib/python3.8/site-packages/base_interfaces_demo/__init__.py'...
[22.361s] -- Installing: /home/ge/Desktop/ros2/ws01_plumbing/src/install/base_interfaces_demo/lib/python3.8/site-packages/base_interfaces_demo/srv
[22.361s] -- Installing: /home/ge/Desktop/ros2/ws01_plumbing/src/install/base_interfaces_demo/lib/python3.8/site-packages/base_interfaces_demo/srv/__init__.py
[22.361s] -- Installing: /home/ge/Desktop/ros2/ws01_plumbing/src/install/base_interfaces_demo/lib/python3.8/site-packages/base_interfaces_demo/srv/_addints.py
[22.362s] -- Installing: /home/ge/Desktop/ros2/ws01_plumbing/src/install/base_interfaces_demo/lib/python3.8/site-packages/base_interfaces_demo/srv/_addints_s.c
[22.362s] -- Installing: /home/ge/Desktop/ros2/ws01_plumbing/src/install/base_interfaces_demo/lib/python3.8/site-packages/base_interfaces_demo/base_interfaces_demo_s__rosidl_typesupport_connext_c.cpython-38-x86_64-linux-gnu.so
[22.362s] -- Set runtime path of "/home/ge/Desktop/ros2/ws01_plumbing/src/install/base_interfaces_demo/lib/python3.8/site-packages/base_interfaces_demo/base_interfaces_demo_s__rosidl_typesupport_connext_c.cpython-38-x86_64-linux-gnu.so" to ""
[22.363s] -- Installing: /home/ge/Desktop/ros2/ws01_plumbing/src/install/base_interfaces_demo/lib/python3.8/site-packages/base_interfaces_demo/base_interfaces_demo_s__rosidl_typesupport_fastrtps_c.cpython-38-x86_64-linux-gnu.so
[22.363s] -- Set runtime path of "/home/ge/Desktop/ros2/ws01_plumbing/src/install/base_interfaces_demo/lib/python3.8/site-packages/base_interfaces_demo/base_interfaces_demo_s__rosidl_typesupport_fastrtps_c.cpython-38-x86_64-linux-gnu.so" to ""
[22.364s] -- Installing: /home/ge/Desktop/ros2/ws01_plumbing/src/install/base_interfaces_demo/lib/python3.8/site-packages/base_interfaces_demo/base_interfaces_demo_s__rosidl_typesupport_introspection_c.cpython-38-x86_64-linux-gnu.so
[22.364s] -- Set runtime path of "/home/ge/Desktop/ros2/ws01_plumbing/src/install/base_interfaces_demo/lib/python3.8/site-packages/base_interfaces_demo/base_interfaces_demo_s__rosidl_typesupport_introspection_c.cpython-38-x86_64-linux-gnu.so" to ""
[22.364s] -- Installing: /home/ge/Desktop/ros2/ws01_plumbing/src/install/base_interfaces_demo/lib/python3.8/site-packages/base_interfaces_demo/base_interfaces_demo_s__rosidl_typesupport_c.cpython-38-x86_64-linux-gnu.so
[22.365s] -- Set runtime path of "/home/ge/Desktop/ros2/ws01_plumbing/src/install/base_interfaces_demo/lib/python3.8/site-packages/base_interfaces_demo/base_interfaces_demo_s__rosidl_typesupport_c.cpython-38-x86_64-linux-gnu.so" to ""
[22.365s] -- Installing: /home/ge/Desktop/ros2/ws01_plumbing/src/install/base_interfaces_demo/lib/libbase_interfaces_demo__python.so
[22.366s] -- Set runtime path of "/home/ge/Desktop/ros2/ws01_plumbing/src/install/base_interfaces_demo/lib/libbase_interfaces_demo__python.so" to ""
[22.366s] -- Installing: /home/ge/Desktop/ros2/ws01_plumbing/src/install/base_interfaces_demo/share/base_interfaces_demo/srv/Addints.idl
[22.366s] -- Installing: /home/ge/Desktop/ros2/ws01_plumbing/src/install/base_interfaces_demo/share/base_interfaces_demo/srv/Addints.srv
[22.366s] -- Installing: /home/ge/Desktop/ros2/ws01_plumbing/src/install/base_interfaces_demo/share/base_interfaces_demo/srv/Addints_Request.msg
[22.366s] -- Installing: /home/ge/Desktop/ros2/ws01_plumbing/src/install/base_interfaces_demo/share/base_interfaces_demo/srv/Addints_Response.msg
[22.366s] -- Installing: /home/ge/Desktop/ros2/ws01_plumbing/src/install/base_interfaces_demo/share/ament_index/resource_index/package_run_dependencies/base_interfaces_demo
[22.367s] -- Installing: /home/ge/Desktop/ros2/ws01_plumbing/src/install/base_interfaces_demo/share/ament_index/resource_index/parent_prefix_path/base_interfaces_demo
[22.367s] -- Installing: /home/ge/Desktop/ros2/ws01_plumbing/src/install/base_interfaces_demo/share/base_interfaces_demo/environment/ament_prefix_path.sh
[22.367s] -- Installing: /home/ge/Desktop/ros2/ws01_plumbing/src/install/base_interfaces_demo/share/base_interfaces_demo/environment/ament_prefix_path.dsv
[22.367s] -- Installing: /home/ge/Desktop/ros2/ws01_plumbing/src/install/base_interfaces_demo/share/base_interfaces_demo/environment/path.sh
[22.367s] -- Installing: /home/ge/Desktop/ros2/ws01_plumbing/src/install/base_interfaces_demo/share/base_interfaces_demo/environment/path.dsv
[22.368s] -- Installing: /home/ge/Desktop/ros2/ws01_plumbing/src/install/base_interfaces_demo/share/base_interfaces_demo/local_setup.bash
[22.368s] -- Installing: /home/ge/Desktop/ros2/ws01_plumbing/src/install/base_interfaces_demo/share/base_interfaces_demo/local_setup.sh
[22.368s] -- Installing: /home/ge/Desktop/ros2/ws01_plumbing/src/install/base_interfaces_demo/share/base_interfaces_demo/local_setup.zsh
[22.368s] -- Installing: /home/ge/Desktop/ros2/ws01_plumbing/src/install/base_interfaces_demo/share/base_interfaces_demo/local_setup.dsv
[22.368s] -- Installing: /home/ge/Desktop/ros2/ws01_plumbing/src/install/base_interfaces_demo/share/base_interfaces_demo/package.dsv
[22.368s] -- Installing: /home/ge/Desktop/ros2/ws01_plumbing/src/install/base_interfaces_demo/share/ament_index/resource_index/packages/base_interfaces_demo
[22.369s] -- Installing: /home/ge/Desktop/ros2/ws01_plumbing/src/install/base_interfaces_demo/share/base_interfaces_demo/cmake/base_interfaces_demo__rosidl_generator_cExport.cmake
[22.369s] -- Installing: /home/ge/Desktop/ros2/ws01_plumbing/src/install/base_interfaces_demo/share/base_interfaces_demo/cmake/base_interfaces_demo__rosidl_generator_cExport-noconfig.cmake
[22.369s] -- Installing: /home/ge/Desktop/ros2/ws01_plumbing/src/install/base_interfaces_demo/share/base_interfaces_demo/cmake/base_interfaces_demo__rosidl_typesupport_introspection_cExport.cmake
[22.369s] -- Installing: /home/ge/Desktop/ros2/ws01_plumbing/src/install/base_interfaces_demo/share/base_interfaces_demo/cmake/base_interfaces_demo__rosidl_typesupport_introspection_cExport-noconfig.cmake
[22.369s] -- Installing: /home/ge/Desktop/ros2/ws01_plumbing/src/install/base_interfaces_demo/share/base_interfaces_demo/cmake/base_interfaces_demo__rosidl_typesupport_cExport.cmake
[22.370s] -- Installing: /home/ge/Desktop/ros2/ws01_plumbing/src/install/base_interfaces_demo/share/base_interfaces_demo/cmake/base_interfaces_demo__rosidl_typesupport_cExport-noconfig.cmake
[22.370s] -- Installing: /home/ge/Desktop/ros2/ws01_plumbing/src/install/base_interfaces_demo/share/base_interfaces_demo/cmake/base_interfaces_demo__rosidl_generator_cppExport.cmake
[22.370s] -- Installing: /home/ge/Desktop/ros2/ws01_plumbing/src/install/base_interfaces_demo/share/base_interfaces_demo/cmake/base_interfaces_demo__rosidl_typesupport_introspection_cppExport.cmake
[22.370s] -- Installing: /home/ge/Desktop/ros2/ws01_plumbing/src/install/base_interfaces_demo/share/base_interfaces_demo/cmake/base_interfaces_demo__rosidl_typesupport_introspection_cppExport-noconfig.cmake
[22.370s] -- Installing: /home/ge/Desktop/ros2/ws01_plumbing/src/install/base_interfaces_demo/share/base_interfaces_demo/cmake/base_interfaces_demo__rosidl_typesupport_cppExport.cmake
[22.371s] -- Installing: /home/ge/Desktop/ros2/ws01_plumbing/src/install/base_interfaces_demo/share/base_interfaces_demo/cmake/base_interfaces_demo__rosidl_typesupport_cppExport-noconfig.cmake
[22.371s] -- Installing: /home/ge/Desktop/ros2/ws01_plumbing/src/install/base_interfaces_demo/share/base_interfaces_demo/cmake/rosidl_cmake-extras.cmake
[22.371s] -- Installing: /home/ge/Desktop/ros2/ws01_plumbing/src/install/base_interfaces_demo/share/base_interfaces_demo/cmake/ament_cmake_export_dependencies-extras.cmake
[22.371s] -- Installing: /home/ge/Desktop/ros2/ws01_plumbing/src/install/base_interfaces_demo/share/base_interfaces_demo/cmake/ament_cmake_export_libraries-extras.cmake
[22.371s] -- Installing: /home/ge/Desktop/ros2/ws01_plumbing/src/install/base_interfaces_demo/share/base_interfaces_demo/cmake/ament_cmake_export_targets-extras.cmake
[22.372s] -- Installing: /home/ge/Desktop/ros2/ws01_plumbing/src/install/base_interfaces_demo/share/base_interfaces_demo/cmake/ament_cmake_export_include_directories-extras.cmake
[22.372s] -- Installing: /home/ge/Desktop/ros2/ws01_plumbing/src/install/base_interfaces_demo/share/base_interfaces_demo/cmake/rosidl_cmake_export_typesupport_libraries-extras.cmake
[22.372s] -- Installing: /home/ge/Desktop/ros2/ws01_plumbing/src/install/base_interfaces_demo/share/base_interfaces_demo/cmake/rosidl_cmake_export_typesupport_targets-extras.cmake
[22.372s] -- Installing: /home/ge/Desktop/ros2/ws01_plumbing/src/install/base_interfaces_demo/share/base_interfaces_demo/cmake/base_interfaces_demoConfig.cmake
[22.372s] -- Installing: /home/ge/Desktop/ros2/ws01_plumbing/src/install/base_interfaces_demo/share/base_interfaces_demo/cmake/base_interfaces_demoConfig-version.cmake
[22.373s] -- Installing: /home/ge/Desktop/ros2/ws01_plumbing/src/install/base_interfaces_demo/share/base_interfaces_demo/package.xml
[22.376s] Invoked command in '/home/ge/Desktop/ros2/ws01_plumbing/src/build/base_interfaces_demo' returned '0': CMAKE_PREFIX_PATH=/opt/ros/foxy _=/usr/bin/env /usr/bin/cmake --install /home/ge/Desktop/ros2/ws01_plumbing/src/build/base_interfaces_demo
