[0.016s] Invoking command in '/home/ge/Desktop/ros2/ws/build/more_interfaces': CMAKE_PREFIX_PATH=${CMAKE_PREFIX_PATH}:/home/ge/Desktop/ros2/ws/install/examples_rclpy_minimal_subscriber:/home/ge/Desktop/ros2/ws/install/examples_rclpy_minimal_service:/home/ge/Desktop/ros2/ws/install/examples_rclpy_minimal_publisher:/home/ge/Desktop/ros2/ws/install/examples_rclpy_minimal_client:/home/ge/Desktop/ros2/ws/install/examples_rclpy_minimal_action_server:/home/ge/Desktop/ros2/ws/install/examples_rclpy_minimal_action_client:/home/ge/Desktop/ros2/ws/install/examples_rclpy_executors:/opt/ros/foxy _=/usr/bin/env /usr/bin/cmake --build /home/ge/Desktop/ros2/ws/build/more_interfaces -- -j16 -l16
[0.064s] [  1%] Built target more_interfaces__cpp
[0.065s] [  3%] Built target more_interfaces__dds_connext_idl
[0.065s] [  9%] Built target more_interfaces__rosidl_generator_c
[0.081s] [ 15%] Built target more_interfaces__rosidl_typesupport_cpp
[0.081s] [ 25%] Built target more_interfaces__rosidl_typesupport_introspection_cpp
[0.081s] [ 27%] Built target more_interfaces__rosidl_typesupport_introspection_c
[0.083s] [ 33%] Built target more_interfaces__rosidl_typesupport_fastrtps_cpp
[0.090s] [ 47%] Built target more_interfaces__rosidl_typesupport_connext_cpp
[0.098s] [ 52%] Built target more_interfaces__rosidl_typesupport_c
[0.100s] [ 58%] Built target more_interfaces__rosidl_typesupport_fastrtps_c
[0.115s] [ 74%] Built target more_interfaces__rosidl_typesupport_connext_c
[0.134s] [ 74%] Built target more_interfaces
[0.144s] [35m[1mScanning dependencies of target publish_address_book[0m
[0.151s] [ 76%] Built target more_interfaces__py
[0.163s] [ 78%] [32mBuilding CXX object CMakeFiles/publish_address_book.dir/src/publish_address_book.cpp.o[0m
[0.174s] [ 82%] Built target more_interfaces__python
[0.196s] [ 94%] Built target more_interfaces__rosidl_typesupport_c__pyext
[0.196s] [ 94%] Built target more_interfaces__rosidl_typesupport_introspection_c__pyext
[0.197s] [ 94%] Built target more_interfaces__rosidl_typesupport_fastrtps_c__pyext
[0.197s] [ 98%] Built target more_interfaces__rosidl_typesupport_connext_c__pyext
[2.185s] [100%] [32m[1mLinking CXX executable publish_address_book[0m
[2.295s] [100%] Built target publish_address_book
[2.309s] Invoked command in '/home/ge/Desktop/ros2/ws/build/more_interfaces' returned '0': CMAKE_PREFIX_PATH=${CMAKE_PREFIX_PATH}:/home/ge/Desktop/ros2/ws/install/examples_rclpy_minimal_subscriber:/home/ge/Desktop/ros2/ws/install/examples_rclpy_minimal_service:/home/ge/Desktop/ros2/ws/install/examples_rclpy_minimal_publisher:/home/ge/Desktop/ros2/ws/install/examples_rclpy_minimal_client:/home/ge/Desktop/ros2/ws/install/examples_rclpy_minimal_action_server:/home/ge/Desktop/ros2/ws/install/examples_rclpy_minimal_action_client:/home/ge/Desktop/ros2/ws/install/examples_rclpy_executors:/opt/ros/foxy _=/usr/bin/env /usr/bin/cmake --build /home/ge/Desktop/ros2/ws/build/more_interfaces -- -j16 -l16
[2.388s] Invoking command in '/home/ge/Desktop/ros2/ws/build/more_interfaces': CMAKE_PREFIX_PATH=${CMAKE_PREFIX_PATH}:/home/ge/Desktop/ros2/ws/install/examples_rclpy_minimal_subscriber:/home/ge/Desktop/ros2/ws/install/examples_rclpy_minimal_service:/home/ge/Desktop/ros2/ws/install/examples_rclpy_minimal_publisher:/home/ge/Desktop/ros2/ws/install/examples_rclpy_minimal_client:/home/ge/Desktop/ros2/ws/install/examples_rclpy_minimal_action_server:/home/ge/Desktop/ros2/ws/install/examples_rclpy_minimal_action_client:/home/ge/Desktop/ros2/ws/install/examples_rclpy_executors:/opt/ros/foxy _=/usr/bin/env /usr/bin/cmake --install /home/ge/Desktop/ros2/ws/build/more_interfaces
[2.394s] -- Install configuration: ""
[2.394s] -- Installing: /home/ge/Desktop/ros2/ws/install/more_interfaces/lib/more_interfaces/publish_address_book
[2.395s] -- Set runtime path of "/home/ge/Desktop/ros2/ws/install/more_interfaces/lib/more_interfaces/publish_address_book" to ""
[2.395s] -- Up-to-date: /home/ge/Desktop/ros2/ws/install/more_interfaces/share/ament_index/resource_index/rosidl_interfaces/more_interfaces
[2.395s] -- Up-to-date: /home/ge/Desktop/ros2/ws/install/more_interfaces/include/more_interfaces
[2.395s] -- Up-to-date: /home/ge/Desktop/ros2/ws/install/more_interfaces/include/more_interfaces/msg
[2.395s] -- Up-to-date: /home/ge/Desktop/ros2/ws/install/more_interfaces/include/more_interfaces/msg/rosidl_generator_c__visibility_control.h
[2.395s] -- Up-to-date: /home/ge/Desktop/ros2/ws/install/more_interfaces/include/more_interfaces/msg/address_book.h
[2.396s] -- Up-to-date: /home/ge/Desktop/ros2/ws/install/more_interfaces/include/more_interfaces/msg/detail
[2.396s] -- Up-to-date: /home/ge/Desktop/ros2/ws/install/more_interfaces/include/more_interfaces/msg/detail/address_book__struct.h
[2.396s] -- Up-to-date: /home/ge/Desktop/ros2/ws/install/more_interfaces/include/more_interfaces/msg/detail/address_book__type_support.h
[2.396s] -- Up-to-date: /home/ge/Desktop/ros2/ws/install/more_interfaces/include/more_interfaces/msg/detail/address_book__functions.h
[2.396s] -- Up-to-date: /home/ge/Desktop/ros2/ws/install/more_interfaces/include/more_interfaces/msg/detail/address_book__functions.c
[2.396s] -- Up-to-date: /home/ge/Desktop/ros2/ws/install/more_interfaces/share/more_interfaces/environment/library_path.sh
[2.396s] -- Up-to-date: /home/ge/Desktop/ros2/ws/install/more_interfaces/share/more_interfaces/environment/library_path.dsv
[2.396s] -- Up-to-date: /home/ge/Desktop/ros2/ws/install/more_interfaces/lib/libmore_interfaces__rosidl_generator_c.so
[2.396s] -- Up-to-date: /home/ge/Desktop/ros2/ws/install/more_interfaces/include/more_interfaces
[2.396s] -- Up-to-date: /home/ge/Desktop/ros2/ws/install/more_interfaces/include/more_interfaces/msg
[2.396s] -- Up-to-date: /home/ge/Desktop/ros2/ws/install/more_interfaces/include/more_interfaces/msg/rosidl_typesupport_connext_c__visibility_control.h
[2.396s] -- Up-to-date: /home/ge/Desktop/ros2/ws/install/more_interfaces/include/more_interfaces/msg/dds_connext
[2.396s] -- Up-to-date: /home/ge/Desktop/ros2/ws/install/more_interfaces/include/more_interfaces/msg/address_book__rosidl_typesupport_connext_c.h
[2.396s] -- Up-to-date: /home/ge/Desktop/ros2/ws/install/more_interfaces/lib/libmore_interfaces__rosidl_typesupport_connext_c.so
[2.396s] -- Up-to-date: /home/ge/Desktop/ros2/ws/install/more_interfaces/share/more_interfaces/msg/dds_connext
[2.397s] -- Up-to-date: /home/ge/Desktop/ros2/ws/install/more_interfaces/share/more_interfaces/msg/dds_connext/AddressBook_.idl
[2.397s] -- Up-to-date: /home/ge/Desktop/ros2/ws/install/more_interfaces/include/more_interfaces
[2.397s] -- Up-to-date: /home/ge/Desktop/ros2/ws/install/more_interfaces/include/more_interfaces/msg
[2.397s] -- Up-to-date: /home/ge/Desktop/ros2/ws/install/more_interfaces/include/more_interfaces/msg/rosidl_typesupport_connext_cpp__visibility_control.h
[2.397s] -- Up-to-date: /home/ge/Desktop/ros2/ws/install/more_interfaces/include/more_interfaces/msg/dds_connext
[2.397s] -- Up-to-date: /home/ge/Desktop/ros2/ws/install/more_interfaces/include/more_interfaces/msg/dds_connext/AddressBook_Plugin.h
[2.397s] -- Up-to-date: /home/ge/Desktop/ros2/ws/install/more_interfaces/include/more_interfaces/msg/dds_connext/AddressBook_.h
[2.397s] -- Up-to-date: /home/ge/Desktop/ros2/ws/install/more_interfaces/include/more_interfaces/msg/dds_connext/AddressBook_.cxx
[2.397s] -- Up-to-date: /home/ge/Desktop/ros2/ws/install/more_interfaces/include/more_interfaces/msg/dds_connext/AddressBook_Plugin.cxx
[2.397s] -- Up-to-date: /home/ge/Desktop/ros2/ws/install/more_interfaces/include/more_interfaces/msg/dds_connext/AddressBook_Support.h
[2.397s] -- Up-to-date: /home/ge/Desktop/ros2/ws/install/more_interfaces/include/more_interfaces/msg/dds_connext/AddressBook_Support.cxx
[2.397s] -- Up-to-date: /home/ge/Desktop/ros2/ws/install/more_interfaces/include/more_interfaces/msg/address_book__rosidl_typesupport_connext_cpp.hpp
[2.397s] -- Up-to-date: /home/ge/Desktop/ros2/ws/install/more_interfaces/lib/libmore_interfaces__rosidl_typesupport_connext_cpp.so
[2.397s] -- Up-to-date: /home/ge/Desktop/ros2/ws/install/more_interfaces/include/more_interfaces
[2.397s] -- Up-to-date: /home/ge/Desktop/ros2/ws/install/more_interfaces/include/more_interfaces/msg
[2.398s] -- Up-to-date: /home/ge/Desktop/ros2/ws/install/more_interfaces/include/more_interfaces/msg/detail
[2.398s] -- Up-to-date: /home/ge/Desktop/ros2/ws/install/more_interfaces/include/more_interfaces/msg/detail/address_book__rosidl_typesupport_fastrtps_c.h
[2.398s] -- Up-to-date: /home/ge/Desktop/ros2/ws/install/more_interfaces/include/more_interfaces/msg/rosidl_typesupport_fastrtps_c__visibility_control.h
[2.398s] -- Up-to-date: /home/ge/Desktop/ros2/ws/install/more_interfaces/lib/libmore_interfaces__rosidl_typesupport_fastrtps_c.so
[2.398s] -- Up-to-date: /home/ge/Desktop/ros2/ws/install/more_interfaces/include/more_interfaces
[2.398s] -- Up-to-date: /home/ge/Desktop/ros2/ws/install/more_interfaces/include/more_interfaces/msg
[2.398s] -- Up-to-date: /home/ge/Desktop/ros2/ws/install/more_interfaces/include/more_interfaces/msg/detail
[2.398s] -- Up-to-date: /home/ge/Desktop/ros2/ws/install/more_interfaces/include/more_interfaces/msg/detail/dds_fastrtps
[2.398s] -- Up-to-date: /home/ge/Desktop/ros2/ws/install/more_interfaces/include/more_interfaces/msg/detail/address_book__rosidl_typesupport_fastrtps_cpp.hpp
[2.398s] -- Up-to-date: /home/ge/Desktop/ros2/ws/install/more_interfaces/include/more_interfaces/msg/rosidl_typesupport_fastrtps_cpp__visibility_control.h
[2.398s] -- Up-to-date: /home/ge/Desktop/ros2/ws/install/more_interfaces/lib/libmore_interfaces__rosidl_typesupport_fastrtps_cpp.so
[2.398s] -- Up-to-date: /home/ge/Desktop/ros2/ws/install/more_interfaces/include/more_interfaces
[2.398s] -- Up-to-date: /home/ge/Desktop/ros2/ws/install/more_interfaces/include/more_interfaces/msg
[2.398s] -- Up-to-date: /home/ge/Desktop/ros2/ws/install/more_interfaces/include/more_interfaces/msg/rosidl_typesupport_introspection_c__visibility_control.h
[2.398s] -- Up-to-date: /home/ge/Desktop/ros2/ws/install/more_interfaces/include/more_interfaces/msg/detail
[2.398s] -- Up-to-date: /home/ge/Desktop/ros2/ws/install/more_interfaces/include/more_interfaces/msg/detail/address_book__rosidl_typesupport_introspection_c.h
[2.399s] -- Up-to-date: /home/ge/Desktop/ros2/ws/install/more_interfaces/include/more_interfaces/msg/detail/address_book__type_support.c
[2.399s] -- Up-to-date: /home/ge/Desktop/ros2/ws/install/more_interfaces/lib/libmore_interfaces__rosidl_typesupport_introspection_c.so
[2.399s] -- Up-to-date: /home/ge/Desktop/ros2/ws/install/more_interfaces/lib/libmore_interfaces__rosidl_typesupport_c.so
[2.399s] -- Up-to-date: /home/ge/Desktop/ros2/ws/install/more_interfaces/include/more_interfaces
[2.399s] -- Up-to-date: /home/ge/Desktop/ros2/ws/install/more_interfaces/include/more_interfaces/msg
[2.399s] -- Up-to-date: /home/ge/Desktop/ros2/ws/install/more_interfaces/include/more_interfaces/msg/detail
[2.399s] -- Up-to-date: /home/ge/Desktop/ros2/ws/install/more_interfaces/include/more_interfaces/msg/detail/address_book__traits.hpp
[2.399s] -- Up-to-date: /home/ge/Desktop/ros2/ws/install/more_interfaces/include/more_interfaces/msg/detail/address_book__builder.hpp
[2.399s] -- Up-to-date: /home/ge/Desktop/ros2/ws/install/more_interfaces/include/more_interfaces/msg/detail/address_book__struct.hpp
[2.399s] -- Up-to-date: /home/ge/Desktop/ros2/ws/install/more_interfaces/include/more_interfaces/msg/address_book.hpp
[2.399s] -- Up-to-date: /home/ge/Desktop/ros2/ws/install/more_interfaces/include/more_interfaces
[2.399s] -- Up-to-date: /home/ge/Desktop/ros2/ws/install/more_interfaces/include/more_interfaces/msg
[2.399s] -- Up-to-date: /home/ge/Desktop/ros2/ws/install/more_interfaces/include/more_interfaces/msg/detail
[2.399s] -- Up-to-date: /home/ge/Desktop/ros2/ws/install/more_interfaces/include/more_interfaces/msg/detail/address_book__rosidl_typesupport_introspection_cpp.hpp
[2.399s] -- Up-to-date: /home/ge/Desktop/ros2/ws/install/more_interfaces/include/more_interfaces/msg/detail/address_book__type_support.cpp
[2.399s] -- Up-to-date: /home/ge/Desktop/ros2/ws/install/more_interfaces/lib/libmore_interfaces__rosidl_typesupport_introspection_cpp.so
[2.400s] -- Up-to-date: /home/ge/Desktop/ros2/ws/install/more_interfaces/lib/libmore_interfaces__rosidl_typesupport_cpp.so
[2.400s] -- Up-to-date: /home/ge/Desktop/ros2/ws/install/more_interfaces/share/more_interfaces/environment/pythonpath.sh
[2.400s] -- Up-to-date: /home/ge/Desktop/ros2/ws/install/more_interfaces/share/more_interfaces/environment/pythonpath.dsv
[2.400s] -- Up-to-date: /home/ge/Desktop/ros2/ws/install/more_interfaces/lib/python3.8/site-packages/more_interfaces/__init__.py
[2.433s] -- Up-to-date: /home/ge/Desktop/ros2/ws/install/more_interfaces/lib/python3.8/site-packages/more_interfaces/msg
[2.434s] -- Up-to-date: /home/ge/Desktop/ros2/ws/install/more_interfaces/lib/python3.8/site-packages/more_interfaces/msg/_address_book.py
[2.434s] -- Up-to-date: /home/ge/Desktop/ros2/ws/install/more_interfaces/lib/python3.8/site-packages/more_interfaces/msg/_address_book_s.c
[2.434s] -- Up-to-date: /home/ge/Desktop/ros2/ws/install/more_interfaces/lib/python3.8/site-packages/more_interfaces/msg/__init__.py
[2.434s] -- Up-to-date: /home/ge/Desktop/ros2/ws/install/more_interfaces/lib/python3.8/site-packages/more_interfaces/more_interfaces_s__rosidl_typesupport_connext_c.cpython-38-x86_64-linux-gnu.so
[2.435s] -- Up-to-date: /home/ge/Desktop/ros2/ws/install/more_interfaces/lib/python3.8/site-packages/more_interfaces/more_interfaces_s__rosidl_typesupport_fastrtps_c.cpython-38-x86_64-linux-gnu.so
[2.436s] -- Up-to-date: /home/ge/Desktop/ros2/ws/install/more_interfaces/lib/python3.8/site-packages/more_interfaces/more_interfaces_s__rosidl_typesupport_introspection_c.cpython-38-x86_64-linux-gnu.so
[2.437s] -- Up-to-date: /home/ge/Desktop/ros2/ws/install/more_interfaces/lib/python3.8/site-packages/more_interfaces/more_interfaces_s__rosidl_typesupport_c.cpython-38-x86_64-linux-gnu.so
[2.437s] -- Up-to-date: /home/ge/Desktop/ros2/ws/install/more_interfaces/lib/libmore_interfaces__python.so
[2.437s] -- Up-to-date: /home/ge/Desktop/ros2/ws/install/more_interfaces/share/more_interfaces/msg/AddressBook.idl
[2.438s] -- Up-to-date: /home/ge/Desktop/ros2/ws/install/more_interfaces/share/more_interfaces/msg/AddressBook.msg
[2.438s] -- Up-to-date: /home/ge/Desktop/ros2/ws/install/more_interfaces/share/ament_index/resource_index/package_run_dependencies/more_interfaces
[2.438s] -- Up-to-date: /home/ge/Desktop/ros2/ws/install/more_interfaces/share/ament_index/resource_index/parent_prefix_path/more_interfaces
[2.438s] -- Up-to-date: /home/ge/Desktop/ros2/ws/install/more_interfaces/share/more_interfaces/environment/ament_prefix_path.sh
[2.438s] -- Up-to-date: /home/ge/Desktop/ros2/ws/install/more_interfaces/share/more_interfaces/environment/ament_prefix_path.dsv
[2.438s] -- Up-to-date: /home/ge/Desktop/ros2/ws/install/more_interfaces/share/more_interfaces/environment/path.sh
[2.438s] -- Up-to-date: /home/ge/Desktop/ros2/ws/install/more_interfaces/share/more_interfaces/environment/path.dsv
[2.438s] -- Up-to-date: /home/ge/Desktop/ros2/ws/install/more_interfaces/share/more_interfaces/local_setup.bash
[2.438s] -- Up-to-date: /home/ge/Desktop/ros2/ws/install/more_interfaces/share/more_interfaces/local_setup.sh
[2.439s] -- Up-to-date: /home/ge/Desktop/ros2/ws/install/more_interfaces/share/more_interfaces/local_setup.zsh
[2.439s] -- Up-to-date: /home/ge/Desktop/ros2/ws/install/more_interfaces/share/more_interfaces/local_setup.dsv
[2.439s] -- Installing: /home/ge/Desktop/ros2/ws/install/more_interfaces/share/more_interfaces/package.dsv
[2.439s] -- Up-to-date: /home/ge/Desktop/ros2/ws/install/more_interfaces/share/ament_index/resource_index/packages/more_interfaces
[2.439s] -- Up-to-date: /home/ge/Desktop/ros2/ws/install/more_interfaces/share/more_interfaces/cmake/more_interfaces__rosidl_generator_cExport.cmake
[2.439s] -- Up-to-date: /home/ge/Desktop/ros2/ws/install/more_interfaces/share/more_interfaces/cmake/more_interfaces__rosidl_generator_cExport-noconfig.cmake
[2.439s] -- Up-to-date: /home/ge/Desktop/ros2/ws/install/more_interfaces/share/more_interfaces/cmake/more_interfaces__rosidl_typesupport_introspection_cExport.cmake
[2.439s] -- Up-to-date: /home/ge/Desktop/ros2/ws/install/more_interfaces/share/more_interfaces/cmake/more_interfaces__rosidl_typesupport_introspection_cExport-noconfig.cmake
[2.440s] -- Up-to-date: /home/ge/Desktop/ros2/ws/install/more_interfaces/share/more_interfaces/cmake/more_interfaces__rosidl_typesupport_cExport.cmake
[2.440s] -- Up-to-date: /home/ge/Desktop/ros2/ws/install/more_interfaces/share/more_interfaces/cmake/more_interfaces__rosidl_typesupport_cExport-noconfig.cmake
[2.440s] -- Up-to-date: /home/ge/Desktop/ros2/ws/install/more_interfaces/share/more_interfaces/cmake/more_interfaces__rosidl_generator_cppExport.cmake
[2.440s] -- Up-to-date: /home/ge/Desktop/ros2/ws/install/more_interfaces/share/more_interfaces/cmake/more_interfaces__rosidl_typesupport_introspection_cppExport.cmake
[2.440s] -- Up-to-date: /home/ge/Desktop/ros2/ws/install/more_interfaces/share/more_interfaces/cmake/more_interfaces__rosidl_typesupport_introspection_cppExport-noconfig.cmake
[2.440s] -- Up-to-date: /home/ge/Desktop/ros2/ws/install/more_interfaces/share/more_interfaces/cmake/more_interfaces__rosidl_typesupport_cppExport.cmake
[2.441s] -- Up-to-date: /home/ge/Desktop/ros2/ws/install/more_interfaces/share/more_interfaces/cmake/more_interfaces__rosidl_typesupport_cppExport-noconfig.cmake
[2.441s] -- Up-to-date: /home/ge/Desktop/ros2/ws/install/more_interfaces/share/more_interfaces/cmake/rosidl_cmake-extras.cmake
[2.441s] -- Up-to-date: /home/ge/Desktop/ros2/ws/install/more_interfaces/share/more_interfaces/cmake/ament_cmake_export_dependencies-extras.cmake
[2.441s] -- Up-to-date: /home/ge/Desktop/ros2/ws/install/more_interfaces/share/more_interfaces/cmake/ament_cmake_export_libraries-extras.cmake
[2.441s] -- Up-to-date: /home/ge/Desktop/ros2/ws/install/more_interfaces/share/more_interfaces/cmake/ament_cmake_export_targets-extras.cmake
[2.441s] -- Up-to-date: /home/ge/Desktop/ros2/ws/install/more_interfaces/share/more_interfaces/cmake/ament_cmake_export_include_directories-extras.cmake
[2.441s] -- Up-to-date: /home/ge/Desktop/ros2/ws/install/more_interfaces/share/more_interfaces/cmake/rosidl_cmake_export_typesupport_libraries-extras.cmake
[2.441s] -- Up-to-date: /home/ge/Desktop/ros2/ws/install/more_interfaces/share/more_interfaces/cmake/rosidl_cmake_export_typesupport_targets-extras.cmake
[2.442s] -- Up-to-date: /home/ge/Desktop/ros2/ws/install/more_interfaces/share/more_interfaces/cmake/more_interfacesConfig.cmake
[2.442s] -- Up-to-date: /home/ge/Desktop/ros2/ws/install/more_interfaces/share/more_interfaces/cmake/more_interfacesConfig-version.cmake
[2.442s] -- Up-to-date: /home/ge/Desktop/ros2/ws/install/more_interfaces/share/more_interfaces/package.xml
[2.444s] Invoked command in '/home/ge/Desktop/ros2/ws/build/more_interfaces' returned '0': CMAKE_PREFIX_PATH=${CMAKE_PREFIX_PATH}:/home/ge/Desktop/ros2/ws/install/examples_rclpy_minimal_subscriber:/home/ge/Desktop/ros2/ws/install/examples_rclpy_minimal_service:/home/ge/Desktop/ros2/ws/install/examples_rclpy_minimal_publisher:/home/ge/Desktop/ros2/ws/install/examples_rclpy_minimal_client:/home/ge/Desktop/ros2/ws/install/examples_rclpy_minimal_action_server:/home/ge/Desktop/ros2/ws/install/examples_rclpy_minimal_action_client:/home/ge/Desktop/ros2/ws/install/examples_rclpy_executors:/opt/ros/foxy _=/usr/bin/env /usr/bin/cmake --install /home/ge/Desktop/ros2/ws/build/more_interfaces
