[0.100s] Invoking command in '/home/ge/Desktop/ros2/ws/build/examples_rclcpp_minimal_composition': CMAKE_PREFIX_PATH=/opt/ros/foxy _=/usr/bin/env /usr/bin/cmake /home/ge/Desktop/ros2/ws/src/examples/rclcpp/composition/minimal_composition -DCMAKE_INSTALL_PREFIX=/home/ge/Desktop/ros2/ws/install/examples_rclcpp_minimal_composition
[0.555s] -- Found ament_cmake: 0.9.11 (/opt/ros/foxy/share/ament_cmake/cmake)
[0.556s] -- Using PYTHON_EXECUTABLE: /usr/bin/python3
[0.556s] -- Override CMake install command with custom implementation using symlinks instead of copying resources
[0.556s] -- Found rclcpp: 2.4.2 (/opt/ros/foxy/share/rclcpp/cmake)
[0.556s] -- Using all available rosidl_typesupport_c: rosidl_typesupport_connext_c;rosidl_typesupport_fastrtps_c;rosidl_typesupport_introspection_c
[0.556s] -- Found rosidl_adapter: 1.3.0 (/opt/ros/foxy/share/rosidl_adapter/cmake)
[0.556s] -- Found RTI Connext: /opt/rti.com/rti_connext_dds-5.3.1
[1.046s] -- Using all available rosidl_typesupport_cpp: rosidl_typesupport_connext_cpp;rosidl_typesupport_fastrtps_cpp;rosidl_typesupport_introspection_cpp
[1.098s] -- Found rmw_implementation_cmake: 1.0.3 (/opt/ros/foxy/share/rmw_implementation_cmake/cmake)
[1.099s] -- Using RMW implementation 'rmw_fastrtps_cpp' as default
[1.215s] -- Found rclcpp_components: 2.4.2 (/opt/ros/foxy/share/rclcpp_components/cmake)
[1.262s] -- Found ament_lint_auto: 0.9.7 (/opt/ros/foxy/share/ament_lint_auto/cmake)
[1.319s] -- Added test 'copyright' to check source files copyright and LICENSE
[1.320s] -- Added test 'cppcheck' to perform static code analysis on C / C++ code
[1.321s] -- Configured cppcheck include dirs: /home/ge/Desktop/ros2/ws/src/examples/rclcpp/composition/minimal_composition/include
[1.321s] -- Configured cppcheck exclude dirs and/or files: 
[1.322s] -- Added test 'cpplint' to check C / C++ code against the Google style
[1.322s] -- Configured cpplint exclude dirs and/or files: 
[1.323s] -- Added test 'lint_cmake' to check CMake code style
[1.324s] -- Added test 'uncrustify' to check C / C++ code style
[1.324s] -- Configured uncrustify additional arguments: 
[1.325s] -- Added test 'xmllint' to check XML markup files
[1.327s] -- Configuring done
[1.346s] -- Generating done
[1.348s] -- Build files have been written to: /home/ge/Desktop/ros2/ws/build/examples_rclcpp_minimal_composition
