[0.024s] Invoking command in '/home/ge/Desktop/ros2/ws/build/tutorial_interfaces': CMAKE_PREFIX_PATH=${CMAKE_PREFIX_PATH}:/home/ge/Desktop/ros2/ws/install/examples_rclpy_minimal_subscriber:/home/ge/Desktop/ros2/ws/install/examples_rclpy_minimal_service:/home/ge/Desktop/ros2/ws/install/examples_rclpy_minimal_publisher:/home/ge/Desktop/ros2/ws/install/examples_rclpy_minimal_client:/home/ge/Desktop/ros2/ws/install/examples_rclpy_minimal_action_server:/home/ge/Desktop/ros2/ws/install/examples_rclpy_minimal_action_client:/home/ge/Desktop/ros2/ws/install/examples_rclpy_executors:/opt/ros/foxy _=/usr/bin/env /usr/bin/cmake /home/ge/Desktop/ros2/ws/src/tutorial_interfaces -DCMAKE_INSTALL_PREFIX=/home/ge/Desktop/ros2/ws/install/tutorial_interfaces
[0.037s] -- Found ament_cmake: 0.9.11 (/opt/ros/foxy/share/ament_cmake/cmake)
[0.065s] -- Using PYTHON_EXECUTABLE: /usr/bin/python3
[0.247s] -- Found geometry_msgs: 2.0.5 (/opt/ros/foxy/share/geometry_msgs/cmake)
[0.263s] -- Using all available rosidl_typesupport_c: rosidl_typesupport_connext_c;rosidl_typesupport_fastrtps_c;rosidl_typesupport_introspection_c
[0.265s] -- Found rosidl_adapter: 1.3.0 (/opt/ros/foxy/share/rosidl_adapter/cmake)
[0.267s] -- Found RTI Connext: /opt/rti.com/rti_connext_dds-5.3.1
[0.630s] -- Using all available rosidl_typesupport_cpp: rosidl_typesupport_connext_cpp;rosidl_typesupport_fastrtps_cpp;rosidl_typesupport_introspection_cpp
[0.690s] -- Found rosidl_default_generators: 1.0.1 (/opt/ros/foxy/share/rosidl_default_generators/cmake)
[0.724s] -- Found PythonInterp: /usr/bin/python3 (found version "3.8.10") 
[0.996s] -- Found ament_cmake_ros: 0.9.2 (/opt/ros/foxy/share/ament_cmake_ros/cmake)
[1.192s] -- Using all available rosidl_typesupport_c: rosidl_typesupport_connext_c;rosidl_typesupport_fastrtps_c;rosidl_typesupport_introspection_c
[1.273s] -- Using all available rosidl_typesupport_cpp: rosidl_typesupport_connext_cpp;rosidl_typesupport_fastrtps_cpp;rosidl_typesupport_introspection_cpp
[1.308s] -- Found PythonInterp: /usr/bin/python3 (found suitable version "3.8.10", minimum required is "3.5") 
[1.311s] -- Found python_cmake_module: 0.8.1 (/opt/ros/foxy/share/python_cmake_module/cmake)
[1.348s] -- Found PythonLibs: /usr/lib/x86_64-linux-gnu/libpython3.8.so (found suitable version "3.8.10", minimum required is "3.5") 
[1.348s] -- Using PYTHON_EXECUTABLE: /usr/bin/python3
[1.348s] -- Using PYTHON_INCLUDE_DIRS: /usr/include/python3.8
[1.348s] -- Using PYTHON_LIBRARIES: /usr/lib/x86_64-linux-gnu/libpython3.8.so
[1.378s] -- Found PythonExtra: .so  
[1.461s] -- Found ament_lint_auto: 0.9.7 (/opt/ros/foxy/share/ament_lint_auto/cmake)
[1.469s] -- Configuring done
[1.540s] -- Generating done
[1.542s] -- Build files have been written to: /home/ge/Desktop/ros2/ws/build/tutorial_interfaces
[1.547s] Invoked command in '/home/ge/Desktop/ros2/ws/build/tutorial_interfaces' returned '0': CMAKE_PREFIX_PATH=${CMAKE_PREFIX_PATH}:/home/ge/Desktop/ros2/ws/install/examples_rclpy_minimal_subscriber:/home/ge/Desktop/ros2/ws/install/examples_rclpy_minimal_service:/home/ge/Desktop/ros2/ws/install/examples_rclpy_minimal_publisher:/home/ge/Desktop/ros2/ws/install/examples_rclpy_minimal_client:/home/ge/Desktop/ros2/ws/install/examples_rclpy_minimal_action_server:/home/ge/Desktop/ros2/ws/install/examples_rclpy_minimal_action_client:/home/ge/Desktop/ros2/ws/install/examples_rclpy_executors:/opt/ros/foxy _=/usr/bin/env /usr/bin/cmake /home/ge/Desktop/ros2/ws/src/tutorial_interfaces -DCMAKE_INSTALL_PREFIX=/home/ge/Desktop/ros2/ws/install/tutorial_interfaces
[1.549s] Invoking command in '/home/ge/Desktop/ros2/ws/build/tutorial_interfaces': CMAKE_PREFIX_PATH=${CMAKE_PREFIX_PATH}:/home/ge/Desktop/ros2/ws/install/examples_rclpy_minimal_subscriber:/home/ge/Desktop/ros2/ws/install/examples_rclpy_minimal_service:/home/ge/Desktop/ros2/ws/install/examples_rclpy_minimal_publisher:/home/ge/Desktop/ros2/ws/install/examples_rclpy_minimal_client:/home/ge/Desktop/ros2/ws/install/examples_rclpy_minimal_action_server:/home/ge/Desktop/ros2/ws/install/examples_rclpy_minimal_action_client:/home/ge/Desktop/ros2/ws/install/examples_rclpy_executors:/opt/ros/foxy _=/usr/bin/env /usr/bin/cmake --build /home/ge/Desktop/ros2/ws/build/tutorial_interfaces -- -j16 -l16
[1.592s] [35m[1mScanning dependencies of target tutorial_interfaces__cpp[0m
[1.593s] [35m[1mScanning dependencies of target tutorial_interfaces__dds_connext_idl[0m
[1.593s] [  1%] [34m[1mGenerating C code for ROS interfaces[0m
[1.600s] [  3%] [34m[1mGenerating DDS interfaces[0m
[1.600s] [  3%] [34m[1mGenerating C++ code for ROS interfaces[0m
[1.793s] [  3%] Built target tutorial_interfaces__dds_connext_idl
[1.852s] [  3%] Built target tutorial_interfaces__cpp
[1.863s] [  4%] [34m[1mGenerating C++ introspection for ROS interfaces[0m
[1.863s] [  6%] [34m[1mGenerating C++ type support dispatch for ROS interfaces[0m
[1.863s] [  7%] [34m[1mGenerating C++ type support for eProsima Fast-RTPS[0m
[1.866s] [  8%] [34m[1mGenerating C++ type support for RTI Connext (using '/opt/rti.com/rti_connext_dds-5.3.1/bin/rtiddsgen_server')[0m
[1.873s] [35m[1mScanning dependencies of target tutorial_interfaces__rosidl_generator_c[0m
[1.884s] [ 12%] [32mBuilding C object CMakeFiles/tutorial_interfaces__rosidl_generator_c.dir/rosidl_generator_c/tutorial_interfaces/msg/detail/sphere__functions.c.o[0m
[1.884s] [ 12%] [32mBuilding C object CMakeFiles/tutorial_interfaces__rosidl_generator_c.dir/rosidl_generator_c/tutorial_interfaces/srv/detail/add_three_ints__functions.c.o[0m
[1.884s] [ 12%] [32mBuilding C object CMakeFiles/tutorial_interfaces__rosidl_generator_c.dir/rosidl_generator_c/tutorial_interfaces/msg/detail/num__functions.c.o[0m
[1.927s] [ 13%] [32m[1mLinking C shared library libtutorial_interfaces__rosidl_generator_c.so[0m
[1.958s] [ 13%] Built target tutorial_interfaces__rosidl_generator_c
[1.968s] [ 16%] [34m[1mGenerating C introspection for ROS interfaces[0m
[1.968s] [ 16%] [34m[1mGenerating C type support dispatch for ROS interfaces[0m
[2.073s] [35m[1mScanning dependencies of target tutorial_interfaces__rosidl_typesupport_cpp[0m
[2.085s] [ 17%] [32mBuilding CXX object CMakeFiles/tutorial_interfaces__rosidl_typesupport_cpp.dir/rosidl_typesupport_cpp/tutorial_interfaces/msg/num__type_support.cpp.o[0m
[2.085s] [ 18%] [32mBuilding CXX object CMakeFiles/tutorial_interfaces__rosidl_typesupport_cpp.dir/rosidl_typesupport_cpp/tutorial_interfaces/srv/add_three_ints__type_support.cpp.o[0m
[2.086s] [ 19%] [32mBuilding CXX object CMakeFiles/tutorial_interfaces__rosidl_typesupport_cpp.dir/rosidl_typesupport_cpp/tutorial_interfaces/msg/sphere__type_support.cpp.o[0m
[2.094s] [35m[1mScanning dependencies of target tutorial_interfaces__rosidl_typesupport_introspection_cpp[0m
[2.109s] [ 20%] [32mBuilding CXX object CMakeFiles/tutorial_interfaces__rosidl_typesupport_introspection_cpp.dir/rosidl_typesupport_introspection_cpp/tutorial_interfaces/msg/detail/num__type_support.cpp.o[0m
[2.109s] [ 22%] [32mBuilding CXX object CMakeFiles/tutorial_interfaces__rosidl_typesupport_introspection_cpp.dir/rosidl_typesupport_introspection_cpp/tutorial_interfaces/msg/detail/sphere__type_support.cpp.o[0m
[2.110s] [ 23%] [32mBuilding CXX object CMakeFiles/tutorial_interfaces__rosidl_typesupport_introspection_cpp.dir/rosidl_typesupport_introspection_cpp/tutorial_interfaces/srv/detail/add_three_ints__type_support.cpp.o[0m
[2.119s] [35m[1mScanning dependencies of target tutorial_interfaces__rosidl_typesupport_fastrtps_cpp[0m
[2.140s] [ 27%] [32mBuilding CXX object CMakeFiles/tutorial_interfaces__rosidl_typesupport_fastrtps_cpp.dir/rosidl_typesupport_fastrtps_cpp/tutorial_interfaces/msg/detail/dds_fastrtps/sphere__type_support.cpp.o[0m
[2.140s] [ 27%] [32mBuilding CXX object CMakeFiles/tutorial_interfaces__rosidl_typesupport_fastrtps_cpp.dir/rosidl_typesupport_fastrtps_cpp/tutorial_interfaces/msg/detail/dds_fastrtps/num__type_support.cpp.o[0m
[2.140s] [ 27%] [32mBuilding CXX object CMakeFiles/tutorial_interfaces__rosidl_typesupport_fastrtps_cpp.dir/rosidl_typesupport_fastrtps_cpp/tutorial_interfaces/srv/detail/dds_fastrtps/add_three_ints__type_support.cpp.o[0m
[2.198s] [35m[1mScanning dependencies of target tutorial_interfaces__rosidl_typesupport_c[0m
[2.212s] [ 29%] [32mBuilding CXX object CMakeFiles/tutorial_interfaces__rosidl_typesupport_c.dir/rosidl_typesupport_c/tutorial_interfaces/msg/num__type_support.cpp.o[0m
[2.213s] [ 29%] [32mBuilding CXX object CMakeFiles/tutorial_interfaces__rosidl_typesupport_c.dir/rosidl_typesupport_c/tutorial_interfaces/msg/sphere__type_support.cpp.o[0m
[2.218s] [ 30%] [32mBuilding CXX object CMakeFiles/tutorial_interfaces__rosidl_typesupport_c.dir/rosidl_typesupport_c/tutorial_interfaces/srv/add_three_ints__type_support.cpp.o[0m
[2.250s] [ 32%] [32m[1mLinking CXX shared library libtutorial_interfaces__rosidl_typesupport_c.so[0m
[2.289s] [ 32%] Built target tutorial_interfaces__rosidl_typesupport_c
[2.298s] [35m[1mScanning dependencies of target tutorial_interfaces__rosidl_typesupport_introspection_c[0m
[2.311s] [ 33%] [32mBuilding C object CMakeFiles/tutorial_interfaces__rosidl_typesupport_introspection_c.dir/rosidl_typesupport_introspection_c/tutorial_interfaces/msg/detail/num__type_support.c.o[0m
[2.313s] [ 34%] [32mBuilding C object CMakeFiles/tutorial_interfaces__rosidl_typesupport_introspection_c.dir/rosidl_typesupport_introspection_c/tutorial_interfaces/msg/detail/sphere__type_support.c.o[0m
[2.314s] [ 35%] [32mBuilding C object CMakeFiles/tutorial_interfaces__rosidl_typesupport_introspection_c.dir/rosidl_typesupport_introspection_c/tutorial_interfaces/srv/detail/add_three_ints__type_support.c.o[0m
[2.356s] [ 37%] [32m[1mLinking C shared library libtutorial_interfaces__rosidl_typesupport_introspection_c.so[0m
[2.381s] [ 38%] [32m[1mLinking CXX shared library libtutorial_interfaces__rosidl_typesupport_cpp.so[0m
[2.384s] [ 38%] Built target tutorial_interfaces__rosidl_typesupport_introspection_c
[2.417s] [ 38%] Built target tutorial_interfaces__rosidl_typesupport_cpp
[2.423s] [ 39%] [32m[1mLinking CXX shared library libtutorial_interfaces__rosidl_typesupport_introspection_cpp.so[0m
[2.474s] [ 39%] Built target tutorial_interfaces__rosidl_typesupport_introspection_cpp
[2.597s] [ 40%] [32m[1mLinking CXX shared library libtutorial_interfaces__rosidl_typesupport_fastrtps_cpp.so[0m
[2.709s] [ 40%] Built target tutorial_interfaces__rosidl_typesupport_fastrtps_cpp
[2.719s] [ 41%] [34m[1mGenerating C type support for eProsima Fast-RTPS[0m
[2.845s] INFO com.rti.ndds.nddsgen.Main Running rtiddsgen version 2.5.2, please wait ...
[2.845s] INFO com.rti.ndds.nddsgen.Main Done
[2.972s] INFO com.rti.ndds.nddsgen.Main Running rtiddsgen version 2.5.2, please wait ...
[2.972s] INFO com.rti.ndds.nddsgen.Main Done
[3.001s] [35m[1mScanning dependencies of target tutorial_interfaces__rosidl_typesupport_fastrtps_c[0m
[3.020s] [ 45%] [32mBuilding CXX object CMakeFiles/tutorial_interfaces__rosidl_typesupport_fastrtps_c.dir/rosidl_typesupport_fastrtps_c/tutorial_interfaces/srv/detail/add_three_ints__type_support_c.cpp.o[0m
[3.020s] [ 45%] [32mBuilding CXX object CMakeFiles/tutorial_interfaces__rosidl_typesupport_fastrtps_c.dir/rosidl_typesupport_fastrtps_c/tutorial_interfaces/msg/detail/sphere__type_support_c.cpp.o[0m
[3.021s] [ 45%] [32mBuilding CXX object CMakeFiles/tutorial_interfaces__rosidl_typesupport_fastrtps_c.dir/rosidl_typesupport_fastrtps_c/tutorial_interfaces/msg/detail/num__type_support_c.cpp.o[0m
[3.093s] INFO com.rti.ndds.nddsgen.Main Running rtiddsgen version 2.5.2, please wait ...
[3.093s] INFO com.rti.ndds.nddsgen.Main Done
[3.148s] [35m[1mScanning dependencies of target tutorial_interfaces__rosidl_typesupport_connext_cpp[0m
[3.220s] [ 49%] [32mBuilding CXX object CMakeFiles/tutorial_interfaces__rosidl_typesupport_connext_cpp.dir/rosidl_typesupport_connext_cpp/tutorial_interfaces/msg/dds_connext/Num_Plugin.cxx.o[0m
[3.220s] [ 49%] [32mBuilding CXX object CMakeFiles/tutorial_interfaces__rosidl_typesupport_connext_cpp.dir/rosidl_typesupport_connext_cpp/tutorial_interfaces/srv/dds_connext/add_three_ints__type_support.cpp.o[0m
[3.220s] [ 49%] [32mBuilding CXX object CMakeFiles/tutorial_interfaces__rosidl_typesupport_connext_cpp.dir/rosidl_typesupport_connext_cpp/tutorial_interfaces/msg/dds_connext/num__type_support.cpp.o[0m
[3.220s] [ 50%] [32mBuilding CXX object CMakeFiles/tutorial_interfaces__rosidl_typesupport_connext_cpp.dir/rosidl_typesupport_connext_cpp/tutorial_interfaces/msg/dds_connext/sphere__type_support.cpp.o[0m
[3.220s] [ 53%] [32mBuilding CXX object CMakeFiles/tutorial_interfaces__rosidl_typesupport_connext_cpp.dir/rosidl_typesupport_connext_cpp/tutorial_interfaces/msg/dds_connext/Sphere_.cxx.o[0m
[3.220s] [ 53%] [32mBuilding CXX object CMakeFiles/tutorial_interfaces__rosidl_typesupport_connext_cpp.dir/rosidl_typesupport_connext_cpp/tutorial_interfaces/msg/dds_connext/Num_Support.cxx.o[0m
[3.221s] [ 54%] [32mBuilding CXX object CMakeFiles/tutorial_interfaces__rosidl_typesupport_connext_cpp.dir/rosidl_typesupport_connext_cpp/tutorial_interfaces/msg/dds_connext/Sphere_Support.cxx.o[0m
[3.222s] [ 55%] [32mBuilding CXX object CMakeFiles/tutorial_interfaces__rosidl_typesupport_connext_cpp.dir/rosidl_typesupport_connext_cpp/tutorial_interfaces/msg/dds_connext/Num_.cxx.o[0m
[3.223s] [ 56%] [32mBuilding CXX object CMakeFiles/tutorial_interfaces__rosidl_typesupport_connext_cpp.dir/rosidl_typesupport_connext_cpp/tutorial_interfaces/srv/dds_connext/AddThreeInts_.cxx.o[0m
[3.223s] [ 58%] [32mBuilding CXX object CMakeFiles/tutorial_interfaces__rosidl_typesupport_connext_cpp.dir/rosidl_typesupport_connext_cpp/tutorial_interfaces/msg/dds_connext/Sphere_Plugin.cxx.o[0m
[3.230s] [ 59%] [32mBuilding CXX object CMakeFiles/tutorial_interfaces__rosidl_typesupport_connext_cpp.dir/rosidl_typesupport_connext_cpp/tutorial_interfaces/srv/dds_connext/AddThreeInts_Plugin.cxx.o[0m
[3.231s] [ 60%] [32mBuilding CXX object CMakeFiles/tutorial_interfaces__rosidl_typesupport_connext_cpp.dir/rosidl_typesupport_connext_cpp/tutorial_interfaces/srv/dds_connext/AddThreeInts_Support.cxx.o[0m
[3.378s] [ 61%] [32m[1mLinking CXX shared library libtutorial_interfaces__rosidl_typesupport_fastrtps_c.so[0m
[3.505s] [ 61%] Built target tutorial_interfaces__rosidl_typesupport_fastrtps_c
[4.144s] [ 62%] [32m[1mLinking CXX shared library libtutorial_interfaces__rosidl_typesupport_connext_cpp.so[0m
[4.311s] [ 64%] Built target tutorial_interfaces__rosidl_typesupport_connext_cpp
[4.321s] [ 65%] [34m[1mGenerating C type support for RTI Connext[0m
[4.549s] [35m[1mScanning dependencies of target tutorial_interfaces__rosidl_typesupport_connext_c[0m
[4.617s] [ 67%] [32mBuilding CXX object CMakeFiles/tutorial_interfaces__rosidl_typesupport_connext_c.dir/rosidl_typesupport_connext_cpp/tutorial_interfaces/msg/dds_connext/Num_Plugin.cxx.o[0m
[4.618s] [ 67%] [32mBuilding CXX object CMakeFiles/tutorial_interfaces__rosidl_typesupport_connext_c.dir/rosidl_typesupport_connext_c/tutorial_interfaces/srv/dds_connext/add_three_ints__type_support_c.cpp.o[0m
[4.618s] [ 69%] [32mBuilding CXX object CMakeFiles/tutorial_interfaces__rosidl_typesupport_connext_c.dir/rosidl_typesupport_connext_c/tutorial_interfaces/msg/dds_connext/num__type_support_c.cpp.o[0m
[4.618s] [ 70%] [32mBuilding CXX object CMakeFiles/tutorial_interfaces__rosidl_typesupport_connext_c.dir/rosidl_typesupport_connext_cpp/tutorial_interfaces/msg/dds_connext/Num_.cxx.o[0m
[4.618s] [ 71%] [32mBuilding CXX object CMakeFiles/tutorial_interfaces__rosidl_typesupport_connext_c.dir/rosidl_typesupport_connext_c/tutorial_interfaces/msg/dds_connext/sphere__type_support_c.cpp.o[0m
[4.619s] [ 74%] [32mBuilding CXX object CMakeFiles/tutorial_interfaces__rosidl_typesupport_connext_c.dir/rosidl_typesupport_connext_cpp/tutorial_interfaces/srv/dds_connext/AddThreeInts_.cxx.o[0m
[4.620s] [ 74%] [32mBuilding CXX object CMakeFiles/tutorial_interfaces__rosidl_typesupport_connext_c.dir/rosidl_typesupport_connext_cpp/tutorial_interfaces/msg/dds_connext/Sphere_.cxx.o[0m
[4.620s] [ 75%] [32mBuilding CXX object CMakeFiles/tutorial_interfaces__rosidl_typesupport_connext_c.dir/rosidl_typesupport_connext_cpp/tutorial_interfaces/msg/dds_connext/Num_Support.cxx.o[0m
[4.620s] [ 76%] [32mBuilding CXX object CMakeFiles/tutorial_interfaces__rosidl_typesupport_connext_c.dir/rosidl_typesupport_connext_cpp/tutorial_interfaces/msg/dds_connext/Sphere_Support.cxx.o[0m
[4.620s] [ 77%] [32mBuilding CXX object CMakeFiles/tutorial_interfaces__rosidl_typesupport_connext_c.dir/rosidl_typesupport_connext_cpp/tutorial_interfaces/msg/dds_connext/Sphere_Plugin.cxx.o[0m
[4.621s] [ 79%] [32mBuilding CXX object CMakeFiles/tutorial_interfaces__rosidl_typesupport_connext_c.dir/rosidl_typesupport_connext_cpp/tutorial_interfaces/srv/dds_connext/AddThreeInts_Plugin.cxx.o[0m
[4.621s] [ 80%] [32mBuilding CXX object CMakeFiles/tutorial_interfaces__rosidl_typesupport_connext_c.dir/rosidl_typesupport_connext_cpp/tutorial_interfaces/srv/dds_connext/AddThreeInts_Support.cxx.o[0m
[5.429s] [ 81%] [32m[1mLinking CXX shared library libtutorial_interfaces__rosidl_typesupport_connext_c.so[0m
[5.608s] [ 83%] Built target tutorial_interfaces__rosidl_typesupport_connext_c
[5.619s] [35m[1mScanning dependencies of target tutorial_interfaces[0m
[5.627s] [ 83%] Built target tutorial_interfaces
[5.636s] [35m[1mScanning dependencies of target tutorial_interfaces__py[0m
[5.647s] [ 85%] [34m[1mGenerating Python code for ROS interfaces[0m
[6.066s] [ 85%] Built target tutorial_interfaces__py
[6.074s] [35m[1mScanning dependencies of target tutorial_interfaces__python[0m
[6.108s] [ 86%] [32mBuilding C object CMakeFiles/tutorial_interfaces__python.dir/rosidl_generator_py/tutorial_interfaces/msg/_num_s.c.o[0m
[6.108s] [ 87%] [32mBuilding C object CMakeFiles/tutorial_interfaces__python.dir/rosidl_generator_py/tutorial_interfaces/msg/_sphere_s.c.o[0m
[6.108s] [ 88%] [32mBuilding C object CMakeFiles/tutorial_interfaces__python.dir/rosidl_generator_py/tutorial_interfaces/srv/_add_three_ints_s.c.o[0m
[6.177s] [ 90%] [32m[1mLinking C shared library rosidl_generator_py/tutorial_interfaces/libtutorial_interfaces__python.so[0m
[6.215s] [ 90%] Built target tutorial_interfaces__python
[6.224s] [35m[1mScanning dependencies of target tutorial_interfaces__rosidl_typesupport_introspection_c__pyext[0m
[6.224s] [35m[1mScanning dependencies of target tutorial_interfaces__rosidl_typesupport_c__pyext[0m
[6.225s] [35m[1mScanning dependencies of target tutorial_interfaces__rosidl_typesupport_fastrtps_c__pyext[0m
[6.225s] [35m[1mScanning dependencies of target tutorial_interfaces__rosidl_typesupport_connext_c__pyext[0m
[6.239s] [ 92%] [32mBuilding C object CMakeFiles/tutorial_interfaces__rosidl_typesupport_c__pyext.dir/rosidl_generator_py/tutorial_interfaces/_tutorial_interfaces_s.ep.rosidl_typesupport_c.c.o[0m
[6.239s] [ 92%] [32mBuilding C object CMakeFiles/tutorial_interfaces__rosidl_typesupport_introspection_c__pyext.dir/rosidl_generator_py/tutorial_interfaces/_tutorial_interfaces_s.ep.rosidl_typesupport_introspection_c.c.o[0m
[6.239s] [ 93%] [32mBuilding C object CMakeFiles/tutorial_interfaces__rosidl_typesupport_fastrtps_c__pyext.dir/rosidl_generator_py/tutorial_interfaces/_tutorial_interfaces_s.ep.rosidl_typesupport_fastrtps_c.c.o[0m
[6.240s] [ 95%] [32mBuilding C object CMakeFiles/tutorial_interfaces__rosidl_typesupport_connext_c__pyext.dir/rosidl_generator_py/tutorial_interfaces/_tutorial_interfaces_s.ep.rosidl_typesupport_connext_c.c.o[0m
[6.298s] [ 97%] [32m[1mLinking C shared library rosidl_generator_py/tutorial_interfaces/tutorial_interfaces_s__rosidl_typesupport_introspection_c.cpython-38-x86_64-linux-gnu.so[0m
[6.299s] [ 97%] [32m[1mLinking C shared library rosidl_generator_py/tutorial_interfaces/tutorial_interfaces_s__rosidl_typesupport_c.cpython-38-x86_64-linux-gnu.so[0m
[6.299s] [ 98%] [32m[1mLinking CXX shared library rosidl_generator_py/tutorial_interfaces/tutorial_interfaces_s__rosidl_typesupport_fastrtps_c.cpython-38-x86_64-linux-gnu.so[0m
[6.303s] [100%] [32m[1mLinking C shared library rosidl_generator_py/tutorial_interfaces/tutorial_interfaces_s__rosidl_typesupport_connext_c.cpython-38-x86_64-linux-gnu.so[0m
[6.328s] [100%] Built target tutorial_interfaces__rosidl_typesupport_c__pyext
[6.328s] [100%] Built target tutorial_interfaces__rosidl_typesupport_introspection_c__pyext
[6.347s] [100%] Built target tutorial_interfaces__rosidl_typesupport_fastrtps_c__pyext
[6.373s] [100%] Built target tutorial_interfaces__rosidl_typesupport_connext_c__pyext
[23.145s] Invoked command in '/home/ge/Desktop/ros2/ws/build/tutorial_interfaces' returned '0': CMAKE_PREFIX_PATH=${CMAKE_PREFIX_PATH}:/home/ge/Desktop/ros2/ws/install/examples_rclpy_minimal_subscriber:/home/ge/Desktop/ros2/ws/install/examples_rclpy_minimal_service:/home/ge/Desktop/ros2/ws/install/examples_rclpy_minimal_publisher:/home/ge/Desktop/ros2/ws/install/examples_rclpy_minimal_client:/home/ge/Desktop/ros2/ws/install/examples_rclpy_minimal_action_server:/home/ge/Desktop/ros2/ws/install/examples_rclpy_minimal_action_client:/home/ge/Desktop/ros2/ws/install/examples_rclpy_executors:/opt/ros/foxy _=/usr/bin/env /usr/bin/cmake --build /home/ge/Desktop/ros2/ws/build/tutorial_interfaces -- -j16 -l16
[23.253s] Invoking command in '/home/ge/Desktop/ros2/ws/build/tutorial_interfaces': CMAKE_PREFIX_PATH=${CMAKE_PREFIX_PATH}:/home/ge/Desktop/ros2/ws/install/examples_rclpy_minimal_subscriber:/home/ge/Desktop/ros2/ws/install/examples_rclpy_minimal_service:/home/ge/Desktop/ros2/ws/install/examples_rclpy_minimal_publisher:/home/ge/Desktop/ros2/ws/install/examples_rclpy_minimal_client:/home/ge/Desktop/ros2/ws/install/examples_rclpy_minimal_action_server:/home/ge/Desktop/ros2/ws/install/examples_rclpy_minimal_action_client:/home/ge/Desktop/ros2/ws/install/examples_rclpy_executors:/opt/ros/foxy _=/usr/bin/env /usr/bin/cmake --install /home/ge/Desktop/ros2/ws/build/tutorial_interfaces
[23.262s] -- Install configuration: ""
[23.262s] -- Installing: /home/ge/Desktop/ros2/ws/install/tutorial_interfaces/share/ament_index/resource_index/rosidl_interfaces/tutorial_interfaces
[23.262s] -- Installing: /home/ge/Desktop/ros2/ws/install/tutorial_interfaces/include/tutorial_interfaces
[23.262s] -- Installing: /home/ge/Desktop/ros2/ws/install/tutorial_interfaces/include/tutorial_interfaces/msg
[23.262s] -- Installing: /home/ge/Desktop/ros2/ws/install/tutorial_interfaces/include/tutorial_interfaces/msg/rosidl_generator_c__visibility_control.h
[23.262s] -- Installing: /home/ge/Desktop/ros2/ws/install/tutorial_interfaces/include/tutorial_interfaces/msg/num.h
[23.262s] -- Installing: /home/ge/Desktop/ros2/ws/install/tutorial_interfaces/include/tutorial_interfaces/msg/detail
[23.263s] -- Installing: /home/ge/Desktop/ros2/ws/install/tutorial_interfaces/include/tutorial_interfaces/msg/detail/sphere__type_support.h
[23.263s] -- Installing: /home/ge/Desktop/ros2/ws/install/tutorial_interfaces/include/tutorial_interfaces/msg/detail/num__type_support.h
[23.263s] -- Installing: /home/ge/Desktop/ros2/ws/install/tutorial_interfaces/include/tutorial_interfaces/msg/detail/sphere__struct.h
[23.263s] -- Installing: /home/ge/Desktop/ros2/ws/install/tutorial_interfaces/include/tutorial_interfaces/msg/detail/sphere__functions.c
[23.263s] -- Installing: /home/ge/Desktop/ros2/ws/install/tutorial_interfaces/include/tutorial_interfaces/msg/detail/sphere__functions.h
[23.263s] -- Installing: /home/ge/Desktop/ros2/ws/install/tutorial_interfaces/include/tutorial_interfaces/msg/detail/num__struct.h
[23.263s] -- Installing: /home/ge/Desktop/ros2/ws/install/tutorial_interfaces/include/tutorial_interfaces/msg/detail/num__functions.h
[23.263s] -- Installing: /home/ge/Desktop/ros2/ws/install/tutorial_interfaces/include/tutorial_interfaces/msg/detail/num__functions.c
[23.263s] -- Installing: /home/ge/Desktop/ros2/ws/install/tutorial_interfaces/include/tutorial_interfaces/msg/sphere.h
[23.263s] -- Installing: /home/ge/Desktop/ros2/ws/install/tutorial_interfaces/include/tutorial_interfaces/srv
[23.263s] -- Installing: /home/ge/Desktop/ros2/ws/install/tutorial_interfaces/include/tutorial_interfaces/srv/detail
[23.264s] -- Installing: /home/ge/Desktop/ros2/ws/install/tutorial_interfaces/include/tutorial_interfaces/srv/detail/add_three_ints__functions.c
[23.264s] -- Installing: /home/ge/Desktop/ros2/ws/install/tutorial_interfaces/include/tutorial_interfaces/srv/detail/add_three_ints__struct.h
[23.264s] -- Installing: /home/ge/Desktop/ros2/ws/install/tutorial_interfaces/include/tutorial_interfaces/srv/detail/add_three_ints__functions.h
[23.264s] -- Installing: /home/ge/Desktop/ros2/ws/install/tutorial_interfaces/include/tutorial_interfaces/srv/detail/add_three_ints__type_support.h
[23.264s] -- Installing: /home/ge/Desktop/ros2/ws/install/tutorial_interfaces/include/tutorial_interfaces/srv/add_three_ints.h
[23.264s] -- Installing: /home/ge/Desktop/ros2/ws/install/tutorial_interfaces/share/tutorial_interfaces/environment/library_path.sh
[23.264s] -- Installing: /home/ge/Desktop/ros2/ws/install/tutorial_interfaces/share/tutorial_interfaces/environment/library_path.dsv
[23.264s] -- Installing: /home/ge/Desktop/ros2/ws/install/tutorial_interfaces/lib/libtutorial_interfaces__rosidl_generator_c.so
[23.264s] -- Set runtime path of "/home/ge/Desktop/ros2/ws/install/tutorial_interfaces/lib/libtutorial_interfaces__rosidl_generator_c.so" to ""
[23.264s] -- Up-to-date: /home/ge/Desktop/ros2/ws/install/tutorial_interfaces/include/tutorial_interfaces
[23.265s] -- Up-to-date: /home/ge/Desktop/ros2/ws/install/tutorial_interfaces/include/tutorial_interfaces/msg
[23.265s] -- Installing: /home/ge/Desktop/ros2/ws/install/tutorial_interfaces/include/tutorial_interfaces/msg/num__rosidl_typesupport_connext_c.h
[23.265s] -- Installing: /home/ge/Desktop/ros2/ws/install/tutorial_interfaces/include/tutorial_interfaces/msg/sphere__rosidl_typesupport_connext_c.h
[23.265s] -- Installing: /home/ge/Desktop/ros2/ws/install/tutorial_interfaces/include/tutorial_interfaces/msg/rosidl_typesupport_connext_c__visibility_control.h
[23.265s] -- Installing: /home/ge/Desktop/ros2/ws/install/tutorial_interfaces/include/tutorial_interfaces/msg/dds_connext
[23.265s] -- Up-to-date: /home/ge/Desktop/ros2/ws/install/tutorial_interfaces/include/tutorial_interfaces/srv
[23.265s] -- Installing: /home/ge/Desktop/ros2/ws/install/tutorial_interfaces/include/tutorial_interfaces/srv/dds_connext
[23.265s] -- Installing: /home/ge/Desktop/ros2/ws/install/tutorial_interfaces/include/tutorial_interfaces/srv/add_three_ints__rosidl_typesupport_connext_c.h
[23.265s] -- Installing: /home/ge/Desktop/ros2/ws/install/tutorial_interfaces/lib/libtutorial_interfaces__rosidl_typesupport_connext_c.so
[23.266s] -- Set runtime path of "/home/ge/Desktop/ros2/ws/install/tutorial_interfaces/lib/libtutorial_interfaces__rosidl_typesupport_connext_c.so" to ""
[23.266s] -- Installing: /home/ge/Desktop/ros2/ws/install/tutorial_interfaces/share/tutorial_interfaces/msg/dds_connext
[23.266s] -- Installing: /home/ge/Desktop/ros2/ws/install/tutorial_interfaces/share/tutorial_interfaces/msg/dds_connext/Num_.idl
[23.266s] -- Installing: /home/ge/Desktop/ros2/ws/install/tutorial_interfaces/share/tutorial_interfaces/msg/dds_connext/Sphere_.idl
[23.267s] -- Installing: /home/ge/Desktop/ros2/ws/install/tutorial_interfaces/share/tutorial_interfaces/srv/dds_connext
[23.267s] -- Installing: /home/ge/Desktop/ros2/ws/install/tutorial_interfaces/share/tutorial_interfaces/srv/dds_connext/AddThreeInts_.idl
[23.267s] -- Up-to-date: /home/ge/Desktop/ros2/ws/install/tutorial_interfaces/include/tutorial_interfaces
[23.267s] -- Up-to-date: /home/ge/Desktop/ros2/ws/install/tutorial_interfaces/include/tutorial_interfaces/msg
[23.267s] -- Installing: /home/ge/Desktop/ros2/ws/install/tutorial_interfaces/include/tutorial_interfaces/msg/rosidl_typesupport_connext_cpp__visibility_control.h
[23.267s] -- Installing: /home/ge/Desktop/ros2/ws/install/tutorial_interfaces/include/tutorial_interfaces/msg/num__rosidl_typesupport_connext_cpp.hpp
[23.267s] -- Up-to-date: /home/ge/Desktop/ros2/ws/install/tutorial_interfaces/include/tutorial_interfaces/msg/dds_connext
[23.267s] -- Installing: /home/ge/Desktop/ros2/ws/install/tutorial_interfaces/include/tutorial_interfaces/msg/dds_connext/Sphere_.cxx
[23.267s] -- Installing: /home/ge/Desktop/ros2/ws/install/tutorial_interfaces/include/tutorial_interfaces/msg/dds_connext/Sphere_Plugin.h
[23.267s] -- Installing: /home/ge/Desktop/ros2/ws/install/tutorial_interfaces/include/tutorial_interfaces/msg/dds_connext/Num_Support.cxx
[23.268s] -- Installing: /home/ge/Desktop/ros2/ws/install/tutorial_interfaces/include/tutorial_interfaces/msg/dds_connext/Num_Plugin.cxx
[23.268s] -- Installing: /home/ge/Desktop/ros2/ws/install/tutorial_interfaces/include/tutorial_interfaces/msg/dds_connext/Num_.h
[23.268s] -- Installing: /home/ge/Desktop/ros2/ws/install/tutorial_interfaces/include/tutorial_interfaces/msg/dds_connext/Sphere_Support.cxx
[23.268s] -- Installing: /home/ge/Desktop/ros2/ws/install/tutorial_interfaces/include/tutorial_interfaces/msg/dds_connext/Num_.cxx
[23.268s] -- Installing: /home/ge/Desktop/ros2/ws/install/tutorial_interfaces/include/tutorial_interfaces/msg/dds_connext/Num_Support.h
[23.268s] -- Installing: /home/ge/Desktop/ros2/ws/install/tutorial_interfaces/include/tutorial_interfaces/msg/dds_connext/Sphere_Support.h
[23.268s] -- Installing: /home/ge/Desktop/ros2/ws/install/tutorial_interfaces/include/tutorial_interfaces/msg/dds_connext/Sphere_.h
[23.268s] -- Installing: /home/ge/Desktop/ros2/ws/install/tutorial_interfaces/include/tutorial_interfaces/msg/dds_connext/Num_Plugin.h
[23.268s] -- Installing: /home/ge/Desktop/ros2/ws/install/tutorial_interfaces/include/tutorial_interfaces/msg/dds_connext/Sphere_Plugin.cxx
[23.268s] -- Installing: /home/ge/Desktop/ros2/ws/install/tutorial_interfaces/include/tutorial_interfaces/msg/sphere__rosidl_typesupport_connext_cpp.hpp
[23.268s] -- Up-to-date: /home/ge/Desktop/ros2/ws/install/tutorial_interfaces/include/tutorial_interfaces/srv
[23.269s] -- Installing: /home/ge/Desktop/ros2/ws/install/tutorial_interfaces/include/tutorial_interfaces/srv/add_three_ints__rosidl_typesupport_connext_cpp.hpp
[23.269s] -- Up-to-date: /home/ge/Desktop/ros2/ws/install/tutorial_interfaces/include/tutorial_interfaces/srv/dds_connext
[23.269s] -- Installing: /home/ge/Desktop/ros2/ws/install/tutorial_interfaces/include/tutorial_interfaces/srv/dds_connext/AddThreeInts_Support.cxx
[23.269s] -- Installing: /home/ge/Desktop/ros2/ws/install/tutorial_interfaces/include/tutorial_interfaces/srv/dds_connext/AddThreeInts_Plugin.cxx
[23.269s] -- Installing: /home/ge/Desktop/ros2/ws/install/tutorial_interfaces/include/tutorial_interfaces/srv/dds_connext/AddThreeInts_.cxx
[23.269s] -- Installing: /home/ge/Desktop/ros2/ws/install/tutorial_interfaces/include/tutorial_interfaces/srv/dds_connext/AddThreeInts_Plugin.h
[23.269s] -- Installing: /home/ge/Desktop/ros2/ws/install/tutorial_interfaces/include/tutorial_interfaces/srv/dds_connext/AddThreeInts_Support.h
[23.269s] -- Installing: /home/ge/Desktop/ros2/ws/install/tutorial_interfaces/include/tutorial_interfaces/srv/dds_connext/AddThreeInts_.h
[23.269s] -- Installing: /home/ge/Desktop/ros2/ws/install/tutorial_interfaces/lib/libtutorial_interfaces__rosidl_typesupport_connext_cpp.so
[23.269s] -- Set runtime path of "/home/ge/Desktop/ros2/ws/install/tutorial_interfaces/lib/libtutorial_interfaces__rosidl_typesupport_connext_cpp.so" to ""
[23.270s] -- Up-to-date: /home/ge/Desktop/ros2/ws/install/tutorial_interfaces/include/tutorial_interfaces
[23.270s] -- Up-to-date: /home/ge/Desktop/ros2/ws/install/tutorial_interfaces/include/tutorial_interfaces/msg
[23.270s] -- Up-to-date: /home/ge/Desktop/ros2/ws/install/tutorial_interfaces/include/tutorial_interfaces/msg/detail
[23.270s] -- Installing: /home/ge/Desktop/ros2/ws/install/tutorial_interfaces/include/tutorial_interfaces/msg/detail/sphere__rosidl_typesupport_fastrtps_c.h
[23.270s] -- Installing: /home/ge/Desktop/ros2/ws/install/tutorial_interfaces/include/tutorial_interfaces/msg/detail/num__rosidl_typesupport_fastrtps_c.h
[23.270s] -- Installing: /home/ge/Desktop/ros2/ws/install/tutorial_interfaces/include/tutorial_interfaces/msg/rosidl_typesupport_fastrtps_c__visibility_control.h
[23.270s] -- Up-to-date: /home/ge/Desktop/ros2/ws/install/tutorial_interfaces/include/tutorial_interfaces/srv
[23.270s] -- Up-to-date: /home/ge/Desktop/ros2/ws/install/tutorial_interfaces/include/tutorial_interfaces/srv/detail
[23.270s] -- Installing: /home/ge/Desktop/ros2/ws/install/tutorial_interfaces/include/tutorial_interfaces/srv/detail/add_three_ints__rosidl_typesupport_fastrtps_c.h
[23.270s] -- Installing: /home/ge/Desktop/ros2/ws/install/tutorial_interfaces/lib/libtutorial_interfaces__rosidl_typesupport_fastrtps_c.so
[23.270s] -- Set runtime path of "/home/ge/Desktop/ros2/ws/install/tutorial_interfaces/lib/libtutorial_interfaces__rosidl_typesupport_fastrtps_c.so" to ""
[23.270s] -- Up-to-date: /home/ge/Desktop/ros2/ws/install/tutorial_interfaces/include/tutorial_interfaces
[23.271s] -- Up-to-date: /home/ge/Desktop/ros2/ws/install/tutorial_interfaces/include/tutorial_interfaces/msg
[23.271s] -- Up-to-date: /home/ge/Desktop/ros2/ws/install/tutorial_interfaces/include/tutorial_interfaces/msg/detail
[23.271s] -- Installing: /home/ge/Desktop/ros2/ws/install/tutorial_interfaces/include/tutorial_interfaces/msg/detail/num__rosidl_typesupport_fastrtps_cpp.hpp
[23.271s] -- Installing: /home/ge/Desktop/ros2/ws/install/tutorial_interfaces/include/tutorial_interfaces/msg/detail/sphere__rosidl_typesupport_fastrtps_cpp.hpp
[23.271s] -- Installing: /home/ge/Desktop/ros2/ws/install/tutorial_interfaces/include/tutorial_interfaces/msg/detail/dds_fastrtps
[23.271s] -- Installing: /home/ge/Desktop/ros2/ws/install/tutorial_interfaces/include/tutorial_interfaces/msg/rosidl_typesupport_fastrtps_cpp__visibility_control.h
[23.271s] -- Up-to-date: /home/ge/Desktop/ros2/ws/install/tutorial_interfaces/include/tutorial_interfaces/srv
[23.271s] -- Up-to-date: /home/ge/Desktop/ros2/ws/install/tutorial_interfaces/include/tutorial_interfaces/srv/detail
[23.271s] -- Installing: /home/ge/Desktop/ros2/ws/install/tutorial_interfaces/include/tutorial_interfaces/srv/detail/dds_fastrtps
[23.271s] -- Installing: /home/ge/Desktop/ros2/ws/install/tutorial_interfaces/include/tutorial_interfaces/srv/detail/add_three_ints__rosidl_typesupport_fastrtps_cpp.hpp
[23.271s] -- Installing: /home/ge/Desktop/ros2/ws/install/tutorial_interfaces/lib/libtutorial_interfaces__rosidl_typesupport_fastrtps_cpp.so
[23.271s] -- Set runtime path of "/home/ge/Desktop/ros2/ws/install/tutorial_interfaces/lib/libtutorial_interfaces__rosidl_typesupport_fastrtps_cpp.so" to ""
[23.272s] -- Up-to-date: /home/ge/Desktop/ros2/ws/install/tutorial_interfaces/include/tutorial_interfaces
[23.272s] -- Up-to-date: /home/ge/Desktop/ros2/ws/install/tutorial_interfaces/include/tutorial_interfaces/msg
[23.272s] -- Installing: /home/ge/Desktop/ros2/ws/install/tutorial_interfaces/include/tutorial_interfaces/msg/rosidl_typesupport_introspection_c__visibility_control.h
[23.272s] -- Up-to-date: /home/ge/Desktop/ros2/ws/install/tutorial_interfaces/include/tutorial_interfaces/msg/detail
[23.272s] -- Installing: /home/ge/Desktop/ros2/ws/install/tutorial_interfaces/include/tutorial_interfaces/msg/detail/sphere__type_support.c
[23.272s] -- Installing: /home/ge/Desktop/ros2/ws/install/tutorial_interfaces/include/tutorial_interfaces/msg/detail/num__rosidl_typesupport_introspection_c.h
[23.272s] -- Installing: /home/ge/Desktop/ros2/ws/install/tutorial_interfaces/include/tutorial_interfaces/msg/detail/sphere__rosidl_typesupport_introspection_c.h
[23.272s] -- Installing: /home/ge/Desktop/ros2/ws/install/tutorial_interfaces/include/tutorial_interfaces/msg/detail/num__type_support.c
[23.272s] -- Up-to-date: /home/ge/Desktop/ros2/ws/install/tutorial_interfaces/include/tutorial_interfaces/srv
[23.272s] -- Up-to-date: /home/ge/Desktop/ros2/ws/install/tutorial_interfaces/include/tutorial_interfaces/srv/detail
[23.272s] -- Installing: /home/ge/Desktop/ros2/ws/install/tutorial_interfaces/include/tutorial_interfaces/srv/detail/add_three_ints__type_support.c
[23.272s] -- Installing: /home/ge/Desktop/ros2/ws/install/tutorial_interfaces/include/tutorial_interfaces/srv/detail/add_three_ints__rosidl_typesupport_introspection_c.h
[23.273s] -- Installing: /home/ge/Desktop/ros2/ws/install/tutorial_interfaces/lib/libtutorial_interfaces__rosidl_typesupport_introspection_c.so
[23.273s] -- Set runtime path of "/home/ge/Desktop/ros2/ws/install/tutorial_interfaces/lib/libtutorial_interfaces__rosidl_typesupport_introspection_c.so" to ""
[23.273s] -- Installing: /home/ge/Desktop/ros2/ws/install/tutorial_interfaces/lib/libtutorial_interfaces__rosidl_typesupport_c.so
[23.273s] -- Set runtime path of "/home/ge/Desktop/ros2/ws/install/tutorial_interfaces/lib/libtutorial_interfaces__rosidl_typesupport_c.so" to ""
[23.273s] -- Up-to-date: /home/ge/Desktop/ros2/ws/install/tutorial_interfaces/include/tutorial_interfaces
[23.273s] -- Up-to-date: /home/ge/Desktop/ros2/ws/install/tutorial_interfaces/include/tutorial_interfaces/msg
[23.273s] -- Installing: /home/ge/Desktop/ros2/ws/install/tutorial_interfaces/include/tutorial_interfaces/msg/sphere.hpp
[23.273s] -- Installing: /home/ge/Desktop/ros2/ws/install/tutorial_interfaces/include/tutorial_interfaces/msg/num.hpp
[23.273s] -- Up-to-date: /home/ge/Desktop/ros2/ws/install/tutorial_interfaces/include/tutorial_interfaces/msg/detail
[23.273s] -- Installing: /home/ge/Desktop/ros2/ws/install/tutorial_interfaces/include/tutorial_interfaces/msg/detail/sphere__struct.hpp
[23.273s] -- Installing: /home/ge/Desktop/ros2/ws/install/tutorial_interfaces/include/tutorial_interfaces/msg/detail/sphere__traits.hpp
[23.273s] -- Installing: /home/ge/Desktop/ros2/ws/install/tutorial_interfaces/include/tutorial_interfaces/msg/detail/num__traits.hpp
[23.274s] -- Installing: /home/ge/Desktop/ros2/ws/install/tutorial_interfaces/include/tutorial_interfaces/msg/detail/num__builder.hpp
[23.274s] -- Installing: /home/ge/Desktop/ros2/ws/install/tutorial_interfaces/include/tutorial_interfaces/msg/detail/sphere__builder.hpp
[23.274s] -- Installing: /home/ge/Desktop/ros2/ws/install/tutorial_interfaces/include/tutorial_interfaces/msg/detail/num__struct.hpp
[23.274s] -- Up-to-date: /home/ge/Desktop/ros2/ws/install/tutorial_interfaces/include/tutorial_interfaces/srv
[23.274s] -- Installing: /home/ge/Desktop/ros2/ws/install/tutorial_interfaces/include/tutorial_interfaces/srv/add_three_ints.hpp
[23.274s] -- Up-to-date: /home/ge/Desktop/ros2/ws/install/tutorial_interfaces/include/tutorial_interfaces/srv/detail
[23.274s] -- Installing: /home/ge/Desktop/ros2/ws/install/tutorial_interfaces/include/tutorial_interfaces/srv/detail/add_three_ints__builder.hpp
[23.274s] -- Installing: /home/ge/Desktop/ros2/ws/install/tutorial_interfaces/include/tutorial_interfaces/srv/detail/add_three_ints__struct.hpp
[23.274s] -- Installing: /home/ge/Desktop/ros2/ws/install/tutorial_interfaces/include/tutorial_interfaces/srv/detail/add_three_ints__traits.hpp
[23.274s] -- Up-to-date: /home/ge/Desktop/ros2/ws/install/tutorial_interfaces/include/tutorial_interfaces
[23.274s] -- Up-to-date: /home/ge/Desktop/ros2/ws/install/tutorial_interfaces/include/tutorial_interfaces/msg
[23.274s] -- Up-to-date: /home/ge/Desktop/ros2/ws/install/tutorial_interfaces/include/tutorial_interfaces/msg/detail
[23.274s] -- Installing: /home/ge/Desktop/ros2/ws/install/tutorial_interfaces/include/tutorial_interfaces/msg/detail/sphere__type_support.cpp
[23.275s] -- Installing: /home/ge/Desktop/ros2/ws/install/tutorial_interfaces/include/tutorial_interfaces/msg/detail/num__type_support.cpp
[23.275s] -- Installing: /home/ge/Desktop/ros2/ws/install/tutorial_interfaces/include/tutorial_interfaces/msg/detail/sphere__rosidl_typesupport_introspection_cpp.hpp
[23.275s] -- Installing: /home/ge/Desktop/ros2/ws/install/tutorial_interfaces/include/tutorial_interfaces/msg/detail/num__rosidl_typesupport_introspection_cpp.hpp
[23.275s] -- Up-to-date: /home/ge/Desktop/ros2/ws/install/tutorial_interfaces/include/tutorial_interfaces/srv
[23.275s] -- Up-to-date: /home/ge/Desktop/ros2/ws/install/tutorial_interfaces/include/tutorial_interfaces/srv/detail
[23.275s] -- Installing: /home/ge/Desktop/ros2/ws/install/tutorial_interfaces/include/tutorial_interfaces/srv/detail/add_three_ints__type_support.cpp
[23.275s] -- Installing: /home/ge/Desktop/ros2/ws/install/tutorial_interfaces/include/tutorial_interfaces/srv/detail/add_three_ints__rosidl_typesupport_introspection_cpp.hpp
[23.275s] -- Installing: /home/ge/Desktop/ros2/ws/install/tutorial_interfaces/lib/libtutorial_interfaces__rosidl_typesupport_introspection_cpp.so
[23.275s] -- Set runtime path of "/home/ge/Desktop/ros2/ws/install/tutorial_interfaces/lib/libtutorial_interfaces__rosidl_typesupport_introspection_cpp.so" to ""
[23.275s] -- Installing: /home/ge/Desktop/ros2/ws/install/tutorial_interfaces/lib/libtutorial_interfaces__rosidl_typesupport_cpp.so
[23.275s] -- Set runtime path of "/home/ge/Desktop/ros2/ws/install/tutorial_interfaces/lib/libtutorial_interfaces__rosidl_typesupport_cpp.so" to ""
[23.275s] -- Installing: /home/ge/Desktop/ros2/ws/install/tutorial_interfaces/share/tutorial_interfaces/environment/pythonpath.sh
[23.275s] -- Installing: /home/ge/Desktop/ros2/ws/install/tutorial_interfaces/share/tutorial_interfaces/environment/pythonpath.dsv
[23.275s] -- Installing: /home/ge/Desktop/ros2/ws/install/tutorial_interfaces/lib/python3.8/site-packages/tutorial_interfaces/__init__.py
[23.323s] Compiling '/home/ge/Desktop/ros2/ws/install/tutorial_interfaces/lib/python3.8/site-packages/tutorial_interfaces/__init__.py'...
[23.326s] -- Installing: /home/ge/Desktop/ros2/ws/install/tutorial_interfaces/lib/python3.8/site-packages/tutorial_interfaces/msg
[23.326s] -- Installing: /home/ge/Desktop/ros2/ws/install/tutorial_interfaces/lib/python3.8/site-packages/tutorial_interfaces/msg/_num_s.c
[23.326s] -- Installing: /home/ge/Desktop/ros2/ws/install/tutorial_interfaces/lib/python3.8/site-packages/tutorial_interfaces/msg/_sphere_s.c
[23.326s] -- Installing: /home/ge/Desktop/ros2/ws/install/tutorial_interfaces/lib/python3.8/site-packages/tutorial_interfaces/msg/__init__.py
[23.326s] -- Installing: /home/ge/Desktop/ros2/ws/install/tutorial_interfaces/lib/python3.8/site-packages/tutorial_interfaces/msg/_sphere.py
[23.327s] -- Installing: /home/ge/Desktop/ros2/ws/install/tutorial_interfaces/lib/python3.8/site-packages/tutorial_interfaces/msg/_num.py
[23.327s] -- Installing: /home/ge/Desktop/ros2/ws/install/tutorial_interfaces/lib/python3.8/site-packages/tutorial_interfaces/srv
[23.327s] -- Installing: /home/ge/Desktop/ros2/ws/install/tutorial_interfaces/lib/python3.8/site-packages/tutorial_interfaces/srv/_add_three_ints.py
[23.327s] -- Installing: /home/ge/Desktop/ros2/ws/install/tutorial_interfaces/lib/python3.8/site-packages/tutorial_interfaces/srv/__init__.py
[23.327s] -- Installing: /home/ge/Desktop/ros2/ws/install/tutorial_interfaces/lib/python3.8/site-packages/tutorial_interfaces/srv/_add_three_ints_s.c
[23.327s] -- Installing: /home/ge/Desktop/ros2/ws/install/tutorial_interfaces/lib/python3.8/site-packages/tutorial_interfaces/tutorial_interfaces_s__rosidl_typesupport_connext_c.cpython-38-x86_64-linux-gnu.so
[23.328s] -- Set runtime path of "/home/ge/Desktop/ros2/ws/install/tutorial_interfaces/lib/python3.8/site-packages/tutorial_interfaces/tutorial_interfaces_s__rosidl_typesupport_connext_c.cpython-38-x86_64-linux-gnu.so" to ""
[23.328s] -- Installing: /home/ge/Desktop/ros2/ws/install/tutorial_interfaces/lib/python3.8/site-packages/tutorial_interfaces/tutorial_interfaces_s__rosidl_typesupport_fastrtps_c.cpython-38-x86_64-linux-gnu.so
[23.329s] -- Set runtime path of "/home/ge/Desktop/ros2/ws/install/tutorial_interfaces/lib/python3.8/site-packages/tutorial_interfaces/tutorial_interfaces_s__rosidl_typesupport_fastrtps_c.cpython-38-x86_64-linux-gnu.so" to ""
[23.329s] -- Installing: /home/ge/Desktop/ros2/ws/install/tutorial_interfaces/lib/python3.8/site-packages/tutorial_interfaces/tutorial_interfaces_s__rosidl_typesupport_introspection_c.cpython-38-x86_64-linux-gnu.so
[23.330s] -- Set runtime path of "/home/ge/Desktop/ros2/ws/install/tutorial_interfaces/lib/python3.8/site-packages/tutorial_interfaces/tutorial_interfaces_s__rosidl_typesupport_introspection_c.cpython-38-x86_64-linux-gnu.so" to ""
[23.330s] -- Installing: /home/ge/Desktop/ros2/ws/install/tutorial_interfaces/lib/python3.8/site-packages/tutorial_interfaces/tutorial_interfaces_s__rosidl_typesupport_c.cpython-38-x86_64-linux-gnu.so
[23.331s] -- Set runtime path of "/home/ge/Desktop/ros2/ws/install/tutorial_interfaces/lib/python3.8/site-packages/tutorial_interfaces/tutorial_interfaces_s__rosidl_typesupport_c.cpython-38-x86_64-linux-gnu.so" to ""
[23.331s] -- Installing: /home/ge/Desktop/ros2/ws/install/tutorial_interfaces/lib/libtutorial_interfaces__python.so
[23.331s] -- Set runtime path of "/home/ge/Desktop/ros2/ws/install/tutorial_interfaces/lib/libtutorial_interfaces__python.so" to ""
[23.331s] -- Installing: /home/ge/Desktop/ros2/ws/install/tutorial_interfaces/share/tutorial_interfaces/msg/Num.idl
[23.331s] -- Installing: /home/ge/Desktop/ros2/ws/install/tutorial_interfaces/share/tutorial_interfaces/msg/Sphere.idl
[23.331s] -- Installing: /home/ge/Desktop/ros2/ws/install/tutorial_interfaces/share/tutorial_interfaces/srv/AddThreeInts.idl
[23.332s] -- Installing: /home/ge/Desktop/ros2/ws/install/tutorial_interfaces/share/tutorial_interfaces/msg/Num.msg
[23.332s] -- Installing: /home/ge/Desktop/ros2/ws/install/tutorial_interfaces/share/tutorial_interfaces/msg/Sphere.msg
[23.332s] -- Installing: /home/ge/Desktop/ros2/ws/install/tutorial_interfaces/share/tutorial_interfaces/srv/AddThreeInts.srv
[23.332s] -- Installing: /home/ge/Desktop/ros2/ws/install/tutorial_interfaces/share/tutorial_interfaces/srv/AddThreeInts_Request.msg
[23.332s] -- Installing: /home/ge/Desktop/ros2/ws/install/tutorial_interfaces/share/tutorial_interfaces/srv/AddThreeInts_Response.msg
[23.333s] -- Installing: /home/ge/Desktop/ros2/ws/install/tutorial_interfaces/share/ament_index/resource_index/package_run_dependencies/tutorial_interfaces
[23.333s] -- Installing: /home/ge/Desktop/ros2/ws/install/tutorial_interfaces/share/ament_index/resource_index/parent_prefix_path/tutorial_interfaces
[23.333s] -- Installing: /home/ge/Desktop/ros2/ws/install/tutorial_interfaces/share/tutorial_interfaces/environment/ament_prefix_path.sh
[23.333s] -- Installing: /home/ge/Desktop/ros2/ws/install/tutorial_interfaces/share/tutorial_interfaces/environment/ament_prefix_path.dsv
[23.333s] -- Installing: /home/ge/Desktop/ros2/ws/install/tutorial_interfaces/share/tutorial_interfaces/environment/path.sh
[23.333s] -- Installing: /home/ge/Desktop/ros2/ws/install/tutorial_interfaces/share/tutorial_interfaces/environment/path.dsv
[23.334s] -- Installing: /home/ge/Desktop/ros2/ws/install/tutorial_interfaces/share/tutorial_interfaces/local_setup.bash
[23.334s] -- Installing: /home/ge/Desktop/ros2/ws/install/tutorial_interfaces/share/tutorial_interfaces/local_setup.sh
[23.334s] -- Installing: /home/ge/Desktop/ros2/ws/install/tutorial_interfaces/share/tutorial_interfaces/local_setup.zsh
[23.334s] -- Installing: /home/ge/Desktop/ros2/ws/install/tutorial_interfaces/share/tutorial_interfaces/local_setup.dsv
[23.334s] -- Installing: /home/ge/Desktop/ros2/ws/install/tutorial_interfaces/share/tutorial_interfaces/package.dsv
[23.334s] -- Installing: /home/ge/Desktop/ros2/ws/install/tutorial_interfaces/share/ament_index/resource_index/packages/tutorial_interfaces
[23.335s] -- Installing: /home/ge/Desktop/ros2/ws/install/tutorial_interfaces/share/tutorial_interfaces/cmake/tutorial_interfaces__rosidl_generator_cExport.cmake
[23.335s] -- Installing: /home/ge/Desktop/ros2/ws/install/tutorial_interfaces/share/tutorial_interfaces/cmake/tutorial_interfaces__rosidl_generator_cExport-noconfig.cmake
[23.335s] -- Installing: /home/ge/Desktop/ros2/ws/install/tutorial_interfaces/share/tutorial_interfaces/cmake/tutorial_interfaces__rosidl_typesupport_introspection_cExport.cmake
[23.335s] -- Installing: /home/ge/Desktop/ros2/ws/install/tutorial_interfaces/share/tutorial_interfaces/cmake/tutorial_interfaces__rosidl_typesupport_introspection_cExport-noconfig.cmake
[23.335s] -- Installing: /home/ge/Desktop/ros2/ws/install/tutorial_interfaces/share/tutorial_interfaces/cmake/tutorial_interfaces__rosidl_typesupport_cExport.cmake
[23.336s] -- Installing: /home/ge/Desktop/ros2/ws/install/tutorial_interfaces/share/tutorial_interfaces/cmake/tutorial_interfaces__rosidl_typesupport_cExport-noconfig.cmake
[23.336s] -- Installing: /home/ge/Desktop/ros2/ws/install/tutorial_interfaces/share/tutorial_interfaces/cmake/tutorial_interfaces__rosidl_generator_cppExport.cmake
[23.336s] -- Installing: /home/ge/Desktop/ros2/ws/install/tutorial_interfaces/share/tutorial_interfaces/cmake/tutorial_interfaces__rosidl_typesupport_introspection_cppExport.cmake
[23.336s] -- Installing: /home/ge/Desktop/ros2/ws/install/tutorial_interfaces/share/tutorial_interfaces/cmake/tutorial_interfaces__rosidl_typesupport_introspection_cppExport-noconfig.cmake
[23.336s] -- Installing: /home/ge/Desktop/ros2/ws/install/tutorial_interfaces/share/tutorial_interfaces/cmake/tutorial_interfaces__rosidl_typesupport_cppExport.cmake
[23.336s] -- Installing: /home/ge/Desktop/ros2/ws/install/tutorial_interfaces/share/tutorial_interfaces/cmake/tutorial_interfaces__rosidl_typesupport_cppExport-noconfig.cmake
[23.336s] -- Installing: /home/ge/Desktop/ros2/ws/install/tutorial_interfaces/share/tutorial_interfaces/cmake/rosidl_cmake-extras.cmake
[23.337s] -- Installing: /home/ge/Desktop/ros2/ws/install/tutorial_interfaces/share/tutorial_interfaces/cmake/ament_cmake_export_dependencies-extras.cmake
[23.337s] -- Installing: /home/ge/Desktop/ros2/ws/install/tutorial_interfaces/share/tutorial_interfaces/cmake/ament_cmake_export_libraries-extras.cmake
[23.337s] -- Installing: /home/ge/Desktop/ros2/ws/install/tutorial_interfaces/share/tutorial_interfaces/cmake/ament_cmake_export_targets-extras.cmake
[23.337s] -- Installing: /home/ge/Desktop/ros2/ws/install/tutorial_interfaces/share/tutorial_interfaces/cmake/ament_cmake_export_include_directories-extras.cmake
[23.337s] -- Installing: /home/ge/Desktop/ros2/ws/install/tutorial_interfaces/share/tutorial_interfaces/cmake/rosidl_cmake_export_typesupport_libraries-extras.cmake
[23.337s] -- Installing: /home/ge/Desktop/ros2/ws/install/tutorial_interfaces/share/tutorial_interfaces/cmake/rosidl_cmake_export_typesupport_targets-extras.cmake
[23.337s] -- Installing: /home/ge/Desktop/ros2/ws/install/tutorial_interfaces/share/tutorial_interfaces/cmake/tutorial_interfacesConfig.cmake
[23.337s] -- Installing: /home/ge/Desktop/ros2/ws/install/tutorial_interfaces/share/tutorial_interfaces/cmake/tutorial_interfacesConfig-version.cmake
[23.337s] -- Installing: /home/ge/Desktop/ros2/ws/install/tutorial_interfaces/share/tutorial_interfaces/package.xml
[23.340s] Invoked command in '/home/ge/Desktop/ros2/ws/build/tutorial_interfaces' returned '0': CMAKE_PREFIX_PATH=${CMAKE_PREFIX_PATH}:/home/ge/Desktop/ros2/ws/install/examples_rclpy_minimal_subscriber:/home/ge/Desktop/ros2/ws/install/examples_rclpy_minimal_service:/home/ge/Desktop/ros2/ws/install/examples_rclpy_minimal_publisher:/home/ge/Desktop/ros2/ws/install/examples_rclpy_minimal_client:/home/ge/Desktop/ros2/ws/install/examples_rclpy_minimal_action_server:/home/ge/Desktop/ros2/ws/install/examples_rclpy_minimal_action_client:/home/ge/Desktop/ros2/ws/install/examples_rclpy_executors:/opt/ros/foxy _=/usr/bin/env /usr/bin/cmake --install /home/ge/Desktop/ros2/ws/build/tutorial_interfaces
