[0.016s] Invoking command in '/home/ge/Desktop/ros2/ws/build/action_tutorials_interfaces': CMAKE_PREFIX_PATH=${CMAKE_PREFIX_PATH}:/home/ge/Desktop/ros2/ws/install/examples_rclpy_minimal_subscriber:/home/ge/Desktop/ros2/ws/install/examples_rclpy_minimal_service:/home/ge/Desktop/ros2/ws/install/examples_rclpy_minimal_publisher:/home/ge/Desktop/ros2/ws/install/examples_rclpy_minimal_client:/home/ge/Desktop/ros2/ws/install/examples_rclpy_minimal_action_server:/home/ge/Desktop/ros2/ws/install/examples_rclpy_minimal_action_client:/home/ge/Desktop/ros2/ws/install/examples_rclpy_executors:/opt/ros/foxy _=/usr/bin/env /usr/bin/cmake /home/ge/Desktop/ros2/ws/src/action_tutorials_interfaces -DCMAKE_INSTALL_PREFIX=/home/ge/Desktop/ros2/ws/install/action_tutorials_interfaces
[0.095s] -- The C compiler identification is GNU 9.4.0
[0.146s] -- The CXX compiler identification is GNU 9.4.0
[0.153s] -- Check for working C compiler: /usr/bin/cc
[0.221s] -- Check for working C compiler: /usr/bin/cc -- works
[0.222s] -- Detecting C compiler ABI info
[0.288s] -- Detecting C compiler ABI info - done
[0.301s] -- Detecting C compile features
[0.301s] -- Detecting C compile features - done
[0.303s] -- Check for working CXX compiler: /usr/bin/c++
[0.373s] -- Check for working CXX compiler: /usr/bin/c++ -- works
[0.374s] -- Detecting CXX compiler ABI info
[0.445s] -- Detecting CXX compiler ABI info - done
[0.456s] -- Detecting CXX compile features
[0.456s] -- Detecting CXX compile features - done
[0.459s] -- Found ament_cmake: 0.9.11 (/opt/ros/foxy/share/ament_cmake/cmake)
[0.491s] -- Found PythonInterp: /usr/bin/python3 (found suitable version "3.8.10", minimum required is "3") 
[0.492s] -- Using PYTHON_EXECUTABLE: /usr/bin/python3
[0.696s] -- Found rosidl_default_generators: 1.0.1 (/opt/ros/foxy/share/rosidl_default_generators/cmake)
[0.701s] -- Using all available rosidl_typesupport_c: rosidl_typesupport_connext_c;rosidl_typesupport_fastrtps_c;rosidl_typesupport_introspection_c
[0.708s] -- Found rosidl_adapter: 1.3.0 (/opt/ros/foxy/share/rosidl_adapter/cmake)
[0.734s] -- Found RTI Connext: /opt/rti.com/rti_connext_dds-5.3.1
[1.458s] -- Found OpenSSL: /usr/lib/x86_64-linux-gnu/libcrypto.so (found version "1.1.1f")  
[1.482s] -- Found FastRTPS: /opt/ros/foxy/include  
[1.545s] -- Using all available rosidl_typesupport_cpp: rosidl_typesupport_connext_cpp;rosidl_typesupport_fastrtps_cpp;rosidl_typesupport_introspection_cpp
[1.605s] -- Found PythonInterp: /usr/bin/python3 (found version "3.8.10") 
[1.819s] -- Found ament_cmake_ros: 0.9.2 (/opt/ros/foxy/share/ament_cmake_ros/cmake)
[1.933s] -- Using all available rosidl_typesupport_c: rosidl_typesupport_connext_c;rosidl_typesupport_fastrtps_c;rosidl_typesupport_introspection_c
[1.952s] -- Using all available rosidl_typesupport_cpp: rosidl_typesupport_connext_cpp;rosidl_typesupport_fastrtps_cpp;rosidl_typesupport_introspection_cpp
[1.990s] -- Found PythonInterp: /usr/bin/python3 (found suitable version "3.8.10", minimum required is "3.5") 
[1.992s] -- Found python_cmake_module: 0.8.1 (/opt/ros/foxy/share/python_cmake_module/cmake)
[2.039s] -- Found PythonLibs: /usr/lib/x86_64-linux-gnu/libpython3.8.so (found suitable version "3.8.10", minimum required is "3.5") 
[2.040s] -- Using PYTHON_EXECUTABLE: /usr/bin/python3
[2.040s] -- Using PYTHON_INCLUDE_DIRS: /usr/include/python3.8
[2.040s] -- Using PYTHON_LIBRARIES: /usr/lib/x86_64-linux-gnu/libpython3.8.so
[2.070s] -- Found PythonExtra: .so  
[2.146s] -- Configuring done
[2.217s] -- Generating done
[2.220s] -- Build files have been written to: /home/ge/Desktop/ros2/ws/build/action_tutorials_interfaces
[2.227s] Invoked command in '/home/ge/Desktop/ros2/ws/build/action_tutorials_interfaces' returned '0': CMAKE_PREFIX_PATH=${CMAKE_PREFIX_PATH}:/home/ge/Desktop/ros2/ws/install/examples_rclpy_minimal_subscriber:/home/ge/Desktop/ros2/ws/install/examples_rclpy_minimal_service:/home/ge/Desktop/ros2/ws/install/examples_rclpy_minimal_publisher:/home/ge/Desktop/ros2/ws/install/examples_rclpy_minimal_client:/home/ge/Desktop/ros2/ws/install/examples_rclpy_minimal_action_server:/home/ge/Desktop/ros2/ws/install/examples_rclpy_minimal_action_client:/home/ge/Desktop/ros2/ws/install/examples_rclpy_executors:/opt/ros/foxy _=/usr/bin/env /usr/bin/cmake /home/ge/Desktop/ros2/ws/src/action_tutorials_interfaces -DCMAKE_INSTALL_PREFIX=/home/ge/Desktop/ros2/ws/install/action_tutorials_interfaces
[2.231s] Invoking command in '/home/ge/Desktop/ros2/ws/build/action_tutorials_interfaces': CMAKE_PREFIX_PATH=${CMAKE_PREFIX_PATH}:/home/ge/Desktop/ros2/ws/install/examples_rclpy_minimal_subscriber:/home/ge/Desktop/ros2/ws/install/examples_rclpy_minimal_service:/home/ge/Desktop/ros2/ws/install/examples_rclpy_minimal_publisher:/home/ge/Desktop/ros2/ws/install/examples_rclpy_minimal_client:/home/ge/Desktop/ros2/ws/install/examples_rclpy_minimal_action_server:/home/ge/Desktop/ros2/ws/install/examples_rclpy_minimal_action_client:/home/ge/Desktop/ros2/ws/install/examples_rclpy_executors:/opt/ros/foxy _=/usr/bin/env /usr/bin/cmake --build /home/ge/Desktop/ros2/ws/build/action_tutorials_interfaces -- -j16 -l16
[2.265s] [  2%] [34m[1mGenerating C code for ROS interfaces[0m
[2.265s] [35m[1mScanning dependencies of target action_tutorials_interfaces__dds_connext_idl[0m
[2.265s] [35m[1mScanning dependencies of target action_tutorials_interfaces__cpp[0m
[2.273s] [  6%] [34m[1mGenerating C++ code for ROS interfaces[0m
[2.273s] [  6%] [34m[1mGenerating DDS interfaces[0m
[2.463s] [  6%] Built target action_tutorials_interfaces__dds_connext_idl
[2.582s] [  6%] Built target action_tutorials_interfaces__cpp
[2.587s] [35m[1mScanning dependencies of target action_tutorials_interfaces__rosidl_generator_c[0m
[2.589s] [  8%] [34m[1mGenerating C++ type support for RTI Connext (using '/opt/rti.com/rti_connext_dds-5.3.1/bin/rtiddsgen_server')[0m
[2.589s] [ 10%] [34m[1mGenerating C++ type support dispatch for ROS interfaces[0m
[2.589s] [ 12%] [34m[1mGenerating C++ introspection for ROS interfaces[0m
[2.589s] [ 14%] [34m[1mGenerating C++ type support for eProsima Fast-RTPS[0m
[2.597s] [ 16%] [32mBuilding C object CMakeFiles/action_tutorials_interfaces__rosidl_generator_c.dir/rosidl_generator_c/action_tutorials_interfaces/action/detail/fibonacci__functions.c.o[0m
[2.704s] [ 18%] [32m[1mLinking C shared library libaction_tutorials_interfaces__rosidl_generator_c.so[0m
[2.735s] [ 18%] Built target action_tutorials_interfaces__rosidl_generator_c
[2.744s] [ 22%] [34m[1mGenerating C type support dispatch for ROS interfaces[0m
[2.744s] [ 22%] [34m[1mGenerating C introspection for ROS interfaces[0m
[2.810s] [35m[1mScanning dependencies of target action_tutorials_interfaces__rosidl_typesupport_cpp[0m
[2.823s] [ 24%] [32mBuilding CXX object CMakeFiles/action_tutorials_interfaces__rosidl_typesupport_cpp.dir/rosidl_typesupport_cpp/action_tutorials_interfaces/action/fibonacci__type_support.cpp.o[0m
[2.917s] [35m[1mScanning dependencies of target action_tutorials_interfaces__rosidl_typesupport_introspection_cpp[0m
[2.928s] [ 26%] [32mBuilding CXX object CMakeFiles/action_tutorials_interfaces__rosidl_typesupport_introspection_cpp.dir/rosidl_typesupport_introspection_cpp/action_tutorials_interfaces/action/detail/fibonacci__type_support.cpp.o[0m
[2.961s] [35m[1mScanning dependencies of target action_tutorials_interfaces__rosidl_typesupport_c[0m
[2.972s] [ 28%] [32mBuilding CXX object CMakeFiles/action_tutorials_interfaces__rosidl_typesupport_c.dir/rosidl_typesupport_c/action_tutorials_interfaces/action/fibonacci__type_support.cpp.o[0m
[3.011s] [ 30%] [32m[1mLinking CXX shared library libaction_tutorials_interfaces__rosidl_typesupport_c.so[0m
[3.011s] [35m[1mScanning dependencies of target action_tutorials_interfaces__rosidl_typesupport_fastrtps_cpp[0m
[3.026s] [ 32%] [32mBuilding CXX object CMakeFiles/action_tutorials_interfaces__rosidl_typesupport_fastrtps_cpp.dir/rosidl_typesupport_fastrtps_cpp/action_tutorials_interfaces/action/detail/dds_fastrtps/fibonacci__type_support.cpp.o[0m
[3.035s] [35m[1mScanning dependencies of target action_tutorials_interfaces__rosidl_typesupport_introspection_c[0m
[3.046s] [ 34%] [32mBuilding C object CMakeFiles/action_tutorials_interfaces__rosidl_typesupport_introspection_c.dir/rosidl_typesupport_introspection_c/action_tutorials_interfaces/action/detail/fibonacci__type_support.c.o[0m
[3.047s] [ 34%] Built target action_tutorials_interfaces__rosidl_typesupport_c
[3.085s] [ 36%] [32m[1mLinking C shared library libaction_tutorials_interfaces__rosidl_typesupport_introspection_c.so[0m
[3.114s] [ 38%] [32m[1mLinking CXX shared library libaction_tutorials_interfaces__rosidl_typesupport_cpp.so[0m
[3.115s] [ 38%] Built target action_tutorials_interfaces__rosidl_typesupport_introspection_c
[3.150s] [ 38%] Built target action_tutorials_interfaces__rosidl_typesupport_cpp
[3.244s] [ 40%] [32m[1mLinking CXX shared library libaction_tutorials_interfaces__rosidl_typesupport_introspection_cpp.so[0m
[3.305s] [ 40%] Built target action_tutorials_interfaces__rosidl_typesupport_introspection_cpp
[3.488s] [ 42%] [32m[1mLinking CXX shared library libaction_tutorials_interfaces__rosidl_typesupport_fastrtps_cpp.so[0m
[3.560s] [ 42%] Built target action_tutorials_interfaces__rosidl_typesupport_fastrtps_cpp
[3.569s] [ 44%] [34m[1mGenerating C type support for eProsima Fast-RTPS[0m
[3.621s] INFO com.rti.ndds.nddsgen.Main Running rtiddsgen version 2.5.2, please wait ...
[3.622s] INFO com.rti.ndds.nddsgen.Main Done
[3.658s] [35m[1mScanning dependencies of target action_tutorials_interfaces__rosidl_typesupport_connext_cpp[0m
[3.708s] [ 53%] [32mBuilding CXX object CMakeFiles/action_tutorials_interfaces__rosidl_typesupport_connext_cpp.dir/rosidl_typesupport_connext_cpp/action_tutorials_interfaces/action/dds_connext/Fibonacci_Plugin.cxx.o[0m
[3.708s] [ 53%] [32mBuilding CXX object CMakeFiles/action_tutorials_interfaces__rosidl_typesupport_connext_cpp.dir/rosidl_typesupport_connext_cpp/action_tutorials_interfaces/action/dds_connext/Fibonacci_Support.cxx.o[0m
[3.708s] [ 53%] [32mBuilding CXX object CMakeFiles/action_tutorials_interfaces__rosidl_typesupport_connext_cpp.dir/rosidl_typesupport_connext_cpp/action_tutorials_interfaces/action/dds_connext/fibonacci__type_support.cpp.o[0m
[3.708s] [ 53%] [32mBuilding CXX object CMakeFiles/action_tutorials_interfaces__rosidl_typesupport_connext_cpp.dir/rosidl_typesupport_connext_cpp/action_tutorials_interfaces/action/dds_connext/Fibonacci_.cxx.o[0m
[3.854s] [35m[1mScanning dependencies of target action_tutorials_interfaces__rosidl_typesupport_fastrtps_c[0m
[3.869s] [ 55%] [32mBuilding CXX object CMakeFiles/action_tutorials_interfaces__rosidl_typesupport_fastrtps_c.dir/rosidl_typesupport_fastrtps_c/action_tutorials_interfaces/action/detail/fibonacci__type_support_c.cpp.o[0m
[4.172s] [ 57%] [32m[1mLinking CXX shared library libaction_tutorials_interfaces__rosidl_typesupport_fastrtps_c.so[0m
[4.252s] [ 57%] Built target action_tutorials_interfaces__rosidl_typesupport_fastrtps_c
[4.641s] [ 59%] [32m[1mLinking CXX shared library libaction_tutorials_interfaces__rosidl_typesupport_connext_cpp.so[0m
[4.796s] [ 61%] Built target action_tutorials_interfaces__rosidl_typesupport_connext_cpp
[4.806s] [ 63%] [34m[1mGenerating C type support for RTI Connext[0m
[5.085s] [35m[1mScanning dependencies of target action_tutorials_interfaces__rosidl_typesupport_connext_c[0m
[5.138s] [ 71%] [32mBuilding CXX object CMakeFiles/action_tutorials_interfaces__rosidl_typesupport_connext_c.dir/rosidl_typesupport_connext_c/action_tutorials_interfaces/action/dds_connext/fibonacci__type_support_c.cpp.o[0m
[5.138s] [ 71%] [32mBuilding CXX object CMakeFiles/action_tutorials_interfaces__rosidl_typesupport_connext_c.dir/rosidl_typesupport_connext_cpp/action_tutorials_interfaces/action/dds_connext/Fibonacci_Support.cxx.o[0m
[5.138s] [ 71%] [32mBuilding CXX object CMakeFiles/action_tutorials_interfaces__rosidl_typesupport_connext_c.dir/rosidl_typesupport_connext_cpp/action_tutorials_interfaces/action/dds_connext/Fibonacci_.cxx.o[0m
[5.138s] [ 71%] [32mBuilding CXX object CMakeFiles/action_tutorials_interfaces__rosidl_typesupport_connext_c.dir/rosidl_typesupport_connext_cpp/action_tutorials_interfaces/action/dds_connext/Fibonacci_Plugin.cxx.o[0m
[6.027s] [ 73%] [32m[1mLinking CXX shared library libaction_tutorials_interfaces__rosidl_typesupport_connext_c.so[0m
[6.190s] [ 77%] Built target action_tutorials_interfaces__rosidl_typesupport_connext_c
[6.198s] [35m[1mScanning dependencies of target action_tutorials_interfaces[0m
[6.205s] [ 77%] Built target action_tutorials_interfaces
[6.214s] [35m[1mScanning dependencies of target action_tutorials_interfaces__py[0m
[6.223s] [ 79%] [34m[1mGenerating Python code for ROS interfaces[0m
[6.867s] [ 79%] Built target action_tutorials_interfaces__py
[6.875s] [35m[1mScanning dependencies of target action_tutorials_interfaces__python[0m
[6.891s] [ 81%] [32mBuilding C object CMakeFiles/action_tutorials_interfaces__python.dir/rosidl_generator_py/action_tutorials_interfaces/action/_fibonacci_s.c.o[0m
[6.995s] [ 83%] [32m[1mLinking C shared library rosidl_generator_py/action_tutorials_interfaces/libaction_tutorials_interfaces__python.so[0m
[7.029s] [ 83%] Built target action_tutorials_interfaces__python
[7.038s] [35m[1mScanning dependencies of target action_tutorials_interfaces__rosidl_typesupport_introspection_c__pyext[0m
[7.038s] [35m[1mScanning dependencies of target action_tutorials_interfaces__rosidl_typesupport_c__pyext[0m
[7.038s] [35m[1mScanning dependencies of target action_tutorials_interfaces__rosidl_typesupport_connext_c__pyext[0m
[7.039s] [35m[1mScanning dependencies of target action_tutorials_interfaces__rosidl_typesupport_fastrtps_c__pyext[0m
[7.053s] [ 87%] [32mBuilding C object CMakeFiles/action_tutorials_interfaces__rosidl_typesupport_connext_c__pyext.dir/rosidl_generator_py/action_tutorials_interfaces/_action_tutorials_interfaces_s.ep.rosidl_typesupport_connext_c.c.o[0m
[7.053s] [ 87%] [32mBuilding C object CMakeFiles/action_tutorials_interfaces__rosidl_typesupport_c__pyext.dir/rosidl_generator_py/action_tutorials_interfaces/_action_tutorials_interfaces_s.ep.rosidl_typesupport_c.c.o[0m
[7.053s] [ 89%] [32mBuilding C object CMakeFiles/action_tutorials_interfaces__rosidl_typesupport_introspection_c__pyext.dir/rosidl_generator_py/action_tutorials_interfaces/_action_tutorials_interfaces_s.ep.rosidl_typesupport_introspection_c.c.o[0m
[7.054s] [ 91%] [32mBuilding C object CMakeFiles/action_tutorials_interfaces__rosidl_typesupport_fastrtps_c__pyext.dir/rosidl_generator_py/action_tutorials_interfaces/_action_tutorials_interfaces_s.ep.rosidl_typesupport_fastrtps_c.c.o[0m
[7.128s] [100%] [32m[1mLinking C shared library rosidl_generator_py/action_tutorials_interfaces/action_tutorials_interfaces_s__rosidl_typesupport_c.cpython-38-x86_64-linux-gnu.so[0m
[7.128s] [100%] [32m[1mLinking C shared library rosidl_generator_py/action_tutorials_interfaces/action_tutorials_interfaces_s__rosidl_typesupport_introspection_c.cpython-38-x86_64-linux-gnu.so[0m
[7.128s] [100%] [32m[1mLinking C shared library rosidl_generator_py/action_tutorials_interfaces/action_tutorials_interfaces_s__rosidl_typesupport_connext_c.cpython-38-x86_64-linux-gnu.so[0m
[7.128s] [100%] [32m[1mLinking CXX shared library rosidl_generator_py/action_tutorials_interfaces/action_tutorials_interfaces_s__rosidl_typesupport_fastrtps_c.cpython-38-x86_64-linux-gnu.so[0m
[7.159s] [100%] Built target action_tutorials_interfaces__rosidl_typesupport_c__pyext
[7.160s] [100%] Built target action_tutorials_interfaces__rosidl_typesupport_introspection_c__pyext
[7.179s] [100%] Built target action_tutorials_interfaces__rosidl_typesupport_fastrtps_c__pyext
[7.192s] [100%] Built target action_tutorials_interfaces__rosidl_typesupport_connext_c__pyext
[23.682s] Invoked command in '/home/ge/Desktop/ros2/ws/build/action_tutorials_interfaces' returned '0': CMAKE_PREFIX_PATH=${CMAKE_PREFIX_PATH}:/home/ge/Desktop/ros2/ws/install/examples_rclpy_minimal_subscriber:/home/ge/Desktop/ros2/ws/install/examples_rclpy_minimal_service:/home/ge/Desktop/ros2/ws/install/examples_rclpy_minimal_publisher:/home/ge/Desktop/ros2/ws/install/examples_rclpy_minimal_client:/home/ge/Desktop/ros2/ws/install/examples_rclpy_minimal_action_server:/home/ge/Desktop/ros2/ws/install/examples_rclpy_minimal_action_client:/home/ge/Desktop/ros2/ws/install/examples_rclpy_executors:/opt/ros/foxy _=/usr/bin/env /usr/bin/cmake --build /home/ge/Desktop/ros2/ws/build/action_tutorials_interfaces -- -j16 -l16
[23.760s] Invoking command in '/home/ge/Desktop/ros2/ws/build/action_tutorials_interfaces': CMAKE_PREFIX_PATH=${CMAKE_PREFIX_PATH}:/home/ge/Desktop/ros2/ws/install/examples_rclpy_minimal_subscriber:/home/ge/Desktop/ros2/ws/install/examples_rclpy_minimal_service:/home/ge/Desktop/ros2/ws/install/examples_rclpy_minimal_publisher:/home/ge/Desktop/ros2/ws/install/examples_rclpy_minimal_client:/home/ge/Desktop/ros2/ws/install/examples_rclpy_minimal_action_server:/home/ge/Desktop/ros2/ws/install/examples_rclpy_minimal_action_client:/home/ge/Desktop/ros2/ws/install/examples_rclpy_executors:/opt/ros/foxy _=/usr/bin/env /usr/bin/cmake --install /home/ge/Desktop/ros2/ws/build/action_tutorials_interfaces
[23.767s] -- Install configuration: ""
[23.767s] -- Installing: /home/ge/Desktop/ros2/ws/install/action_tutorials_interfaces/share/ament_index/resource_index/rosidl_interfaces/action_tutorials_interfaces
[23.767s] -- Installing: /home/ge/Desktop/ros2/ws/install/action_tutorials_interfaces/include/action_tutorials_interfaces
[23.767s] -- Installing: /home/ge/Desktop/ros2/ws/install/action_tutorials_interfaces/include/action_tutorials_interfaces/action
[23.767s] -- Installing: /home/ge/Desktop/ros2/ws/install/action_tutorials_interfaces/include/action_tutorials_interfaces/action/fibonacci.h
[23.767s] -- Installing: /home/ge/Desktop/ros2/ws/install/action_tutorials_interfaces/include/action_tutorials_interfaces/action/detail
[23.767s] -- Installing: /home/ge/Desktop/ros2/ws/install/action_tutorials_interfaces/include/action_tutorials_interfaces/action/detail/fibonacci__type_support.h
[23.768s] -- Installing: /home/ge/Desktop/ros2/ws/install/action_tutorials_interfaces/include/action_tutorials_interfaces/action/detail/fibonacci__struct.h
[23.768s] -- Installing: /home/ge/Desktop/ros2/ws/install/action_tutorials_interfaces/include/action_tutorials_interfaces/action/detail/fibonacci__functions.h
[23.768s] -- Installing: /home/ge/Desktop/ros2/ws/install/action_tutorials_interfaces/include/action_tutorials_interfaces/action/detail/fibonacci__functions.c
[23.768s] -- Installing: /home/ge/Desktop/ros2/ws/install/action_tutorials_interfaces/include/action_tutorials_interfaces/msg
[23.768s] -- Installing: /home/ge/Desktop/ros2/ws/install/action_tutorials_interfaces/include/action_tutorials_interfaces/msg/rosidl_generator_c__visibility_control.h
[23.768s] -- Installing: /home/ge/Desktop/ros2/ws/install/action_tutorials_interfaces/share/action_tutorials_interfaces/environment/library_path.sh
[23.768s] -- Installing: /home/ge/Desktop/ros2/ws/install/action_tutorials_interfaces/share/action_tutorials_interfaces/environment/library_path.dsv
[23.768s] -- Installing: /home/ge/Desktop/ros2/ws/install/action_tutorials_interfaces/lib/libaction_tutorials_interfaces__rosidl_generator_c.so
[23.769s] -- Set runtime path of "/home/ge/Desktop/ros2/ws/install/action_tutorials_interfaces/lib/libaction_tutorials_interfaces__rosidl_generator_c.so" to ""
[23.769s] -- Up-to-date: /home/ge/Desktop/ros2/ws/install/action_tutorials_interfaces/include/action_tutorials_interfaces
[23.769s] -- Up-to-date: /home/ge/Desktop/ros2/ws/install/action_tutorials_interfaces/include/action_tutorials_interfaces/action
[23.769s] -- Installing: /home/ge/Desktop/ros2/ws/install/action_tutorials_interfaces/include/action_tutorials_interfaces/action/fibonacci__rosidl_typesupport_connext_c.h
[23.769s] -- Installing: /home/ge/Desktop/ros2/ws/install/action_tutorials_interfaces/include/action_tutorials_interfaces/action/dds_connext
[23.769s] -- Up-to-date: /home/ge/Desktop/ros2/ws/install/action_tutorials_interfaces/include/action_tutorials_interfaces/msg
[23.769s] -- Installing: /home/ge/Desktop/ros2/ws/install/action_tutorials_interfaces/include/action_tutorials_interfaces/msg/rosidl_typesupport_connext_c__visibility_control.h
[23.769s] -- Installing: /home/ge/Desktop/ros2/ws/install/action_tutorials_interfaces/lib/libaction_tutorials_interfaces__rosidl_typesupport_connext_c.so
[23.770s] -- Set runtime path of "/home/ge/Desktop/ros2/ws/install/action_tutorials_interfaces/lib/libaction_tutorials_interfaces__rosidl_typesupport_connext_c.so" to ""
[23.770s] -- Installing: /home/ge/Desktop/ros2/ws/install/action_tutorials_interfaces/share/action_tutorials_interfaces/action/dds_connext
[23.770s] -- Installing: /home/ge/Desktop/ros2/ws/install/action_tutorials_interfaces/share/action_tutorials_interfaces/action/dds_connext/Fibonacci_.idl
[23.771s] -- Up-to-date: /home/ge/Desktop/ros2/ws/install/action_tutorials_interfaces/include/action_tutorials_interfaces
[23.771s] -- Up-to-date: /home/ge/Desktop/ros2/ws/install/action_tutorials_interfaces/include/action_tutorials_interfaces/action
[23.771s] -- Up-to-date: /home/ge/Desktop/ros2/ws/install/action_tutorials_interfaces/include/action_tutorials_interfaces/action/dds_connext
[23.771s] -- Installing: /home/ge/Desktop/ros2/ws/install/action_tutorials_interfaces/include/action_tutorials_interfaces/action/dds_connext/Fibonacci_Support.cxx
[23.771s] -- Installing: /home/ge/Desktop/ros2/ws/install/action_tutorials_interfaces/include/action_tutorials_interfaces/action/dds_connext/Fibonacci_.cxx
[23.771s] -- Installing: /home/ge/Desktop/ros2/ws/install/action_tutorials_interfaces/include/action_tutorials_interfaces/action/dds_connext/Fibonacci_.h
[23.771s] -- Installing: /home/ge/Desktop/ros2/ws/install/action_tutorials_interfaces/include/action_tutorials_interfaces/action/dds_connext/Fibonacci_Support.h
[23.771s] -- Installing: /home/ge/Desktop/ros2/ws/install/action_tutorials_interfaces/include/action_tutorials_interfaces/action/dds_connext/Fibonacci_Plugin.h
[23.771s] -- Installing: /home/ge/Desktop/ros2/ws/install/action_tutorials_interfaces/include/action_tutorials_interfaces/action/dds_connext/Fibonacci_Plugin.cxx
[23.771s] -- Installing: /home/ge/Desktop/ros2/ws/install/action_tutorials_interfaces/include/action_tutorials_interfaces/action/fibonacci__rosidl_typesupport_connext_cpp.hpp
[23.771s] -- Up-to-date: /home/ge/Desktop/ros2/ws/install/action_tutorials_interfaces/include/action_tutorials_interfaces/msg
[23.772s] -- Installing: /home/ge/Desktop/ros2/ws/install/action_tutorials_interfaces/include/action_tutorials_interfaces/msg/rosidl_typesupport_connext_cpp__visibility_control.h
[23.772s] -- Installing: /home/ge/Desktop/ros2/ws/install/action_tutorials_interfaces/lib/libaction_tutorials_interfaces__rosidl_typesupport_connext_cpp.so
[23.773s] -- Set runtime path of "/home/ge/Desktop/ros2/ws/install/action_tutorials_interfaces/lib/libaction_tutorials_interfaces__rosidl_typesupport_connext_cpp.so" to ""
[23.774s] -- Up-to-date: /home/ge/Desktop/ros2/ws/install/action_tutorials_interfaces/include/action_tutorials_interfaces
[23.774s] -- Up-to-date: /home/ge/Desktop/ros2/ws/install/action_tutorials_interfaces/include/action_tutorials_interfaces/action
[23.774s] -- Up-to-date: /home/ge/Desktop/ros2/ws/install/action_tutorials_interfaces/include/action_tutorials_interfaces/action/detail
[23.774s] -- Installing: /home/ge/Desktop/ros2/ws/install/action_tutorials_interfaces/include/action_tutorials_interfaces/action/detail/fibonacci__rosidl_typesupport_fastrtps_c.h
[23.774s] -- Up-to-date: /home/ge/Desktop/ros2/ws/install/action_tutorials_interfaces/include/action_tutorials_interfaces/msg
[23.774s] -- Installing: /home/ge/Desktop/ros2/ws/install/action_tutorials_interfaces/include/action_tutorials_interfaces/msg/rosidl_typesupport_fastrtps_c__visibility_control.h
[23.774s] -- Installing: /home/ge/Desktop/ros2/ws/install/action_tutorials_interfaces/lib/libaction_tutorials_interfaces__rosidl_typesupport_fastrtps_c.so
[23.774s] -- Set runtime path of "/home/ge/Desktop/ros2/ws/install/action_tutorials_interfaces/lib/libaction_tutorials_interfaces__rosidl_typesupport_fastrtps_c.so" to ""
[23.774s] -- Up-to-date: /home/ge/Desktop/ros2/ws/install/action_tutorials_interfaces/include/action_tutorials_interfaces
[23.775s] -- Up-to-date: /home/ge/Desktop/ros2/ws/install/action_tutorials_interfaces/include/action_tutorials_interfaces/action
[23.775s] -- Up-to-date: /home/ge/Desktop/ros2/ws/install/action_tutorials_interfaces/include/action_tutorials_interfaces/action/detail
[23.775s] -- Installing: /home/ge/Desktop/ros2/ws/install/action_tutorials_interfaces/include/action_tutorials_interfaces/action/detail/dds_fastrtps
[23.775s] -- Installing: /home/ge/Desktop/ros2/ws/install/action_tutorials_interfaces/include/action_tutorials_interfaces/action/detail/fibonacci__rosidl_typesupport_fastrtps_cpp.hpp
[23.775s] -- Up-to-date: /home/ge/Desktop/ros2/ws/install/action_tutorials_interfaces/include/action_tutorials_interfaces/msg
[23.775s] -- Installing: /home/ge/Desktop/ros2/ws/install/action_tutorials_interfaces/include/action_tutorials_interfaces/msg/rosidl_typesupport_fastrtps_cpp__visibility_control.h
[23.775s] -- Installing: /home/ge/Desktop/ros2/ws/install/action_tutorials_interfaces/lib/libaction_tutorials_interfaces__rosidl_typesupport_fastrtps_cpp.so
[23.775s] -- Set runtime path of "/home/ge/Desktop/ros2/ws/install/action_tutorials_interfaces/lib/libaction_tutorials_interfaces__rosidl_typesupport_fastrtps_cpp.so" to ""
[23.775s] -- Up-to-date: /home/ge/Desktop/ros2/ws/install/action_tutorials_interfaces/include/action_tutorials_interfaces
[23.775s] -- Up-to-date: /home/ge/Desktop/ros2/ws/install/action_tutorials_interfaces/include/action_tutorials_interfaces/action
[23.775s] -- Up-to-date: /home/ge/Desktop/ros2/ws/install/action_tutorials_interfaces/include/action_tutorials_interfaces/action/detail
[23.775s] -- Installing: /home/ge/Desktop/ros2/ws/install/action_tutorials_interfaces/include/action_tutorials_interfaces/action/detail/fibonacci__type_support.c
[23.775s] -- Installing: /home/ge/Desktop/ros2/ws/install/action_tutorials_interfaces/include/action_tutorials_interfaces/action/detail/fibonacci__rosidl_typesupport_introspection_c.h
[23.776s] -- Up-to-date: /home/ge/Desktop/ros2/ws/install/action_tutorials_interfaces/include/action_tutorials_interfaces/msg
[23.776s] -- Installing: /home/ge/Desktop/ros2/ws/install/action_tutorials_interfaces/include/action_tutorials_interfaces/msg/rosidl_typesupport_introspection_c__visibility_control.h
[23.776s] -- Installing: /home/ge/Desktop/ros2/ws/install/action_tutorials_interfaces/lib/libaction_tutorials_interfaces__rosidl_typesupport_introspection_c.so
[23.776s] -- Set runtime path of "/home/ge/Desktop/ros2/ws/install/action_tutorials_interfaces/lib/libaction_tutorials_interfaces__rosidl_typesupport_introspection_c.so" to ""
[23.776s] -- Installing: /home/ge/Desktop/ros2/ws/install/action_tutorials_interfaces/lib/libaction_tutorials_interfaces__rosidl_typesupport_c.so
[23.776s] -- Set runtime path of "/home/ge/Desktop/ros2/ws/install/action_tutorials_interfaces/lib/libaction_tutorials_interfaces__rosidl_typesupport_c.so" to ""
[23.776s] -- Up-to-date: /home/ge/Desktop/ros2/ws/install/action_tutorials_interfaces/include/action_tutorials_interfaces
[23.776s] -- Up-to-date: /home/ge/Desktop/ros2/ws/install/action_tutorials_interfaces/include/action_tutorials_interfaces/action
[23.776s] -- Up-to-date: /home/ge/Desktop/ros2/ws/install/action_tutorials_interfaces/include/action_tutorials_interfaces/action/detail
[23.776s] -- Installing: /home/ge/Desktop/ros2/ws/install/action_tutorials_interfaces/include/action_tutorials_interfaces/action/detail/fibonacci__struct.hpp
[23.776s] -- Installing: /home/ge/Desktop/ros2/ws/install/action_tutorials_interfaces/include/action_tutorials_interfaces/action/detail/fibonacci__builder.hpp
[23.776s] -- Installing: /home/ge/Desktop/ros2/ws/install/action_tutorials_interfaces/include/action_tutorials_interfaces/action/detail/fibonacci__traits.hpp
[23.777s] -- Installing: /home/ge/Desktop/ros2/ws/install/action_tutorials_interfaces/include/action_tutorials_interfaces/action/fibonacci.hpp
[23.777s] -- Up-to-date: /home/ge/Desktop/ros2/ws/install/action_tutorials_interfaces/include/action_tutorials_interfaces
[23.777s] -- Up-to-date: /home/ge/Desktop/ros2/ws/install/action_tutorials_interfaces/include/action_tutorials_interfaces/action
[23.777s] -- Up-to-date: /home/ge/Desktop/ros2/ws/install/action_tutorials_interfaces/include/action_tutorials_interfaces/action/detail
[23.777s] -- Installing: /home/ge/Desktop/ros2/ws/install/action_tutorials_interfaces/include/action_tutorials_interfaces/action/detail/fibonacci__rosidl_typesupport_introspection_cpp.hpp
[23.777s] -- Installing: /home/ge/Desktop/ros2/ws/install/action_tutorials_interfaces/include/action_tutorials_interfaces/action/detail/fibonacci__type_support.cpp
[23.777s] -- Installing: /home/ge/Desktop/ros2/ws/install/action_tutorials_interfaces/lib/libaction_tutorials_interfaces__rosidl_typesupport_introspection_cpp.so
[23.777s] -- Set runtime path of "/home/ge/Desktop/ros2/ws/install/action_tutorials_interfaces/lib/libaction_tutorials_interfaces__rosidl_typesupport_introspection_cpp.so" to ""
[23.777s] -- Installing: /home/ge/Desktop/ros2/ws/install/action_tutorials_interfaces/lib/libaction_tutorials_interfaces__rosidl_typesupport_cpp.so
[23.777s] -- Set runtime path of "/home/ge/Desktop/ros2/ws/install/action_tutorials_interfaces/lib/libaction_tutorials_interfaces__rosidl_typesupport_cpp.so" to ""
[23.777s] -- Installing: /home/ge/Desktop/ros2/ws/install/action_tutorials_interfaces/share/action_tutorials_interfaces/environment/pythonpath.sh
[23.778s] -- Installing: /home/ge/Desktop/ros2/ws/install/action_tutorials_interfaces/share/action_tutorials_interfaces/environment/pythonpath.dsv
[23.778s] -- Installing: /home/ge/Desktop/ros2/ws/install/action_tutorials_interfaces/lib/python3.8/site-packages/action_tutorials_interfaces/__init__.py
[23.812s] Compiling '/home/ge/Desktop/ros2/ws/install/action_tutorials_interfaces/lib/python3.8/site-packages/action_tutorials_interfaces/__init__.py'...
[23.815s] -- Installing: /home/ge/Desktop/ros2/ws/install/action_tutorials_interfaces/lib/python3.8/site-packages/action_tutorials_interfaces/action
[23.815s] -- Installing: /home/ge/Desktop/ros2/ws/install/action_tutorials_interfaces/lib/python3.8/site-packages/action_tutorials_interfaces/action/__init__.py
[23.815s] -- Installing: /home/ge/Desktop/ros2/ws/install/action_tutorials_interfaces/lib/python3.8/site-packages/action_tutorials_interfaces/action/_fibonacci.py
[23.815s] -- Installing: /home/ge/Desktop/ros2/ws/install/action_tutorials_interfaces/lib/python3.8/site-packages/action_tutorials_interfaces/action/_fibonacci_s.c
[23.815s] -- Installing: /home/ge/Desktop/ros2/ws/install/action_tutorials_interfaces/lib/python3.8/site-packages/action_tutorials_interfaces/action_tutorials_interfaces_s__rosidl_typesupport_connext_c.cpython-38-x86_64-linux-gnu.so
[23.816s] -- Set runtime path of "/home/ge/Desktop/ros2/ws/install/action_tutorials_interfaces/lib/python3.8/site-packages/action_tutorials_interfaces/action_tutorials_interfaces_s__rosidl_typesupport_connext_c.cpython-38-x86_64-linux-gnu.so" to ""
[23.816s] -- Installing: /home/ge/Desktop/ros2/ws/install/action_tutorials_interfaces/lib/python3.8/site-packages/action_tutorials_interfaces/action_tutorials_interfaces_s__rosidl_typesupport_fastrtps_c.cpython-38-x86_64-linux-gnu.so
[23.817s] -- Set runtime path of "/home/ge/Desktop/ros2/ws/install/action_tutorials_interfaces/lib/python3.8/site-packages/action_tutorials_interfaces/action_tutorials_interfaces_s__rosidl_typesupport_fastrtps_c.cpython-38-x86_64-linux-gnu.so" to ""
[23.818s] -- Installing: /home/ge/Desktop/ros2/ws/install/action_tutorials_interfaces/lib/python3.8/site-packages/action_tutorials_interfaces/action_tutorials_interfaces_s__rosidl_typesupport_introspection_c.cpython-38-x86_64-linux-gnu.so
[23.819s] -- Set runtime path of "/home/ge/Desktop/ros2/ws/install/action_tutorials_interfaces/lib/python3.8/site-packages/action_tutorials_interfaces/action_tutorials_interfaces_s__rosidl_typesupport_introspection_c.cpython-38-x86_64-linux-gnu.so" to ""
[23.820s] -- Installing: /home/ge/Desktop/ros2/ws/install/action_tutorials_interfaces/lib/python3.8/site-packages/action_tutorials_interfaces/action_tutorials_interfaces_s__rosidl_typesupport_c.cpython-38-x86_64-linux-gnu.so
[23.821s] -- Set runtime path of "/home/ge/Desktop/ros2/ws/install/action_tutorials_interfaces/lib/python3.8/site-packages/action_tutorials_interfaces/action_tutorials_interfaces_s__rosidl_typesupport_c.cpython-38-x86_64-linux-gnu.so" to ""
[23.821s] -- Installing: /home/ge/Desktop/ros2/ws/install/action_tutorials_interfaces/lib/libaction_tutorials_interfaces__python.so
[23.822s] -- Set runtime path of "/home/ge/Desktop/ros2/ws/install/action_tutorials_interfaces/lib/libaction_tutorials_interfaces__python.so" to ""
[23.822s] -- Installing: /home/ge/Desktop/ros2/ws/install/action_tutorials_interfaces/share/action_tutorials_interfaces/action/Fibonacci.idl
[23.822s] -- Installing: /home/ge/Desktop/ros2/ws/install/action_tutorials_interfaces/share/action_tutorials_interfaces/action/Fibonacci.action
[23.822s] -- Installing: /home/ge/Desktop/ros2/ws/install/action_tutorials_interfaces/share/ament_index/resource_index/package_run_dependencies/action_tutorials_interfaces
[23.823s] -- Installing: /home/ge/Desktop/ros2/ws/install/action_tutorials_interfaces/share/ament_index/resource_index/parent_prefix_path/action_tutorials_interfaces
[23.823s] -- Installing: /home/ge/Desktop/ros2/ws/install/action_tutorials_interfaces/share/action_tutorials_interfaces/environment/ament_prefix_path.sh
[23.823s] -- Installing: /home/ge/Desktop/ros2/ws/install/action_tutorials_interfaces/share/action_tutorials_interfaces/environment/ament_prefix_path.dsv
[23.823s] -- Installing: /home/ge/Desktop/ros2/ws/install/action_tutorials_interfaces/share/action_tutorials_interfaces/environment/path.sh
[23.824s] -- Installing: /home/ge/Desktop/ros2/ws/install/action_tutorials_interfaces/share/action_tutorials_interfaces/environment/path.dsv
[23.824s] -- Installing: /home/ge/Desktop/ros2/ws/install/action_tutorials_interfaces/share/action_tutorials_interfaces/local_setup.bash
[23.824s] -- Installing: /home/ge/Desktop/ros2/ws/install/action_tutorials_interfaces/share/action_tutorials_interfaces/local_setup.sh
[23.824s] -- Installing: /home/ge/Desktop/ros2/ws/install/action_tutorials_interfaces/share/action_tutorials_interfaces/local_setup.zsh
[23.824s] -- Installing: /home/ge/Desktop/ros2/ws/install/action_tutorials_interfaces/share/action_tutorials_interfaces/local_setup.dsv
[23.825s] -- Installing: /home/ge/Desktop/ros2/ws/install/action_tutorials_interfaces/share/action_tutorials_interfaces/package.dsv
[23.825s] -- Installing: /home/ge/Desktop/ros2/ws/install/action_tutorials_interfaces/share/ament_index/resource_index/packages/action_tutorials_interfaces
[23.825s] -- Installing: /home/ge/Desktop/ros2/ws/install/action_tutorials_interfaces/share/action_tutorials_interfaces/cmake/action_tutorials_interfaces__rosidl_generator_cExport.cmake
[23.825s] -- Installing: /home/ge/Desktop/ros2/ws/install/action_tutorials_interfaces/share/action_tutorials_interfaces/cmake/action_tutorials_interfaces__rosidl_generator_cExport-noconfig.cmake
[23.825s] -- Installing: /home/ge/Desktop/ros2/ws/install/action_tutorials_interfaces/share/action_tutorials_interfaces/cmake/action_tutorials_interfaces__rosidl_typesupport_introspection_cExport.cmake
[23.826s] -- Installing: /home/ge/Desktop/ros2/ws/install/action_tutorials_interfaces/share/action_tutorials_interfaces/cmake/action_tutorials_interfaces__rosidl_typesupport_introspection_cExport-noconfig.cmake
[23.826s] -- Installing: /home/ge/Desktop/ros2/ws/install/action_tutorials_interfaces/share/action_tutorials_interfaces/cmake/action_tutorials_interfaces__rosidl_typesupport_cExport.cmake
[23.826s] -- Installing: /home/ge/Desktop/ros2/ws/install/action_tutorials_interfaces/share/action_tutorials_interfaces/cmake/action_tutorials_interfaces__rosidl_typesupport_cExport-noconfig.cmake
[23.826s] -- Installing: /home/ge/Desktop/ros2/ws/install/action_tutorials_interfaces/share/action_tutorials_interfaces/cmake/action_tutorials_interfaces__rosidl_generator_cppExport.cmake
[23.826s] -- Installing: /home/ge/Desktop/ros2/ws/install/action_tutorials_interfaces/share/action_tutorials_interfaces/cmake/action_tutorials_interfaces__rosidl_typesupport_introspection_cppExport.cmake
[23.826s] -- Installing: /home/ge/Desktop/ros2/ws/install/action_tutorials_interfaces/share/action_tutorials_interfaces/cmake/action_tutorials_interfaces__rosidl_typesupport_introspection_cppExport-noconfig.cmake
[23.827s] -- Installing: /home/ge/Desktop/ros2/ws/install/action_tutorials_interfaces/share/action_tutorials_interfaces/cmake/action_tutorials_interfaces__rosidl_typesupport_cppExport.cmake
[23.827s] -- Installing: /home/ge/Desktop/ros2/ws/install/action_tutorials_interfaces/share/action_tutorials_interfaces/cmake/action_tutorials_interfaces__rosidl_typesupport_cppExport-noconfig.cmake
[23.827s] -- Installing: /home/ge/Desktop/ros2/ws/install/action_tutorials_interfaces/share/action_tutorials_interfaces/cmake/rosidl_cmake-extras.cmake
[23.827s] -- Installing: /home/ge/Desktop/ros2/ws/install/action_tutorials_interfaces/share/action_tutorials_interfaces/cmake/ament_cmake_export_dependencies-extras.cmake
[23.827s] -- Installing: /home/ge/Desktop/ros2/ws/install/action_tutorials_interfaces/share/action_tutorials_interfaces/cmake/ament_cmake_export_libraries-extras.cmake
[23.827s] -- Installing: /home/ge/Desktop/ros2/ws/install/action_tutorials_interfaces/share/action_tutorials_interfaces/cmake/ament_cmake_export_targets-extras.cmake
[23.827s] -- Installing: /home/ge/Desktop/ros2/ws/install/action_tutorials_interfaces/share/action_tutorials_interfaces/cmake/ament_cmake_export_include_directories-extras.cmake
[23.827s] -- Installing: /home/ge/Desktop/ros2/ws/install/action_tutorials_interfaces/share/action_tutorials_interfaces/cmake/rosidl_cmake_export_typesupport_libraries-extras.cmake
[23.828s] -- Installing: /home/ge/Desktop/ros2/ws/install/action_tutorials_interfaces/share/action_tutorials_interfaces/cmake/rosidl_cmake_export_typesupport_targets-extras.cmake
[23.828s] -- Installing: /home/ge/Desktop/ros2/ws/install/action_tutorials_interfaces/share/action_tutorials_interfaces/cmake/action_tutorials_interfacesConfig.cmake
[23.838s] -- Installing: /home/ge/Desktop/ros2/ws/install/action_tutorials_interfaces/share/action_tutorials_interfaces/cmake/action_tutorials_interfacesConfig-version.cmake
[23.838s] -- Installing: /home/ge/Desktop/ros2/ws/install/action_tutorials_interfaces/share/action_tutorials_interfaces/package.xml
[23.842s] Invoked command in '/home/ge/Desktop/ros2/ws/build/action_tutorials_interfaces' returned '0': CMAKE_PREFIX_PATH=${CMAKE_PREFIX_PATH}:/home/ge/Desktop/ros2/ws/install/examples_rclpy_minimal_subscriber:/home/ge/Desktop/ros2/ws/install/examples_rclpy_minimal_service:/home/ge/Desktop/ros2/ws/install/examples_rclpy_minimal_publisher:/home/ge/Desktop/ros2/ws/install/examples_rclpy_minimal_client:/home/ge/Desktop/ros2/ws/install/examples_rclpy_minimal_action_server:/home/ge/Desktop/ros2/ws/install/examples_rclpy_minimal_action_client:/home/ge/Desktop/ros2/ws/install/examples_rclpy_executors:/opt/ros/foxy _=/usr/bin/env /usr/bin/cmake --install /home/ge/Desktop/ros2/ws/build/action_tutorials_interfaces
