[0.011s] Invoking command in '/home/ge/Desktop/ros2/ws00_hw/build/pkg01_helloworld_cpp': CMAKE_PREFIX_PATH=/opt/ros/foxy _=/usr/bin/env /usr/bin/cmake /home/ge/Desktop/ros2/ws00_hw/src/pkg01_helloworld_cpp -DCMAKE_INSTALL_PREFIX=/home/ge/Desktop/ros2/ws00_hw/install/pkg01_helloworld_cpp
[0.091s] -- The C compiler identification is GNU 9.4.0
[0.173s] -- The CXX compiler identification is GNU 9.4.0
[0.183s] -- Check for working C compiler: /usr/bin/cc
[0.251s] -- Check for working C compiler: /usr/bin/cc -- works
[0.253s] -- Detecting C compiler ABI info
[0.317s] -- Detecting C compiler ABI info - done
[0.332s] -- Detecting C compile features
[0.333s] -- Detecting C compile features - done
[0.338s] -- Check for working CXX compiler: /usr/bin/c++
[0.407s] -- Check for working CXX compiler: /usr/bin/c++ -- works
[0.407s] -- Detecting CXX compiler ABI info
[0.468s] -- Detecting CXX compiler ABI info - done
[0.481s] -- Detecting CXX compile features
[0.481s] -- Detecting CXX compile features - done
[0.483s] -- Found ament_cmake: 0.9.11 (/opt/ros/foxy/share/ament_cmake/cmake)
[0.511s] -- Found PythonInterp: /usr/bin/python3 (found suitable version "3.8.10", minimum required is "3") 
[0.511s] -- Using PYTHON_EXECUTABLE: /usr/bin/python3
[0.693s] -- Found rclcpp: 2.4.2 (/opt/ros/foxy/share/rclcpp/cmake)
[0.738s] -- Using all available rosidl_typesupport_c: rosidl_typesupport_connext_c;rosidl_typesupport_fastrtps_c;rosidl_typesupport_introspection_c
[0.745s] -- Found rosidl_adapter: 1.3.0 (/opt/ros/foxy/share/rosidl_adapter/cmake)
[0.751s] -- Found RTI Connext: /opt/rti.com/rti_connext_dds-5.3.1
[1.589s] -- Found OpenSSL: /usr/lib/x86_64-linux-gnu/libcrypto.so (found version "1.1.1f")  
[1.613s] -- Found FastRTPS: /opt/ros/foxy/include  
[1.671s] -- Using all available rosidl_typesupport_cpp: rosidl_typesupport_connext_cpp;rosidl_typesupport_fastrtps_cpp;rosidl_typesupport_introspection_cpp
[1.718s] -- Found rmw_implementation_cmake: 1.0.3 (/opt/ros/foxy/share/rmw_implementation_cmake/cmake)
[1.720s] -- Using RMW implementation 'rmw_fastrtps_cpp' as default
[1.721s] -- Looking for pthread.h
[1.789s] -- Looking for pthread.h - found
[1.789s] -- Performing Test CMAKE_HAVE_LIBC_PTHREAD
[1.857s] -- Performing Test CMAKE_HAVE_LIBC_PTHREAD - Failed
[1.857s] -- Looking for pthread_create in pthreads
[1.904s] -- Looking for pthread_create in pthreads - not found
[1.904s] -- Looking for pthread_create in pthread
[1.956s] -- Looking for pthread_create in pthread - found
[1.957s] -- Found Threads: TRUE  
[2.086s] -- Found ament_lint_auto: 0.9.7 (/opt/ros/foxy/share/ament_lint_auto/cmake)
[2.150s] -- Added test 'copyright' to check source files copyright and LICENSE
[2.151s] -- Added test 'cppcheck' to perform static code analysis on C / C++ code
[2.151s] -- Configured cppcheck include dirs: $<BUILD_INTERFACE:/home/ge/Desktop/ros2/ws00_hw/src/pkg01_helloworld_cpp/include>
[2.151s] -- Configured cppcheck exclude dirs and/or files: 
[2.152s] -- Added test 'cpplint' to check C / C++ code against the Google style
[2.152s] -- Configured cpplint exclude dirs and/or files: 
[2.153s] -- Added test 'lint_cmake' to check CMake code style
[2.154s] -- Added test 'uncrustify' to check C / C++ code style
[2.154s] -- Configured uncrustify additional arguments: 
[2.154s] -- Added test 'xmllint' to check XML markup files
[2.157s] -- Configuring done
[2.163s] -- Generating done
[2.164s] -- Build files have been written to: /home/ge/Desktop/ros2/ws00_hw/build/pkg01_helloworld_cpp
[2.171s] Invoked command in '/home/ge/Desktop/ros2/ws00_hw/build/pkg01_helloworld_cpp' returned '0': CMAKE_PREFIX_PATH=/opt/ros/foxy _=/usr/bin/env /usr/bin/cmake /home/ge/Desktop/ros2/ws00_hw/src/pkg01_helloworld_cpp -DCMAKE_INSTALL_PREFIX=/home/ge/Desktop/ros2/ws00_hw/install/pkg01_helloworld_cpp
[2.173s] Invoking command in '/home/ge/Desktop/ros2/ws00_hw/build/pkg01_helloworld_cpp': CMAKE_PREFIX_PATH=/opt/ros/foxy _=/usr/bin/env /usr/bin/cmake --build /home/ge/Desktop/ros2/ws00_hw/build/pkg01_helloworld_cpp -- -j16 -l16
[2.214s] [35m[1mScanning dependencies of target helloworld[0m
[2.225s] [ 50%] [32mBuilding CXX object CMakeFiles/helloworld.dir/src/helloworld.cpp.o[0m
[2.254s] [100%] [32m[1mLinking CXX executable helloworld[0m
[2.310s] [100%] Built target helloworld
[2.320s] Invoked command in '/home/ge/Desktop/ros2/ws00_hw/build/pkg01_helloworld_cpp' returned '0': CMAKE_PREFIX_PATH=/opt/ros/foxy _=/usr/bin/env /usr/bin/cmake --build /home/ge/Desktop/ros2/ws00_hw/build/pkg01_helloworld_cpp -- -j16 -l16
[2.352s] Invoking command in '/home/ge/Desktop/ros2/ws00_hw/build/pkg01_helloworld_cpp': CMAKE_PREFIX_PATH=/opt/ros/foxy _=/usr/bin/env /usr/bin/cmake --install /home/ge/Desktop/ros2/ws00_hw/build/pkg01_helloworld_cpp
[2.359s] -- Install configuration: ""
[2.359s] -- Installing: /home/ge/Desktop/ros2/ws00_hw/install/pkg01_helloworld_cpp/lib/pkg01_helloworld_cpp/helloworld
[2.360s] -- Set runtime path of "/home/ge/Desktop/ros2/ws00_hw/install/pkg01_helloworld_cpp/lib/pkg01_helloworld_cpp/helloworld" to ""
[2.360s] -- Installing: /home/ge/Desktop/ros2/ws00_hw/install/pkg01_helloworld_cpp/share/ament_index/resource_index/package_run_dependencies/pkg01_helloworld_cpp
[2.360s] -- Installing: /home/ge/Desktop/ros2/ws00_hw/install/pkg01_helloworld_cpp/share/ament_index/resource_index/parent_prefix_path/pkg01_helloworld_cpp
[2.360s] -- Installing: /home/ge/Desktop/ros2/ws00_hw/install/pkg01_helloworld_cpp/share/pkg01_helloworld_cpp/environment/ament_prefix_path.sh
[2.360s] -- Installing: /home/ge/Desktop/ros2/ws00_hw/install/pkg01_helloworld_cpp/share/pkg01_helloworld_cpp/environment/ament_prefix_path.dsv
[2.361s] -- Installing: /home/ge/Desktop/ros2/ws00_hw/install/pkg01_helloworld_cpp/share/pkg01_helloworld_cpp/environment/path.sh
[2.361s] -- Installing: /home/ge/Desktop/ros2/ws00_hw/install/pkg01_helloworld_cpp/share/pkg01_helloworld_cpp/environment/path.dsv
[2.361s] -- Installing: /home/ge/Desktop/ros2/ws00_hw/install/pkg01_helloworld_cpp/share/pkg01_helloworld_cpp/local_setup.bash
[2.362s] -- Installing: /home/ge/Desktop/ros2/ws00_hw/install/pkg01_helloworld_cpp/share/pkg01_helloworld_cpp/local_setup.sh
[2.362s] -- Installing: /home/ge/Desktop/ros2/ws00_hw/install/pkg01_helloworld_cpp/share/pkg01_helloworld_cpp/local_setup.zsh
[2.362s] -- Installing: /home/ge/Desktop/ros2/ws00_hw/install/pkg01_helloworld_cpp/share/pkg01_helloworld_cpp/local_setup.dsv
[2.362s] -- Installing: /home/ge/Desktop/ros2/ws00_hw/install/pkg01_helloworld_cpp/share/pkg01_helloworld_cpp/package.dsv
[2.362s] -- Installing: /home/ge/Desktop/ros2/ws00_hw/install/pkg01_helloworld_cpp/share/ament_index/resource_index/packages/pkg01_helloworld_cpp
[2.362s] -- Installing: /home/ge/Desktop/ros2/ws00_hw/install/pkg01_helloworld_cpp/share/pkg01_helloworld_cpp/cmake/pkg01_helloworld_cppConfig.cmake
[2.362s] -- Installing: /home/ge/Desktop/ros2/ws00_hw/install/pkg01_helloworld_cpp/share/pkg01_helloworld_cpp/cmake/pkg01_helloworld_cppConfig-version.cmake
[2.362s] -- Installing: /home/ge/Desktop/ros2/ws00_hw/install/pkg01_helloworld_cpp/share/pkg01_helloworld_cpp/package.xml
[2.364s] Invoked command in '/home/ge/Desktop/ros2/ws00_hw/build/pkg01_helloworld_cpp' returned '0': CMAKE_PREFIX_PATH=/opt/ros/foxy _=/usr/bin/env /usr/bin/cmake --install /home/ge/Desktop/ros2/ws00_hw/build/pkg01_helloworld_cpp
