[0.097s] Invoking command in '/home/ge/Desktop/ros2/ws/build/cpp_parameters': CMAKE_PREFIX_PATH=/opt/ros/foxy _=/usr/bin/env /usr/bin/cmake /home/ge/Desktop/ros2/ws/src/cpp_parameters -DAMENT_CMAKE_SYMLINK_INSTALL=1 -DCMAKE_INSTALL_PREFIX=/home/ge/Desktop/ros2/ws/install/cpp_parameters
[0.999s] -- The C compiler identification is GNU 9.4.0
[1.000s] -- The CXX compiler identification is GNU 9.4.0
[1.000s] -- Check for working C compiler: /usr/bin/cc
[1.000s] -- Check for working C compiler: /usr/bin/cc -- works
[1.000s] -- Detecting C compiler ABI info
[1.000s] -- Detecting C compiler ABI info - done
[1.000s] -- Detecting C compile features
[1.000s] -- Detecting C compile features - done
[1.000s] -- Check for working CXX compiler: /usr/bin/c++
[1.000s] -- Check for working CXX compiler: /usr/bin/c++ -- works
[1.000s] -- Detecting CXX compiler ABI info
[1.000s] -- Detecting CXX compiler ABI info - done
[1.000s] -- Detecting CXX compile features
[1.000s] -- Detecting CXX compile features - done
[1.001s] -- Found ament_cmake: 0.9.11 (/opt/ros/foxy/share/ament_cmake/cmake)
[1.001s] -- Found PythonInterp: /usr/bin/python3 (found suitable version "3.8.10", minimum required is "3") 
[1.001s] -- Using PYTHON_EXECUTABLE: /usr/bin/python3
[1.001s] -- Override CMake install command with custom implementation using symlinks instead of copying resources
[1.001s] -- Found rclcpp: 2.4.2 (/opt/ros/foxy/share/rclcpp/cmake)
[1.001s] -- Using all available rosidl_typesupport_c: rosidl_typesupport_connext_c;rosidl_typesupport_fastrtps_c;rosidl_typesupport_introspection_c
[1.001s] -- Found rosidl_adapter: 1.3.0 (/opt/ros/foxy/share/rosidl_adapter/cmake)
[1.001s] -- Found RTI Connext: /opt/rti.com/rti_connext_dds-5.3.1
[1.616s] -- Found OpenSSL: /usr/lib/x86_64-linux-gnu/libcrypto.so (found version "1.1.1f")  
[1.647s] -- Found FastRTPS: /opt/ros/foxy/include  
[1.706s] -- Using all available rosidl_typesupport_cpp: rosidl_typesupport_connext_cpp;rosidl_typesupport_fastrtps_cpp;rosidl_typesupport_introspection_cpp
[1.746s] -- Found rmw_implementation_cmake: 1.0.3 (/opt/ros/foxy/share/rmw_implementation_cmake/cmake)
[1.747s] -- Using RMW implementation 'rmw_fastrtps_cpp' as default
[1.748s] -- Looking for pthread.h
[1.804s] -- Looking for pthread.h - found
[1.804s] -- Performing Test CMAKE_HAVE_LIBC_PTHREAD
[1.863s] -- Performing Test CMAKE_HAVE_LIBC_PTHREAD - Failed
[1.863s] -- Looking for pthread_create in pthreads
[1.907s] -- Looking for pthread_create in pthreads - not found
[1.908s] -- Looking for pthread_create in pthread
[1.961s] -- Looking for pthread_create in pthread - found
[1.962s] -- Found Threads: TRUE  
[2.073s] -- Found ament_lint_auto: 0.9.7 (/opt/ros/foxy/share/ament_lint_auto/cmake)
[2.142s] -- Added test 'copyright' to check source files copyright and LICENSE
[2.143s] -- Added test 'lint_cmake' to check CMake code style
[2.144s] -- Added test 'xmllint' to check XML markup files
[2.147s] -- Configuring done
[2.148s] -- Generating done
[2.149s] -- Build files have been written to: /home/ge/Desktop/ros2/ws/build/cpp_parameters
[2.223s] Invoked command in '/home/ge/Desktop/ros2/ws/build/cpp_parameters' returned '0': CMAKE_PREFIX_PATH=/opt/ros/foxy _=/usr/bin/env /usr/bin/cmake /home/ge/Desktop/ros2/ws/src/cpp_parameters -DAMENT_CMAKE_SYMLINK_INSTALL=1 -DCMAKE_INSTALL_PREFIX=/home/ge/Desktop/ros2/ws/install/cpp_parameters
[2.226s] Invoking command in '/home/ge/Desktop/ros2/ws/build/cpp_parameters': CMAKE_PREFIX_PATH=/opt/ros/foxy _=/usr/bin/env /usr/bin/cmake --build /home/ge/Desktop/ros2/ws/build/cpp_parameters -- -j16 -l16
[2.277s] Invoked command in '/home/ge/Desktop/ros2/ws/build/cpp_parameters' returned '0': CMAKE_PREFIX_PATH=/opt/ros/foxy _=/usr/bin/env /usr/bin/cmake --build /home/ge/Desktop/ros2/ws/build/cpp_parameters -- -j16 -l16
[2.314s] Invoking command in '/home/ge/Desktop/ros2/ws/build/cpp_parameters': CMAKE_PREFIX_PATH=/opt/ros/foxy _=/usr/bin/env /usr/bin/cmake --install /home/ge/Desktop/ros2/ws/build/cpp_parameters
[2.327s] -- Install configuration: ""
[2.327s] -- Execute custom install script
[2.328s] -- Symlinking: /home/ge/Desktop/ros2/ws/install/cpp_parameters/share/ament_index/resource_index/package_run_dependencies/cpp_parameters
[2.340s] -- Symlinking: /home/ge/Desktop/ros2/ws/install/cpp_parameters/share/ament_index/resource_index/parent_prefix_path/cpp_parameters
[2.351s] -- Symlinking: /home/ge/Desktop/ros2/ws/install/cpp_parameters/share/cpp_parameters/environment/ament_prefix_path.sh
[2.363s] -- Symlinking: /home/ge/Desktop/ros2/ws/install/cpp_parameters/share/cpp_parameters/environment/ament_prefix_path.dsv
[2.376s] -- Symlinking: /home/ge/Desktop/ros2/ws/install/cpp_parameters/share/cpp_parameters/environment/path.sh
[2.389s] -- Symlinking: /home/ge/Desktop/ros2/ws/install/cpp_parameters/share/cpp_parameters/environment/path.dsv
[2.402s] -- Symlinking: /home/ge/Desktop/ros2/ws/install/cpp_parameters/share/cpp_parameters/local_setup.bash
[2.415s] -- Symlinking: /home/ge/Desktop/ros2/ws/install/cpp_parameters/share/cpp_parameters/local_setup.sh
[2.429s] -- Symlinking: /home/ge/Desktop/ros2/ws/install/cpp_parameters/share/cpp_parameters/local_setup.zsh
[2.443s] -- Symlinking: /home/ge/Desktop/ros2/ws/install/cpp_parameters/share/cpp_parameters/local_setup.dsv
[2.456s] -- Symlinking: /home/ge/Desktop/ros2/ws/install/cpp_parameters/share/cpp_parameters/package.dsv
[2.469s] -- Symlinking: /home/ge/Desktop/ros2/ws/install/cpp_parameters/share/ament_index/resource_index/packages/cpp_parameters
[2.481s] -- Symlinking: /home/ge/Desktop/ros2/ws/install/cpp_parameters/share/cpp_parameters/cmake/cpp_parametersConfig.cmake
[2.494s] -- Symlinking: /home/ge/Desktop/ros2/ws/install/cpp_parameters/share/cpp_parameters/cmake/cpp_parametersConfig-version.cmake
[2.507s] -- Symlinking: /home/ge/Desktop/ros2/ws/install/cpp_parameters/share/cpp_parameters/package.xml
[2.529s] Invoked command in '/home/ge/Desktop/ros2/ws/build/cpp_parameters' returned '0': CMAKE_PREFIX_PATH=/opt/ros/foxy _=/usr/bin/env /usr/bin/cmake --install /home/ge/Desktop/ros2/ws/build/cpp_parameters
