[0.022s] Invoking command in '/home/ge/Desktop/ros2/ws00_hw/build/pkg03_hellovscode_cpp': CMAKE_PREFIX_PATH=/opt/ros/foxy _=/usr/bin/env /usr/bin/cmake /home/ge/Desktop/ros2/ws00_hw/src/pkg03_hellovscode_cpp -DCMAKE_INSTALL_PREFIX=/home/ge/Desktop/ros2/ws00_hw/install/pkg03_hellovscode_cpp
[0.096s] -- The C compiler identification is GNU 9.4.0
[0.156s] -- The CXX compiler identification is GNU 9.4.0
[0.164s] -- Check for working C compiler: /usr/bin/cc
[0.233s] -- Check for working C compiler: /usr/bin/cc -- works
[0.234s] -- Detecting C compiler ABI info
[0.307s] -- Detecting C compiler ABI info - done
[0.319s] -- Detecting C compile features
[0.320s] -- Detecting C compile features - done
[0.323s] -- Check for working CXX compiler: /usr/bin/c++
[0.409s] -- Check for working CXX compiler: /usr/bin/c++ -- works
[0.411s] -- Detecting CXX compiler ABI info
[0.499s] -- Detecting CXX compiler ABI info - done
[0.512s] -- Detecting CXX compile features
[0.512s] -- Detecting CXX compile features - done
[0.515s] -- Found ament_cmake: 0.9.11 (/opt/ros/foxy/share/ament_cmake/cmake)
[0.543s] -- Found PythonInterp: /usr/bin/python3 (found suitable version "3.8.10", minimum required is "3") 
[0.544s] -- Using PYTHON_EXECUTABLE: /usr/bin/python3
[0.807s] -- Found rclcpp: 2.4.2 (/opt/ros/foxy/share/rclcpp/cmake)
[0.861s] -- Using all available rosidl_typesupport_c: rosidl_typesupport_connext_c;rosidl_typesupport_fastrtps_c;rosidl_typesupport_introspection_c
[0.869s] -- Found rosidl_adapter: 1.3.0 (/opt/ros/foxy/share/rosidl_adapter/cmake)
[0.876s] -- Found RTI Connext: /opt/rti.com/rti_connext_dds-5.3.1
[1.961s] -- Found OpenSSL: /usr/lib/x86_64-linux-gnu/libcrypto.so (found version "1.1.1f")  
[1.996s] -- Found FastRTPS: /opt/ros/foxy/include  
[2.079s] -- Using all available rosidl_typesupport_cpp: rosidl_typesupport_connext_cpp;rosidl_typesupport_fastrtps_cpp;rosidl_typesupport_introspection_cpp
[2.149s] -- Found rmw_implementation_cmake: 1.0.3 (/opt/ros/foxy/share/rmw_implementation_cmake/cmake)
[2.151s] -- Using RMW implementation 'rmw_fastrtps_cpp' as default
[2.153s] -- Looking for pthread.h
[2.228s] -- Looking for pthread.h - found
[2.228s] -- Performing Test CMAKE_HAVE_LIBC_PTHREAD
[2.307s] -- Performing Test CMAKE_HAVE_LIBC_PTHREAD - Failed
[2.308s] -- Looking for pthread_create in pthreads
[2.373s] -- Looking for pthread_create in pthreads - not found
[2.374s] -- Looking for pthread_create in pthread
[2.448s] -- Looking for pthread_create in pthread - found
[2.450s] -- Found Threads: TRUE  
[2.628s] -- Found ament_lint_auto: 0.9.7 (/opt/ros/foxy/share/ament_lint_auto/cmake)
[2.709s] -- Added test 'copyright' to check source files copyright and LICENSE
[2.711s] -- Added test 'cppcheck' to perform static code analysis on C / C++ code
[2.711s] -- Configured cppcheck include dirs: $<BUILD_INTERFACE:/home/ge/Desktop/ros2/ws00_hw/src/pkg03_hellovscode_cpp/include>
[2.711s] -- Configured cppcheck exclude dirs and/or files: 
[2.712s] -- Added test 'cpplint' to check C / C++ code against the Google style
[2.712s] -- Configured cpplint exclude dirs and/or files: 
[2.713s] -- Added test 'lint_cmake' to check CMake code style
[2.714s] -- Added test 'uncrustify' to check C / C++ code style
[2.714s] -- Configured uncrustify additional arguments: 
[2.714s] -- Added test 'xmllint' to check XML markup files
[2.717s] -- Configuring done
[2.724s] -- Generating done
[2.726s] -- Build files have been written to: /home/ge/Desktop/ros2/ws00_hw/build/pkg03_hellovscode_cpp
[2.734s] Invoked command in '/home/ge/Desktop/ros2/ws00_hw/build/pkg03_hellovscode_cpp' returned '0': CMAKE_PREFIX_PATH=/opt/ros/foxy _=/usr/bin/env /usr/bin/cmake /home/ge/Desktop/ros2/ws00_hw/src/pkg03_hellovscode_cpp -DCMAKE_INSTALL_PREFIX=/home/ge/Desktop/ros2/ws00_hw/install/pkg03_hellovscode_cpp
[2.737s] Invoking command in '/home/ge/Desktop/ros2/ws00_hw/build/pkg03_hellovscode_cpp': CMAKE_PREFIX_PATH=/opt/ros/foxy _=/usr/bin/env /usr/bin/cmake --build /home/ge/Desktop/ros2/ws00_hw/build/pkg03_hellovscode_cpp -- -j16 -l16
[2.780s] [35m[1mScanning dependencies of target hellovscode[0m
[2.813s] [ 50%] [32mBuilding CXX object CMakeFiles/hellovscode.dir/src/hellovscode.cpp.o[0m
[4.587s] [100%] [32m[1mLinking CXX executable hellovscode[0m
[4.703s] [100%] Built target hellovscode
[4.716s] Invoked command in '/home/ge/Desktop/ros2/ws00_hw/build/pkg03_hellovscode_cpp' returned '0': CMAKE_PREFIX_PATH=/opt/ros/foxy _=/usr/bin/env /usr/bin/cmake --build /home/ge/Desktop/ros2/ws00_hw/build/pkg03_hellovscode_cpp -- -j16 -l16
[4.749s] Invoking command in '/home/ge/Desktop/ros2/ws00_hw/build/pkg03_hellovscode_cpp': CMAKE_PREFIX_PATH=/opt/ros/foxy _=/usr/bin/env /usr/bin/cmake --install /home/ge/Desktop/ros2/ws00_hw/build/pkg03_hellovscode_cpp
[4.756s] -- Install configuration: ""
[4.757s] -- Installing: /home/ge/Desktop/ros2/ws00_hw/install/pkg03_hellovscode_cpp/lib/pkg03_hellovscode_cpp/hellovscode
[4.757s] -- Set runtime path of "/home/ge/Desktop/ros2/ws00_hw/install/pkg03_hellovscode_cpp/lib/pkg03_hellovscode_cpp/hellovscode" to ""
[4.757s] -- Installing: /home/ge/Desktop/ros2/ws00_hw/install/pkg03_hellovscode_cpp/share/ament_index/resource_index/package_run_dependencies/pkg03_hellovscode_cpp
[4.757s] -- Installing: /home/ge/Desktop/ros2/ws00_hw/install/pkg03_hellovscode_cpp/share/ament_index/resource_index/parent_prefix_path/pkg03_hellovscode_cpp
[4.758s] -- Installing: /home/ge/Desktop/ros2/ws00_hw/install/pkg03_hellovscode_cpp/share/pkg03_hellovscode_cpp/environment/ament_prefix_path.sh
[4.758s] -- Installing: /home/ge/Desktop/ros2/ws00_hw/install/pkg03_hellovscode_cpp/share/pkg03_hellovscode_cpp/environment/ament_prefix_path.dsv
[4.758s] -- Installing: /home/ge/Desktop/ros2/ws00_hw/install/pkg03_hellovscode_cpp/share/pkg03_hellovscode_cpp/environment/path.sh
[4.758s] -- Installing: /home/ge/Desktop/ros2/ws00_hw/install/pkg03_hellovscode_cpp/share/pkg03_hellovscode_cpp/environment/path.dsv
[4.758s] -- Installing: /home/ge/Desktop/ros2/ws00_hw/install/pkg03_hellovscode_cpp/share/pkg03_hellovscode_cpp/local_setup.bash
[4.758s] -- Installing: /home/ge/Desktop/ros2/ws00_hw/install/pkg03_hellovscode_cpp/share/pkg03_hellovscode_cpp/local_setup.sh
[4.758s] -- Installing: /home/ge/Desktop/ros2/ws00_hw/install/pkg03_hellovscode_cpp/share/pkg03_hellovscode_cpp/local_setup.zsh
[4.758s] -- Installing: /home/ge/Desktop/ros2/ws00_hw/install/pkg03_hellovscode_cpp/share/pkg03_hellovscode_cpp/local_setup.dsv
[4.759s] -- Installing: /home/ge/Desktop/ros2/ws00_hw/install/pkg03_hellovscode_cpp/share/pkg03_hellovscode_cpp/package.dsv
[4.759s] -- Installing: /home/ge/Desktop/ros2/ws00_hw/install/pkg03_hellovscode_cpp/share/ament_index/resource_index/packages/pkg03_hellovscode_cpp
[4.759s] -- Installing: /home/ge/Desktop/ros2/ws00_hw/install/pkg03_hellovscode_cpp/share/pkg03_hellovscode_cpp/cmake/pkg03_hellovscode_cppConfig.cmake
[4.759s] -- Installing: /home/ge/Desktop/ros2/ws00_hw/install/pkg03_hellovscode_cpp/share/pkg03_hellovscode_cpp/cmake/pkg03_hellovscode_cppConfig-version.cmake
[4.759s] -- Installing: /home/ge/Desktop/ros2/ws00_hw/install/pkg03_hellovscode_cpp/share/pkg03_hellovscode_cpp/package.xml
[4.766s] Invoked command in '/home/ge/Desktop/ros2/ws00_hw/build/pkg03_hellovscode_cpp' returned '0': CMAKE_PREFIX_PATH=/opt/ros/foxy _=/usr/bin/env /usr/bin/cmake --install /home/ge/Desktop/ros2/ws00_hw/build/pkg03_hellovscode_cpp
