[0.019s] Invoking command in '/home/ge/Desktop/ros2/ws/build/polygon_base': CMAKE_PREFIX_PATH=${CMAKE_PREFIX_PATH}:/home/ge/Desktop/ros2/ws/install/examples_rclpy_minimal_subscriber:/home/ge/Desktop/ros2/ws/install/examples_rclpy_minimal_service:/home/ge/Desktop/ros2/ws/install/examples_rclpy_minimal_publisher:/home/ge/Desktop/ros2/ws/install/examples_rclpy_minimal_client:/home/ge/Desktop/ros2/ws/install/examples_rclpy_minimal_action_server:/home/ge/Desktop/ros2/ws/install/examples_rclpy_minimal_action_client:/home/ge/Desktop/ros2/ws/install/examples_rclpy_executors:/opt/ros/foxy _=/usr/bin/env /usr/bin/cmake /home/ge/Desktop/ros2/ws/src/polygon_base -DCMAKE_INSTALL_PREFIX=/home/ge/Desktop/ros2/ws/install/polygon_base
[0.066s] -- The C compiler identification is GNU 9.4.0
[0.112s] -- The CXX compiler identification is GNU 9.4.0
[0.118s] -- Check for working C compiler: /usr/bin/cc
[0.179s] -- Check for working C compiler: /usr/bin/cc -- works
[0.181s] -- Detecting C compiler ABI info
[0.244s] -- Detecting C compiler ABI info - done
[0.255s] -- Detecting C compile features
[0.256s] -- Detecting C compile features - done
[0.257s] -- Check for working CXX compiler: /usr/bin/c++
[0.320s] -- Check for working CXX compiler: /usr/bin/c++ -- works
[0.321s] -- Detecting CXX compiler ABI info
[0.385s] -- Detecting CXX compiler ABI info - done
[0.395s] -- Detecting CXX compile features
[0.396s] -- Detecting CXX compile features - done
[0.399s] -- Found ament_cmake: 0.9.11 (/opt/ros/foxy/share/ament_cmake/cmake)
[0.432s] -- Found PythonInterp: /usr/bin/python3 (found suitable version "3.8.10", minimum required is "3") 
[0.432s] -- Using PYTHON_EXECUTABLE: /usr/bin/python3
[0.636s] -- Found pluginlib: 2.5.4 (/opt/ros/foxy/share/pluginlib/cmake)
[0.739s] -- Configuring done
[0.742s] -- Generating done
[0.742s] -- Build files have been written to: /home/ge/Desktop/ros2/ws/build/polygon_base
[0.747s] Invoked command in '/home/ge/Desktop/ros2/ws/build/polygon_base' returned '0': CMAKE_PREFIX_PATH=${CMAKE_PREFIX_PATH}:/home/ge/Desktop/ros2/ws/install/examples_rclpy_minimal_subscriber:/home/ge/Desktop/ros2/ws/install/examples_rclpy_minimal_service:/home/ge/Desktop/ros2/ws/install/examples_rclpy_minimal_publisher:/home/ge/Desktop/ros2/ws/install/examples_rclpy_minimal_client:/home/ge/Desktop/ros2/ws/install/examples_rclpy_minimal_action_server:/home/ge/Desktop/ros2/ws/install/examples_rclpy_minimal_action_client:/home/ge/Desktop/ros2/ws/install/examples_rclpy_executors:/opt/ros/foxy _=/usr/bin/env /usr/bin/cmake /home/ge/Desktop/ros2/ws/src/polygon_base -DCMAKE_INSTALL_PREFIX=/home/ge/Desktop/ros2/ws/install/polygon_base
[0.749s] Invoking command in '/home/ge/Desktop/ros2/ws/build/polygon_base': CMAKE_PREFIX_PATH=${CMAKE_PREFIX_PATH}:/home/ge/Desktop/ros2/ws/install/examples_rclpy_minimal_subscriber:/home/ge/Desktop/ros2/ws/install/examples_rclpy_minimal_service:/home/ge/Desktop/ros2/ws/install/examples_rclpy_minimal_publisher:/home/ge/Desktop/ros2/ws/install/examples_rclpy_minimal_client:/home/ge/Desktop/ros2/ws/install/examples_rclpy_minimal_action_server:/home/ge/Desktop/ros2/ws/install/examples_rclpy_minimal_action_client:/home/ge/Desktop/ros2/ws/install/examples_rclpy_executors:/opt/ros/foxy _=/usr/bin/env /usr/bin/cmake --build /home/ge/Desktop/ros2/ws/build/polygon_base -- -j16 -l16
[0.788s] [35m[1mScanning dependencies of target area_node[0m
[0.797s] [ 50%] [32mBuilding CXX object CMakeFiles/area_node.dir/src/area_node.cpp.o[0m
[2.960s] [100%] [32m[1mLinking CXX executable area_node[0m
[3.089s] [100%] Built target area_node
[3.099s] Invoked command in '/home/ge/Desktop/ros2/ws/build/polygon_base' returned '0': CMAKE_PREFIX_PATH=${CMAKE_PREFIX_PATH}:/home/ge/Desktop/ros2/ws/install/examples_rclpy_minimal_subscriber:/home/ge/Desktop/ros2/ws/install/examples_rclpy_minimal_service:/home/ge/Desktop/ros2/ws/install/examples_rclpy_minimal_publisher:/home/ge/Desktop/ros2/ws/install/examples_rclpy_minimal_client:/home/ge/Desktop/ros2/ws/install/examples_rclpy_minimal_action_server:/home/ge/Desktop/ros2/ws/install/examples_rclpy_minimal_action_client:/home/ge/Desktop/ros2/ws/install/examples_rclpy_executors:/opt/ros/foxy _=/usr/bin/env /usr/bin/cmake --build /home/ge/Desktop/ros2/ws/build/polygon_base -- -j16 -l16
[3.130s] Invoking command in '/home/ge/Desktop/ros2/ws/build/polygon_base': CMAKE_PREFIX_PATH=${CMAKE_PREFIX_PATH}:/home/ge/Desktop/ros2/ws/install/examples_rclpy_minimal_subscriber:/home/ge/Desktop/ros2/ws/install/examples_rclpy_minimal_service:/home/ge/Desktop/ros2/ws/install/examples_rclpy_minimal_publisher:/home/ge/Desktop/ros2/ws/install/examples_rclpy_minimal_client:/home/ge/Desktop/ros2/ws/install/examples_rclpy_minimal_action_server:/home/ge/Desktop/ros2/ws/install/examples_rclpy_minimal_action_client:/home/ge/Desktop/ros2/ws/install/examples_rclpy_executors:/opt/ros/foxy _=/usr/bin/env /usr/bin/cmake --install /home/ge/Desktop/ros2/ws/build/polygon_base
[3.138s] -- Install configuration: ""
[3.138s] -- Installing: /home/ge/Desktop/ros2/ws/install/polygon_base/lib/polygon_base/area_node
[3.139s] -- Set runtime path of "/home/ge/Desktop/ros2/ws/install/polygon_base/lib/polygon_base/area_node" to ""
[3.139s] -- Installing: /home/ge/Desktop/ros2/ws/install/polygon_base/include
[3.140s] -- Installing: /home/ge/Desktop/ros2/ws/install/polygon_base/include/polygon_base
[3.140s] -- Installing: /home/ge/Desktop/ros2/ws/install/polygon_base/include/polygon_base/regular_polygon.hpp
[3.140s] -- Installing: /home/ge/Desktop/ros2/ws/install/polygon_base/share/ament_index/resource_index/package_run_dependencies/polygon_base
[3.140s] -- Installing: /home/ge/Desktop/ros2/ws/install/polygon_base/share/ament_index/resource_index/parent_prefix_path/polygon_base
[3.140s] -- Installing: /home/ge/Desktop/ros2/ws/install/polygon_base/share/polygon_base/environment/ament_prefix_path.sh
[3.140s] -- Installing: /home/ge/Desktop/ros2/ws/install/polygon_base/share/polygon_base/environment/ament_prefix_path.dsv
[3.140s] -- Installing: /home/ge/Desktop/ros2/ws/install/polygon_base/share/polygon_base/environment/path.sh
[3.140s] -- Installing: /home/ge/Desktop/ros2/ws/install/polygon_base/share/polygon_base/environment/path.dsv
[3.140s] -- Installing: /home/ge/Desktop/ros2/ws/install/polygon_base/share/polygon_base/local_setup.bash
[3.140s] -- Installing: /home/ge/Desktop/ros2/ws/install/polygon_base/share/polygon_base/local_setup.sh
[3.141s] -- Installing: /home/ge/Desktop/ros2/ws/install/polygon_base/share/polygon_base/local_setup.zsh
[3.141s] -- Installing: /home/ge/Desktop/ros2/ws/install/polygon_base/share/polygon_base/local_setup.dsv
[3.141s] -- Installing: /home/ge/Desktop/ros2/ws/install/polygon_base/share/polygon_base/package.dsv
[3.141s] -- Installing: /home/ge/Desktop/ros2/ws/install/polygon_base/share/ament_index/resource_index/packages/polygon_base
[3.141s] -- Installing: /home/ge/Desktop/ros2/ws/install/polygon_base/share/polygon_base/cmake/ament_cmake_export_include_directories-extras.cmake
[3.141s] -- Installing: /home/ge/Desktop/ros2/ws/install/polygon_base/share/polygon_base/cmake/polygon_baseConfig.cmake
[3.141s] -- Installing: /home/ge/Desktop/ros2/ws/install/polygon_base/share/polygon_base/cmake/polygon_baseConfig-version.cmake
[3.141s] -- Installing: /home/ge/Desktop/ros2/ws/install/polygon_base/share/polygon_base/package.xml
[3.144s] Invoked command in '/home/ge/Desktop/ros2/ws/build/polygon_base' returned '0': CMAKE_PREFIX_PATH=${CMAKE_PREFIX_PATH}:/home/ge/Desktop/ros2/ws/install/examples_rclpy_minimal_subscriber:/home/ge/Desktop/ros2/ws/install/examples_rclpy_minimal_service:/home/ge/Desktop/ros2/ws/install/examples_rclpy_minimal_publisher:/home/ge/Desktop/ros2/ws/install/examples_rclpy_minimal_client:/home/ge/Desktop/ros2/ws/install/examples_rclpy_minimal_action_server:/home/ge/Desktop/ros2/ws/install/examples_rclpy_minimal_action_client:/home/ge/Desktop/ros2/ws/install/examples_rclpy_executors:/opt/ros/foxy _=/usr/bin/env /usr/bin/cmake --install /home/ge/Desktop/ros2/ws/build/polygon_base
