[0.103s] Invoking command in '/home/ge/Desktop/ros2/ws/build/tutorial_interfaces': CMAKE_PREFIX_PATH=/opt/ros/foxy _=/usr/bin/env /usr/bin/cmake /home/ge/Desktop/ros2/ws/src/tutorial_interfaces -DAMENT_CMAKE_SYMLINK_INSTALL=1 -DCMAKE_INSTALL_PREFIX=/home/ge/Desktop/ros2/ws/install/tutorial_interfaces
[1.007s] -- Found ament_cmake: 0.9.11 (/opt/ros/foxy/share/ament_cmake/cmake)
[1.007s] -- Found PythonInterp: /usr/bin/python3 (found suitable version "3.8.10", minimum required is "3") 
[1.007s] -- Using PYTHON_EXECUTABLE: /usr/bin/python3
[1.007s] -- Override CMake install command with custom implementation using symlinks instead of copying resources
[1.007s] -- Found geometry_msgs: 2.0.5 (/opt/ros/foxy/share/geometry_msgs/cmake)
[1.007s] -- Using all available rosidl_typesupport_c: rosidl_typesupport_connext_c;rosidl_typesupport_fastrtps_c;rosidl_typesupport_introspection_c
[1.007s] -- Found rosidl_adapter: 1.3.0 (/opt/ros/foxy/share/rosidl_adapter/cmake)
[1.007s] -- Found RTI Connext: /opt/rti.com/rti_connext_dds-5.3.1
[1.007s] -- Using all available rosidl_typesupport_cpp: rosidl_typesupport_connext_cpp;rosidl_typesupport_fastrtps_cpp;rosidl_typesupport_introspection_cpp
[1.008s] -- Found rosidl_default_generators: 1.0.1 (/opt/ros/foxy/share/rosidl_default_generators/cmake)
[1.008s] -- Found PythonInterp: /usr/bin/python3 (found version "3.8.10") 
[1.086s] -- Found ament_cmake_ros: 0.9.2 (/opt/ros/foxy/share/ament_cmake_ros/cmake)
[1.346s] -- Using all available rosidl_typesupport_c: rosidl_typesupport_connext_c;rosidl_typesupport_fastrtps_c;rosidl_typesupport_introspection_c
[1.469s] -- Using all available rosidl_typesupport_cpp: rosidl_typesupport_connext_cpp;rosidl_typesupport_fastrtps_cpp;rosidl_typesupport_introspection_cpp
[1.499s] -- Found PythonInterp: /usr/bin/python3 (found suitable version "3.8.10", minimum required is "3.5") 
[1.500s] -- Found python_cmake_module: 0.8.1 (/opt/ros/foxy/share/python_cmake_module/cmake)
[1.519s] -- Using PYTHON_EXECUTABLE: /usr/bin/python3
[1.519s] -- Using PYTHON_INCLUDE_DIRS: /usr/include/python3.8
[1.519s] -- Using PYTHON_LIBRARIES: /usr/lib/x86_64-linux-gnu/libpython3.8.so
[1.575s] -- Found ament_lint_auto: 0.9.7 (/opt/ros/foxy/share/ament_lint_auto/cmake)
[1.593s] -- Configuring done
[1.674s] -- Generating done
[1.677s] -- Build files have been written to: /home/ge/Desktop/ros2/ws/build/tutorial_interfaces
[2.227s] Invoked command in '/home/ge/Desktop/ros2/ws/build/tutorial_interfaces' returned '0': CMAKE_PREFIX_PATH=/opt/ros/foxy _=/usr/bin/env /usr/bin/cmake /home/ge/Desktop/ros2/ws/src/tutorial_interfaces -DAMENT_CMAKE_SYMLINK_INSTALL=1 -DCMAKE_INSTALL_PREFIX=/home/ge/Desktop/ros2/ws/install/tutorial_interfaces
[2.230s] Invoking command in '/home/ge/Desktop/ros2/ws/build/tutorial_interfaces': CMAKE_PREFIX_PATH=/opt/ros/foxy _=/usr/bin/env /usr/bin/cmake --build /home/ge/Desktop/ros2/ws/build/tutorial_interfaces -- -j16 -l16
[2.294s] [  1%] Built target tutorial_interfaces__dds_connext_idl
[2.296s] [  2%] Built target tutorial_interfaces__cpp
[2.302s] [  8%] Built target tutorial_interfaces__rosidl_generator_c
[2.326s] [ 18%] Built target tutorial_interfaces__rosidl_typesupport_cpp
[2.327s] [ 20%] Built target tutorial_interfaces__rosidl_typesupport_introspection_cpp
[2.331s] [ 22%] [32m[1mLinking CXX shared library libtutorial_interfaces__rosidl_typesupport_fastrtps_cpp.so[0m
[2.342s] [ 28%] Built target tutorial_interfaces__rosidl_typesupport_c
[2.346s] [ 34%] Built target tutorial_interfaces__rosidl_typesupport_introspection_c
[2.376s] [ 35%] [32m[1mLinking CXX shared library libtutorial_interfaces__rosidl_typesupport_connext_cpp.so[0m
[2.469s] [ 40%] Built target tutorial_interfaces__rosidl_typesupport_fastrtps_cpp
[2.508s] [ 41%] [32m[1mLinking CXX shared library libtutorial_interfaces__rosidl_typesupport_fastrtps_c.so[0m
[2.653s] [ 46%] Built target tutorial_interfaces__rosidl_typesupport_fastrtps_c
[2.779s] [ 64%] Built target tutorial_interfaces__rosidl_typesupport_connext_cpp
[2.824s] [ 65%] [32m[1mLinking CXX shared library libtutorial_interfaces__rosidl_typesupport_connext_c.so[0m
[3.115s] [ 83%] Built target tutorial_interfaces__rosidl_typesupport_connext_c
[3.133s] [ 83%] Built target tutorial_interfaces
[3.154s] [ 85%] Built target tutorial_interfaces__py
[3.184s] [ 86%] [32m[1mLinking C shared library rosidl_generator_py/tutorial_interfaces/libtutorial_interfaces__python.so[0m
[3.217s] [ 90%] Built target tutorial_interfaces__python
[3.241s] [ 93%] [32m[1mLinking CXX shared library rosidl_generator_py/tutorial_interfaces/tutorial_interfaces_s__rosidl_typesupport_fastrtps_c.cpython-38-x86_64-linux-gnu.so[0m
[3.241s] [ 93%] [32m[1mLinking C shared library rosidl_generator_py/tutorial_interfaces/tutorial_interfaces_s__rosidl_typesupport_connext_c.cpython-38-x86_64-linux-gnu.so[0m
[3.241s] [ 93%] [32m[1mLinking C shared library rosidl_generator_py/tutorial_interfaces/tutorial_interfaces_s__rosidl_typesupport_introspection_c.cpython-38-x86_64-linux-gnu.so[0m
[3.241s] [ 95%] [32m[1mLinking C shared library rosidl_generator_py/tutorial_interfaces/tutorial_interfaces_s__rosidl_typesupport_c.cpython-38-x86_64-linux-gnu.so[0m
[3.274s] [ 96%] Built target tutorial_interfaces__rosidl_typesupport_c__pyext
[3.279s] [ 97%] Built target tutorial_interfaces__rosidl_typesupport_introspection_c__pyext
[3.297s] [ 98%] Built target tutorial_interfaces__rosidl_typesupport_fastrtps_c__pyext
[3.325s] [100%] Built target tutorial_interfaces__rosidl_typesupport_connext_c__pyext
[3.335s] Invoked command in '/home/ge/Desktop/ros2/ws/build/tutorial_interfaces' returned '0': CMAKE_PREFIX_PATH=/opt/ros/foxy _=/usr/bin/env /usr/bin/cmake --build /home/ge/Desktop/ros2/ws/build/tutorial_interfaces -- -j16 -l16
[3.446s] Invoking command in '/home/ge/Desktop/ros2/ws/build/tutorial_interfaces': CMAKE_PREFIX_PATH=/opt/ros/foxy _=/usr/bin/env /usr/bin/cmake --install /home/ge/Desktop/ros2/ws/build/tutorial_interfaces
[3.453s] -- Install configuration: ""
[3.453s] -- Execute custom install script
[3.453s] -- Symlinking: /home/ge/Desktop/ros2/ws/install/tutorial_interfaces/share/ament_index/resource_index/rosidl_interfaces/tutorial_interfaces
[3.461s] -- Symlinking: /home/ge/Desktop/ros2/ws/install/tutorial_interfaces/include/tutorial_interfaces/msg/detail/num__functions.h
[3.468s] -- Symlinking: /home/ge/Desktop/ros2/ws/install/tutorial_interfaces/include/tutorial_interfaces/msg/detail/num__struct.h
[3.475s] -- Symlinking: /home/ge/Desktop/ros2/ws/install/tutorial_interfaces/include/tutorial_interfaces/msg/detail/num__type_support.h
[3.483s] -- Symlinking: /home/ge/Desktop/ros2/ws/install/tutorial_interfaces/include/tutorial_interfaces/msg/detail/sphere__functions.h
[3.491s] -- Symlinking: /home/ge/Desktop/ros2/ws/install/tutorial_interfaces/include/tutorial_interfaces/msg/detail/sphere__struct.h
[3.497s] -- Symlinking: /home/ge/Desktop/ros2/ws/install/tutorial_interfaces/include/tutorial_interfaces/msg/detail/sphere__type_support.h
[3.503s] -- Symlinking: /home/ge/Desktop/ros2/ws/install/tutorial_interfaces/include/tutorial_interfaces/msg/num.h
[3.510s] -- Symlinking: /home/ge/Desktop/ros2/ws/install/tutorial_interfaces/include/tutorial_interfaces/msg/rosidl_generator_c__visibility_control.h
[3.518s] -- Symlinking: /home/ge/Desktop/ros2/ws/install/tutorial_interfaces/include/tutorial_interfaces/msg/sphere.h
[3.526s] -- Symlinking: /home/ge/Desktop/ros2/ws/install/tutorial_interfaces/include/tutorial_interfaces/srv/add_three_ints.h
[3.531s] -- Symlinking: /home/ge/Desktop/ros2/ws/install/tutorial_interfaces/include/tutorial_interfaces/srv/detail/add_three_ints__functions.h
[3.538s] -- Symlinking: /home/ge/Desktop/ros2/ws/install/tutorial_interfaces/include/tutorial_interfaces/srv/detail/add_three_ints__struct.h
[3.545s] -- Symlinking: /home/ge/Desktop/ros2/ws/install/tutorial_interfaces/include/tutorial_interfaces/srv/detail/add_three_ints__type_support.h
[3.552s] -- Symlinking: /home/ge/Desktop/ros2/ws/install/tutorial_interfaces/share/tutorial_interfaces/environment/library_path.sh
[3.558s] -- Symlinking: /home/ge/Desktop/ros2/ws/install/tutorial_interfaces/share/tutorial_interfaces/environment/library_path.dsv
[3.566s] -- Symlinking: /home/ge/Desktop/ros2/ws/install/tutorial_interfaces/include/tutorial_interfaces/msg/num__rosidl_typesupport_connext_c.h
[3.572s] -- Symlinking: /home/ge/Desktop/ros2/ws/install/tutorial_interfaces/include/tutorial_interfaces/msg/rosidl_typesupport_connext_c__visibility_control.h
[3.578s] -- Symlinking: /home/ge/Desktop/ros2/ws/install/tutorial_interfaces/include/tutorial_interfaces/msg/sphere__rosidl_typesupport_connext_c.h
[3.583s] -- Symlinking: /home/ge/Desktop/ros2/ws/install/tutorial_interfaces/include/tutorial_interfaces/srv/add_three_ints__rosidl_typesupport_connext_c.h
[3.590s] -- Symlinking: /home/ge/Desktop/ros2/ws/install/tutorial_interfaces/lib/libtutorial_interfaces__rosidl_typesupport_connext_c.so
[3.596s] -- Symlinking: /home/ge/Desktop/ros2/ws/install/tutorial_interfaces/share/tutorial_interfaces/msg/dds_connext/Num_.idl
[3.603s] -- Symlinking: /home/ge/Desktop/ros2/ws/install/tutorial_interfaces/share/tutorial_interfaces/msg/dds_connext/Sphere_.idl
[3.611s] -- Symlinking: /home/ge/Desktop/ros2/ws/install/tutorial_interfaces/share/tutorial_interfaces/srv/dds_connext/AddThreeInts_.idl
[3.618s] -- Symlinking: /home/ge/Desktop/ros2/ws/install/tutorial_interfaces/include/tutorial_interfaces/msg/dds_connext/Num_.cxx
[3.623s] -- Symlinking: /home/ge/Desktop/ros2/ws/install/tutorial_interfaces/include/tutorial_interfaces/msg/dds_connext/Num_.h
[3.629s] -- Symlinking: /home/ge/Desktop/ros2/ws/install/tutorial_interfaces/include/tutorial_interfaces/msg/dds_connext/Num_Plugin.cxx
[3.635s] -- Symlinking: /home/ge/Desktop/ros2/ws/install/tutorial_interfaces/include/tutorial_interfaces/msg/dds_connext/Num_Plugin.h
[3.642s] -- Symlinking: /home/ge/Desktop/ros2/ws/install/tutorial_interfaces/include/tutorial_interfaces/msg/dds_connext/Num_Support.cxx
[3.650s] -- Symlinking: /home/ge/Desktop/ros2/ws/install/tutorial_interfaces/include/tutorial_interfaces/msg/dds_connext/Num_Support.h
[3.658s] -- Symlinking: /home/ge/Desktop/ros2/ws/install/tutorial_interfaces/include/tutorial_interfaces/msg/dds_connext/Sphere_.cxx
[3.667s] -- Symlinking: /home/ge/Desktop/ros2/ws/install/tutorial_interfaces/include/tutorial_interfaces/msg/dds_connext/Sphere_.h
[3.675s] -- Symlinking: /home/ge/Desktop/ros2/ws/install/tutorial_interfaces/include/tutorial_interfaces/msg/dds_connext/Sphere_Plugin.cxx
[3.684s] -- Symlinking: /home/ge/Desktop/ros2/ws/install/tutorial_interfaces/include/tutorial_interfaces/msg/dds_connext/Sphere_Plugin.h
[3.695s] -- Symlinking: /home/ge/Desktop/ros2/ws/install/tutorial_interfaces/include/tutorial_interfaces/msg/dds_connext/Sphere_Support.cxx
[3.702s] -- Symlinking: /home/ge/Desktop/ros2/ws/install/tutorial_interfaces/include/tutorial_interfaces/msg/dds_connext/Sphere_Support.h
[3.709s] -- Symlinking: /home/ge/Desktop/ros2/ws/install/tutorial_interfaces/include/tutorial_interfaces/msg/num__rosidl_typesupport_connext_cpp.hpp
[3.716s] -- Symlinking: /home/ge/Desktop/ros2/ws/install/tutorial_interfaces/include/tutorial_interfaces/msg/rosidl_typesupport_connext_cpp__visibility_control.h
[3.723s] -- Symlinking: /home/ge/Desktop/ros2/ws/install/tutorial_interfaces/include/tutorial_interfaces/msg/sphere__rosidl_typesupport_connext_cpp.hpp
[3.730s] -- Symlinking: /home/ge/Desktop/ros2/ws/install/tutorial_interfaces/include/tutorial_interfaces/srv/add_three_ints__rosidl_typesupport_connext_cpp.hpp
[3.737s] -- Symlinking: /home/ge/Desktop/ros2/ws/install/tutorial_interfaces/include/tutorial_interfaces/srv/dds_connext/AddThreeInts_.cxx
[3.745s] -- Symlinking: /home/ge/Desktop/ros2/ws/install/tutorial_interfaces/include/tutorial_interfaces/srv/dds_connext/AddThreeInts_.h
[3.752s] -- Symlinking: /home/ge/Desktop/ros2/ws/install/tutorial_interfaces/include/tutorial_interfaces/srv/dds_connext/AddThreeInts_Plugin.cxx
[3.760s] -- Symlinking: /home/ge/Desktop/ros2/ws/install/tutorial_interfaces/include/tutorial_interfaces/srv/dds_connext/AddThreeInts_Plugin.h
[3.766s] -- Symlinking: /home/ge/Desktop/ros2/ws/install/tutorial_interfaces/include/tutorial_interfaces/srv/dds_connext/AddThreeInts_Support.cxx
[3.773s] -- Symlinking: /home/ge/Desktop/ros2/ws/install/tutorial_interfaces/include/tutorial_interfaces/srv/dds_connext/AddThreeInts_Support.h
[3.780s] -- Symlinking: /home/ge/Desktop/ros2/ws/install/tutorial_interfaces/lib/libtutorial_interfaces__rosidl_typesupport_connext_cpp.so
[3.789s] -- Symlinking: /home/ge/Desktop/ros2/ws/install/tutorial_interfaces/include/tutorial_interfaces/msg/detail/num__rosidl_typesupport_fastrtps_c.h
[3.797s] -- Symlinking: /home/ge/Desktop/ros2/ws/install/tutorial_interfaces/include/tutorial_interfaces/msg/detail/sphere__rosidl_typesupport_fastrtps_c.h
[3.804s] -- Symlinking: /home/ge/Desktop/ros2/ws/install/tutorial_interfaces/include/tutorial_interfaces/msg/rosidl_typesupport_fastrtps_c__visibility_control.h
[3.812s] -- Symlinking: /home/ge/Desktop/ros2/ws/install/tutorial_interfaces/include/tutorial_interfaces/srv/detail/add_three_ints__rosidl_typesupport_fastrtps_c.h
[3.822s] -- Symlinking: /home/ge/Desktop/ros2/ws/install/tutorial_interfaces/lib/libtutorial_interfaces__rosidl_typesupport_fastrtps_c.so
[3.830s] -- Symlinking: /home/ge/Desktop/ros2/ws/install/tutorial_interfaces/include/tutorial_interfaces/msg/detail/num__rosidl_typesupport_fastrtps_cpp.hpp
[3.838s] -- Symlinking: /home/ge/Desktop/ros2/ws/install/tutorial_interfaces/include/tutorial_interfaces/msg/detail/sphere__rosidl_typesupport_fastrtps_cpp.hpp
[3.845s] -- Symlinking: /home/ge/Desktop/ros2/ws/install/tutorial_interfaces/include/tutorial_interfaces/msg/rosidl_typesupport_fastrtps_cpp__visibility_control.h
[3.853s] -- Symlinking: /home/ge/Desktop/ros2/ws/install/tutorial_interfaces/include/tutorial_interfaces/srv/detail/add_three_ints__rosidl_typesupport_fastrtps_cpp.hpp
[3.860s] -- Symlinking: /home/ge/Desktop/ros2/ws/install/tutorial_interfaces/lib/libtutorial_interfaces__rosidl_typesupport_fastrtps_cpp.so
[3.867s] -- Symlinking: /home/ge/Desktop/ros2/ws/install/tutorial_interfaces/include/tutorial_interfaces/msg/detail/num__rosidl_typesupport_introspection_c.h
[3.875s] -- Symlinking: /home/ge/Desktop/ros2/ws/install/tutorial_interfaces/include/tutorial_interfaces/msg/detail/sphere__rosidl_typesupport_introspection_c.h
[3.882s] -- Symlinking: /home/ge/Desktop/ros2/ws/install/tutorial_interfaces/include/tutorial_interfaces/msg/rosidl_typesupport_introspection_c__visibility_control.h
[3.888s] -- Symlinking: /home/ge/Desktop/ros2/ws/install/tutorial_interfaces/include/tutorial_interfaces/srv/detail/add_three_ints__rosidl_typesupport_introspection_c.h
[3.895s] -- Symlinking: /home/ge/Desktop/ros2/ws/install/tutorial_interfaces/include/tutorial_interfaces/msg/detail/num__builder.hpp
[3.902s] -- Symlinking: /home/ge/Desktop/ros2/ws/install/tutorial_interfaces/include/tutorial_interfaces/msg/detail/num__struct.hpp
[3.909s] -- Symlinking: /home/ge/Desktop/ros2/ws/install/tutorial_interfaces/include/tutorial_interfaces/msg/detail/num__traits.hpp
[3.917s] -- Symlinking: /home/ge/Desktop/ros2/ws/install/tutorial_interfaces/include/tutorial_interfaces/msg/detail/sphere__builder.hpp
[3.924s] -- Symlinking: /home/ge/Desktop/ros2/ws/install/tutorial_interfaces/include/tutorial_interfaces/msg/detail/sphere__struct.hpp
[3.931s] -- Symlinking: /home/ge/Desktop/ros2/ws/install/tutorial_interfaces/include/tutorial_interfaces/msg/detail/sphere__traits.hpp
[3.939s] -- Symlinking: /home/ge/Desktop/ros2/ws/install/tutorial_interfaces/include/tutorial_interfaces/msg/num.hpp
[3.947s] -- Symlinking: /home/ge/Desktop/ros2/ws/install/tutorial_interfaces/include/tutorial_interfaces/msg/sphere.hpp
[3.955s] -- Symlinking: /home/ge/Desktop/ros2/ws/install/tutorial_interfaces/include/tutorial_interfaces/srv/add_three_ints.hpp
[3.964s] -- Symlinking: /home/ge/Desktop/ros2/ws/install/tutorial_interfaces/include/tutorial_interfaces/srv/detail/add_three_ints__builder.hpp
[3.970s] -- Symlinking: /home/ge/Desktop/ros2/ws/install/tutorial_interfaces/include/tutorial_interfaces/srv/detail/add_three_ints__struct.hpp
[3.976s] -- Symlinking: /home/ge/Desktop/ros2/ws/install/tutorial_interfaces/include/tutorial_interfaces/srv/detail/add_three_ints__traits.hpp
[3.985s] -- Symlinking: /home/ge/Desktop/ros2/ws/install/tutorial_interfaces/include/tutorial_interfaces/msg/detail/num__rosidl_typesupport_introspection_cpp.hpp
[3.994s] -- Symlinking: /home/ge/Desktop/ros2/ws/install/tutorial_interfaces/include/tutorial_interfaces/msg/detail/sphere__rosidl_typesupport_introspection_cpp.hpp
[4.002s] -- Symlinking: /home/ge/Desktop/ros2/ws/install/tutorial_interfaces/include/tutorial_interfaces/srv/detail/add_three_ints__rosidl_typesupport_introspection_cpp.hpp
[4.010s] -- Symlinking: /home/ge/Desktop/ros2/ws/install/tutorial_interfaces/share/tutorial_interfaces/environment/pythonpath.sh
[4.017s] -- Symlinking: /home/ge/Desktop/ros2/ws/install/tutorial_interfaces/share/tutorial_interfaces/environment/pythonpath.dsv
[4.024s] -- Symlinking: /home/ge/Desktop/ros2/ws/install/tutorial_interfaces/lib/python3.8/site-packages/tutorial_interfaces/__init__.py
[4.031s] -- Symlinking: /home/ge/Desktop/ros2/ws/install/tutorial_interfaces/lib/python3.8/site-packages/tutorial_interfaces/msg/__init__.py
[4.039s] -- Symlinking: /home/ge/Desktop/ros2/ws/install/tutorial_interfaces/lib/python3.8/site-packages/tutorial_interfaces/msg/_num.py
[4.046s] -- Symlinking: /home/ge/Desktop/ros2/ws/install/tutorial_interfaces/lib/python3.8/site-packages/tutorial_interfaces/msg/_sphere.py
[4.053s] -- Symlinking: /home/ge/Desktop/ros2/ws/install/tutorial_interfaces/lib/python3.8/site-packages/tutorial_interfaces/srv/__init__.py
[4.060s] -- Symlinking: /home/ge/Desktop/ros2/ws/install/tutorial_interfaces/lib/python3.8/site-packages/tutorial_interfaces/srv/_add_three_ints.py
[4.066s] -- Symlinking: /home/ge/Desktop/ros2/ws/install/tutorial_interfaces/lib/python3.8/site-packages/tutorial_interfaces/tutorial_interfaces_s__rosidl_typesupport_connext_c.cpython-38-x86_64-linux-gnu.so
[4.072s] -- Symlinking: /home/ge/Desktop/ros2/ws/install/tutorial_interfaces/lib/python3.8/site-packages/tutorial_interfaces/tutorial_interfaces_s__rosidl_typesupport_fastrtps_c.cpython-38-x86_64-linux-gnu.so
[4.079s] -- Symlinking: /home/ge/Desktop/ros2/ws/install/tutorial_interfaces/lib/python3.8/site-packages/tutorial_interfaces/tutorial_interfaces_s__rosidl_typesupport_introspection_c.cpython-38-x86_64-linux-gnu.so
[4.085s] -- Symlinking: /home/ge/Desktop/ros2/ws/install/tutorial_interfaces/lib/python3.8/site-packages/tutorial_interfaces/tutorial_interfaces_s__rosidl_typesupport_c.cpython-38-x86_64-linux-gnu.so
[4.094s] -- Symlinking: /home/ge/Desktop/ros2/ws/install/tutorial_interfaces/lib/libtutorial_interfaces__python.so
[4.099s] -- Symlinking: /home/ge/Desktop/ros2/ws/install/tutorial_interfaces/share/tutorial_interfaces/msg/Num.idl
[4.105s] -- Symlinking: /home/ge/Desktop/ros2/ws/install/tutorial_interfaces/share/tutorial_interfaces/msg/Sphere.idl
[4.111s] -- Symlinking: /home/ge/Desktop/ros2/ws/install/tutorial_interfaces/share/tutorial_interfaces/srv/AddThreeInts.idl
[4.117s] -- Symlinking: /home/ge/Desktop/ros2/ws/install/tutorial_interfaces/share/tutorial_interfaces/msg/Num.msg
[4.122s] -- Symlinking: /home/ge/Desktop/ros2/ws/install/tutorial_interfaces/share/tutorial_interfaces/msg/Sphere.msg
[4.129s] -- Symlinking: /home/ge/Desktop/ros2/ws/install/tutorial_interfaces/share/tutorial_interfaces/srv/AddThreeInts.srv
[4.135s] -- Symlinking: /home/ge/Desktop/ros2/ws/install/tutorial_interfaces/share/tutorial_interfaces/srv/AddThreeInts_Request.msg
[4.141s] -- Symlinking: /home/ge/Desktop/ros2/ws/install/tutorial_interfaces/share/tutorial_interfaces/srv/AddThreeInts_Response.msg
[4.149s] -- Symlinking: /home/ge/Desktop/ros2/ws/install/tutorial_interfaces/share/ament_index/resource_index/package_run_dependencies/tutorial_interfaces
[4.156s] -- Symlinking: /home/ge/Desktop/ros2/ws/install/tutorial_interfaces/share/ament_index/resource_index/parent_prefix_path/tutorial_interfaces
[4.163s] -- Symlinking: /home/ge/Desktop/ros2/ws/install/tutorial_interfaces/share/tutorial_interfaces/environment/ament_prefix_path.sh
[4.168s] -- Symlinking: /home/ge/Desktop/ros2/ws/install/tutorial_interfaces/share/tutorial_interfaces/environment/ament_prefix_path.dsv
[4.174s] -- Symlinking: /home/ge/Desktop/ros2/ws/install/tutorial_interfaces/share/tutorial_interfaces/environment/path.sh
[4.181s] -- Symlinking: /home/ge/Desktop/ros2/ws/install/tutorial_interfaces/share/tutorial_interfaces/environment/path.dsv
[4.187s] -- Symlinking: /home/ge/Desktop/ros2/ws/install/tutorial_interfaces/share/tutorial_interfaces/local_setup.bash
[4.193s] -- Symlinking: /home/ge/Desktop/ros2/ws/install/tutorial_interfaces/share/tutorial_interfaces/local_setup.sh
[4.200s] -- Symlinking: /home/ge/Desktop/ros2/ws/install/tutorial_interfaces/share/tutorial_interfaces/local_setup.zsh
[4.210s] -- Symlinking: /home/ge/Desktop/ros2/ws/install/tutorial_interfaces/share/tutorial_interfaces/local_setup.dsv
[4.216s] -- Symlinking: /home/ge/Desktop/ros2/ws/install/tutorial_interfaces/share/tutorial_interfaces/package.dsv
[4.222s] -- Symlinking: /home/ge/Desktop/ros2/ws/install/tutorial_interfaces/share/ament_index/resource_index/packages/tutorial_interfaces
[4.227s] -- Symlinking: /home/ge/Desktop/ros2/ws/install/tutorial_interfaces/share/tutorial_interfaces/cmake/rosidl_cmake-extras.cmake
[4.235s] -- Symlinking: /home/ge/Desktop/ros2/ws/install/tutorial_interfaces/share/tutorial_interfaces/cmake/ament_cmake_export_dependencies-extras.cmake
[4.242s] -- Symlinking: /home/ge/Desktop/ros2/ws/install/tutorial_interfaces/share/tutorial_interfaces/cmake/ament_cmake_export_libraries-extras.cmake
[4.248s] -- Symlinking: /home/ge/Desktop/ros2/ws/install/tutorial_interfaces/share/tutorial_interfaces/cmake/ament_cmake_export_targets-extras.cmake
[4.257s] -- Symlinking: /home/ge/Desktop/ros2/ws/install/tutorial_interfaces/share/tutorial_interfaces/cmake/ament_cmake_export_include_directories-extras.cmake
[4.264s] -- Symlinking: /home/ge/Desktop/ros2/ws/install/tutorial_interfaces/share/tutorial_interfaces/cmake/rosidl_cmake_export_typesupport_libraries-extras.cmake
[4.271s] -- Symlinking: /home/ge/Desktop/ros2/ws/install/tutorial_interfaces/share/tutorial_interfaces/cmake/rosidl_cmake_export_typesupport_targets-extras.cmake
[4.278s] -- Symlinking: /home/ge/Desktop/ros2/ws/install/tutorial_interfaces/share/tutorial_interfaces/cmake/tutorial_interfacesConfig.cmake
[4.284s] -- Symlinking: /home/ge/Desktop/ros2/ws/install/tutorial_interfaces/share/tutorial_interfaces/cmake/tutorial_interfacesConfig-version.cmake
[4.289s] -- Symlinking: /home/ge/Desktop/ros2/ws/install/tutorial_interfaces/share/tutorial_interfaces/package.xml
[4.307s] -- Up-to-date: /home/ge/Desktop/ros2/ws/install/tutorial_interfaces/lib/libtutorial_interfaces__rosidl_generator_c.so
[4.308s] -- Up-to-date: /home/ge/Desktop/ros2/ws/install/tutorial_interfaces/lib/libtutorial_interfaces__rosidl_typesupport_introspection_c.so
[4.309s] -- Up-to-date: /home/ge/Desktop/ros2/ws/install/tutorial_interfaces/lib/libtutorial_interfaces__rosidl_typesupport_c.so
[4.310s] -- Up-to-date: /home/ge/Desktop/ros2/ws/install/tutorial_interfaces/lib/libtutorial_interfaces__rosidl_typesupport_introspection_cpp.so
[4.311s] -- Up-to-date: /home/ge/Desktop/ros2/ws/install/tutorial_interfaces/lib/libtutorial_interfaces__rosidl_typesupport_cpp.so
[4.336s] Compiling '/home/ge/Desktop/ros2/ws/install/tutorial_interfaces/lib/python3.8/site-packages/tutorial_interfaces/__init__.py'...
[4.339s] -- Up-to-date: /home/ge/Desktop/ros2/ws/install/tutorial_interfaces/share/tutorial_interfaces/cmake/tutorial_interfaces__rosidl_generator_cExport.cmake
[4.339s] -- Installing: /home/ge/Desktop/ros2/ws/install/tutorial_interfaces/share/tutorial_interfaces/cmake/tutorial_interfaces__rosidl_generator_cExport-noconfig.cmake
[4.339s] -- Up-to-date: /home/ge/Desktop/ros2/ws/install/tutorial_interfaces/share/tutorial_interfaces/cmake/tutorial_interfaces__rosidl_typesupport_introspection_cExport.cmake
[4.340s] -- Installing: /home/ge/Desktop/ros2/ws/install/tutorial_interfaces/share/tutorial_interfaces/cmake/tutorial_interfaces__rosidl_typesupport_introspection_cExport-noconfig.cmake
[4.340s] -- Up-to-date: /home/ge/Desktop/ros2/ws/install/tutorial_interfaces/share/tutorial_interfaces/cmake/tutorial_interfaces__rosidl_typesupport_cExport.cmake
[4.340s] -- Installing: /home/ge/Desktop/ros2/ws/install/tutorial_interfaces/share/tutorial_interfaces/cmake/tutorial_interfaces__rosidl_typesupport_cExport-noconfig.cmake
[4.340s] -- Up-to-date: /home/ge/Desktop/ros2/ws/install/tutorial_interfaces/share/tutorial_interfaces/cmake/tutorial_interfaces__rosidl_generator_cppExport.cmake
[4.340s] -- Up-to-date: /home/ge/Desktop/ros2/ws/install/tutorial_interfaces/share/tutorial_interfaces/cmake/tutorial_interfaces__rosidl_typesupport_introspection_cppExport.cmake
[4.340s] -- Installing: /home/ge/Desktop/ros2/ws/install/tutorial_interfaces/share/tutorial_interfaces/cmake/tutorial_interfaces__rosidl_typesupport_introspection_cppExport-noconfig.cmake
[4.341s] -- Up-to-date: /home/ge/Desktop/ros2/ws/install/tutorial_interfaces/share/tutorial_interfaces/cmake/tutorial_interfaces__rosidl_typesupport_cppExport.cmake
[4.341s] -- Installing: /home/ge/Desktop/ros2/ws/install/tutorial_interfaces/share/tutorial_interfaces/cmake/tutorial_interfaces__rosidl_typesupport_cppExport-noconfig.cmake
[4.342s] Invoked command in '/home/ge/Desktop/ros2/ws/build/tutorial_interfaces' returned '0': CMAKE_PREFIX_PATH=/opt/ros/foxy _=/usr/bin/env /usr/bin/cmake --install /home/ge/Desktop/ros2/ws/build/tutorial_interfaces
