-- The C compiler identification is GNU 9.4.0
-- The CXX compiler identification is GNU 9.4.0
-- Check for working C compiler: /usr/bin/cc
-- Check for working C compiler: /usr/bin/cc -- works
-- Detecting C compiler ABI info
-- Detecting C compiler ABI info - done
-- Detecting C compile features
-- Detecting C compile features - done
-- Check for working CXX compiler: /usr/bin/c++
-- Check for working CXX compiler: /usr/bin/c++ -- works
-- Detecting CXX compiler ABI info
-- Detecting CXX compiler ABI info - done
-- Detecting CXX compile features
-- Detecting CXX compile features - done
-- Found rclcpp: 2.4.2 (/opt/ros/foxy/share/rclcpp/cmake)
-- Found PythonInterp: /usr/bin/python3 (found suitable version "3.8.10", minimum required is "3") 
-- Using PYTHON_EXECUTABLE: /usr/bin/python3
-- Using all available rosidl_typesupport_c: rosidl_typesupport_connext_c;rosidl_typesupport_fastrtps_c;rosidl_typesupport_introspection_c
-- Found rosidl_adapter: 1.3.0 (/opt/ros/foxy/share/rosidl_adapter/cmake)
-- Found RTI Connext: /opt/rti.com/rti_connext_dds-5.3.1
-- Found OpenSSL: /usr/lib/x86_64-linux-gnu/libcrypto.so (found version "1.1.1f")  
-- Found FastRTPS: /opt/ros/foxy/include  
-- Using all available rosidl_typesupport_cpp: rosidl_typesupport_connext_cpp;rosidl_typesupport_fastrtps_cpp;rosidl_typesupport_introspection_cpp
-- Found rmw_implementation_cmake: 1.0.3 (/opt/ros/foxy/share/rmw_implementation_cmake/cmake)
-- Using RMW implementation 'rmw_fastrtps_cpp' as default
-- Looking for pthread.h
-- Looking for pthread.h - found
-- Performing Test CMAKE_HAVE_LIBC_PTHREAD
-- Performing Test CMAKE_HAVE_LIBC_PTHREAD - Failed
-- Looking for pthread_create in pthreads
-- Looking for pthread_create in pthreads - not found
-- Looking for pthread_create in pthread
-- Looking for pthread_create in pthread - found
-- Found Threads: TRUE  
-- Found rosidl_default_generators: 1.0.1 (/opt/ros/foxy/share/rosidl_default_generators/cmake)
-- Found PythonInterp: /usr/bin/python3 (found version "3.8.10") 
-- Found ament_cmake_ros: 0.9.2 (/opt/ros/foxy/share/ament_cmake_ros/cmake)
-- Using all available rosidl_typesupport_c: rosidl_typesupport_connext_c;rosidl_typesupport_fastrtps_c;rosidl_typesupport_introspection_c
-- Using all available rosidl_typesupport_cpp: rosidl_typesupport_connext_cpp;rosidl_typesupport_fastrtps_cpp;rosidl_typesupport_introspection_cpp
-- Found PythonInterp: /usr/bin/python3 (found suitable version "3.8.10", minimum required is "3.5") 
-- Found python_cmake_module: 0.8.1 (/opt/ros/foxy/share/python_cmake_module/cmake)
-- Found PythonLibs: /usr/lib/x86_64-linux-gnu/libpython3.8.so (found suitable version "3.8.10", minimum required is "3.5") 
-- Using PYTHON_EXECUTABLE: /usr/bin/python3
-- Using PYTHON_INCLUDE_DIRS: /usr/include/python3.8
-- Using PYTHON_LIBRARIES: /usr/lib/x86_64-linux-gnu/libpython3.8.so
-- Found PythonExtra: .so  
-- Configuring done
-- Generating done
-- Build files have been written to: /home/ge/Desktop/ros2/ws/build/more_interfaces
[  1%] [34m[1mGenerating C code for ROS interfaces[0m
[35m[1mScanning dependencies of target more_interfaces__dds_connext_idl[0m
[35m[1mScanning dependencies of target more_interfaces__cpp[0m
[  5%] [34m[1mGenerating DDS interfaces[0m
[  5%] [34m[1mGenerating C++ code for ROS interfaces[0m
[  5%] Built target more_interfaces__dds_connext_idl
[  5%] Built target more_interfaces__cpp
[  7%] [34m[1mGenerating C++ type support dispatch for ROS interfaces[0m
[  9%] [34m[1mGenerating C++ introspection for ROS interfaces[0m
[ 11%] [34m[1mGenerating C++ type support for eProsima Fast-RTPS[0m
[ 13%] [34m[1mGenerating C++ type support for RTI Connext (using '/opt/rti.com/rti_connext_dds-5.3.1/bin/rtiddsgen_server')[0m
[35m[1mScanning dependencies of target more_interfaces__rosidl_generator_c[0m
[ 15%] [32mBuilding C object CMakeFiles/more_interfaces__rosidl_generator_c.dir/rosidl_generator_c/more_interfaces/msg/detail/address_book__functions.c.o[0m
[ 17%] [32m[1mLinking C shared library libmore_interfaces__rosidl_generator_c.so[0m
[ 17%] Built target more_interfaces__rosidl_generator_c
[ 21%] [34m[1mGenerating C introspection for ROS interfaces[0m
[ 21%] [34m[1mGenerating C type support dispatch for ROS interfaces[0m
[35m[1mScanning dependencies of target more_interfaces__rosidl_typesupport_cpp[0m
[ 23%] [32mBuilding CXX object CMakeFiles/more_interfaces__rosidl_typesupport_cpp.dir/rosidl_typesupport_cpp/more_interfaces/msg/address_book__type_support.cpp.o[0m
[35m[1mScanning dependencies of target more_interfaces__rosidl_typesupport_fastrtps_cpp[0m
[35m[1mScanning dependencies of target more_interfaces__rosidl_typesupport_introspection_cpp[0m
[ 27%] [32mBuilding CXX object CMakeFiles/more_interfaces__rosidl_typesupport_fastrtps_cpp.dir/rosidl_typesupport_fastrtps_cpp/more_interfaces/msg/detail/dds_fastrtps/address_book__type_support.cpp.o[0m
[ 27%] [32mBuilding CXX object CMakeFiles/more_interfaces__rosidl_typesupport_introspection_cpp.dir/rosidl_typesupport_introspection_cpp/more_interfaces/msg/detail/address_book__type_support.cpp.o[0m
[35m[1mScanning dependencies of target more_interfaces__rosidl_typesupport_c[0m
[ 29%] [32mBuilding CXX object CMakeFiles/more_interfaces__rosidl_typesupport_c.dir/rosidl_typesupport_c/more_interfaces/msg/address_book__type_support.cpp.o[0m
[35m[1mScanning dependencies of target more_interfaces__rosidl_typesupport_introspection_c[0m
[ 31%] [32mBuilding C object CMakeFiles/more_interfaces__rosidl_typesupport_introspection_c.dir/rosidl_typesupport_introspection_c/more_interfaces/msg/detail/address_book__type_support.c.o[0m
[ 33%] [32m[1mLinking CXX shared library libmore_interfaces__rosidl_typesupport_c.so[0m
[ 35%] [32m[1mLinking C shared library libmore_interfaces__rosidl_typesupport_introspection_c.so[0m
[ 35%] Built target more_interfaces__rosidl_typesupport_c
[ 35%] Built target more_interfaces__rosidl_typesupport_introspection_c
[ 37%] [32m[1mLinking CXX shared library libmore_interfaces__rosidl_typesupport_cpp.so[0m
[ 39%] [32m[1mLinking CXX shared library libmore_interfaces__rosidl_typesupport_introspection_cpp.so[0m
[ 39%] Built target more_interfaces__rosidl_typesupport_cpp
[ 39%] Built target more_interfaces__rosidl_typesupport_introspection_cpp
[ 41%] [32m[1mLinking CXX shared library libmore_interfaces__rosidl_typesupport_fastrtps_cpp.so[0m
[ 41%] Built target more_interfaces__rosidl_typesupport_fastrtps_cpp
[ 43%] [34m[1mGenerating C type support for eProsima Fast-RTPS[0m
INFO com.rti.ndds.nddsgen.Main Running rtiddsgen version 2.5.2, please wait ...
INFO com.rti.ndds.nddsgen.Main Done
[35m[1mScanning dependencies of target more_interfaces__rosidl_typesupport_fastrtps_c[0m
[35m[1mScanning dependencies of target more_interfaces__rosidl_typesupport_connext_cpp[0m
[ 45%] [32mBuilding CXX object CMakeFiles/more_interfaces__rosidl_typesupport_fastrtps_c.dir/rosidl_typesupport_fastrtps_c/more_interfaces/msg/detail/address_book__type_support_c.cpp.o[0m
[ 52%] [32mBuilding CXX object CMakeFiles/more_interfaces__rosidl_typesupport_connext_cpp.dir/rosidl_typesupport_connext_cpp/more_interfaces/msg/dds_connext/AddressBook_.cxx.o[0m
[ 52%] [32mBuilding CXX object CMakeFiles/more_interfaces__rosidl_typesupport_connext_cpp.dir/rosidl_typesupport_connext_cpp/more_interfaces/msg/dds_connext/AddressBook_Plugin.cxx.o[0m
[ 52%] [32mBuilding CXX object CMakeFiles/more_interfaces__rosidl_typesupport_connext_cpp.dir/rosidl_typesupport_connext_cpp/more_interfaces/msg/dds_connext/address_book__type_support.cpp.o[0m
[ 52%] [32mBuilding CXX object CMakeFiles/more_interfaces__rosidl_typesupport_connext_cpp.dir/rosidl_typesupport_connext_cpp/more_interfaces/msg/dds_connext/AddressBook_Support.cxx.o[0m
[ 54%] [32m[1mLinking CXX shared library libmore_interfaces__rosidl_typesupport_fastrtps_c.so[0m
[ 54%] Built target more_interfaces__rosidl_typesupport_fastrtps_c
[ 56%] [32m[1mLinking CXX shared library libmore_interfaces__rosidl_typesupport_connext_cpp.so[0m
[ 58%] Built target more_interfaces__rosidl_typesupport_connext_cpp
[ 60%] [34m[1mGenerating C type support for RTI Connext[0m
[35m[1mScanning dependencies of target more_interfaces__rosidl_typesupport_connext_c[0m
[ 68%] [32mBuilding CXX object CMakeFiles/more_interfaces__rosidl_typesupport_connext_c.dir/rosidl_typesupport_connext_cpp/more_interfaces/msg/dds_connext/AddressBook_.cxx.o[0m
[ 68%] [32mBuilding CXX object CMakeFiles/more_interfaces__rosidl_typesupport_connext_c.dir/rosidl_typesupport_connext_cpp/more_interfaces/msg/dds_connext/AddressBook_Plugin.cxx.o[0m
[ 68%] [32mBuilding CXX object CMakeFiles/more_interfaces__rosidl_typesupport_connext_c.dir/rosidl_typesupport_connext_c/more_interfaces/msg/dds_connext/address_book__type_support_c.cpp.o[0m
[ 68%] [32mBuilding CXX object CMakeFiles/more_interfaces__rosidl_typesupport_connext_c.dir/rosidl_typesupport_connext_cpp/more_interfaces/msg/dds_connext/AddressBook_Support.cxx.o[0m
[ 70%] [32m[1mLinking CXX shared library libmore_interfaces__rosidl_typesupport_connext_c.so[0m
[ 74%] Built target more_interfaces__rosidl_typesupport_connext_c
[35m[1mScanning dependencies of target more_interfaces[0m
[ 74%] Built target more_interfaces
[35m[1mScanning dependencies of target more_interfaces__py[0m
[35m[1mScanning dependencies of target publish_address_book[0m
[ 76%] [34m[1mGenerating Python code for ROS interfaces[0m
[ 78%] [32mBuilding CXX object CMakeFiles/publish_address_book.dir/src/publish_address_book.cpp.o[0m
[ 78%] Built target more_interfaces__py
[35m[1mScanning dependencies of target more_interfaces__python[0m
[ 80%] [32mBuilding C object CMakeFiles/more_interfaces__python.dir/rosidl_generator_py/more_interfaces/msg/_address_book_s.c.o[0m
[ 82%] [32m[1mLinking C shared library rosidl_generator_py/more_interfaces/libmore_interfaces__python.so[0m
[ 82%] Built target more_interfaces__python
[35m[1mScanning dependencies of target more_interfaces__rosidl_typesupport_connext_c__pyext[0m
[35m[1mScanning dependencies of target more_interfaces__rosidl_typesupport_introspection_c__pyext[0m
[35m[1mScanning dependencies of target more_interfaces__rosidl_typesupport_c__pyext[0m
[35m[1mScanning dependencies of target more_interfaces__rosidl_typesupport_fastrtps_c__pyext[0m
[ 84%] [32mBuilding C object CMakeFiles/more_interfaces__rosidl_typesupport_c__pyext.dir/rosidl_generator_py/more_interfaces/_more_interfaces_s.ep.rosidl_typesupport_c.c.o[0m
[ 86%] [32mBuilding C object CMakeFiles/more_interfaces__rosidl_typesupport_connext_c__pyext.dir/rosidl_generator_py/more_interfaces/_more_interfaces_s.ep.rosidl_typesupport_connext_c.c.o[0m
[ 88%] [32mBuilding C object CMakeFiles/more_interfaces__rosidl_typesupport_fastrtps_c__pyext.dir/rosidl_generator_py/more_interfaces/_more_interfaces_s.ep.rosidl_typesupport_fastrtps_c.c.o[0m
[ 90%] [32mBuilding C object CMakeFiles/more_interfaces__rosidl_typesupport_introspection_c__pyext.dir/rosidl_generator_py/more_interfaces/_more_interfaces_s.ep.rosidl_typesupport_introspection_c.c.o[0m
[ 92%] [32m[1mLinking C shared library rosidl_generator_py/more_interfaces/more_interfaces_s__rosidl_typesupport_c.cpython-38-x86_64-linux-gnu.so[0m
[ 94%] [32m[1mLinking C shared library rosidl_generator_py/more_interfaces/more_interfaces_s__rosidl_typesupport_connext_c.cpython-38-x86_64-linux-gnu.so[0m
[ 98%] [32m[1mLinking CXX shared library rosidl_generator_py/more_interfaces/more_interfaces_s__rosidl_typesupport_fastrtps_c.cpython-38-x86_64-linux-gnu.so[0m
[ 98%] [32m[1mLinking C shared library rosidl_generator_py/more_interfaces/more_interfaces_s__rosidl_typesupport_introspection_c.cpython-38-x86_64-linux-gnu.so[0m
[ 98%] Built target more_interfaces__rosidl_typesupport_c__pyext
[ 98%] Built target more_interfaces__rosidl_typesupport_introspection_c__pyext
[ 98%] Built target more_interfaces__rosidl_typesupport_connext_c__pyext
[ 98%] Built target more_interfaces__rosidl_typesupport_fastrtps_c__pyext
[100%] [32m[1mLinking CXX executable publish_address_book[0m
[100%] Built target publish_address_book
-- Install configuration: ""
-- Installing: /home/ge/Desktop/ros2/ws/install/more_interfaces/lib/more_interfaces/publish_address_book
-- Set runtime path of "/home/ge/Desktop/ros2/ws/install/more_interfaces/lib/more_interfaces/publish_address_book" to ""
-- Installing: /home/ge/Desktop/ros2/ws/install/more_interfaces/share/ament_index/resource_index/rosidl_interfaces/more_interfaces
-- Installing: /home/ge/Desktop/ros2/ws/install/more_interfaces/include/more_interfaces
-- Installing: /home/ge/Desktop/ros2/ws/install/more_interfaces/include/more_interfaces/msg
-- Installing: /home/ge/Desktop/ros2/ws/install/more_interfaces/include/more_interfaces/msg/rosidl_generator_c__visibility_control.h
-- Installing: /home/ge/Desktop/ros2/ws/install/more_interfaces/include/more_interfaces/msg/address_book.h
-- Installing: /home/ge/Desktop/ros2/ws/install/more_interfaces/include/more_interfaces/msg/detail
-- Installing: /home/ge/Desktop/ros2/ws/install/more_interfaces/include/more_interfaces/msg/detail/address_book__struct.h
-- Installing: /home/ge/Desktop/ros2/ws/install/more_interfaces/include/more_interfaces/msg/detail/address_book__type_support.h
-- Installing: /home/ge/Desktop/ros2/ws/install/more_interfaces/include/more_interfaces/msg/detail/address_book__functions.h
-- Installing: /home/ge/Desktop/ros2/ws/install/more_interfaces/include/more_interfaces/msg/detail/address_book__functions.c
-- Installing: /home/ge/Desktop/ros2/ws/install/more_interfaces/share/more_interfaces/environment/library_path.sh
-- Installing: /home/ge/Desktop/ros2/ws/install/more_interfaces/share/more_interfaces/environment/library_path.dsv
-- Installing: /home/ge/Desktop/ros2/ws/install/more_interfaces/lib/libmore_interfaces__rosidl_generator_c.so
-- Set runtime path of "/home/ge/Desktop/ros2/ws/install/more_interfaces/lib/libmore_interfaces__rosidl_generator_c.so" to ""
-- Up-to-date: /home/ge/Desktop/ros2/ws/install/more_interfaces/include/more_interfaces
-- Up-to-date: /home/ge/Desktop/ros2/ws/install/more_interfaces/include/more_interfaces/msg
-- Installing: /home/ge/Desktop/ros2/ws/install/more_interfaces/include/more_interfaces/msg/rosidl_typesupport_connext_c__visibility_control.h
-- Installing: /home/ge/Desktop/ros2/ws/install/more_interfaces/include/more_interfaces/msg/dds_connext
-- Installing: /home/ge/Desktop/ros2/ws/install/more_interfaces/include/more_interfaces/msg/address_book__rosidl_typesupport_connext_c.h
-- Installing: /home/ge/Desktop/ros2/ws/install/more_interfaces/lib/libmore_interfaces__rosidl_typesupport_connext_c.so
-- Set runtime path of "/home/ge/Desktop/ros2/ws/install/more_interfaces/lib/libmore_interfaces__rosidl_typesupport_connext_c.so" to ""
-- Installing: /home/ge/Desktop/ros2/ws/install/more_interfaces/share/more_interfaces/msg/dds_connext
-- Installing: /home/ge/Desktop/ros2/ws/install/more_interfaces/share/more_interfaces/msg/dds_connext/AddressBook_.idl
-- Up-to-date: /home/ge/Desktop/ros2/ws/install/more_interfaces/include/more_interfaces
-- Up-to-date: /home/ge/Desktop/ros2/ws/install/more_interfaces/include/more_interfaces/msg
-- Installing: /home/ge/Desktop/ros2/ws/install/more_interfaces/include/more_interfaces/msg/rosidl_typesupport_connext_cpp__visibility_control.h
-- Up-to-date: /home/ge/Desktop/ros2/ws/install/more_interfaces/include/more_interfaces/msg/dds_connext
-- Installing: /home/ge/Desktop/ros2/ws/install/more_interfaces/include/more_interfaces/msg/dds_connext/AddressBook_Plugin.h
-- Installing: /home/ge/Desktop/ros2/ws/install/more_interfaces/include/more_interfaces/msg/dds_connext/AddressBook_.h
-- Installing: /home/ge/Desktop/ros2/ws/install/more_interfaces/include/more_interfaces/msg/dds_connext/AddressBook_.cxx
-- Installing: /home/ge/Desktop/ros2/ws/install/more_interfaces/include/more_interfaces/msg/dds_connext/AddressBook_Plugin.cxx
-- Installing: /home/ge/Desktop/ros2/ws/install/more_interfaces/include/more_interfaces/msg/dds_connext/AddressBook_Support.h
-- Installing: /home/ge/Desktop/ros2/ws/install/more_interfaces/include/more_interfaces/msg/dds_connext/AddressBook_Support.cxx
-- Installing: /home/ge/Desktop/ros2/ws/install/more_interfaces/include/more_interfaces/msg/address_book__rosidl_typesupport_connext_cpp.hpp
-- Installing: /home/ge/Desktop/ros2/ws/install/more_interfaces/lib/libmore_interfaces__rosidl_typesupport_connext_cpp.so
-- Set runtime path of "/home/ge/Desktop/ros2/ws/install/more_interfaces/lib/libmore_interfaces__rosidl_typesupport_connext_cpp.so" to ""
-- Up-to-date: /home/ge/Desktop/ros2/ws/install/more_interfaces/include/more_interfaces
-- Up-to-date: /home/ge/Desktop/ros2/ws/install/more_interfaces/include/more_interfaces/msg
-- Up-to-date: /home/ge/Desktop/ros2/ws/install/more_interfaces/include/more_interfaces/msg/detail
-- Installing: /home/ge/Desktop/ros2/ws/install/more_interfaces/include/more_interfaces/msg/detail/address_book__rosidl_typesupport_fastrtps_c.h
-- Installing: /home/ge/Desktop/ros2/ws/install/more_interfaces/include/more_interfaces/msg/rosidl_typesupport_fastrtps_c__visibility_control.h
-- Installing: /home/ge/Desktop/ros2/ws/install/more_interfaces/lib/libmore_interfaces__rosidl_typesupport_fastrtps_c.so
-- Set runtime path of "/home/ge/Desktop/ros2/ws/install/more_interfaces/lib/libmore_interfaces__rosidl_typesupport_fastrtps_c.so" to ""
-- Up-to-date: /home/ge/Desktop/ros2/ws/install/more_interfaces/include/more_interfaces
-- Up-to-date: /home/ge/Desktop/ros2/ws/install/more_interfaces/include/more_interfaces/msg
-- Up-to-date: /home/ge/Desktop/ros2/ws/install/more_interfaces/include/more_interfaces/msg/detail
-- Installing: /home/ge/Desktop/ros2/ws/install/more_interfaces/include/more_interfaces/msg/detail/dds_fastrtps
-- Installing: /home/ge/Desktop/ros2/ws/install/more_interfaces/include/more_interfaces/msg/detail/address_book__rosidl_typesupport_fastrtps_cpp.hpp
-- Installing: /home/ge/Desktop/ros2/ws/install/more_interfaces/include/more_interfaces/msg/rosidl_typesupport_fastrtps_cpp__visibility_control.h
-- Installing: /home/ge/Desktop/ros2/ws/install/more_interfaces/lib/libmore_interfaces__rosidl_typesupport_fastrtps_cpp.so
-- Set runtime path of "/home/ge/Desktop/ros2/ws/install/more_interfaces/lib/libmore_interfaces__rosidl_typesupport_fastrtps_cpp.so" to ""
-- Up-to-date: /home/ge/Desktop/ros2/ws/install/more_interfaces/include/more_interfaces
-- Up-to-date: /home/ge/Desktop/ros2/ws/install/more_interfaces/include/more_interfaces/msg
-- Installing: /home/ge/Desktop/ros2/ws/install/more_interfaces/include/more_interfaces/msg/rosidl_typesupport_introspection_c__visibility_control.h
-- Up-to-date: /home/ge/Desktop/ros2/ws/install/more_interfaces/include/more_interfaces/msg/detail
-- Installing: /home/ge/Desktop/ros2/ws/install/more_interfaces/include/more_interfaces/msg/detail/address_book__rosidl_typesupport_introspection_c.h
-- Installing: /home/ge/Desktop/ros2/ws/install/more_interfaces/include/more_interfaces/msg/detail/address_book__type_support.c
-- Installing: /home/ge/Desktop/ros2/ws/install/more_interfaces/lib/libmore_interfaces__rosidl_typesupport_introspection_c.so
-- Set runtime path of "/home/ge/Desktop/ros2/ws/install/more_interfaces/lib/libmore_interfaces__rosidl_typesupport_introspection_c.so" to ""
-- Installing: /home/ge/Desktop/ros2/ws/install/more_interfaces/lib/libmore_interfaces__rosidl_typesupport_c.so
-- Set runtime path of "/home/ge/Desktop/ros2/ws/install/more_interfaces/lib/libmore_interfaces__rosidl_typesupport_c.so" to ""
-- Up-to-date: /home/ge/Desktop/ros2/ws/install/more_interfaces/include/more_interfaces
-- Up-to-date: /home/ge/Desktop/ros2/ws/install/more_interfaces/include/more_interfaces/msg
-- Up-to-date: /home/ge/Desktop/ros2/ws/install/more_interfaces/include/more_interfaces/msg/detail
-- Installing: /home/ge/Desktop/ros2/ws/install/more_interfaces/include/more_interfaces/msg/detail/address_book__traits.hpp
-- Installing: /home/ge/Desktop/ros2/ws/install/more_interfaces/include/more_interfaces/msg/detail/address_book__builder.hpp
-- Installing: /home/ge/Desktop/ros2/ws/install/more_interfaces/include/more_interfaces/msg/detail/address_book__struct.hpp
-- Installing: /home/ge/Desktop/ros2/ws/install/more_interfaces/include/more_interfaces/msg/address_book.hpp
-- Up-to-date: /home/ge/Desktop/ros2/ws/install/more_interfaces/include/more_interfaces
-- Up-to-date: /home/ge/Desktop/ros2/ws/install/more_interfaces/include/more_interfaces/msg
-- Up-to-date: /home/ge/Desktop/ros2/ws/install/more_interfaces/include/more_interfaces/msg/detail
-- Installing: /home/ge/Desktop/ros2/ws/install/more_interfaces/include/more_interfaces/msg/detail/address_book__rosidl_typesupport_introspection_cpp.hpp
-- Installing: /home/ge/Desktop/ros2/ws/install/more_interfaces/include/more_interfaces/msg/detail/address_book__type_support.cpp
-- Installing: /home/ge/Desktop/ros2/ws/install/more_interfaces/lib/libmore_interfaces__rosidl_typesupport_introspection_cpp.so
-- Set runtime path of "/home/ge/Desktop/ros2/ws/install/more_interfaces/lib/libmore_interfaces__rosidl_typesupport_introspection_cpp.so" to ""
-- Installing: /home/ge/Desktop/ros2/ws/install/more_interfaces/lib/libmore_interfaces__rosidl_typesupport_cpp.so
-- Set runtime path of "/home/ge/Desktop/ros2/ws/install/more_interfaces/lib/libmore_interfaces__rosidl_typesupport_cpp.so" to ""
-- Installing: /home/ge/Desktop/ros2/ws/install/more_interfaces/share/more_interfaces/environment/pythonpath.sh
-- Installing: /home/ge/Desktop/ros2/ws/install/more_interfaces/share/more_interfaces/environment/pythonpath.dsv
-- Installing: /home/ge/Desktop/ros2/ws/install/more_interfaces/lib/python3.8/site-packages/more_interfaces/__init__.py
Compiling '/home/ge/Desktop/ros2/ws/install/more_interfaces/lib/python3.8/site-packages/more_interfaces/__init__.py'...
-- Installing: /home/ge/Desktop/ros2/ws/install/more_interfaces/lib/python3.8/site-packages/more_interfaces/msg
-- Installing: /home/ge/Desktop/ros2/ws/install/more_interfaces/lib/python3.8/site-packages/more_interfaces/msg/_address_book.py
-- Installing: /home/ge/Desktop/ros2/ws/install/more_interfaces/lib/python3.8/site-packages/more_interfaces/msg/_address_book_s.c
-- Installing: /home/ge/Desktop/ros2/ws/install/more_interfaces/lib/python3.8/site-packages/more_interfaces/msg/__init__.py
-- Installing: /home/ge/Desktop/ros2/ws/install/more_interfaces/lib/python3.8/site-packages/more_interfaces/more_interfaces_s__rosidl_typesupport_connext_c.cpython-38-x86_64-linux-gnu.so
-- Set runtime path of "/home/ge/Desktop/ros2/ws/install/more_interfaces/lib/python3.8/site-packages/more_interfaces/more_interfaces_s__rosidl_typesupport_connext_c.cpython-38-x86_64-linux-gnu.so" to ""
-- Installing: /home/ge/Desktop/ros2/ws/install/more_interfaces/lib/python3.8/site-packages/more_interfaces/more_interfaces_s__rosidl_typesupport_fastrtps_c.cpython-38-x86_64-linux-gnu.so
-- Set runtime path of "/home/ge/Desktop/ros2/ws/install/more_interfaces/lib/python3.8/site-packages/more_interfaces/more_interfaces_s__rosidl_typesupport_fastrtps_c.cpython-38-x86_64-linux-gnu.so" to ""
-- Installing: /home/ge/Desktop/ros2/ws/install/more_interfaces/lib/python3.8/site-packages/more_interfaces/more_interfaces_s__rosidl_typesupport_introspection_c.cpython-38-x86_64-linux-gnu.so
-- Set runtime path of "/home/ge/Desktop/ros2/ws/install/more_interfaces/lib/python3.8/site-packages/more_interfaces/more_interfaces_s__rosidl_typesupport_introspection_c.cpython-38-x86_64-linux-gnu.so" to ""
-- Installing: /home/ge/Desktop/ros2/ws/install/more_interfaces/lib/python3.8/site-packages/more_interfaces/more_interfaces_s__rosidl_typesupport_c.cpython-38-x86_64-linux-gnu.so
-- Set runtime path of "/home/ge/Desktop/ros2/ws/install/more_interfaces/lib/python3.8/site-packages/more_interfaces/more_interfaces_s__rosidl_typesupport_c.cpython-38-x86_64-linux-gnu.so" to ""
-- Installing: /home/ge/Desktop/ros2/ws/install/more_interfaces/lib/libmore_interfaces__python.so
-- Set runtime path of "/home/ge/Desktop/ros2/ws/install/more_interfaces/lib/libmore_interfaces__python.so" to ""
-- Installing: /home/ge/Desktop/ros2/ws/install/more_interfaces/share/more_interfaces/msg/AddressBook.idl
-- Installing: /home/ge/Desktop/ros2/ws/install/more_interfaces/share/more_interfaces/msg/AddressBook.msg
-- Installing: /home/ge/Desktop/ros2/ws/install/more_interfaces/share/ament_index/resource_index/package_run_dependencies/more_interfaces
-- Installing: /home/ge/Desktop/ros2/ws/install/more_interfaces/share/ament_index/resource_index/parent_prefix_path/more_interfaces
-- Installing: /home/ge/Desktop/ros2/ws/install/more_interfaces/share/more_interfaces/environment/ament_prefix_path.sh
-- Installing: /home/ge/Desktop/ros2/ws/install/more_interfaces/share/more_interfaces/environment/ament_prefix_path.dsv
-- Installing: /home/ge/Desktop/ros2/ws/install/more_interfaces/share/more_interfaces/environment/path.sh
-- Installing: /home/ge/Desktop/ros2/ws/install/more_interfaces/share/more_interfaces/environment/path.dsv
-- Installing: /home/ge/Desktop/ros2/ws/install/more_interfaces/share/more_interfaces/local_setup.bash
-- Installing: /home/ge/Desktop/ros2/ws/install/more_interfaces/share/more_interfaces/local_setup.sh
-- Installing: /home/ge/Desktop/ros2/ws/install/more_interfaces/share/more_interfaces/local_setup.zsh
-- Installing: /home/ge/Desktop/ros2/ws/install/more_interfaces/share/more_interfaces/local_setup.dsv
-- Installing: /home/ge/Desktop/ros2/ws/install/more_interfaces/share/more_interfaces/package.dsv
-- Installing: /home/ge/Desktop/ros2/ws/install/more_interfaces/share/ament_index/resource_index/packages/more_interfaces
-- Installing: /home/ge/Desktop/ros2/ws/install/more_interfaces/share/more_interfaces/cmake/more_interfaces__rosidl_generator_cExport.cmake
-- Installing: /home/ge/Desktop/ros2/ws/install/more_interfaces/share/more_interfaces/cmake/more_interfaces__rosidl_generator_cExport-noconfig.cmake
-- Installing: /home/ge/Desktop/ros2/ws/install/more_interfaces/share/more_interfaces/cmake/more_interfaces__rosidl_typesupport_introspection_cExport.cmake
-- Installing: /home/ge/Desktop/ros2/ws/install/more_interfaces/share/more_interfaces/cmake/more_interfaces__rosidl_typesupport_introspection_cExport-noconfig.cmake
-- Installing: /home/ge/Desktop/ros2/ws/install/more_interfaces/share/more_interfaces/cmake/more_interfaces__rosidl_typesupport_cExport.cmake
-- Installing: /home/ge/Desktop/ros2/ws/install/more_interfaces/share/more_interfaces/cmake/more_interfaces__rosidl_typesupport_cExport-noconfig.cmake
-- Installing: /home/ge/Desktop/ros2/ws/install/more_interfaces/share/more_interfaces/cmake/more_interfaces__rosidl_generator_cppExport.cmake
-- Installing: /home/ge/Desktop/ros2/ws/install/more_interfaces/share/more_interfaces/cmake/more_interfaces__rosidl_typesupport_introspection_cppExport.cmake
-- Installing: /home/ge/Desktop/ros2/ws/install/more_interfaces/share/more_interfaces/cmake/more_interfaces__rosidl_typesupport_introspection_cppExport-noconfig.cmake
-- Installing: /home/ge/Desktop/ros2/ws/install/more_interfaces/share/more_interfaces/cmake/more_interfaces__rosidl_typesupport_cppExport.cmake
-- Installing: /home/ge/Desktop/ros2/ws/install/more_interfaces/share/more_interfaces/cmake/more_interfaces__rosidl_typesupport_cppExport-noconfig.cmake
-- Installing: /home/ge/Desktop/ros2/ws/install/more_interfaces/share/more_interfaces/cmake/rosidl_cmake-extras.cmake
-- Installing: /home/ge/Desktop/ros2/ws/install/more_interfaces/share/more_interfaces/cmake/ament_cmake_export_dependencies-extras.cmake
-- Installing: /home/ge/Desktop/ros2/ws/install/more_interfaces/share/more_interfaces/cmake/ament_cmake_export_libraries-extras.cmake
-- Installing: /home/ge/Desktop/ros2/ws/install/more_interfaces/share/more_interfaces/cmake/ament_cmake_export_targets-extras.cmake
-- Installing: /home/ge/Desktop/ros2/ws/install/more_interfaces/share/more_interfaces/cmake/ament_cmake_export_include_directories-extras.cmake
-- Installing: /home/ge/Desktop/ros2/ws/install/more_interfaces/share/more_interfaces/cmake/rosidl_cmake_export_typesupport_libraries-extras.cmake
-- Installing: /home/ge/Desktop/ros2/ws/install/more_interfaces/share/more_interfaces/cmake/rosidl_cmake_export_typesupport_targets-extras.cmake
-- Installing: /home/ge/Desktop/ros2/ws/install/more_interfaces/share/more_interfaces/cmake/more_interfacesConfig.cmake
-- Installing: /home/ge/Desktop/ros2/ws/install/more_interfaces/share/more_interfaces/cmake/more_interfacesConfig-version.cmake
-- Installing: /home/ge/Desktop/ros2/ws/install/more_interfaces/share/more_interfaces/package.xml
