[0.018s] Invoking command in '/home/ge/Desktop/ros2/ws/build/more_interfaces': CMAKE_PREFIX_PATH=${CMAKE_PREFIX_PATH}:/home/ge/Desktop/ros2/ws/install/examples_rclpy_minimal_subscriber:/home/ge/Desktop/ros2/ws/install/examples_rclpy_minimal_service:/home/ge/Desktop/ros2/ws/install/examples_rclpy_minimal_publisher:/home/ge/Desktop/ros2/ws/install/examples_rclpy_minimal_client:/home/ge/Desktop/ros2/ws/install/examples_rclpy_minimal_action_server:/home/ge/Desktop/ros2/ws/install/examples_rclpy_minimal_action_client:/home/ge/Desktop/ros2/ws/install/examples_rclpy_executors:/opt/ros/foxy _=/usr/bin/env /usr/bin/cmake /home/ge/Desktop/ros2/ws/src/more_interfaces -DCMAKE_INSTALL_PREFIX=/home/ge/Desktop/ros2/ws/install/more_interfaces
[0.098s] -- The C compiler identification is GNU 9.4.0
[0.148s] -- The CXX compiler identification is GNU 9.4.0
[0.154s] -- Check for working C compiler: /usr/bin/cc
[0.219s] -- Check for working C compiler: /usr/bin/cc -- works
[0.219s] -- Detecting C compiler ABI info
[0.274s] -- Detecting C compiler ABI info - done
[0.284s] -- Detecting C compile features
[0.285s] -- Detecting C compile features - done
[0.286s] -- Check for working CXX compiler: /usr/bin/c++
[0.347s] -- Check for working CXX compiler: /usr/bin/c++ -- works
[0.348s] -- Detecting CXX compiler ABI info
[0.423s] -- Detecting CXX compiler ABI info - done
[0.436s] -- Detecting CXX compile features
[0.437s] -- Detecting CXX compile features - done
[0.439s] -- Found rclcpp: 2.4.2 (/opt/ros/foxy/share/rclcpp/cmake)
[0.468s] -- Found PythonInterp: /usr/bin/python3 (found suitable version "3.8.10", minimum required is "3") 
[0.468s] -- Using PYTHON_EXECUTABLE: /usr/bin/python3
[0.716s] -- Using all available rosidl_typesupport_c: rosidl_typesupport_connext_c;rosidl_typesupport_fastrtps_c;rosidl_typesupport_introspection_c
[0.725s] -- Found rosidl_adapter: 1.3.0 (/opt/ros/foxy/share/rosidl_adapter/cmake)
[0.730s] -- Found RTI Connext: /opt/rti.com/rti_connext_dds-5.3.1
[1.450s] -- Found OpenSSL: /usr/lib/x86_64-linux-gnu/libcrypto.so (found version "1.1.1f")  
[1.477s] -- Found FastRTPS: /opt/ros/foxy/include  
[1.536s] -- Using all available rosidl_typesupport_cpp: rosidl_typesupport_connext_cpp;rosidl_typesupport_fastrtps_cpp;rosidl_typesupport_introspection_cpp
[1.582s] -- Found rmw_implementation_cmake: 1.0.3 (/opt/ros/foxy/share/rmw_implementation_cmake/cmake)
[1.583s] -- Using RMW implementation 'rmw_fastrtps_cpp' as default
[1.584s] -- Looking for pthread.h
[1.652s] -- Looking for pthread.h - found
[1.653s] -- Performing Test CMAKE_HAVE_LIBC_PTHREAD
[1.725s] -- Performing Test CMAKE_HAVE_LIBC_PTHREAD - Failed
[1.725s] -- Looking for pthread_create in pthreads
[1.779s] -- Looking for pthread_create in pthreads - not found
[1.780s] -- Looking for pthread_create in pthread
[1.849s] -- Looking for pthread_create in pthread - found
[1.850s] -- Found Threads: TRUE  
[1.969s] -- Found rosidl_default_generators: 1.0.1 (/opt/ros/foxy/share/rosidl_default_generators/cmake)
[2.006s] -- Found PythonInterp: /usr/bin/python3 (found version "3.8.10") 
[2.134s] -- Found ament_cmake_ros: 0.9.2 (/opt/ros/foxy/share/ament_cmake_ros/cmake)
[2.223s] -- Using all available rosidl_typesupport_c: rosidl_typesupport_connext_c;rosidl_typesupport_fastrtps_c;rosidl_typesupport_introspection_c
[2.229s] -- Using all available rosidl_typesupport_cpp: rosidl_typesupport_connext_cpp;rosidl_typesupport_fastrtps_cpp;rosidl_typesupport_introspection_cpp
[2.260s] -- Found PythonInterp: /usr/bin/python3 (found suitable version "3.8.10", minimum required is "3.5") 
[2.262s] -- Found python_cmake_module: 0.8.1 (/opt/ros/foxy/share/python_cmake_module/cmake)
[2.300s] -- Found PythonLibs: /usr/lib/x86_64-linux-gnu/libpython3.8.so (found suitable version "3.8.10", minimum required is "3.5") 
[2.300s] -- Using PYTHON_EXECUTABLE: /usr/bin/python3
[2.300s] -- Using PYTHON_INCLUDE_DIRS: /usr/include/python3.8
[2.300s] -- Using PYTHON_LIBRARIES: /usr/lib/x86_64-linux-gnu/libpython3.8.so
[2.331s] -- Found PythonExtra: .so  
[2.387s] -- Configuring done
[2.421s] -- Generating done
[2.423s] -- Build files have been written to: /home/ge/Desktop/ros2/ws/build/more_interfaces
[2.433s] Invoked command in '/home/ge/Desktop/ros2/ws/build/more_interfaces' returned '0': CMAKE_PREFIX_PATH=${CMAKE_PREFIX_PATH}:/home/ge/Desktop/ros2/ws/install/examples_rclpy_minimal_subscriber:/home/ge/Desktop/ros2/ws/install/examples_rclpy_minimal_service:/home/ge/Desktop/ros2/ws/install/examples_rclpy_minimal_publisher:/home/ge/Desktop/ros2/ws/install/examples_rclpy_minimal_client:/home/ge/Desktop/ros2/ws/install/examples_rclpy_minimal_action_server:/home/ge/Desktop/ros2/ws/install/examples_rclpy_minimal_action_client:/home/ge/Desktop/ros2/ws/install/examples_rclpy_executors:/opt/ros/foxy _=/usr/bin/env /usr/bin/cmake /home/ge/Desktop/ros2/ws/src/more_interfaces -DCMAKE_INSTALL_PREFIX=/home/ge/Desktop/ros2/ws/install/more_interfaces
[2.435s] Invoking command in '/home/ge/Desktop/ros2/ws/build/more_interfaces': CMAKE_PREFIX_PATH=${CMAKE_PREFIX_PATH}:/home/ge/Desktop/ros2/ws/install/examples_rclpy_minimal_subscriber:/home/ge/Desktop/ros2/ws/install/examples_rclpy_minimal_service:/home/ge/Desktop/ros2/ws/install/examples_rclpy_minimal_publisher:/home/ge/Desktop/ros2/ws/install/examples_rclpy_minimal_client:/home/ge/Desktop/ros2/ws/install/examples_rclpy_minimal_action_server:/home/ge/Desktop/ros2/ws/install/examples_rclpy_minimal_action_client:/home/ge/Desktop/ros2/ws/install/examples_rclpy_executors:/opt/ros/foxy _=/usr/bin/env /usr/bin/cmake --build /home/ge/Desktop/ros2/ws/build/more_interfaces -- -j16 -l16
[2.475s] [  1%] [34m[1mGenerating C code for ROS interfaces[0m
[2.475s] [35m[1mScanning dependencies of target more_interfaces__dds_connext_idl[0m
[2.476s] [35m[1mScanning dependencies of target more_interfaces__cpp[0m
[2.483s] [  5%] [34m[1mGenerating DDS interfaces[0m
[2.484s] [  5%] [34m[1mGenerating C++ code for ROS interfaces[0m
[2.653s] [  5%] Built target more_interfaces__dds_connext_idl
[2.679s] [  5%] Built target more_interfaces__cpp
[2.686s] [  7%] [34m[1mGenerating C++ type support dispatch for ROS interfaces[0m
[2.686s] [  9%] [34m[1mGenerating C++ introspection for ROS interfaces[0m
[2.686s] [ 11%] [34m[1mGenerating C++ type support for eProsima Fast-RTPS[0m
[2.686s] [ 13%] [34m[1mGenerating C++ type support for RTI Connext (using '/opt/rti.com/rti_connext_dds-5.3.1/bin/rtiddsgen_server')[0m
[2.693s] [35m[1mScanning dependencies of target more_interfaces__rosidl_generator_c[0m
[2.703s] [ 15%] [32mBuilding C object CMakeFiles/more_interfaces__rosidl_generator_c.dir/rosidl_generator_c/more_interfaces/msg/detail/address_book__functions.c.o[0m
[2.740s] [ 17%] [32m[1mLinking C shared library libmore_interfaces__rosidl_generator_c.so[0m
[2.767s] [ 17%] Built target more_interfaces__rosidl_generator_c
[2.776s] [ 21%] [34m[1mGenerating C introspection for ROS interfaces[0m
[2.776s] [ 21%] [34m[1mGenerating C type support dispatch for ROS interfaces[0m
[2.864s] [35m[1mScanning dependencies of target more_interfaces__rosidl_typesupport_cpp[0m
[2.874s] [ 23%] [32mBuilding CXX object CMakeFiles/more_interfaces__rosidl_typesupport_cpp.dir/rosidl_typesupport_cpp/more_interfaces/msg/address_book__type_support.cpp.o[0m
[2.882s] [35m[1mScanning dependencies of target more_interfaces__rosidl_typesupport_fastrtps_cpp[0m
[2.882s] [35m[1mScanning dependencies of target more_interfaces__rosidl_typesupport_introspection_cpp[0m
[2.891s] [ 27%] [32mBuilding CXX object CMakeFiles/more_interfaces__rosidl_typesupport_fastrtps_cpp.dir/rosidl_typesupport_fastrtps_cpp/more_interfaces/msg/detail/dds_fastrtps/address_book__type_support.cpp.o[0m
[2.891s] [ 27%] [32mBuilding CXX object CMakeFiles/more_interfaces__rosidl_typesupport_introspection_cpp.dir/rosidl_typesupport_introspection_cpp/more_interfaces/msg/detail/address_book__type_support.cpp.o[0m
[2.956s] [35m[1mScanning dependencies of target more_interfaces__rosidl_typesupport_c[0m
[2.964s] [ 29%] [32mBuilding CXX object CMakeFiles/more_interfaces__rosidl_typesupport_c.dir/rosidl_typesupport_c/more_interfaces/msg/address_book__type_support.cpp.o[0m
[2.972s] [35m[1mScanning dependencies of target more_interfaces__rosidl_typesupport_introspection_c[0m
[2.985s] [ 31%] [32mBuilding C object CMakeFiles/more_interfaces__rosidl_typesupport_introspection_c.dir/rosidl_typesupport_introspection_c/more_interfaces/msg/detail/address_book__type_support.c.o[0m
[2.989s] [ 33%] [32m[1mLinking CXX shared library libmore_interfaces__rosidl_typesupport_c.so[0m
[3.013s] [ 35%] [32m[1mLinking C shared library libmore_interfaces__rosidl_typesupport_introspection_c.so[0m
[3.024s] [ 35%] Built target more_interfaces__rosidl_typesupport_c
[3.039s] [ 35%] Built target more_interfaces__rosidl_typesupport_introspection_c
[3.093s] [ 37%] [32m[1mLinking CXX shared library libmore_interfaces__rosidl_typesupport_cpp.so[0m
[3.106s] [ 39%] [32m[1mLinking CXX shared library libmore_interfaces__rosidl_typesupport_introspection_cpp.so[0m
[3.129s] [ 39%] Built target more_interfaces__rosidl_typesupport_cpp
[3.172s] [ 39%] Built target more_interfaces__rosidl_typesupport_introspection_cpp
[3.230s] [ 41%] [32m[1mLinking CXX shared library libmore_interfaces__rosidl_typesupport_fastrtps_cpp.so[0m
[3.309s] [ 41%] Built target more_interfaces__rosidl_typesupport_fastrtps_cpp
[3.320s] [ 43%] [34m[1mGenerating C type support for eProsima Fast-RTPS[0m
[3.504s] INFO com.rti.ndds.nddsgen.Main Running rtiddsgen version 2.5.2, please wait ...
[3.504s] INFO com.rti.ndds.nddsgen.Main Done
[3.543s] [35m[1mScanning dependencies of target more_interfaces__rosidl_typesupport_fastrtps_c[0m
[3.543s] [35m[1mScanning dependencies of target more_interfaces__rosidl_typesupport_connext_cpp[0m
[3.560s] [ 45%] [32mBuilding CXX object CMakeFiles/more_interfaces__rosidl_typesupport_fastrtps_c.dir/rosidl_typesupport_fastrtps_c/more_interfaces/msg/detail/address_book__type_support_c.cpp.o[0m
[3.584s] [ 52%] [32mBuilding CXX object CMakeFiles/more_interfaces__rosidl_typesupport_connext_cpp.dir/rosidl_typesupport_connext_cpp/more_interfaces/msg/dds_connext/AddressBook_.cxx.o[0m
[3.584s] [ 52%] [32mBuilding CXX object CMakeFiles/more_interfaces__rosidl_typesupport_connext_cpp.dir/rosidl_typesupport_connext_cpp/more_interfaces/msg/dds_connext/AddressBook_Plugin.cxx.o[0m
[3.585s] [ 52%] [32mBuilding CXX object CMakeFiles/more_interfaces__rosidl_typesupport_connext_cpp.dir/rosidl_typesupport_connext_cpp/more_interfaces/msg/dds_connext/address_book__type_support.cpp.o[0m
[3.585s] [ 52%] [32mBuilding CXX object CMakeFiles/more_interfaces__rosidl_typesupport_connext_cpp.dir/rosidl_typesupport_connext_cpp/more_interfaces/msg/dds_connext/AddressBook_Support.cxx.o[0m
[3.850s] [ 54%] [32m[1mLinking CXX shared library libmore_interfaces__rosidl_typesupport_fastrtps_c.so[0m
[3.913s] [ 54%] Built target more_interfaces__rosidl_typesupport_fastrtps_c
[3.994s] [ 56%] [32m[1mLinking CXX shared library libmore_interfaces__rosidl_typesupport_connext_cpp.so[0m
[4.086s] [ 58%] Built target more_interfaces__rosidl_typesupport_connext_cpp
[4.094s] [ 60%] [34m[1mGenerating C type support for RTI Connext[0m
[4.269s] [35m[1mScanning dependencies of target more_interfaces__rosidl_typesupport_connext_c[0m
[4.307s] [ 68%] [32mBuilding CXX object CMakeFiles/more_interfaces__rosidl_typesupport_connext_c.dir/rosidl_typesupport_connext_cpp/more_interfaces/msg/dds_connext/AddressBook_.cxx.o[0m
[4.307s] [ 68%] [32mBuilding CXX object CMakeFiles/more_interfaces__rosidl_typesupport_connext_c.dir/rosidl_typesupport_connext_cpp/more_interfaces/msg/dds_connext/AddressBook_Plugin.cxx.o[0m
[4.307s] [ 68%] [32mBuilding CXX object CMakeFiles/more_interfaces__rosidl_typesupport_connext_c.dir/rosidl_typesupport_connext_c/more_interfaces/msg/dds_connext/address_book__type_support_c.cpp.o[0m
[4.307s] [ 68%] [32mBuilding CXX object CMakeFiles/more_interfaces__rosidl_typesupport_connext_c.dir/rosidl_typesupport_connext_cpp/more_interfaces/msg/dds_connext/AddressBook_Support.cxx.o[0m
[4.704s] [ 70%] [32m[1mLinking CXX shared library libmore_interfaces__rosidl_typesupport_connext_c.so[0m
[4.804s] [ 74%] Built target more_interfaces__rosidl_typesupport_connext_c
[4.812s] [35m[1mScanning dependencies of target more_interfaces[0m
[4.820s] [ 74%] Built target more_interfaces
[4.830s] [35m[1mScanning dependencies of target more_interfaces__py[0m
[4.830s] [35m[1mScanning dependencies of target publish_address_book[0m
[4.838s] [ 76%] [34m[1mGenerating Python code for ROS interfaces[0m
[4.856s] [ 78%] [32mBuilding CXX object CMakeFiles/publish_address_book.dir/src/publish_address_book.cpp.o[0m
[5.134s] [ 78%] Built target more_interfaces__py
[5.142s] [35m[1mScanning dependencies of target more_interfaces__python[0m
[5.157s] [ 80%] [32mBuilding C object CMakeFiles/more_interfaces__python.dir/rosidl_generator_py/more_interfaces/msg/_address_book_s.c.o[0m
[5.219s] [ 82%] [32m[1mLinking C shared library rosidl_generator_py/more_interfaces/libmore_interfaces__python.so[0m
[5.250s] [ 82%] Built target more_interfaces__python
[5.259s] [35m[1mScanning dependencies of target more_interfaces__rosidl_typesupport_connext_c__pyext[0m
[5.259s] [35m[1mScanning dependencies of target more_interfaces__rosidl_typesupport_introspection_c__pyext[0m
[5.259s] [35m[1mScanning dependencies of target more_interfaces__rosidl_typesupport_c__pyext[0m
[5.259s] [35m[1mScanning dependencies of target more_interfaces__rosidl_typesupport_fastrtps_c__pyext[0m
[5.273s] [ 84%] [32mBuilding C object CMakeFiles/more_interfaces__rosidl_typesupport_c__pyext.dir/rosidl_generator_py/more_interfaces/_more_interfaces_s.ep.rosidl_typesupport_c.c.o[0m
[5.274s] [ 86%] [32mBuilding C object CMakeFiles/more_interfaces__rosidl_typesupport_connext_c__pyext.dir/rosidl_generator_py/more_interfaces/_more_interfaces_s.ep.rosidl_typesupport_connext_c.c.o[0m
[5.274s] [ 88%] [32mBuilding C object CMakeFiles/more_interfaces__rosidl_typesupport_fastrtps_c__pyext.dir/rosidl_generator_py/more_interfaces/_more_interfaces_s.ep.rosidl_typesupport_fastrtps_c.c.o[0m
[5.275s] [ 90%] [32mBuilding C object CMakeFiles/more_interfaces__rosidl_typesupport_introspection_c__pyext.dir/rosidl_generator_py/more_interfaces/_more_interfaces_s.ep.rosidl_typesupport_introspection_c.c.o[0m
[5.331s] [ 92%] [32m[1mLinking C shared library rosidl_generator_py/more_interfaces/more_interfaces_s__rosidl_typesupport_c.cpython-38-x86_64-linux-gnu.so[0m
[5.333s] [ 94%] [32m[1mLinking C shared library rosidl_generator_py/more_interfaces/more_interfaces_s__rosidl_typesupport_connext_c.cpython-38-x86_64-linux-gnu.so[0m
[5.354s] [ 98%] [32m[1mLinking CXX shared library rosidl_generator_py/more_interfaces/more_interfaces_s__rosidl_typesupport_fastrtps_c.cpython-38-x86_64-linux-gnu.so[0m
[5.354s] [ 98%] [32m[1mLinking C shared library rosidl_generator_py/more_interfaces/more_interfaces_s__rosidl_typesupport_introspection_c.cpython-38-x86_64-linux-gnu.so[0m
[5.358s] [ 98%] Built target more_interfaces__rosidl_typesupport_c__pyext
[5.382s] [ 98%] Built target more_interfaces__rosidl_typesupport_introspection_c__pyext
[5.393s] [ 98%] Built target more_interfaces__rosidl_typesupport_connext_c__pyext
[5.402s] [ 98%] Built target more_interfaces__rosidl_typesupport_fastrtps_c__pyext
[6.959s] [100%] [32m[1mLinking CXX executable publish_address_book[0m
[7.078s] [100%] Built target publish_address_book
[23.600s] Invoked command in '/home/ge/Desktop/ros2/ws/build/more_interfaces' returned '0': CMAKE_PREFIX_PATH=${CMAKE_PREFIX_PATH}:/home/ge/Desktop/ros2/ws/install/examples_rclpy_minimal_subscriber:/home/ge/Desktop/ros2/ws/install/examples_rclpy_minimal_service:/home/ge/Desktop/ros2/ws/install/examples_rclpy_minimal_publisher:/home/ge/Desktop/ros2/ws/install/examples_rclpy_minimal_client:/home/ge/Desktop/ros2/ws/install/examples_rclpy_minimal_action_server:/home/ge/Desktop/ros2/ws/install/examples_rclpy_minimal_action_client:/home/ge/Desktop/ros2/ws/install/examples_rclpy_executors:/opt/ros/foxy _=/usr/bin/env /usr/bin/cmake --build /home/ge/Desktop/ros2/ws/build/more_interfaces -- -j16 -l16
[23.679s] Invoking command in '/home/ge/Desktop/ros2/ws/build/more_interfaces': CMAKE_PREFIX_PATH=${CMAKE_PREFIX_PATH}:/home/ge/Desktop/ros2/ws/install/examples_rclpy_minimal_subscriber:/home/ge/Desktop/ros2/ws/install/examples_rclpy_minimal_service:/home/ge/Desktop/ros2/ws/install/examples_rclpy_minimal_publisher:/home/ge/Desktop/ros2/ws/install/examples_rclpy_minimal_client:/home/ge/Desktop/ros2/ws/install/examples_rclpy_minimal_action_server:/home/ge/Desktop/ros2/ws/install/examples_rclpy_minimal_action_client:/home/ge/Desktop/ros2/ws/install/examples_rclpy_executors:/opt/ros/foxy _=/usr/bin/env /usr/bin/cmake --install /home/ge/Desktop/ros2/ws/build/more_interfaces
[23.685s] -- Install configuration: ""
[23.686s] -- Installing: /home/ge/Desktop/ros2/ws/install/more_interfaces/lib/more_interfaces/publish_address_book
[23.686s] -- Set runtime path of "/home/ge/Desktop/ros2/ws/install/more_interfaces/lib/more_interfaces/publish_address_book" to ""
[23.686s] -- Installing: /home/ge/Desktop/ros2/ws/install/more_interfaces/share/ament_index/resource_index/rosidl_interfaces/more_interfaces
[23.687s] -- Installing: /home/ge/Desktop/ros2/ws/install/more_interfaces/include/more_interfaces
[23.687s] -- Installing: /home/ge/Desktop/ros2/ws/install/more_interfaces/include/more_interfaces/msg
[23.687s] -- Installing: /home/ge/Desktop/ros2/ws/install/more_interfaces/include/more_interfaces/msg/rosidl_generator_c__visibility_control.h
[23.687s] -- Installing: /home/ge/Desktop/ros2/ws/install/more_interfaces/include/more_interfaces/msg/address_book.h
[23.687s] -- Installing: /home/ge/Desktop/ros2/ws/install/more_interfaces/include/more_interfaces/msg/detail
[23.687s] -- Installing: /home/ge/Desktop/ros2/ws/install/more_interfaces/include/more_interfaces/msg/detail/address_book__struct.h
[23.687s] -- Installing: /home/ge/Desktop/ros2/ws/install/more_interfaces/include/more_interfaces/msg/detail/address_book__type_support.h
[23.687s] -- Installing: /home/ge/Desktop/ros2/ws/install/more_interfaces/include/more_interfaces/msg/detail/address_book__functions.h
[23.687s] -- Installing: /home/ge/Desktop/ros2/ws/install/more_interfaces/include/more_interfaces/msg/detail/address_book__functions.c
[23.687s] -- Installing: /home/ge/Desktop/ros2/ws/install/more_interfaces/share/more_interfaces/environment/library_path.sh
[23.687s] -- Installing: /home/ge/Desktop/ros2/ws/install/more_interfaces/share/more_interfaces/environment/library_path.dsv
[23.688s] -- Installing: /home/ge/Desktop/ros2/ws/install/more_interfaces/lib/libmore_interfaces__rosidl_generator_c.so
[23.688s] -- Set runtime path of "/home/ge/Desktop/ros2/ws/install/more_interfaces/lib/libmore_interfaces__rosidl_generator_c.so" to ""
[23.688s] -- Up-to-date: /home/ge/Desktop/ros2/ws/install/more_interfaces/include/more_interfaces
[23.688s] -- Up-to-date: /home/ge/Desktop/ros2/ws/install/more_interfaces/include/more_interfaces/msg
[23.688s] -- Installing: /home/ge/Desktop/ros2/ws/install/more_interfaces/include/more_interfaces/msg/rosidl_typesupport_connext_c__visibility_control.h
[23.688s] -- Installing: /home/ge/Desktop/ros2/ws/install/more_interfaces/include/more_interfaces/msg/dds_connext
[23.688s] -- Installing: /home/ge/Desktop/ros2/ws/install/more_interfaces/include/more_interfaces/msg/address_book__rosidl_typesupport_connext_c.h
[23.688s] -- Installing: /home/ge/Desktop/ros2/ws/install/more_interfaces/lib/libmore_interfaces__rosidl_typesupport_connext_c.so
[23.688s] -- Set runtime path of "/home/ge/Desktop/ros2/ws/install/more_interfaces/lib/libmore_interfaces__rosidl_typesupport_connext_c.so" to ""
[23.689s] -- Installing: /home/ge/Desktop/ros2/ws/install/more_interfaces/share/more_interfaces/msg/dds_connext
[23.689s] -- Installing: /home/ge/Desktop/ros2/ws/install/more_interfaces/share/more_interfaces/msg/dds_connext/AddressBook_.idl
[23.689s] -- Up-to-date: /home/ge/Desktop/ros2/ws/install/more_interfaces/include/more_interfaces
[23.689s] -- Up-to-date: /home/ge/Desktop/ros2/ws/install/more_interfaces/include/more_interfaces/msg
[23.689s] -- Installing: /home/ge/Desktop/ros2/ws/install/more_interfaces/include/more_interfaces/msg/rosidl_typesupport_connext_cpp__visibility_control.h
[23.689s] -- Up-to-date: /home/ge/Desktop/ros2/ws/install/more_interfaces/include/more_interfaces/msg/dds_connext
[23.689s] -- Installing: /home/ge/Desktop/ros2/ws/install/more_interfaces/include/more_interfaces/msg/dds_connext/AddressBook_Plugin.h
[23.689s] -- Installing: /home/ge/Desktop/ros2/ws/install/more_interfaces/include/more_interfaces/msg/dds_connext/AddressBook_.h
[23.689s] -- Installing: /home/ge/Desktop/ros2/ws/install/more_interfaces/include/more_interfaces/msg/dds_connext/AddressBook_.cxx
[23.689s] -- Installing: /home/ge/Desktop/ros2/ws/install/more_interfaces/include/more_interfaces/msg/dds_connext/AddressBook_Plugin.cxx
[23.690s] -- Installing: /home/ge/Desktop/ros2/ws/install/more_interfaces/include/more_interfaces/msg/dds_connext/AddressBook_Support.h
[23.690s] -- Installing: /home/ge/Desktop/ros2/ws/install/more_interfaces/include/more_interfaces/msg/dds_connext/AddressBook_Support.cxx
[23.690s] -- Installing: /home/ge/Desktop/ros2/ws/install/more_interfaces/include/more_interfaces/msg/address_book__rosidl_typesupport_connext_cpp.hpp
[23.690s] -- Installing: /home/ge/Desktop/ros2/ws/install/more_interfaces/lib/libmore_interfaces__rosidl_typesupport_connext_cpp.so
[23.690s] -- Set runtime path of "/home/ge/Desktop/ros2/ws/install/more_interfaces/lib/libmore_interfaces__rosidl_typesupport_connext_cpp.so" to ""
[23.690s] -- Up-to-date: /home/ge/Desktop/ros2/ws/install/more_interfaces/include/more_interfaces
[23.690s] -- Up-to-date: /home/ge/Desktop/ros2/ws/install/more_interfaces/include/more_interfaces/msg
[23.690s] -- Up-to-date: /home/ge/Desktop/ros2/ws/install/more_interfaces/include/more_interfaces/msg/detail
[23.690s] -- Installing: /home/ge/Desktop/ros2/ws/install/more_interfaces/include/more_interfaces/msg/detail/address_book__rosidl_typesupport_fastrtps_c.h
[23.690s] -- Installing: /home/ge/Desktop/ros2/ws/install/more_interfaces/include/more_interfaces/msg/rosidl_typesupport_fastrtps_c__visibility_control.h
[23.691s] -- Installing: /home/ge/Desktop/ros2/ws/install/more_interfaces/lib/libmore_interfaces__rosidl_typesupport_fastrtps_c.so
[23.691s] -- Set runtime path of "/home/ge/Desktop/ros2/ws/install/more_interfaces/lib/libmore_interfaces__rosidl_typesupport_fastrtps_c.so" to ""
[23.691s] -- Up-to-date: /home/ge/Desktop/ros2/ws/install/more_interfaces/include/more_interfaces
[23.691s] -- Up-to-date: /home/ge/Desktop/ros2/ws/install/more_interfaces/include/more_interfaces/msg
[23.691s] -- Up-to-date: /home/ge/Desktop/ros2/ws/install/more_interfaces/include/more_interfaces/msg/detail
[23.691s] -- Installing: /home/ge/Desktop/ros2/ws/install/more_interfaces/include/more_interfaces/msg/detail/dds_fastrtps
[23.691s] -- Installing: /home/ge/Desktop/ros2/ws/install/more_interfaces/include/more_interfaces/msg/detail/address_book__rosidl_typesupport_fastrtps_cpp.hpp
[23.691s] -- Installing: /home/ge/Desktop/ros2/ws/install/more_interfaces/include/more_interfaces/msg/rosidl_typesupport_fastrtps_cpp__visibility_control.h
[23.691s] -- Installing: /home/ge/Desktop/ros2/ws/install/more_interfaces/lib/libmore_interfaces__rosidl_typesupport_fastrtps_cpp.so
[23.691s] -- Set runtime path of "/home/ge/Desktop/ros2/ws/install/more_interfaces/lib/libmore_interfaces__rosidl_typesupport_fastrtps_cpp.so" to ""
[23.691s] -- Up-to-date: /home/ge/Desktop/ros2/ws/install/more_interfaces/include/more_interfaces
[23.691s] -- Up-to-date: /home/ge/Desktop/ros2/ws/install/more_interfaces/include/more_interfaces/msg
[23.692s] -- Installing: /home/ge/Desktop/ros2/ws/install/more_interfaces/include/more_interfaces/msg/rosidl_typesupport_introspection_c__visibility_control.h
[23.692s] -- Up-to-date: /home/ge/Desktop/ros2/ws/install/more_interfaces/include/more_interfaces/msg/detail
[23.692s] -- Installing: /home/ge/Desktop/ros2/ws/install/more_interfaces/include/more_interfaces/msg/detail/address_book__rosidl_typesupport_introspection_c.h
[23.692s] -- Installing: /home/ge/Desktop/ros2/ws/install/more_interfaces/include/more_interfaces/msg/detail/address_book__type_support.c
[23.692s] -- Installing: /home/ge/Desktop/ros2/ws/install/more_interfaces/lib/libmore_interfaces__rosidl_typesupport_introspection_c.so
[23.692s] -- Set runtime path of "/home/ge/Desktop/ros2/ws/install/more_interfaces/lib/libmore_interfaces__rosidl_typesupport_introspection_c.so" to ""
[23.692s] -- Installing: /home/ge/Desktop/ros2/ws/install/more_interfaces/lib/libmore_interfaces__rosidl_typesupport_c.so
[23.692s] -- Set runtime path of "/home/ge/Desktop/ros2/ws/install/more_interfaces/lib/libmore_interfaces__rosidl_typesupport_c.so" to ""
[23.692s] -- Up-to-date: /home/ge/Desktop/ros2/ws/install/more_interfaces/include/more_interfaces
[23.692s] -- Up-to-date: /home/ge/Desktop/ros2/ws/install/more_interfaces/include/more_interfaces/msg
[23.692s] -- Up-to-date: /home/ge/Desktop/ros2/ws/install/more_interfaces/include/more_interfaces/msg/detail
[23.693s] -- Installing: /home/ge/Desktop/ros2/ws/install/more_interfaces/include/more_interfaces/msg/detail/address_book__traits.hpp
[23.693s] -- Installing: /home/ge/Desktop/ros2/ws/install/more_interfaces/include/more_interfaces/msg/detail/address_book__builder.hpp
[23.693s] -- Installing: /home/ge/Desktop/ros2/ws/install/more_interfaces/include/more_interfaces/msg/detail/address_book__struct.hpp
[23.693s] -- Installing: /home/ge/Desktop/ros2/ws/install/more_interfaces/include/more_interfaces/msg/address_book.hpp
[23.693s] -- Up-to-date: /home/ge/Desktop/ros2/ws/install/more_interfaces/include/more_interfaces
[23.693s] -- Up-to-date: /home/ge/Desktop/ros2/ws/install/more_interfaces/include/more_interfaces/msg
[23.693s] -- Up-to-date: /home/ge/Desktop/ros2/ws/install/more_interfaces/include/more_interfaces/msg/detail
[23.693s] -- Installing: /home/ge/Desktop/ros2/ws/install/more_interfaces/include/more_interfaces/msg/detail/address_book__rosidl_typesupport_introspection_cpp.hpp
[23.693s] -- Installing: /home/ge/Desktop/ros2/ws/install/more_interfaces/include/more_interfaces/msg/detail/address_book__type_support.cpp
[23.693s] -- Installing: /home/ge/Desktop/ros2/ws/install/more_interfaces/lib/libmore_interfaces__rosidl_typesupport_introspection_cpp.so
[23.693s] -- Set runtime path of "/home/ge/Desktop/ros2/ws/install/more_interfaces/lib/libmore_interfaces__rosidl_typesupport_introspection_cpp.so" to ""
[23.693s] -- Installing: /home/ge/Desktop/ros2/ws/install/more_interfaces/lib/libmore_interfaces__rosidl_typesupport_cpp.so
[23.694s] -- Set runtime path of "/home/ge/Desktop/ros2/ws/install/more_interfaces/lib/libmore_interfaces__rosidl_typesupport_cpp.so" to ""
[23.694s] -- Installing: /home/ge/Desktop/ros2/ws/install/more_interfaces/share/more_interfaces/environment/pythonpath.sh
[23.694s] -- Installing: /home/ge/Desktop/ros2/ws/install/more_interfaces/share/more_interfaces/environment/pythonpath.dsv
[23.694s] -- Installing: /home/ge/Desktop/ros2/ws/install/more_interfaces/lib/python3.8/site-packages/more_interfaces/__init__.py
[23.730s] Compiling '/home/ge/Desktop/ros2/ws/install/more_interfaces/lib/python3.8/site-packages/more_interfaces/__init__.py'...
[23.732s] -- Installing: /home/ge/Desktop/ros2/ws/install/more_interfaces/lib/python3.8/site-packages/more_interfaces/msg
[23.733s] -- Installing: /home/ge/Desktop/ros2/ws/install/more_interfaces/lib/python3.8/site-packages/more_interfaces/msg/_address_book.py
[23.733s] -- Installing: /home/ge/Desktop/ros2/ws/install/more_interfaces/lib/python3.8/site-packages/more_interfaces/msg/_address_book_s.c
[23.733s] -- Installing: /home/ge/Desktop/ros2/ws/install/more_interfaces/lib/python3.8/site-packages/more_interfaces/msg/__init__.py
[23.733s] -- Installing: /home/ge/Desktop/ros2/ws/install/more_interfaces/lib/python3.8/site-packages/more_interfaces/more_interfaces_s__rosidl_typesupport_connext_c.cpython-38-x86_64-linux-gnu.so
[23.733s] -- Set runtime path of "/home/ge/Desktop/ros2/ws/install/more_interfaces/lib/python3.8/site-packages/more_interfaces/more_interfaces_s__rosidl_typesupport_connext_c.cpython-38-x86_64-linux-gnu.so" to ""
[23.733s] -- Installing: /home/ge/Desktop/ros2/ws/install/more_interfaces/lib/python3.8/site-packages/more_interfaces/more_interfaces_s__rosidl_typesupport_fastrtps_c.cpython-38-x86_64-linux-gnu.so
[23.734s] -- Set runtime path of "/home/ge/Desktop/ros2/ws/install/more_interfaces/lib/python3.8/site-packages/more_interfaces/more_interfaces_s__rosidl_typesupport_fastrtps_c.cpython-38-x86_64-linux-gnu.so" to ""
[23.734s] -- Installing: /home/ge/Desktop/ros2/ws/install/more_interfaces/lib/python3.8/site-packages/more_interfaces/more_interfaces_s__rosidl_typesupport_introspection_c.cpython-38-x86_64-linux-gnu.so
[23.734s] -- Set runtime path of "/home/ge/Desktop/ros2/ws/install/more_interfaces/lib/python3.8/site-packages/more_interfaces/more_interfaces_s__rosidl_typesupport_introspection_c.cpython-38-x86_64-linux-gnu.so" to ""
[23.735s] -- Installing: /home/ge/Desktop/ros2/ws/install/more_interfaces/lib/python3.8/site-packages/more_interfaces/more_interfaces_s__rosidl_typesupport_c.cpython-38-x86_64-linux-gnu.so
[23.735s] -- Set runtime path of "/home/ge/Desktop/ros2/ws/install/more_interfaces/lib/python3.8/site-packages/more_interfaces/more_interfaces_s__rosidl_typesupport_c.cpython-38-x86_64-linux-gnu.so" to ""
[23.735s] -- Installing: /home/ge/Desktop/ros2/ws/install/more_interfaces/lib/libmore_interfaces__python.so
[23.735s] -- Set runtime path of "/home/ge/Desktop/ros2/ws/install/more_interfaces/lib/libmore_interfaces__python.so" to ""
[23.736s] -- Installing: /home/ge/Desktop/ros2/ws/install/more_interfaces/share/more_interfaces/msg/AddressBook.idl
[23.736s] -- Installing: /home/ge/Desktop/ros2/ws/install/more_interfaces/share/more_interfaces/msg/AddressBook.msg
[23.736s] -- Installing: /home/ge/Desktop/ros2/ws/install/more_interfaces/share/ament_index/resource_index/package_run_dependencies/more_interfaces
[23.736s] -- Installing: /home/ge/Desktop/ros2/ws/install/more_interfaces/share/ament_index/resource_index/parent_prefix_path/more_interfaces
[23.736s] -- Installing: /home/ge/Desktop/ros2/ws/install/more_interfaces/share/more_interfaces/environment/ament_prefix_path.sh
[23.736s] -- Installing: /home/ge/Desktop/ros2/ws/install/more_interfaces/share/more_interfaces/environment/ament_prefix_path.dsv
[23.736s] -- Installing: /home/ge/Desktop/ros2/ws/install/more_interfaces/share/more_interfaces/environment/path.sh
[23.737s] -- Installing: /home/ge/Desktop/ros2/ws/install/more_interfaces/share/more_interfaces/environment/path.dsv
[23.737s] -- Installing: /home/ge/Desktop/ros2/ws/install/more_interfaces/share/more_interfaces/local_setup.bash
[23.737s] -- Installing: /home/ge/Desktop/ros2/ws/install/more_interfaces/share/more_interfaces/local_setup.sh
[23.737s] -- Installing: /home/ge/Desktop/ros2/ws/install/more_interfaces/share/more_interfaces/local_setup.zsh
[23.737s] -- Installing: /home/ge/Desktop/ros2/ws/install/more_interfaces/share/more_interfaces/local_setup.dsv
[23.737s] -- Installing: /home/ge/Desktop/ros2/ws/install/more_interfaces/share/more_interfaces/package.dsv
[23.737s] -- Installing: /home/ge/Desktop/ros2/ws/install/more_interfaces/share/ament_index/resource_index/packages/more_interfaces
[23.738s] -- Installing: /home/ge/Desktop/ros2/ws/install/more_interfaces/share/more_interfaces/cmake/more_interfaces__rosidl_generator_cExport.cmake
[23.738s] -- Installing: /home/ge/Desktop/ros2/ws/install/more_interfaces/share/more_interfaces/cmake/more_interfaces__rosidl_generator_cExport-noconfig.cmake
[23.738s] -- Installing: /home/ge/Desktop/ros2/ws/install/more_interfaces/share/more_interfaces/cmake/more_interfaces__rosidl_typesupport_introspection_cExport.cmake
[23.738s] -- Installing: /home/ge/Desktop/ros2/ws/install/more_interfaces/share/more_interfaces/cmake/more_interfaces__rosidl_typesupport_introspection_cExport-noconfig.cmake
[23.738s] -- Installing: /home/ge/Desktop/ros2/ws/install/more_interfaces/share/more_interfaces/cmake/more_interfaces__rosidl_typesupport_cExport.cmake
[23.738s] -- Installing: /home/ge/Desktop/ros2/ws/install/more_interfaces/share/more_interfaces/cmake/more_interfaces__rosidl_typesupport_cExport-noconfig.cmake
[23.738s] -- Installing: /home/ge/Desktop/ros2/ws/install/more_interfaces/share/more_interfaces/cmake/more_interfaces__rosidl_generator_cppExport.cmake
[23.739s] -- Installing: /home/ge/Desktop/ros2/ws/install/more_interfaces/share/more_interfaces/cmake/more_interfaces__rosidl_typesupport_introspection_cppExport.cmake
[23.739s] -- Installing: /home/ge/Desktop/ros2/ws/install/more_interfaces/share/more_interfaces/cmake/more_interfaces__rosidl_typesupport_introspection_cppExport-noconfig.cmake
[23.739s] -- Installing: /home/ge/Desktop/ros2/ws/install/more_interfaces/share/more_interfaces/cmake/more_interfaces__rosidl_typesupport_cppExport.cmake
[23.739s] -- Installing: /home/ge/Desktop/ros2/ws/install/more_interfaces/share/more_interfaces/cmake/more_interfaces__rosidl_typesupport_cppExport-noconfig.cmake
[23.739s] -- Installing: /home/ge/Desktop/ros2/ws/install/more_interfaces/share/more_interfaces/cmake/rosidl_cmake-extras.cmake
[23.739s] -- Installing: /home/ge/Desktop/ros2/ws/install/more_interfaces/share/more_interfaces/cmake/ament_cmake_export_dependencies-extras.cmake
[23.740s] -- Installing: /home/ge/Desktop/ros2/ws/install/more_interfaces/share/more_interfaces/cmake/ament_cmake_export_libraries-extras.cmake
[23.740s] -- Installing: /home/ge/Desktop/ros2/ws/install/more_interfaces/share/more_interfaces/cmake/ament_cmake_export_targets-extras.cmake
[23.740s] -- Installing: /home/ge/Desktop/ros2/ws/install/more_interfaces/share/more_interfaces/cmake/ament_cmake_export_include_directories-extras.cmake
[23.740s] -- Installing: /home/ge/Desktop/ros2/ws/install/more_interfaces/share/more_interfaces/cmake/rosidl_cmake_export_typesupport_libraries-extras.cmake
[23.740s] -- Installing: /home/ge/Desktop/ros2/ws/install/more_interfaces/share/more_interfaces/cmake/rosidl_cmake_export_typesupport_targets-extras.cmake
[23.740s] -- Installing: /home/ge/Desktop/ros2/ws/install/more_interfaces/share/more_interfaces/cmake/more_interfacesConfig.cmake
[23.740s] -- Installing: /home/ge/Desktop/ros2/ws/install/more_interfaces/share/more_interfaces/cmake/more_interfacesConfig-version.cmake
[23.740s] -- Installing: /home/ge/Desktop/ros2/ws/install/more_interfaces/share/more_interfaces/package.xml
[23.743s] Invoked command in '/home/ge/Desktop/ros2/ws/build/more_interfaces' returned '0': CMAKE_PREFIX_PATH=${CMAKE_PREFIX_PATH}:/home/ge/Desktop/ros2/ws/install/examples_rclpy_minimal_subscriber:/home/ge/Desktop/ros2/ws/install/examples_rclpy_minimal_service:/home/ge/Desktop/ros2/ws/install/examples_rclpy_minimal_publisher:/home/ge/Desktop/ros2/ws/install/examples_rclpy_minimal_client:/home/ge/Desktop/ros2/ws/install/examples_rclpy_minimal_action_server:/home/ge/Desktop/ros2/ws/install/examples_rclpy_minimal_action_client:/home/ge/Desktop/ros2/ws/install/examples_rclpy_executors:/opt/ros/foxy _=/usr/bin/env /usr/bin/cmake --install /home/ge/Desktop/ros2/ws/build/more_interfaces
