[2.128s] Invoking command in '/home/ge/Desktop/ros2/ws/build/examples_rclpy_minimal_client': PYTHONPATH=/home/ge/Desktop/ros2/ws/build/examples_rclpy_minimal_client/prefix_override:/home/ge/Desktop/ros2/ws/install/examples_rclpy_minimal_client/lib/python3.8/site-packages:${PYTHONPATH} _=/usr/bin/env /usr/bin/python3 setup.py develop --editable --build-directory /home/ge/Desktop/ros2/ws/build/examples_rclpy_minimal_client/build --no-deps install_data
[2.395s] running develop
[2.545s] running egg_info
[2.546s] writing examples_rclpy_minimal_client.egg-info/PKG-INFO
[2.546s] writing dependency_links to examples_rclpy_minimal_client.egg-info/dependency_links.txt
[2.546s] writing entry points to examples_rclpy_minimal_client.egg-info/entry_points.txt
[2.546s] writing requirements to examples_rclpy_minimal_client.egg-info/requires.txt
[2.546s] writing top-level names to examples_rclpy_minimal_client.egg-info/top_level.txt
[2.577s] reading manifest file 'examples_rclpy_minimal_client.egg-info/SOURCES.txt'
[2.578s] writing manifest file 'examples_rclpy_minimal_client.egg-info/SOURCES.txt'
[2.608s] running build_ext
[2.609s] Creating /home/ge/Desktop/ros2/ws/install/examples_rclpy_minimal_client/lib/python3.8/site-packages/examples-rclpy-minimal-client.egg-link (link to .)
[2.609s] Installing client script to /home/ge/Desktop/ros2/ws/install/examples_rclpy_minimal_client/lib/examples_rclpy_minimal_client
[2.610s] Installing client_async script to /home/ge/Desktop/ros2/ws/install/examples_rclpy_minimal_client/lib/examples_rclpy_minimal_client
[2.610s] Installing client_async_callback script to /home/ge/Desktop/ros2/ws/install/examples_rclpy_minimal_client/lib/examples_rclpy_minimal_client
[2.610s] Installing client_async_member_function script to /home/ge/Desktop/ros2/ws/install/examples_rclpy_minimal_client/lib/examples_rclpy_minimal_client
[2.610s] 
[2.610s] Installed /home/ge/Desktop/ros2/ws/build/examples_rclpy_minimal_client
[2.610s] running install_data
[2.677s] Invoked command in '/home/ge/Desktop/ros2/ws/build/examples_rclpy_minimal_client' returned '0': PYTHONPATH=/home/ge/Desktop/ros2/ws/build/examples_rclpy_minimal_client/prefix_override:/home/ge/Desktop/ros2/ws/install/examples_rclpy_minimal_client/lib/python3.8/site-packages:${PYTHONPATH} _=/usr/bin/env /usr/bin/python3 setup.py develop --editable --build-directory /home/ge/Desktop/ros2/ws/build/examples_rclpy_minimal_client/build --no-deps install_data
