[0.016s] Invoking command in '/home/ge/Desktop/ros2/ws/build/polygon_base': CMAKE_PREFIX_PATH=${CMAKE_PREFIX_PATH}:/home/ge/Desktop/ros2/ws/install/examples_rclpy_minimal_subscriber:/home/ge/Desktop/ros2/ws/install/examples_rclpy_minimal_service:/home/ge/Desktop/ros2/ws/install/examples_rclpy_minimal_publisher:/home/ge/Desktop/ros2/ws/install/examples_rclpy_minimal_client:/home/ge/Desktop/ros2/ws/install/examples_rclpy_minimal_action_server:/home/ge/Desktop/ros2/ws/install/examples_rclpy_minimal_action_client:/home/ge/Desktop/ros2/ws/install/examples_rclpy_executors:/opt/ros/foxy _=/usr/bin/env /usr/bin/cmake --build /home/ge/Desktop/ros2/ws/build/polygon_base -- -j16 -l16
[0.066s] [100%] Built target area_node
[0.075s] Invoked command in '/home/ge/Desktop/ros2/ws/build/polygon_base' returned '0': CMAKE_PREFIX_PATH=${CMAKE_PREFIX_PATH}:/home/ge/Desktop/ros2/ws/install/examples_rclpy_minimal_subscriber:/home/ge/Desktop/ros2/ws/install/examples_rclpy_minimal_service:/home/ge/Desktop/ros2/ws/install/examples_rclpy_minimal_publisher:/home/ge/Desktop/ros2/ws/install/examples_rclpy_minimal_client:/home/ge/Desktop/ros2/ws/install/examples_rclpy_minimal_action_server:/home/ge/Desktop/ros2/ws/install/examples_rclpy_minimal_action_client:/home/ge/Desktop/ros2/ws/install/examples_rclpy_executors:/opt/ros/foxy _=/usr/bin/env /usr/bin/cmake --build /home/ge/Desktop/ros2/ws/build/polygon_base -- -j16 -l16
[0.118s] Invoking command in '/home/ge/Desktop/ros2/ws/build/polygon_base': CMAKE_PREFIX_PATH=${CMAKE_PREFIX_PATH}:/home/ge/Desktop/ros2/ws/install/examples_rclpy_minimal_subscriber:/home/ge/Desktop/ros2/ws/install/examples_rclpy_minimal_service:/home/ge/Desktop/ros2/ws/install/examples_rclpy_minimal_publisher:/home/ge/Desktop/ros2/ws/install/examples_rclpy_minimal_client:/home/ge/Desktop/ros2/ws/install/examples_rclpy_minimal_action_server:/home/ge/Desktop/ros2/ws/install/examples_rclpy_minimal_action_client:/home/ge/Desktop/ros2/ws/install/examples_rclpy_executors:/opt/ros/foxy _=/usr/bin/env /usr/bin/cmake --install /home/ge/Desktop/ros2/ws/build/polygon_base
[0.125s] -- Install configuration: ""
[0.126s] -- Up-to-date: /home/ge/Desktop/ros2/ws/install/polygon_base/lib/polygon_base/area_node
[0.126s] -- Up-to-date: /home/ge/Desktop/ros2/ws/install/polygon_base/include
[0.126s] -- Up-to-date: /home/ge/Desktop/ros2/ws/install/polygon_base/include/polygon_base
[0.126s] -- Up-to-date: /home/ge/Desktop/ros2/ws/install/polygon_base/include/polygon_base/regular_polygon.hpp
[0.126s] -- Up-to-date: /home/ge/Desktop/ros2/ws/install/polygon_base/share/ament_index/resource_index/package_run_dependencies/polygon_base
[0.126s] -- Up-to-date: /home/ge/Desktop/ros2/ws/install/polygon_base/share/ament_index/resource_index/parent_prefix_path/polygon_base
[0.126s] -- Up-to-date: /home/ge/Desktop/ros2/ws/install/polygon_base/share/polygon_base/environment/ament_prefix_path.sh
[0.126s] -- Up-to-date: /home/ge/Desktop/ros2/ws/install/polygon_base/share/polygon_base/environment/ament_prefix_path.dsv
[0.126s] -- Up-to-date: /home/ge/Desktop/ros2/ws/install/polygon_base/share/polygon_base/environment/path.sh
[0.126s] -- Up-to-date: /home/ge/Desktop/ros2/ws/install/polygon_base/share/polygon_base/environment/path.dsv
[0.126s] -- Up-to-date: /home/ge/Desktop/ros2/ws/install/polygon_base/share/polygon_base/local_setup.bash
[0.126s] -- Up-to-date: /home/ge/Desktop/ros2/ws/install/polygon_base/share/polygon_base/local_setup.sh
[0.127s] -- Up-to-date: /home/ge/Desktop/ros2/ws/install/polygon_base/share/polygon_base/local_setup.zsh
[0.127s] -- Up-to-date: /home/ge/Desktop/ros2/ws/install/polygon_base/share/polygon_base/local_setup.dsv
[0.127s] -- Installing: /home/ge/Desktop/ros2/ws/install/polygon_base/share/polygon_base/package.dsv
[0.127s] -- Up-to-date: /home/ge/Desktop/ros2/ws/install/polygon_base/share/ament_index/resource_index/packages/polygon_base
[0.127s] -- Up-to-date: /home/ge/Desktop/ros2/ws/install/polygon_base/share/polygon_base/cmake/ament_cmake_export_include_directories-extras.cmake
[0.127s] -- Up-to-date: /home/ge/Desktop/ros2/ws/install/polygon_base/share/polygon_base/cmake/polygon_baseConfig.cmake
[0.127s] -- Up-to-date: /home/ge/Desktop/ros2/ws/install/polygon_base/share/polygon_base/cmake/polygon_baseConfig-version.cmake
[0.127s] -- Up-to-date: /home/ge/Desktop/ros2/ws/install/polygon_base/share/polygon_base/package.xml
[0.129s] Invoked command in '/home/ge/Desktop/ros2/ws/build/polygon_base' returned '0': CMAKE_PREFIX_PATH=${CMAKE_PREFIX_PATH}:/home/ge/Desktop/ros2/ws/install/examples_rclpy_minimal_subscriber:/home/ge/Desktop/ros2/ws/install/examples_rclpy_minimal_service:/home/ge/Desktop/ros2/ws/install/examples_rclpy_minimal_publisher:/home/ge/Desktop/ros2/ws/install/examples_rclpy_minimal_client:/home/ge/Desktop/ros2/ws/install/examples_rclpy_minimal_action_server:/home/ge/Desktop/ros2/ws/install/examples_rclpy_minimal_action_client:/home/ge/Desktop/ros2/ws/install/examples_rclpy_executors:/opt/ros/foxy _=/usr/bin/env /usr/bin/cmake --install /home/ge/Desktop/ros2/ws/build/polygon_base
