[0.024s] Invoking command in '/home/ge/Desktop/ros2/ws00_hw/build/pkg03_hellovscode_cpp': CMAKE_PREFIX_PATH=${CMAKE_PREFIX_PATH}:/opt/ros/foxy _=/usr/bin/env /usr/bin/cmake --build /home/ge/Desktop/ros2/ws00_hw/build/pkg03_hellovscode_cpp -- -j16 -l16
[0.053s] -- Found ament_cmake: 0.9.11 (/opt/ros/foxy/share/ament_cmake/cmake)
[0.077s] -- Using PYTHON_EXECUTABLE: /usr/bin/python3
[0.312s] -- Found rclcpp: 2.4.2 (/opt/ros/foxy/share/rclcpp/cmake)
[0.345s] -- Using all available rosidl_typesupport_c: rosidl_typesupport_connext_c;rosidl_typesupport_fastrtps_c;rosidl_typesupport_introspection_c
[0.348s] -- Found rosidl_adapter: 1.3.0 (/opt/ros/foxy/share/rosidl_adapter/cmake)
[0.351s] -- Found RTI Connext: /opt/rti.com/rti_connext_dds-5.3.1
[0.818s] -- Using all available rosidl_typesupport_cpp: rosidl_typesupport_connext_cpp;rosidl_typesupport_fastrtps_cpp;rosidl_typesupport_introspection_cpp
[0.868s] -- Found rmw_implementation_cmake: 1.0.3 (/opt/ros/foxy/share/rmw_implementation_cmake/cmake)
[0.870s] -- Using RMW implementation 'rmw_fastrtps_cpp' as default
[1.029s] -- Found ament_lint_auto: 0.9.7 (/opt/ros/foxy/share/ament_lint_auto/cmake)
[1.116s] -- Added test 'copyright' to check source files copyright and LICENSE
[1.116s] -- Added test 'cppcheck' to perform static code analysis on C / C++ code
[1.116s] -- Configured cppcheck include dirs: $<BUILD_INTERFACE:/home/ge/Desktop/ros2/ws00_hw/src/pkg03_hellovscode_cpp/include>
[1.117s] -- Configured cppcheck exclude dirs and/or files: 
[1.117s] -- Added test 'cpplint' to check C / C++ code against the Google style
[1.117s] -- Configured cpplint exclude dirs and/or files: 
[1.118s] -- Added test 'lint_cmake' to check CMake code style
[1.118s] -- Added test 'uncrustify' to check C / C++ code style
[1.118s] -- Configured uncrustify additional arguments: 
[1.119s] -- Added test 'xmllint' to check XML markup files
[1.121s] -- Configuring done
[1.132s] -- Generating done
[1.133s] -- Build files have been written to: /home/ge/Desktop/ros2/ws00_hw/build/pkg03_hellovscode_cpp
[1.157s] [35m[1mScanning dependencies of target hellovscode2[0m
[1.178s] [ 50%] Built target hellovscode
[1.192s] [ 75%] [32mBuilding CXX object CMakeFiles/hellovscode2.dir/src/hellovscode2.cpp.o[0m
[2.937s] [100%] [32m[1mLinking CXX executable hellovscode2[0m
[3.037s] [100%] Built target hellovscode2
[3.052s] Invoked command in '/home/ge/Desktop/ros2/ws00_hw/build/pkg03_hellovscode_cpp' returned '0': CMAKE_PREFIX_PATH=${CMAKE_PREFIX_PATH}:/opt/ros/foxy _=/usr/bin/env /usr/bin/cmake --build /home/ge/Desktop/ros2/ws00_hw/build/pkg03_hellovscode_cpp -- -j16 -l16
[3.094s] Invoking command in '/home/ge/Desktop/ros2/ws00_hw/build/pkg03_hellovscode_cpp': CMAKE_PREFIX_PATH=${CMAKE_PREFIX_PATH}:/opt/ros/foxy _=/usr/bin/env /usr/bin/cmake --install /home/ge/Desktop/ros2/ws00_hw/build/pkg03_hellovscode_cpp
[3.101s] -- Install configuration: ""
[3.101s] -- Up-to-date: /home/ge/Desktop/ros2/ws00_hw/install/pkg03_hellovscode_cpp/lib/pkg03_hellovscode_cpp/hellovscode
[3.101s] -- Up-to-date: /home/ge/Desktop/ros2/ws00_hw/install/pkg03_hellovscode_cpp/share/ament_index/resource_index/package_run_dependencies/pkg03_hellovscode_cpp
[3.101s] -- Installing: /home/ge/Desktop/ros2/ws00_hw/install/pkg03_hellovscode_cpp/share/ament_index/resource_index/parent_prefix_path/pkg03_hellovscode_cpp
[3.102s] -- Up-to-date: /home/ge/Desktop/ros2/ws00_hw/install/pkg03_hellovscode_cpp/share/pkg03_hellovscode_cpp/environment/ament_prefix_path.sh
[3.102s] -- Installing: /home/ge/Desktop/ros2/ws00_hw/install/pkg03_hellovscode_cpp/share/pkg03_hellovscode_cpp/environment/ament_prefix_path.dsv
[3.102s] -- Up-to-date: /home/ge/Desktop/ros2/ws00_hw/install/pkg03_hellovscode_cpp/share/pkg03_hellovscode_cpp/environment/path.sh
[3.102s] -- Installing: /home/ge/Desktop/ros2/ws00_hw/install/pkg03_hellovscode_cpp/share/pkg03_hellovscode_cpp/environment/path.dsv
[3.102s] -- Up-to-date: /home/ge/Desktop/ros2/ws00_hw/install/pkg03_hellovscode_cpp/share/pkg03_hellovscode_cpp/local_setup.bash
[3.102s] -- Up-to-date: /home/ge/Desktop/ros2/ws00_hw/install/pkg03_hellovscode_cpp/share/pkg03_hellovscode_cpp/local_setup.sh
[3.102s] -- Up-to-date: /home/ge/Desktop/ros2/ws00_hw/install/pkg03_hellovscode_cpp/share/pkg03_hellovscode_cpp/local_setup.zsh
[3.102s] -- Installing: /home/ge/Desktop/ros2/ws00_hw/install/pkg03_hellovscode_cpp/share/pkg03_hellovscode_cpp/local_setup.dsv
[3.102s] -- Installing: /home/ge/Desktop/ros2/ws00_hw/install/pkg03_hellovscode_cpp/share/pkg03_hellovscode_cpp/package.dsv
[3.103s] -- Up-to-date: /home/ge/Desktop/ros2/ws00_hw/install/pkg03_hellovscode_cpp/share/ament_index/resource_index/packages/pkg03_hellovscode_cpp
[3.103s] -- Up-to-date: /home/ge/Desktop/ros2/ws00_hw/install/pkg03_hellovscode_cpp/share/pkg03_hellovscode_cpp/cmake/pkg03_hellovscode_cppConfig.cmake
[3.103s] -- Up-to-date: /home/ge/Desktop/ros2/ws00_hw/install/pkg03_hellovscode_cpp/share/pkg03_hellovscode_cpp/cmake/pkg03_hellovscode_cppConfig-version.cmake
[3.103s] -- Up-to-date: /home/ge/Desktop/ros2/ws00_hw/install/pkg03_hellovscode_cpp/share/pkg03_hellovscode_cpp/package.xml
[3.105s] Invoked command in '/home/ge/Desktop/ros2/ws00_hw/build/pkg03_hellovscode_cpp' returned '0': CMAKE_PREFIX_PATH=${CMAKE_PREFIX_PATH}:/opt/ros/foxy _=/usr/bin/env /usr/bin/cmake --install /home/ge/Desktop/ros2/ws00_hw/build/pkg03_hellovscode_cpp
