[0.128s] Invoking command in '/home/ge/Desktop/ros2/ws/build/examples_rclcpp_minimal_composition': CMAKE_PREFIX_PATH=/opt/ros/foxy _=/usr/bin/env /usr/bin/cmake /home/ge/Desktop/ros2/ws/src/examples/rclcpp/composition/minimal_composition -DAMENT_CMAKE_SYMLINK_INSTALL=1 -DCMAKE_INSTALL_PREFIX=/home/ge/Desktop/ros2/ws/install/examples_rclcpp_minimal_composition
[2.214s] -- The C compiler identification is GNU 9.4.0
[2.214s] -- The CXX compiler identification is GNU 9.4.0
[2.214s] -- Check for working C compiler: /usr/bin/cc
[2.214s] -- Check for working C compiler: /usr/bin/cc -- works
[2.215s] -- Detecting C compiler ABI info
[2.215s] -- Detecting C compiler ABI info - done
[2.215s] -- Detecting C compile features
[2.215s] -- Detecting C compile features - done
[2.215s] -- Check for working CXX compiler: /usr/bin/c++
[2.215s] -- Check for working CXX compiler: /usr/bin/c++ -- works
[2.215s] -- Detecting CXX compiler ABI info
[2.215s] -- Detecting CXX compiler ABI info - done
[2.215s] -- Detecting CXX compile features
[2.215s] -- Detecting CXX compile features - done
[2.216s] -- Found ament_cmake: 0.9.11 (/opt/ros/foxy/share/ament_cmake/cmake)
[2.216s] -- Found PythonInterp: /usr/bin/python3 (found suitable version "3.8.10", minimum required is "3") 
[2.216s] -- Using PYTHON_EXECUTABLE: /usr/bin/python3
[2.216s] -- Override CMake install command with custom implementation using symlinks instead of copying resources
[2.216s] -- Found rclcpp: 2.4.2 (/opt/ros/foxy/share/rclcpp/cmake)
[2.216s] -- Using all available rosidl_typesupport_c: rosidl_typesupport_connext_c;rosidl_typesupport_fastrtps_c;rosidl_typesupport_introspection_c
[2.216s] -- Found rosidl_adapter: 1.3.0 (/opt/ros/foxy/share/rosidl_adapter/cmake)
[2.216s] -- Found RTI Connext: /opt/rti.com/rti_connext_dds-5.3.1
[2.216s] -- Found OpenSSL: /usr/lib/x86_64-linux-gnu/libcrypto.so (found version "1.1.1f")  
[2.217s] -- Found FastRTPS: /opt/ros/foxy/include  
[2.217s] -- Using all available rosidl_typesupport_cpp: rosidl_typesupport_connext_cpp;rosidl_typesupport_fastrtps_cpp;rosidl_typesupport_introspection_cpp
[2.217s] -- Found rmw_implementation_cmake: 1.0.3 (/opt/ros/foxy/share/rmw_implementation_cmake/cmake)
[2.217s] -- Using RMW implementation 'rmw_fastrtps_cpp' as default
[2.217s] -- Looking for pthread.h
[2.217s] -- Looking for pthread.h - found
[2.217s] -- Performing Test CMAKE_HAVE_LIBC_PTHREAD
[2.240s] -- Performing Test CMAKE_HAVE_LIBC_PTHREAD - Failed
[2.241s] -- Looking for pthread_create in pthreads
[2.306s] -- Looking for pthread_create in pthreads - not found
[2.306s] -- Looking for pthread_create in pthread
[2.401s] -- Looking for pthread_create in pthread - found
[2.405s] -- Found Threads: TRUE  
[2.666s] -- Found rclcpp_components: 2.4.2 (/opt/ros/foxy/share/rclcpp_components/cmake)
[2.767s] -- Found ament_lint_auto: 0.9.7 (/opt/ros/foxy/share/ament_lint_auto/cmake)
[2.891s] -- Added test 'copyright' to check source files copyright and LICENSE
[2.893s] -- Added test 'cppcheck' to perform static code analysis on C / C++ code
[2.893s] -- Configured cppcheck include dirs: /home/ge/Desktop/ros2/ws/src/examples/rclcpp/composition/minimal_composition/include
[2.893s] -- Configured cppcheck exclude dirs and/or files: 
[2.895s] -- Added test 'cpplint' to check C / C++ code against the Google style
[2.896s] -- Configured cpplint exclude dirs and/or files: 
[2.896s] -- Added test 'lint_cmake' to check CMake code style
[2.898s] -- Added test 'uncrustify' to check C / C++ code style
[2.898s] -- Configured uncrustify additional arguments: 
[2.899s] -- Added test 'xmllint' to check XML markup files
[2.911s] -- Configuring done
[2.948s] -- Generating done
[2.953s] -- Build files have been written to: /home/ge/Desktop/ros2/ws/build/examples_rclcpp_minimal_composition
[3.016s] Invoked command in '/home/ge/Desktop/ros2/ws/build/examples_rclcpp_minimal_composition' returned '0': CMAKE_PREFIX_PATH=/opt/ros/foxy _=/usr/bin/env /usr/bin/cmake /home/ge/Desktop/ros2/ws/src/examples/rclcpp/composition/minimal_composition -DAMENT_CMAKE_SYMLINK_INSTALL=1 -DCMAKE_INSTALL_PREFIX=/home/ge/Desktop/ros2/ws/install/examples_rclcpp_minimal_composition
[3.017s] Invoking command in '/home/ge/Desktop/ros2/ws/build/examples_rclcpp_minimal_composition': CMAKE_PREFIX_PATH=/opt/ros/foxy _=/usr/bin/env /usr/bin/cmake --build /home/ge/Desktop/ros2/ws/build/examples_rclcpp_minimal_composition -- -j16 -l16
[3.214s] [35m[1mScanning dependencies of target composition_nodes[0m
[3.326s] [ 11%] [32mBuilding CXX object CMakeFiles/composition_nodes.dir/src/publisher_node.cpp.o[0m
[3.345s] [ 22%] [32mBuilding CXX object CMakeFiles/composition_nodes.dir/src/subscriber_node.cpp.o[0m
[9.794s] [ 33%] [32m[1mLinking CXX shared library libcomposition_nodes.so[0m
[10.002s] [ 33%] Built target composition_nodes
[10.009s] [35m[1mScanning dependencies of target composition_publisher[0m
[10.009s] [35m[1mScanning dependencies of target composition_composed[0m
[10.010s] [35m[1mScanning dependencies of target composition_subscriber[0m
[10.036s] [ 55%] [32mBuilding CXX object CMakeFiles/composition_composed.dir/src/composed.cpp.o[0m
[10.037s] [ 55%] [32mBuilding CXX object CMakeFiles/composition_publisher.dir/src/standalone_publisher.cpp.o[0m
[10.045s] [ 66%] [32mBuilding CXX object CMakeFiles/composition_subscriber.dir/src/standalone_subscriber.cpp.o[0m
[11.307s] [ 77%] [32m[1mLinking CXX executable composition_publisher[0m
[11.331s] [ 88%] [32m[1mLinking CXX executable composition_subscriber[0m
[11.335s] [100%] [32m[1mLinking CXX executable composition_composed[0m
[11.433s] [100%] Built target composition_publisher
[11.450s] [100%] Built target composition_subscriber
[11.453s] [100%] Built target composition_composed
[11.463s] Invoked command in '/home/ge/Desktop/ros2/ws/build/examples_rclcpp_minimal_composition' returned '0': CMAKE_PREFIX_PATH=/opt/ros/foxy _=/usr/bin/env /usr/bin/cmake --build /home/ge/Desktop/ros2/ws/build/examples_rclcpp_minimal_composition -- -j16 -l16
[11.500s] Invoking command in '/home/ge/Desktop/ros2/ws/build/examples_rclcpp_minimal_composition': CMAKE_PREFIX_PATH=/opt/ros/foxy _=/usr/bin/env /usr/bin/cmake --install /home/ge/Desktop/ros2/ws/build/examples_rclcpp_minimal_composition
[11.508s] -- Install configuration: ""
[11.509s] -- Execute custom install script
[11.510s] -- Symlinking: /home/ge/Desktop/ros2/ws/install/examples_rclcpp_minimal_composition/share/examples_rclcpp_minimal_composition/environment/library_path.sh
[11.517s] -- Symlinking: /home/ge/Desktop/ros2/ws/install/examples_rclcpp_minimal_composition/share/examples_rclcpp_minimal_composition/environment/library_path.dsv
[11.526s] -- Symlinking: /home/ge/Desktop/ros2/ws/install/examples_rclcpp_minimal_composition/lib/libcomposition_nodes.so
[11.531s] -- Symlinking: /home/ge/Desktop/ros2/ws/install/examples_rclcpp_minimal_composition/lib/examples_rclcpp_minimal_composition/composition_publisher
[11.536s] -- Symlinking: /home/ge/Desktop/ros2/ws/install/examples_rclcpp_minimal_composition/lib/examples_rclcpp_minimal_composition/composition_subscriber
[11.546s] -- Symlinking: /home/ge/Desktop/ros2/ws/install/examples_rclcpp_minimal_composition/lib/examples_rclcpp_minimal_composition/composition_composed
[11.553s] -- Symlinking: /home/ge/Desktop/ros2/ws/install/examples_rclcpp_minimal_composition/share/ament_index/resource_index/package_run_dependencies/examples_rclcpp_minimal_composition
[11.560s] -- Symlinking: /home/ge/Desktop/ros2/ws/install/examples_rclcpp_minimal_composition/share/ament_index/resource_index/parent_prefix_path/examples_rclcpp_minimal_composition
[11.566s] -- Symlinking: /home/ge/Desktop/ros2/ws/install/examples_rclcpp_minimal_composition/share/examples_rclcpp_minimal_composition/environment/ament_prefix_path.sh
[11.572s] -- Symlinking: /home/ge/Desktop/ros2/ws/install/examples_rclcpp_minimal_composition/share/examples_rclcpp_minimal_composition/environment/ament_prefix_path.dsv
[11.577s] -- Symlinking: /home/ge/Desktop/ros2/ws/install/examples_rclcpp_minimal_composition/share/examples_rclcpp_minimal_composition/environment/path.sh
[11.583s] -- Symlinking: /home/ge/Desktop/ros2/ws/install/examples_rclcpp_minimal_composition/share/examples_rclcpp_minimal_composition/environment/path.dsv
[11.590s] -- Symlinking: /home/ge/Desktop/ros2/ws/install/examples_rclcpp_minimal_composition/share/examples_rclcpp_minimal_composition/local_setup.bash
[11.597s] -- Symlinking: /home/ge/Desktop/ros2/ws/install/examples_rclcpp_minimal_composition/share/examples_rclcpp_minimal_composition/local_setup.sh
[11.602s] -- Symlinking: /home/ge/Desktop/ros2/ws/install/examples_rclcpp_minimal_composition/share/examples_rclcpp_minimal_composition/local_setup.zsh
[11.607s] -- Symlinking: /home/ge/Desktop/ros2/ws/install/examples_rclcpp_minimal_composition/share/examples_rclcpp_minimal_composition/local_setup.dsv
[11.614s] -- Symlinking: /home/ge/Desktop/ros2/ws/install/examples_rclcpp_minimal_composition/share/examples_rclcpp_minimal_composition/package.dsv
[11.621s] -- Symlinking: /home/ge/Desktop/ros2/ws/install/examples_rclcpp_minimal_composition/share/ament_index/resource_index/packages/examples_rclcpp_minimal_composition
[11.626s] -- Symlinking: /home/ge/Desktop/ros2/ws/install/examples_rclcpp_minimal_composition/share/examples_rclcpp_minimal_composition/cmake/examples_rclcpp_minimal_compositionConfig.cmake
[11.631s] -- Symlinking: /home/ge/Desktop/ros2/ws/install/examples_rclcpp_minimal_composition/share/examples_rclcpp_minimal_composition/cmake/examples_rclcpp_minimal_compositionConfig-version.cmake
[11.636s] -- Symlinking: /home/ge/Desktop/ros2/ws/install/examples_rclcpp_minimal_composition/share/examples_rclcpp_minimal_composition/package.xml
[11.649s] Invoked command in '/home/ge/Desktop/ros2/ws/build/examples_rclcpp_minimal_composition' returned '0': CMAKE_PREFIX_PATH=/opt/ros/foxy _=/usr/bin/env /usr/bin/cmake --install /home/ge/Desktop/ros2/ws/build/examples_rclcpp_minimal_composition
