[0.014s] Invoking command in '/home/ge/Desktop/ros2/ws/build/tutorial_interfaces': CMAKE_PREFIX_PATH=${CMAKE_PREFIX_PATH}:/home/ge/Desktop/ros2/ws/install/examples_rclpy_minimal_subscriber:/home/ge/Desktop/ros2/ws/install/examples_rclpy_minimal_service:/home/ge/Desktop/ros2/ws/install/examples_rclpy_minimal_publisher:/home/ge/Desktop/ros2/ws/install/examples_rclpy_minimal_client:/home/ge/Desktop/ros2/ws/install/examples_rclpy_minimal_action_server:/home/ge/Desktop/ros2/ws/install/examples_rclpy_minimal_action_client:/home/ge/Desktop/ros2/ws/install/examples_rclpy_executors:/opt/ros/foxy _=/usr/bin/env /usr/bin/cmake /home/ge/Desktop/ros2/ws/src/tutorial_interfaces -DCMAKE_INSTALL_PREFIX=/home/ge/Desktop/ros2/ws/install/tutorial_interfaces
[0.067s] -- The C compiler identification is GNU 9.4.0
[0.119s] -- The CXX compiler identification is GNU 9.4.0
[0.125s] -- Check for working C compiler: /usr/bin/cc
[0.182s] -- Check for working C compiler: /usr/bin/cc -- works
[0.183s] -- Detecting C compiler ABI info
[0.249s] -- Detecting C compiler ABI info - done
[0.262s] -- Detecting C compile features
[0.263s] -- Detecting C compile features - done
[0.264s] -- Check for working CXX compiler: /usr/bin/c++
[0.335s] -- Check for working CXX compiler: /usr/bin/c++ -- works
[0.336s] -- Detecting CXX compiler ABI info
[0.404s] -- Detecting CXX compiler ABI info - done
[0.412s] -- Detecting CXX compile features
[0.412s] -- Detecting CXX compile features - done
[0.415s] -- Found ament_cmake: 0.9.11 (/opt/ros/foxy/share/ament_cmake/cmake)
[0.443s] -- Found PythonInterp: /usr/bin/python3 (found suitable version "3.8.10", minimum required is "3") 
[0.444s] -- Using PYTHON_EXECUTABLE: /usr/bin/python3
[0.646s] -- Found geometry_msgs: 2.0.5 (/opt/ros/foxy/share/geometry_msgs/cmake)
[0.682s] -- Using all available rosidl_typesupport_c: rosidl_typesupport_connext_c;rosidl_typesupport_fastrtps_c;rosidl_typesupport_introspection_c
[0.688s] -- Found rosidl_adapter: 1.3.0 (/opt/ros/foxy/share/rosidl_adapter/cmake)
[0.692s] -- Found RTI Connext: /opt/rti.com/rti_connext_dds-5.3.1
[1.429s] -- Found OpenSSL: /usr/lib/x86_64-linux-gnu/libcrypto.so (found version "1.1.1f")  
[1.454s] -- Found FastRTPS: /opt/ros/foxy/include  
[1.508s] -- Using all available rosidl_typesupport_cpp: rosidl_typesupport_connext_cpp;rosidl_typesupport_fastrtps_cpp;rosidl_typesupport_introspection_cpp
[1.596s] -- Found rosidl_default_generators: 1.0.1 (/opt/ros/foxy/share/rosidl_default_generators/cmake)
[1.610s] CMake Error at /opt/ros/foxy/share/rosidl_cmake/cmake/rosidl_generate_interfaces.cmake:93 (message):
[1.610s]   rosidl_generate_interfaces() the passed file 'msg/Num.msg' doesn't exist
[1.610s]   relative to the CMAKE_CURRENT_SOURCE_DIR
[1.610s]   '/home/ge/Desktop/ros2/ws/src/tutorial_interfaces'
[1.610s] Call Stack (most recent call first):
[1.610s]   CMakeLists.txt:26 (rosidl_generate_interfaces)
[1.610s] 
[1.611s] 
[1.611s] -- Configuring incomplete, errors occurred!
[1.611s] See also "/home/ge/Desktop/ros2/ws/build/tutorial_interfaces/CMakeFiles/CMakeOutput.log".
[1.618s] Invoked command in '/home/ge/Desktop/ros2/ws/build/tutorial_interfaces' returned '1': CMAKE_PREFIX_PATH=${CMAKE_PREFIX_PATH}:/home/ge/Desktop/ros2/ws/install/examples_rclpy_minimal_subscriber:/home/ge/Desktop/ros2/ws/install/examples_rclpy_minimal_service:/home/ge/Desktop/ros2/ws/install/examples_rclpy_minimal_publisher:/home/ge/Desktop/ros2/ws/install/examples_rclpy_minimal_client:/home/ge/Desktop/ros2/ws/install/examples_rclpy_minimal_action_server:/home/ge/Desktop/ros2/ws/install/examples_rclpy_minimal_action_client:/home/ge/Desktop/ros2/ws/install/examples_rclpy_executors:/opt/ros/foxy _=/usr/bin/env /usr/bin/cmake /home/ge/Desktop/ros2/ws/src/tutorial_interfaces -DCMAKE_INSTALL_PREFIX=/home/ge/Desktop/ros2/ws/install/tutorial_interfaces
