[0.015s] Invoking command in '/home/ge/Desktop/ros2/ws/src/build/action_tutorials': CMAKE_PREFIX_PATH=/opt/ros/foxy _=/usr/bin/env /usr/bin/cmake --build /home/ge/Desktop/ros2/ws/src/build/action_tutorials -- -j16 -l16
[0.042s] -- Found ament_cmake: 0.9.11 (/opt/ros/foxy/share/ament_cmake/cmake)
[0.061s] -- Using PYTHON_EXECUTABLE: /usr/bin/python3
[0.228s] -- Found action_tutorials_interfaces: 0.0.0 (/home/ge/Desktop/ros2/ws/install/action_tutorials_interfaces/share/action_tutorials_interfaces/cmake)
[0.245s] -- Using all available rosidl_typesupport_c: rosidl_typesupport_connext_c;rosidl_typesupport_fastrtps_c;rosidl_typesupport_introspection_c
[0.247s] -- Found rosidl_adapter: 1.3.0 (/opt/ros/foxy/share/rosidl_adapter/cmake)
[0.249s] -- Found RTI Connext: /opt/rti.com/rti_connext_dds-5.3.1
[0.609s] -- Using all available rosidl_typesupport_cpp: rosidl_typesupport_connext_cpp;rosidl_typesupport_fastrtps_cpp;rosidl_typesupport_introspection_cpp
[0.693s] -- Found rclcpp: 2.4.2 (/opt/ros/foxy/share/rclcpp/cmake)
[0.718s] -- Found rmw_implementation_cmake: 1.0.3 (/opt/ros/foxy/share/rmw_implementation_cmake/cmake)
[0.719s] -- Using RMW implementation 'rmw_fastrtps_cpp' as default
[0.821s] -- Found rclcpp_action: 2.4.2 (/opt/ros/foxy/share/rclcpp_action/cmake)
[0.842s] -- Found rclcpp_components: 2.4.2 (/opt/ros/foxy/share/rclcpp_components/cmake)
[0.926s] -- Configuring done
[0.938s] -- Generating done
[0.939s] -- Build files have been written to: /home/ge/Desktop/ros2/ws/src/build/action_tutorials
[0.963s] [35m[1mScanning dependencies of target fibonacci_action_server[0m
[0.974s] [ 25%] [32mBuilding CXX object CMakeFiles/action_server.dir/src/fibonacci_action_server.cpp.o[0m
[0.983s] [ 50%] [32mBuilding CXX object CMakeFiles/fibonacci_action_server.dir/rclcpp_components/node_main_fibonacci_action_server.cpp.o[0m
[1.052s] [01m[K/home/ge/Desktop/ros2/ws/src/action_tutorials/src/fibonacci_action_server.cpp:10:10:[m[K [01;31m[Kfatal error: [m[Kaction_tutorials_cpp/visibility_control.h: No such file or directory
[1.052s]    10 | #include [01;31m[K"action_tutorials_cpp/visibility_control.h"[m[K
[1.052s]       |          [01;31m[K^~~~~~~~~~~~~~~~~~~~~~~~~~~~~~~~~~~~~~~~~~~[m[K
[1.052s] compilation terminated.
[1.053s] make[2]: *** [CMakeFiles/action_server.dir/build.make:63: CMakeFiles/action_server.dir/src/fibonacci_action_server.cpp.o] Error 1
[1.053s] make[1]: *** [CMakeFiles/Makefile2:80: CMakeFiles/action_server.dir/all] Error 2
[1.053s] make[1]: *** Waiting for unfinished jobs....
[2.467s] [ 75%] [32m[1mLinking CXX executable fibonacci_action_server[0m
[2.575s] [ 75%] Built target fibonacci_action_server
[2.576s] make: *** [Makefile:141: all] Error 2
[2.577s] Invoked command in '/home/ge/Desktop/ros2/ws/src/build/action_tutorials' returned '2': CMAKE_PREFIX_PATH=/opt/ros/foxy _=/usr/bin/env /usr/bin/cmake --build /home/ge/Desktop/ros2/ws/src/build/action_tutorials -- -j16 -l16
