[0.135s] Invoking command in '/home/ge/Desktop/ros2/ws/build/examples_rclcpp_minimal_publisher': CMAKE_PREFIX_PATH=/opt/ros/foxy _=/usr/bin/env /usr/bin/cmake --build /home/ge/Desktop/ros2/ws/build/examples_rclcpp_minimal_publisher -- -j16 -l16
[0.976s] [ 33%] Built target publisher_not_composable
[0.976s] [ 66%] Built target publisher_member_function
[0.976s] [100%] Built target publisher_lambda
[0.984s] Invoked command in '/home/ge/Desktop/ros2/ws/build/examples_rclcpp_minimal_publisher' returned '0': CMAKE_PREFIX_PATH=/opt/ros/foxy _=/usr/bin/env /usr/bin/cmake --build /home/ge/Desktop/ros2/ws/build/examples_rclcpp_minimal_publisher -- -j16 -l16
[1.055s] Invoking command in '/home/ge/Desktop/ros2/ws/build/examples_rclcpp_minimal_publisher': CMAKE_PREFIX_PATH=/opt/ros/foxy _=/usr/bin/env /usr/bin/cmake --install /home/ge/Desktop/ros2/ws/build/examples_rclcpp_minimal_publisher
[1.094s] -- Install configuration: ""
[1.094s] -- Execute custom install script
[1.094s] -- Up-to-date symlink: /home/ge/Desktop/ros2/ws/install/examples_rclcpp_minimal_publisher/lib/examples_rclcpp_minimal_publisher/publisher_lambda
[1.094s] -- Up-to-date symlink: /home/ge/Desktop/ros2/ws/install/examples_rclcpp_minimal_publisher/lib/examples_rclcpp_minimal_publisher/publisher_member_function
[1.095s] -- Up-to-date symlink: /home/ge/Desktop/ros2/ws/install/examples_rclcpp_minimal_publisher/lib/examples_rclcpp_minimal_publisher/publisher_not_composable
[1.096s] -- Up-to-date symlink: /home/ge/Desktop/ros2/ws/install/examples_rclcpp_minimal_publisher/share/ament_index/resource_index/package_run_dependencies/examples_rclcpp_minimal_publisher
[1.096s] -- Up-to-date symlink: /home/ge/Desktop/ros2/ws/install/examples_rclcpp_minimal_publisher/share/ament_index/resource_index/parent_prefix_path/examples_rclcpp_minimal_publisher
[1.096s] -- Up-to-date symlink: /home/ge/Desktop/ros2/ws/install/examples_rclcpp_minimal_publisher/share/examples_rclcpp_minimal_publisher/environment/ament_prefix_path.sh
[1.097s] -- Up-to-date symlink: /home/ge/Desktop/ros2/ws/install/examples_rclcpp_minimal_publisher/share/examples_rclcpp_minimal_publisher/environment/ament_prefix_path.dsv
[1.097s] -- Up-to-date symlink: /home/ge/Desktop/ros2/ws/install/examples_rclcpp_minimal_publisher/share/examples_rclcpp_minimal_publisher/environment/path.sh
[1.097s] -- Up-to-date symlink: /home/ge/Desktop/ros2/ws/install/examples_rclcpp_minimal_publisher/share/examples_rclcpp_minimal_publisher/environment/path.dsv
[1.097s] -- Up-to-date symlink: /home/ge/Desktop/ros2/ws/install/examples_rclcpp_minimal_publisher/share/examples_rclcpp_minimal_publisher/local_setup.bash
[1.097s] -- Up-to-date symlink: /home/ge/Desktop/ros2/ws/install/examples_rclcpp_minimal_publisher/share/examples_rclcpp_minimal_publisher/local_setup.sh
[1.097s] -- Up-to-date symlink: /home/ge/Desktop/ros2/ws/install/examples_rclcpp_minimal_publisher/share/examples_rclcpp_minimal_publisher/local_setup.zsh
[1.097s] -- Up-to-date symlink: /home/ge/Desktop/ros2/ws/install/examples_rclcpp_minimal_publisher/share/examples_rclcpp_minimal_publisher/local_setup.dsv
[1.097s] -- Symlinking: /home/ge/Desktop/ros2/ws/install/examples_rclcpp_minimal_publisher/share/examples_rclcpp_minimal_publisher/package.dsv
[1.100s] -- Up-to-date symlink: /home/ge/Desktop/ros2/ws/install/examples_rclcpp_minimal_publisher/share/ament_index/resource_index/packages/examples_rclcpp_minimal_publisher
[1.100s] -- Up-to-date symlink: /home/ge/Desktop/ros2/ws/install/examples_rclcpp_minimal_publisher/share/examples_rclcpp_minimal_publisher/cmake/examples_rclcpp_minimal_publisherConfig.cmake
[1.100s] -- Up-to-date symlink: /home/ge/Desktop/ros2/ws/install/examples_rclcpp_minimal_publisher/share/examples_rclcpp_minimal_publisher/cmake/examples_rclcpp_minimal_publisherConfig-version.cmake
[1.100s] -- Up-to-date symlink: /home/ge/Desktop/ros2/ws/install/examples_rclcpp_minimal_publisher/share/examples_rclcpp_minimal_publisher/package.xml
[1.227s] Invoked command in '/home/ge/Desktop/ros2/ws/build/examples_rclcpp_minimal_publisher' returned '0': CMAKE_PREFIX_PATH=/opt/ros/foxy _=/usr/bin/env /usr/bin/cmake --install /home/ge/Desktop/ros2/ws/build/examples_rclcpp_minimal_publisher
