[0.122s] Invoking command in '/home/ge/Desktop/ros2/ws/build/tutorial_interfaces': CMAKE_PREFIX_PATH=/opt/ros/foxy _=/usr/bin/env /usr/bin/cmake /home/ge/Desktop/ros2/ws/src/tutorial_interfaces -DCMAKE_INSTALL_PREFIX=/home/ge/Desktop/ros2/ws/install/tutorial_interfaces
[0.599s] -- Found ament_cmake: 0.9.11 (/opt/ros/foxy/share/ament_cmake/cmake)
[0.600s] -- Found PythonInterp: /usr/bin/python3 (found suitable version "3.8.10", minimum required is "3") 
[0.600s] -- Using PYTHON_EXECUTABLE: /usr/bin/python3
[0.600s] -- Override CMake install command with custom implementation using symlinks instead of copying resources
[0.600s] -- Found geometry_msgs: 2.0.5 (/opt/ros/foxy/share/geometry_msgs/cmake)
[0.600s] -- Using all available rosidl_typesupport_c: rosidl_typesupport_connext_c;rosidl_typesupport_fastrtps_c;rosidl_typesupport_introspection_c
[0.601s] -- Found rosidl_adapter: 1.3.0 (/opt/ros/foxy/share/rosidl_adapter/cmake)
[0.601s] -- Found RTI Connext: /opt/rti.com/rti_connext_dds-5.3.1
[1.131s] -- Using all available rosidl_typesupport_cpp: rosidl_typesupport_connext_cpp;rosidl_typesupport_fastrtps_cpp;rosidl_typesupport_introspection_cpp
[1.200s] -- Found rosidl_default_generators: 1.0.1 (/opt/ros/foxy/share/rosidl_default_generators/cmake)
[1.229s] -- Found PythonInterp: /usr/bin/python3 (found version "3.8.10") 
[1.491s] -- Found ament_cmake_ros: 0.9.2 (/opt/ros/foxy/share/ament_cmake_ros/cmake)
[1.675s] -- Using all available rosidl_typesupport_c: rosidl_typesupport_connext_c;rosidl_typesupport_fastrtps_c;rosidl_typesupport_introspection_c
[1.750s] -- Using all available rosidl_typesupport_cpp: rosidl_typesupport_connext_cpp;rosidl_typesupport_fastrtps_cpp;rosidl_typesupport_introspection_cpp
[1.772s] -- Found PythonInterp: /usr/bin/python3 (found suitable version "3.8.10", minimum required is "3.5") 
[1.773s] -- Found python_cmake_module: 0.8.1 (/opt/ros/foxy/share/python_cmake_module/cmake)
[1.791s] -- Using PYTHON_EXECUTABLE: /usr/bin/python3
[1.791s] -- Using PYTHON_INCLUDE_DIRS: /usr/include/python3.8
[1.791s] -- Using PYTHON_LIBRARIES: /usr/lib/x86_64-linux-gnu/libpython3.8.so
[1.835s] -- Found ament_lint_auto: 0.9.7 (/opt/ros/foxy/share/ament_lint_auto/cmake)
[1.847s] -- Configuring done
[1.929s] -- Generating done
[1.933s] -- Build files have been written to: /home/ge/Desktop/ros2/ws/build/tutorial_interfaces
