[3.071s] Invoking command in '/home/ge/Desktop/ros2/ws/build/examples_rclpy_minimal_service': PYTHONPATH=/home/ge/Desktop/ros2/ws/build/examples_rclpy_minimal_service/prefix_override:/home/ge/Desktop/ros2/ws/install/examples_rclpy_minimal_service/lib/python3.8/site-packages:${PYTHONPATH} _=/usr/bin/env /usr/bin/python3 setup.py develop --editable --build-directory /home/ge/Desktop/ros2/ws/build/examples_rclpy_minimal_service/build --no-deps install_data
[4.446s] running develop
[4.446s] running egg_info
[4.446s] creating examples_rclpy_minimal_service.egg-info
[4.446s] writing examples_rclpy_minimal_service.egg-info/PKG-INFO
[4.446s] writing dependency_links to examples_rclpy_minimal_service.egg-info/dependency_links.txt
[4.446s] writing entry points to examples_rclpy_minimal_service.egg-info/entry_points.txt
[4.446s] writing requirements to examples_rclpy_minimal_service.egg-info/requires.txt
[4.446s] writing top-level names to examples_rclpy_minimal_service.egg-info/top_level.txt
[4.447s] writing manifest file 'examples_rclpy_minimal_service.egg-info/SOURCES.txt'
[4.447s] reading manifest file 'examples_rclpy_minimal_service.egg-info/SOURCES.txt'
[4.447s] writing manifest file 'examples_rclpy_minimal_service.egg-info/SOURCES.txt'
[4.548s] running build_ext
[4.548s] Creating /home/ge/Desktop/ros2/ws/install/examples_rclpy_minimal_service/lib/python3.8/site-packages/site.py
[4.549s] Creating /home/ge/Desktop/ros2/ws/install/examples_rclpy_minimal_service/lib/python3.8/site-packages/examples-rclpy-minimal-service.egg-link (link to .)
[4.550s] Installing service script to /home/ge/Desktop/ros2/ws/install/examples_rclpy_minimal_service/lib/examples_rclpy_minimal_service
[4.555s] Installing service_member_function script to /home/ge/Desktop/ros2/ws/install/examples_rclpy_minimal_service/lib/examples_rclpy_minimal_service
[4.555s] 
[4.555s] Installed /home/ge/Desktop/ros2/ws/build/examples_rclpy_minimal_service
[4.555s] running install_data
[4.555s] creating /home/ge/Desktop/ros2/ws/install/examples_rclpy_minimal_service/share/ament_index
[4.555s] creating /home/ge/Desktop/ros2/ws/install/examples_rclpy_minimal_service/share/ament_index/resource_index
[4.555s] creating /home/ge/Desktop/ros2/ws/install/examples_rclpy_minimal_service/share/ament_index/resource_index/packages
[4.555s] copying resource/examples_rclpy_minimal_service -> /home/ge/Desktop/ros2/ws/install/examples_rclpy_minimal_service/share/ament_index/resource_index/packages
[4.556s] copying package.xml -> /home/ge/Desktop/ros2/ws/install/examples_rclpy_minimal_service/share/examples_rclpy_minimal_service
[4.619s] Invoked command in '/home/ge/Desktop/ros2/ws/build/examples_rclpy_minimal_service' returned '0': PYTHONPATH=/home/ge/Desktop/ros2/ws/build/examples_rclpy_minimal_service/prefix_override:/home/ge/Desktop/ros2/ws/install/examples_rclpy_minimal_service/lib/python3.8/site-packages:${PYTHONPATH} _=/usr/bin/env /usr/bin/python3 setup.py develop --editable --build-directory /home/ge/Desktop/ros2/ws/build/examples_rclpy_minimal_service/build --no-deps install_data
