[0.022s] Invoking command in '/home/ge/Desktop/ros2/ws/build/cpp_pubsub': CMAKE_PREFIX_PATH=${CMAKE_PREFIX_PATH}:/home/ge/Desktop/ros2/ws/install/examples_rclpy_minimal_subscriber:/home/ge/Desktop/ros2/ws/install/examples_rclpy_minimal_service:/home/ge/Desktop/ros2/ws/install/examples_rclpy_minimal_publisher:/home/ge/Desktop/ros2/ws/install/examples_rclpy_minimal_client:/home/ge/Desktop/ros2/ws/install/examples_rclpy_minimal_action_server:/home/ge/Desktop/ros2/ws/install/examples_rclpy_minimal_action_client:/home/ge/Desktop/ros2/ws/install/examples_rclpy_executors:/opt/ros/foxy LD_LIBRARY_PATH=/home/ge/Desktop/ros2/ws/install/tutorial_interfaces/lib:/opt/rti.com/rti_connext_dds-5.3.1/lib/x64Linux3gcc5.4.0:/opt/rti.com/rti_connext_dds-5.3.1/lib/x64Linux3gcc5.4.0:/opt/rti.com/rti_connext_dds-5.3.1/lib/x64Linux3gcc5.4.0:/opt/rti.com/rti_connext_dds-5.3.1/lib/x64Linux3gcc5.4.0:/opt/rti.com/rti_connext_dds-5.3.1/lib/x64Linux3gcc5.4.0:/opt/rti.com/rti_connext_dds-5.3.1/lib/x64Linux3gcc5.4.0:/home/ge/Desktop/ros2/ws/install/examples_rclcpp_minimal_composition/lib:/opt/rti.com/rti_connext_dds-5.3.1/lib/x64Linux3gcc5.4.0:/opt/rti.com/rti_connext_dds-5.3.1/lib/x64Linux3gcc5.4.0:/opt/ros/foxy/opt/yaml_cpp_vendor/lib:/opt/ros/foxy/opt/rviz_ogre_vendor/lib:/opt/ros/foxy/lib/x86_64-linux-gnu:/opt/rti.com/rti_connext_dds-5.3.1/lib/x64Linux3gcc5.4.0:/opt/ros/foxy/lib _=/usr/bin/env /usr/bin/cmake --build /home/ge/Desktop/ros2/ws/build/cpp_pubsub -- -j16 -l16
[0.073s] [100%] Built target talker
[0.073s] [100%] Built target listener
[0.074s] [100%] Built target subscriber
[0.074s] [100%] Built target publisher
[0.084s] Invoked command in '/home/ge/Desktop/ros2/ws/build/cpp_pubsub' returned '0': CMAKE_PREFIX_PATH=${CMAKE_PREFIX_PATH}:/home/ge/Desktop/ros2/ws/install/examples_rclpy_minimal_subscriber:/home/ge/Desktop/ros2/ws/install/examples_rclpy_minimal_service:/home/ge/Desktop/ros2/ws/install/examples_rclpy_minimal_publisher:/home/ge/Desktop/ros2/ws/install/examples_rclpy_minimal_client:/home/ge/Desktop/ros2/ws/install/examples_rclpy_minimal_action_server:/home/ge/Desktop/ros2/ws/install/examples_rclpy_minimal_action_client:/home/ge/Desktop/ros2/ws/install/examples_rclpy_executors:/opt/ros/foxy LD_LIBRARY_PATH=/home/ge/Desktop/ros2/ws/install/tutorial_interfaces/lib:/opt/rti.com/rti_connext_dds-5.3.1/lib/x64Linux3gcc5.4.0:/opt/rti.com/rti_connext_dds-5.3.1/lib/x64Linux3gcc5.4.0:/opt/rti.com/rti_connext_dds-5.3.1/lib/x64Linux3gcc5.4.0:/opt/rti.com/rti_connext_dds-5.3.1/lib/x64Linux3gcc5.4.0:/opt/rti.com/rti_connext_dds-5.3.1/lib/x64Linux3gcc5.4.0:/opt/rti.com/rti_connext_dds-5.3.1/lib/x64Linux3gcc5.4.0:/home/ge/Desktop/ros2/ws/install/examples_rclcpp_minimal_composition/lib:/opt/rti.com/rti_connext_dds-5.3.1/lib/x64Linux3gcc5.4.0:/opt/rti.com/rti_connext_dds-5.3.1/lib/x64Linux3gcc5.4.0:/opt/ros/foxy/opt/yaml_cpp_vendor/lib:/opt/ros/foxy/opt/rviz_ogre_vendor/lib:/opt/ros/foxy/lib/x86_64-linux-gnu:/opt/rti.com/rti_connext_dds-5.3.1/lib/x64Linux3gcc5.4.0:/opt/ros/foxy/lib _=/usr/bin/env /usr/bin/cmake --build /home/ge/Desktop/ros2/ws/build/cpp_pubsub -- -j16 -l16
[0.126s] Invoking command in '/home/ge/Desktop/ros2/ws/build/cpp_pubsub': CMAKE_PREFIX_PATH=${CMAKE_PREFIX_PATH}:/home/ge/Desktop/ros2/ws/install/examples_rclpy_minimal_subscriber:/home/ge/Desktop/ros2/ws/install/examples_rclpy_minimal_service:/home/ge/Desktop/ros2/ws/install/examples_rclpy_minimal_publisher:/home/ge/Desktop/ros2/ws/install/examples_rclpy_minimal_client:/home/ge/Desktop/ros2/ws/install/examples_rclpy_minimal_action_server:/home/ge/Desktop/ros2/ws/install/examples_rclpy_minimal_action_client:/home/ge/Desktop/ros2/ws/install/examples_rclpy_executors:/opt/ros/foxy LD_LIBRARY_PATH=/home/ge/Desktop/ros2/ws/install/tutorial_interfaces/lib:/opt/rti.com/rti_connext_dds-5.3.1/lib/x64Linux3gcc5.4.0:/opt/rti.com/rti_connext_dds-5.3.1/lib/x64Linux3gcc5.4.0:/opt/rti.com/rti_connext_dds-5.3.1/lib/x64Linux3gcc5.4.0:/opt/rti.com/rti_connext_dds-5.3.1/lib/x64Linux3gcc5.4.0:/opt/rti.com/rti_connext_dds-5.3.1/lib/x64Linux3gcc5.4.0:/opt/rti.com/rti_connext_dds-5.3.1/lib/x64Linux3gcc5.4.0:/home/ge/Desktop/ros2/ws/install/examples_rclcpp_minimal_composition/lib:/opt/rti.com/rti_connext_dds-5.3.1/lib/x64Linux3gcc5.4.0:/opt/rti.com/rti_connext_dds-5.3.1/lib/x64Linux3gcc5.4.0:/opt/ros/foxy/opt/yaml_cpp_vendor/lib:/opt/ros/foxy/opt/rviz_ogre_vendor/lib:/opt/ros/foxy/lib/x86_64-linux-gnu:/opt/rti.com/rti_connext_dds-5.3.1/lib/x64Linux3gcc5.4.0:/opt/ros/foxy/lib _=/usr/bin/env /usr/bin/cmake --install /home/ge/Desktop/ros2/ws/build/cpp_pubsub
[0.135s] -- Install configuration: ""
[0.135s] -- Up-to-date: /home/ge/Desktop/ros2/ws/install/cpp_pubsub/lib/cpp_pubsub/talker
[0.136s] -- Up-to-date: /home/ge/Desktop/ros2/ws/install/cpp_pubsub/lib/cpp_pubsub/listener
[0.136s] -- Up-to-date: /home/ge/Desktop/ros2/ws/install/cpp_pubsub/lib/cpp_pubsub/publisher
[0.136s] -- Up-to-date: /home/ge/Desktop/ros2/ws/install/cpp_pubsub/lib/cpp_pubsub/subscriber
[0.137s] -- Up-to-date: /home/ge/Desktop/ros2/ws/install/cpp_pubsub/share/ament_index/resource_index/package_run_dependencies/cpp_pubsub
[0.137s] -- Up-to-date: /home/ge/Desktop/ros2/ws/install/cpp_pubsub/share/ament_index/resource_index/parent_prefix_path/cpp_pubsub
[0.137s] -- Up-to-date: /home/ge/Desktop/ros2/ws/install/cpp_pubsub/share/cpp_pubsub/environment/ament_prefix_path.sh
[0.137s] -- Up-to-date: /home/ge/Desktop/ros2/ws/install/cpp_pubsub/share/cpp_pubsub/environment/ament_prefix_path.dsv
[0.137s] -- Up-to-date: /home/ge/Desktop/ros2/ws/install/cpp_pubsub/share/cpp_pubsub/environment/path.sh
[0.137s] -- Up-to-date: /home/ge/Desktop/ros2/ws/install/cpp_pubsub/share/cpp_pubsub/environment/path.dsv
[0.137s] -- Up-to-date: /home/ge/Desktop/ros2/ws/install/cpp_pubsub/share/cpp_pubsub/local_setup.bash
[0.137s] -- Up-to-date: /home/ge/Desktop/ros2/ws/install/cpp_pubsub/share/cpp_pubsub/local_setup.sh
[0.137s] -- Up-to-date: /home/ge/Desktop/ros2/ws/install/cpp_pubsub/share/cpp_pubsub/local_setup.zsh
[0.137s] -- Up-to-date: /home/ge/Desktop/ros2/ws/install/cpp_pubsub/share/cpp_pubsub/local_setup.dsv
[0.138s] -- Installing: /home/ge/Desktop/ros2/ws/install/cpp_pubsub/share/cpp_pubsub/package.dsv
[0.138s] -- Up-to-date: /home/ge/Desktop/ros2/ws/install/cpp_pubsub/share/ament_index/resource_index/packages/cpp_pubsub
[0.138s] -- Up-to-date: /home/ge/Desktop/ros2/ws/install/cpp_pubsub/share/cpp_pubsub/cmake/cpp_pubsubConfig.cmake
[0.138s] -- Up-to-date: /home/ge/Desktop/ros2/ws/install/cpp_pubsub/share/cpp_pubsub/cmake/cpp_pubsubConfig-version.cmake
[0.138s] -- Up-to-date: /home/ge/Desktop/ros2/ws/install/cpp_pubsub/share/cpp_pubsub/package.xml
[0.139s] Invoked command in '/home/ge/Desktop/ros2/ws/build/cpp_pubsub' returned '0': CMAKE_PREFIX_PATH=${CMAKE_PREFIX_PATH}:/home/ge/Desktop/ros2/ws/install/examples_rclpy_minimal_subscriber:/home/ge/Desktop/ros2/ws/install/examples_rclpy_minimal_service:/home/ge/Desktop/ros2/ws/install/examples_rclpy_minimal_publisher:/home/ge/Desktop/ros2/ws/install/examples_rclpy_minimal_client:/home/ge/Desktop/ros2/ws/install/examples_rclpy_minimal_action_server:/home/ge/Desktop/ros2/ws/install/examples_rclpy_minimal_action_client:/home/ge/Desktop/ros2/ws/install/examples_rclpy_executors:/opt/ros/foxy LD_LIBRARY_PATH=/home/ge/Desktop/ros2/ws/install/tutorial_interfaces/lib:/opt/rti.com/rti_connext_dds-5.3.1/lib/x64Linux3gcc5.4.0:/opt/rti.com/rti_connext_dds-5.3.1/lib/x64Linux3gcc5.4.0:/opt/rti.com/rti_connext_dds-5.3.1/lib/x64Linux3gcc5.4.0:/opt/rti.com/rti_connext_dds-5.3.1/lib/x64Linux3gcc5.4.0:/opt/rti.com/rti_connext_dds-5.3.1/lib/x64Linux3gcc5.4.0:/opt/rti.com/rti_connext_dds-5.3.1/lib/x64Linux3gcc5.4.0:/home/ge/Desktop/ros2/ws/install/examples_rclcpp_minimal_composition/lib:/opt/rti.com/rti_connext_dds-5.3.1/lib/x64Linux3gcc5.4.0:/opt/rti.com/rti_connext_dds-5.3.1/lib/x64Linux3gcc5.4.0:/opt/ros/foxy/opt/yaml_cpp_vendor/lib:/opt/ros/foxy/opt/rviz_ogre_vendor/lib:/opt/ros/foxy/lib/x86_64-linux-gnu:/opt/rti.com/rti_connext_dds-5.3.1/lib/x64Linux3gcc5.4.0:/opt/ros/foxy/lib _=/usr/bin/env /usr/bin/cmake --install /home/ge/Desktop/ros2/ws/build/cpp_pubsub
