[0.126s] Invoking command in '/home/ge/Desktop/ros2/ws/build/examples_rclcpp_minimal_publisher': CMAKE_PREFIX_PATH=/opt/ros/foxy _=/usr/bin/env /usr/bin/cmake /home/ge/Desktop/ros2/ws/src/examples/rclcpp/topics/minimal_publisher -DAMENT_CMAKE_SYMLINK_INSTALL=1 -DCMAKE_INSTALL_PREFIX=/home/ge/Desktop/ros2/ws/install/examples_rclcpp_minimal_publisher
[2.211s] -- The C compiler identification is GNU 9.4.0
[2.211s] -- The CXX compiler identification is GNU 9.4.0
[2.211s] -- Check for working C compiler: /usr/bin/cc
[2.211s] -- Check for working C compiler: /usr/bin/cc -- works
[2.211s] -- Detecting C compiler ABI info
[2.211s] -- Detecting C compiler ABI info - done
[2.214s] -- Detecting C compile features
[2.214s] -- Detecting C compile features - done
[2.214s] -- Check for working CXX compiler: /usr/bin/c++
[2.214s] -- Check for working CXX compiler: /usr/bin/c++ -- works
[2.214s] -- Detecting CXX compiler ABI info
[2.214s] -- Detecting CXX compiler ABI info - done
[2.214s] -- Detecting CXX compile features
[2.215s] -- Detecting CXX compile features - done
[2.215s] -- Found ament_cmake: 0.9.11 (/opt/ros/foxy/share/ament_cmake/cmake)
[2.215s] -- Found PythonInterp: /usr/bin/python3 (found suitable version "3.8.10", minimum required is "3") 
[2.215s] -- Using PYTHON_EXECUTABLE: /usr/bin/python3
[2.215s] -- Override CMake install command with custom implementation using symlinks instead of copying resources
[2.215s] -- Found rclcpp: 2.4.2 (/opt/ros/foxy/share/rclcpp/cmake)
[2.215s] -- Using all available rosidl_typesupport_c: rosidl_typesupport_connext_c;rosidl_typesupport_fastrtps_c;rosidl_typesupport_introspection_c
[2.215s] -- Found rosidl_adapter: 1.3.0 (/opt/ros/foxy/share/rosidl_adapter/cmake)
[2.215s] -- Found RTI Connext: /opt/rti.com/rti_connext_dds-5.3.1
[2.216s] -- Found OpenSSL: /usr/lib/x86_64-linux-gnu/libcrypto.so (found version "1.1.1f")  
[2.216s] -- Found FastRTPS: /opt/ros/foxy/include  
[2.216s] -- Using all available rosidl_typesupport_cpp: rosidl_typesupport_connext_cpp;rosidl_typesupport_fastrtps_cpp;rosidl_typesupport_introspection_cpp
[2.216s] -- Found rmw_implementation_cmake: 1.0.3 (/opt/ros/foxy/share/rmw_implementation_cmake/cmake)
[2.216s] -- Using RMW implementation 'rmw_fastrtps_cpp' as default
[2.216s] -- Looking for pthread.h
[2.216s] -- Looking for pthread.h - found
[2.217s] -- Performing Test CMAKE_HAVE_LIBC_PTHREAD
[2.217s] -- Performing Test CMAKE_HAVE_LIBC_PTHREAD - Failed
[2.217s] -- Looking for pthread_create in pthreads
[2.217s] -- Looking for pthread_create in pthreads - not found
[2.217s] -- Looking for pthread_create in pthread
[2.217s] -- Looking for pthread_create in pthread - found
[2.220s] -- Found Threads: TRUE  
[2.395s] -- Found ament_lint_auto: 0.9.7 (/opt/ros/foxy/share/ament_lint_auto/cmake)
[2.491s] -- Added test 'copyright' to check source files copyright and LICENSE
[2.494s] -- Added test 'cppcheck' to perform static code analysis on C / C++ code
[2.494s] -- Configured cppcheck include dirs: 
[2.495s] -- Configured cppcheck exclude dirs and/or files: 
[2.496s] -- Added test 'cpplint' to check C / C++ code against the Google style
[2.496s] -- Configured cpplint exclude dirs and/or files: 
[2.497s] -- Added test 'lint_cmake' to check CMake code style
[2.498s] -- Added test 'uncrustify' to check C / C++ code style
[2.498s] -- Configured uncrustify additional arguments: 
[2.499s] -- Added test 'xmllint' to check XML markup files
[2.503s] -- Configuring done
[2.525s] -- Generating done
[2.527s] -- Build files have been written to: /home/ge/Desktop/ros2/ws/build/examples_rclcpp_minimal_publisher
[2.545s] Invoked command in '/home/ge/Desktop/ros2/ws/build/examples_rclcpp_minimal_publisher' returned '0': CMAKE_PREFIX_PATH=/opt/ros/foxy _=/usr/bin/env /usr/bin/cmake /home/ge/Desktop/ros2/ws/src/examples/rclcpp/topics/minimal_publisher -DAMENT_CMAKE_SYMLINK_INSTALL=1 -DCMAKE_INSTALL_PREFIX=/home/ge/Desktop/ros2/ws/install/examples_rclcpp_minimal_publisher
[2.546s] Invoking command in '/home/ge/Desktop/ros2/ws/build/examples_rclcpp_minimal_publisher': CMAKE_PREFIX_PATH=/opt/ros/foxy _=/usr/bin/env /usr/bin/cmake --build /home/ge/Desktop/ros2/ws/build/examples_rclcpp_minimal_publisher -- -j16 -l16
[2.598s] [35m[1mScanning dependencies of target publisher_not_composable[0m
[2.605s] [35m[1mScanning dependencies of target publisher_member_function[0m
[2.625s] [35m[1mScanning dependencies of target publisher_lambda[0m
[2.654s] [ 16%] [32mBuilding CXX object CMakeFiles/publisher_not_composable.dir/not_composable.cpp.o[0m
[2.676s] [ 33%] [32mBuilding CXX object CMakeFiles/publisher_lambda.dir/lambda.cpp.o[0m
[2.680s] [ 50%] [32mBuilding CXX object CMakeFiles/publisher_member_function.dir/member_function.cpp.o[0m
[7.182s] [ 66%] [32m[1mLinking CXX executable publisher_not_composable[0m
[7.281s] [ 83%] [32m[1mLinking CXX executable publisher_lambda[0m
[7.461s] [ 83%] Built target publisher_not_composable
[7.562s] [ 83%] Built target publisher_lambda
[7.901s] [100%] [32m[1mLinking CXX executable publisher_member_function[0m
[8.130s] [100%] Built target publisher_member_function
[8.144s] Invoked command in '/home/ge/Desktop/ros2/ws/build/examples_rclcpp_minimal_publisher' returned '0': CMAKE_PREFIX_PATH=/opt/ros/foxy _=/usr/bin/env /usr/bin/cmake --build /home/ge/Desktop/ros2/ws/build/examples_rclcpp_minimal_publisher -- -j16 -l16
[8.175s] Invoking command in '/home/ge/Desktop/ros2/ws/build/examples_rclcpp_minimal_publisher': CMAKE_PREFIX_PATH=/opt/ros/foxy _=/usr/bin/env /usr/bin/cmake --install /home/ge/Desktop/ros2/ws/build/examples_rclcpp_minimal_publisher
[8.183s] -- Install configuration: ""
[8.183s] -- Execute custom install script
[8.183s] -- Symlinking: /home/ge/Desktop/ros2/ws/install/examples_rclcpp_minimal_publisher/lib/examples_rclcpp_minimal_publisher/publisher_lambda
[8.191s] -- Symlinking: /home/ge/Desktop/ros2/ws/install/examples_rclcpp_minimal_publisher/lib/examples_rclcpp_minimal_publisher/publisher_member_function
[8.199s] -- Symlinking: /home/ge/Desktop/ros2/ws/install/examples_rclcpp_minimal_publisher/lib/examples_rclcpp_minimal_publisher/publisher_not_composable
[8.211s] -- Symlinking: /home/ge/Desktop/ros2/ws/install/examples_rclcpp_minimal_publisher/share/ament_index/resource_index/package_run_dependencies/examples_rclcpp_minimal_publisher
[8.224s] -- Symlinking: /home/ge/Desktop/ros2/ws/install/examples_rclcpp_minimal_publisher/share/ament_index/resource_index/parent_prefix_path/examples_rclcpp_minimal_publisher
[8.237s] -- Symlinking: /home/ge/Desktop/ros2/ws/install/examples_rclcpp_minimal_publisher/share/examples_rclcpp_minimal_publisher/environment/ament_prefix_path.sh
[8.249s] -- Symlinking: /home/ge/Desktop/ros2/ws/install/examples_rclcpp_minimal_publisher/share/examples_rclcpp_minimal_publisher/environment/ament_prefix_path.dsv
[8.260s] -- Symlinking: /home/ge/Desktop/ros2/ws/install/examples_rclcpp_minimal_publisher/share/examples_rclcpp_minimal_publisher/environment/path.sh
[8.273s] -- Symlinking: /home/ge/Desktop/ros2/ws/install/examples_rclcpp_minimal_publisher/share/examples_rclcpp_minimal_publisher/environment/path.dsv
[8.284s] -- Symlinking: /home/ge/Desktop/ros2/ws/install/examples_rclcpp_minimal_publisher/share/examples_rclcpp_minimal_publisher/local_setup.bash
[8.295s] -- Symlinking: /home/ge/Desktop/ros2/ws/install/examples_rclcpp_minimal_publisher/share/examples_rclcpp_minimal_publisher/local_setup.sh
[8.306s] -- Symlinking: /home/ge/Desktop/ros2/ws/install/examples_rclcpp_minimal_publisher/share/examples_rclcpp_minimal_publisher/local_setup.zsh
[8.320s] -- Symlinking: /home/ge/Desktop/ros2/ws/install/examples_rclcpp_minimal_publisher/share/examples_rclcpp_minimal_publisher/local_setup.dsv
[8.331s] -- Symlinking: /home/ge/Desktop/ros2/ws/install/examples_rclcpp_minimal_publisher/share/examples_rclcpp_minimal_publisher/package.dsv
[8.343s] -- Symlinking: /home/ge/Desktop/ros2/ws/install/examples_rclcpp_minimal_publisher/share/ament_index/resource_index/packages/examples_rclcpp_minimal_publisher
[8.355s] -- Symlinking: /home/ge/Desktop/ros2/ws/install/examples_rclcpp_minimal_publisher/share/examples_rclcpp_minimal_publisher/cmake/examples_rclcpp_minimal_publisherConfig.cmake
[8.365s] -- Symlinking: /home/ge/Desktop/ros2/ws/install/examples_rclcpp_minimal_publisher/share/examples_rclcpp_minimal_publisher/cmake/examples_rclcpp_minimal_publisherConfig-version.cmake
[8.376s] -- Symlinking: /home/ge/Desktop/ros2/ws/install/examples_rclcpp_minimal_publisher/share/examples_rclcpp_minimal_publisher/package.xml
[8.390s] Invoked command in '/home/ge/Desktop/ros2/ws/build/examples_rclcpp_minimal_publisher' returned '0': CMAKE_PREFIX_PATH=/opt/ros/foxy _=/usr/bin/env /usr/bin/cmake --install /home/ge/Desktop/ros2/ws/build/examples_rclcpp_minimal_publisher
