[0.138s] Invoking command in '/home/ge/Desktop/ros2/ws/build/examples_rclcpp_minimal_action_server': CMAKE_PREFIX_PATH=/opt/ros/foxy _=/usr/bin/env /usr/bin/cmake /home/ge/Desktop/ros2/ws/src/examples/rclcpp/actions/minimal_action_server -DAMENT_CMAKE_SYMLINK_INSTALL=1 -DCMAKE_INSTALL_PREFIX=/home/ge/Desktop/ros2/ws/install/examples_rclcpp_minimal_action_server
[2.221s] -- The C compiler identification is GNU 9.4.0
[2.222s] -- The CXX compiler identification is GNU 9.4.0
[2.222s] -- Check for working C compiler: /usr/bin/cc
[2.222s] -- Check for working C compiler: /usr/bin/cc -- works
[2.222s] -- Detecting C compiler ABI info
[2.222s] -- Detecting C compiler ABI info - done
[2.223s] -- Detecting C compile features
[2.223s] -- Detecting C compile features - done
[2.223s] -- Check for working CXX compiler: /usr/bin/c++
[2.223s] -- Check for working CXX compiler: /usr/bin/c++ -- works
[2.223s] -- Detecting CXX compiler ABI info
[2.223s] -- Detecting CXX compiler ABI info - done
[2.223s] -- Detecting CXX compile features
[2.223s] -- Detecting CXX compile features - done
[2.223s] -- Found ament_cmake: 0.9.11 (/opt/ros/foxy/share/ament_cmake/cmake)
[2.224s] -- Found PythonInterp: /usr/bin/python3 (found suitable version "3.8.10", minimum required is "3") 
[2.224s] -- Using PYTHON_EXECUTABLE: /usr/bin/python3
[2.224s] -- Override CMake install command with custom implementation using symlinks instead of copying resources
[2.224s] -- Found example_interfaces: 0.9.1 (/opt/ros/foxy/share/example_interfaces/cmake)
[2.224s] -- Using all available rosidl_typesupport_c: rosidl_typesupport_connext_c;rosidl_typesupport_fastrtps_c;rosidl_typesupport_introspection_c
[2.224s] -- Found rosidl_adapter: 1.3.0 (/opt/ros/foxy/share/rosidl_adapter/cmake)
[2.225s] -- Found RTI Connext: /opt/rti.com/rti_connext_dds-5.3.1
[2.225s] -- Found OpenSSL: /usr/lib/x86_64-linux-gnu/libcrypto.so (found version "1.1.1f")  
[2.225s] -- Found FastRTPS: /opt/ros/foxy/include  
[2.225s] -- Using all available rosidl_typesupport_cpp: rosidl_typesupport_connext_cpp;rosidl_typesupport_fastrtps_cpp;rosidl_typesupport_introspection_cpp
[2.225s] -- Found rclcpp: 2.4.2 (/opt/ros/foxy/share/rclcpp/cmake)
[2.254s] -- Found rmw_implementation_cmake: 1.0.3 (/opt/ros/foxy/share/rmw_implementation_cmake/cmake)
[2.254s] -- Using RMW implementation 'rmw_fastrtps_cpp' as default
[2.255s] -- Looking for pthread.h
[2.322s] -- Looking for pthread.h - found
[2.323s] -- Performing Test CMAKE_HAVE_LIBC_PTHREAD
[2.416s] -- Performing Test CMAKE_HAVE_LIBC_PTHREAD - Failed
[2.416s] -- Looking for pthread_create in pthreads
[2.505s] -- Looking for pthread_create in pthreads - not found
[2.505s] -- Looking for pthread_create in pthread
[2.589s] -- Looking for pthread_create in pthread - found
[2.591s] -- Found Threads: TRUE  
[2.831s] -- Found rclcpp_action: 2.4.2 (/opt/ros/foxy/share/rclcpp_action/cmake)
[2.923s] -- Found ament_lint_auto: 0.9.7 (/opt/ros/foxy/share/ament_lint_auto/cmake)
[3.059s] -- Added test 'copyright' to check source files copyright and LICENSE
[3.060s] -- Added test 'cppcheck' to perform static code analysis on C / C++ code
[3.061s] -- Configured cppcheck include dirs: 
[3.061s] -- Configured cppcheck exclude dirs and/or files: 
[3.061s] -- Added test 'cpplint' to check C / C++ code against the Google style
[3.062s] -- Configured cpplint exclude dirs and/or files: 
[3.062s] -- Added test 'lint_cmake' to check CMake code style
[3.063s] -- Added test 'uncrustify' to check C / C++ code style
[3.063s] -- Configured uncrustify additional arguments: 
[3.064s] -- Added test 'xmllint' to check XML markup files
[3.083s] -- Configuring done
[3.098s] -- Generating done
[3.100s] -- Build files have been written to: /home/ge/Desktop/ros2/ws/build/examples_rclcpp_minimal_action_server
[3.224s] Invoked command in '/home/ge/Desktop/ros2/ws/build/examples_rclcpp_minimal_action_server' returned '0': CMAKE_PREFIX_PATH=/opt/ros/foxy _=/usr/bin/env /usr/bin/cmake /home/ge/Desktop/ros2/ws/src/examples/rclcpp/actions/minimal_action_server -DAMENT_CMAKE_SYMLINK_INSTALL=1 -DCMAKE_INSTALL_PREFIX=/home/ge/Desktop/ros2/ws/install/examples_rclcpp_minimal_action_server
[3.228s] Invoking command in '/home/ge/Desktop/ros2/ws/build/examples_rclcpp_minimal_action_server': CMAKE_PREFIX_PATH=/opt/ros/foxy _=/usr/bin/env /usr/bin/cmake --build /home/ge/Desktop/ros2/ws/build/examples_rclcpp_minimal_action_server -- -j16 -l16
[4.676s] [35m[1mScanning dependencies of target action_server_member_functions[0m
[4.676s] [35m[1mScanning dependencies of target action_server_not_composable[0m
[4.676s] [ 25%] [32mBuilding CXX object CMakeFiles/action_server_member_functions.dir/member_functions.cpp.o[0m
[4.677s] [ 50%] [32mBuilding CXX object CMakeFiles/action_server_not_composable.dir/not_composable.cpp.o[0m
[8.183s] [ 75%] [32m[1mLinking CXX executable action_server_member_functions[0m
[8.212s] [100%] [32m[1mLinking CXX executable action_server_not_composable[0m
[8.379s] [100%] Built target action_server_member_functions
[8.430s] [100%] Built target action_server_not_composable
[8.435s] Invoked command in '/home/ge/Desktop/ros2/ws/build/examples_rclcpp_minimal_action_server' returned '0': CMAKE_PREFIX_PATH=/opt/ros/foxy _=/usr/bin/env /usr/bin/cmake --build /home/ge/Desktop/ros2/ws/build/examples_rclcpp_minimal_action_server -- -j16 -l16
[8.486s] Invoking command in '/home/ge/Desktop/ros2/ws/build/examples_rclcpp_minimal_action_server': CMAKE_PREFIX_PATH=/opt/ros/foxy _=/usr/bin/env /usr/bin/cmake --install /home/ge/Desktop/ros2/ws/build/examples_rclcpp_minimal_action_server
[8.494s] -- Install configuration: ""
[8.494s] -- Execute custom install script
[8.495s] -- Symlinking: /home/ge/Desktop/ros2/ws/install/examples_rclcpp_minimal_action_server/lib/examples_rclcpp_minimal_action_server/action_server_not_composable
[8.504s] -- Symlinking: /home/ge/Desktop/ros2/ws/install/examples_rclcpp_minimal_action_server/lib/examples_rclcpp_minimal_action_server/action_server_member_functions
[8.512s] -- Symlinking: /home/ge/Desktop/ros2/ws/install/examples_rclcpp_minimal_action_server/share/ament_index/resource_index/package_run_dependencies/examples_rclcpp_minimal_action_server
[8.520s] -- Symlinking: /home/ge/Desktop/ros2/ws/install/examples_rclcpp_minimal_action_server/share/ament_index/resource_index/parent_prefix_path/examples_rclcpp_minimal_action_server
[8.528s] -- Symlinking: /home/ge/Desktop/ros2/ws/install/examples_rclcpp_minimal_action_server/share/examples_rclcpp_minimal_action_server/environment/ament_prefix_path.sh
[8.535s] -- Symlinking: /home/ge/Desktop/ros2/ws/install/examples_rclcpp_minimal_action_server/share/examples_rclcpp_minimal_action_server/environment/ament_prefix_path.dsv
[8.542s] -- Symlinking: /home/ge/Desktop/ros2/ws/install/examples_rclcpp_minimal_action_server/share/examples_rclcpp_minimal_action_server/environment/path.sh
[8.550s] -- Symlinking: /home/ge/Desktop/ros2/ws/install/examples_rclcpp_minimal_action_server/share/examples_rclcpp_minimal_action_server/environment/path.dsv
[8.557s] -- Symlinking: /home/ge/Desktop/ros2/ws/install/examples_rclcpp_minimal_action_server/share/examples_rclcpp_minimal_action_server/local_setup.bash
[8.565s] -- Symlinking: /home/ge/Desktop/ros2/ws/install/examples_rclcpp_minimal_action_server/share/examples_rclcpp_minimal_action_server/local_setup.sh
[8.572s] -- Symlinking: /home/ge/Desktop/ros2/ws/install/examples_rclcpp_minimal_action_server/share/examples_rclcpp_minimal_action_server/local_setup.zsh
[8.580s] -- Symlinking: /home/ge/Desktop/ros2/ws/install/examples_rclcpp_minimal_action_server/share/examples_rclcpp_minimal_action_server/local_setup.dsv
[8.587s] -- Symlinking: /home/ge/Desktop/ros2/ws/install/examples_rclcpp_minimal_action_server/share/examples_rclcpp_minimal_action_server/package.dsv
[8.593s] -- Symlinking: /home/ge/Desktop/ros2/ws/install/examples_rclcpp_minimal_action_server/share/ament_index/resource_index/packages/examples_rclcpp_minimal_action_server
[8.600s] -- Symlinking: /home/ge/Desktop/ros2/ws/install/examples_rclcpp_minimal_action_server/share/examples_rclcpp_minimal_action_server/cmake/examples_rclcpp_minimal_action_serverConfig.cmake
[8.608s] -- Symlinking: /home/ge/Desktop/ros2/ws/install/examples_rclcpp_minimal_action_server/share/examples_rclcpp_minimal_action_server/cmake/examples_rclcpp_minimal_action_serverConfig-version.cmake
[8.615s] -- Symlinking: /home/ge/Desktop/ros2/ws/install/examples_rclcpp_minimal_action_server/share/examples_rclcpp_minimal_action_server/package.xml
[8.627s] Invoked command in '/home/ge/Desktop/ros2/ws/build/examples_rclcpp_minimal_action_server' returned '0': CMAKE_PREFIX_PATH=/opt/ros/foxy _=/usr/bin/env /usr/bin/cmake --install /home/ge/Desktop/ros2/ws/build/examples_rclcpp_minimal_action_server
