[0.132s] Invoking command in '/home/ge/Desktop/ros2/ws/build/examples_rclcpp_minimal_timer': CMAKE_PREFIX_PATH=/opt/ros/foxy _=/usr/bin/env /usr/bin/cmake --build /home/ge/Desktop/ros2/ws/build/examples_rclcpp_minimal_timer -- -j16 -l16
[0.963s] [ 50%] Built target timer_lambda
[0.964s] [100%] Built target timer_member_function
[0.980s] Invoked command in '/home/ge/Desktop/ros2/ws/build/examples_rclcpp_minimal_timer' returned '0': CMAKE_PREFIX_PATH=/opt/ros/foxy _=/usr/bin/env /usr/bin/cmake --build /home/ge/Desktop/ros2/ws/build/examples_rclcpp_minimal_timer -- -j16 -l16
[1.065s] Invoking command in '/home/ge/Desktop/ros2/ws/build/examples_rclcpp_minimal_timer': CMAKE_PREFIX_PATH=/opt/ros/foxy _=/usr/bin/env /usr/bin/cmake --install /home/ge/Desktop/ros2/ws/build/examples_rclcpp_minimal_timer
[1.084s] -- Install configuration: ""
[1.084s] -- Execute custom install script
[1.084s] -- Up-to-date symlink: /home/ge/Desktop/ros2/ws/install/examples_rclcpp_minimal_timer/lib/examples_rclcpp_minimal_timer/timer_lambda
[1.084s] -- Up-to-date symlink: /home/ge/Desktop/ros2/ws/install/examples_rclcpp_minimal_timer/lib/examples_rclcpp_minimal_timer/timer_member_function
[1.085s] -- Up-to-date symlink: /home/ge/Desktop/ros2/ws/install/examples_rclcpp_minimal_timer/share/ament_index/resource_index/package_run_dependencies/examples_rclcpp_minimal_timer
[1.085s] -- Up-to-date symlink: /home/ge/Desktop/ros2/ws/install/examples_rclcpp_minimal_timer/share/ament_index/resource_index/parent_prefix_path/examples_rclcpp_minimal_timer
[1.085s] -- Up-to-date symlink: /home/ge/Desktop/ros2/ws/install/examples_rclcpp_minimal_timer/share/examples_rclcpp_minimal_timer/environment/ament_prefix_path.sh
[1.085s] -- Up-to-date symlink: /home/ge/Desktop/ros2/ws/install/examples_rclcpp_minimal_timer/share/examples_rclcpp_minimal_timer/environment/ament_prefix_path.dsv
[1.088s] -- Up-to-date symlink: /home/ge/Desktop/ros2/ws/install/examples_rclcpp_minimal_timer/share/examples_rclcpp_minimal_timer/environment/path.sh
[1.088s] -- Up-to-date symlink: /home/ge/Desktop/ros2/ws/install/examples_rclcpp_minimal_timer/share/examples_rclcpp_minimal_timer/environment/path.dsv
[1.089s] -- Up-to-date symlink: /home/ge/Desktop/ros2/ws/install/examples_rclcpp_minimal_timer/share/examples_rclcpp_minimal_timer/local_setup.bash
[1.090s] -- Up-to-date symlink: /home/ge/Desktop/ros2/ws/install/examples_rclcpp_minimal_timer/share/examples_rclcpp_minimal_timer/local_setup.sh
[1.090s] -- Up-to-date symlink: /home/ge/Desktop/ros2/ws/install/examples_rclcpp_minimal_timer/share/examples_rclcpp_minimal_timer/local_setup.zsh
[1.090s] -- Up-to-date symlink: /home/ge/Desktop/ros2/ws/install/examples_rclcpp_minimal_timer/share/examples_rclcpp_minimal_timer/local_setup.dsv
[1.091s] -- Symlinking: /home/ge/Desktop/ros2/ws/install/examples_rclcpp_minimal_timer/share/examples_rclcpp_minimal_timer/package.dsv
[1.095s] -- Up-to-date symlink: /home/ge/Desktop/ros2/ws/install/examples_rclcpp_minimal_timer/share/ament_index/resource_index/packages/examples_rclcpp_minimal_timer
[1.096s] -- Up-to-date symlink: /home/ge/Desktop/ros2/ws/install/examples_rclcpp_minimal_timer/share/examples_rclcpp_minimal_timer/cmake/examples_rclcpp_minimal_timerConfig.cmake
[1.096s] -- Up-to-date symlink: /home/ge/Desktop/ros2/ws/install/examples_rclcpp_minimal_timer/share/examples_rclcpp_minimal_timer/cmake/examples_rclcpp_minimal_timerConfig-version.cmake
[1.096s] -- Up-to-date symlink: /home/ge/Desktop/ros2/ws/install/examples_rclcpp_minimal_timer/share/examples_rclcpp_minimal_timer/package.xml
[1.234s] Invoked command in '/home/ge/Desktop/ros2/ws/build/examples_rclcpp_minimal_timer' returned '0': CMAKE_PREFIX_PATH=/opt/ros/foxy _=/usr/bin/env /usr/bin/cmake --install /home/ge/Desktop/ros2/ws/build/examples_rclcpp_minimal_timer
