[0.016s] Invoking command in '/home/ge/Desktop/ros2/ws01_plumbing/src/build/base_interfaces_demo': CMAKE_PREFIX_PATH=/opt/ros/foxy _=/usr/bin/env /usr/bin/cmake /home/ge/Desktop/ros2/ws01_plumbing/src/base_interfaces_demo -DCMAKE_INSTALL_PREFIX=/home/ge/Desktop/ros2/ws01_plumbing/src/install/base_interfaces_demo
[0.030s] -- Found ament_cmake: 0.9.11 (/opt/ros/foxy/share/ament_cmake/cmake)
[0.051s] -- Using PYTHON_EXECUTABLE: /usr/bin/python3
[0.212s] -- Found rosidl_default_generators: 1.0.1 (/opt/ros/foxy/share/rosidl_default_generators/cmake)
[0.213s] -- Using all available rosidl_typesupport_c: rosidl_typesupport_connext_c;rosidl_typesupport_fastrtps_c;rosidl_typesupport_introspection_c
[0.217s] -- Found rosidl_adapter: 1.3.0 (/opt/ros/foxy/share/rosidl_adapter/cmake)
[0.232s] -- Found RTI Connext: /opt/rti.com/rti_connext_dds-5.3.1
[0.576s] -- Using all available rosidl_typesupport_cpp: rosidl_typesupport_connext_cpp;rosidl_typesupport_fastrtps_cpp;rosidl_typesupport_introspection_cpp
[0.615s] -- Found PythonInterp: /usr/bin/python3 (found version "3.8.10") 
[0.717s] CMake Error at /opt/ros/foxy/share/rosidl_cmake/cmake/rosidl_generate_interfaces.cmake:229 (message):
[0.717s]   Packages installing interfaces must include
[0.717s]   '<member_of_group>rosidl_interface_packages</member_of_group>' in their
[0.717s]   package.xml
[0.718s] Call Stack (most recent call first):
[0.718s]   CMakeLists.txt:25 (rosidl_generate_interfaces)
[0.718s] 
[0.718s] 
[0.718s] -- Configuring incomplete, errors occurred!
[0.718s] See also "/home/ge/Desktop/ros2/ws01_plumbing/src/build/base_interfaces_demo/CMakeFiles/CMakeOutput.log".
[0.724s] Invoked command in '/home/ge/Desktop/ros2/ws01_plumbing/src/build/base_interfaces_demo' returned '1': CMAKE_PREFIX_PATH=/opt/ros/foxy _=/usr/bin/env /usr/bin/cmake /home/ge/Desktop/ros2/ws01_plumbing/src/base_interfaces_demo -DCMAKE_INSTALL_PREFIX=/home/ge/Desktop/ros2/ws01_plumbing/src/install/base_interfaces_demo
