[0.094s] Invoking command in '/home/ge/Desktop/ros2/ws/build/examples_rclcpp_minimal_action_client': CMAKE_PREFIX_PATH=/opt/ros/foxy _=/usr/bin/env /usr/bin/cmake --build /home/ge/Desktop/ros2/ws/build/examples_rclcpp_minimal_action_client -- -j16 -l16
[0.993s] [ 25%] Built target action_client_not_composable
[0.994s] [ 50%] Built target action_client_member_functions
[0.994s] [ 75%] Built target action_client_not_composable_with_feedback
[0.994s] [100%] Built target action_client_not_composable_with_cancel
[1.002s] Invoked command in '/home/ge/Desktop/ros2/ws/build/examples_rclcpp_minimal_action_client' returned '0': CMAKE_PREFIX_PATH=/opt/ros/foxy _=/usr/bin/env /usr/bin/cmake --build /home/ge/Desktop/ros2/ws/build/examples_rclcpp_minimal_action_client -- -j16 -l16
[1.065s] Invoking command in '/home/ge/Desktop/ros2/ws/build/examples_rclcpp_minimal_action_client': CMAKE_PREFIX_PATH=/opt/ros/foxy _=/usr/bin/env /usr/bin/cmake --install /home/ge/Desktop/ros2/ws/build/examples_rclcpp_minimal_action_client
[1.088s] -- Install configuration: ""
[1.088s] -- Execute custom install script
[1.088s] -- Up-to-date symlink: /home/ge/Desktop/ros2/ws/install/examples_rclcpp_minimal_action_client/lib/examples_rclcpp_minimal_action_client/action_client_member_functions
[1.089s] -- Up-to-date symlink: /home/ge/Desktop/ros2/ws/install/examples_rclcpp_minimal_action_client/lib/examples_rclcpp_minimal_action_client/action_client_not_composable
[1.089s] -- Up-to-date symlink: /home/ge/Desktop/ros2/ws/install/examples_rclcpp_minimal_action_client/lib/examples_rclcpp_minimal_action_client/action_client_not_composable_with_cancel
[1.089s] -- Up-to-date symlink: /home/ge/Desktop/ros2/ws/install/examples_rclcpp_minimal_action_client/lib/examples_rclcpp_minimal_action_client/action_client_not_composable_with_feedback
[1.089s] -- Up-to-date symlink: /home/ge/Desktop/ros2/ws/install/examples_rclcpp_minimal_action_client/share/ament_index/resource_index/package_run_dependencies/examples_rclcpp_minimal_action_client
[1.089s] -- Up-to-date symlink: /home/ge/Desktop/ros2/ws/install/examples_rclcpp_minimal_action_client/share/ament_index/resource_index/parent_prefix_path/examples_rclcpp_minimal_action_client
[1.089s] -- Up-to-date symlink: /home/ge/Desktop/ros2/ws/install/examples_rclcpp_minimal_action_client/share/examples_rclcpp_minimal_action_client/environment/ament_prefix_path.sh
[1.089s] -- Up-to-date symlink: /home/ge/Desktop/ros2/ws/install/examples_rclcpp_minimal_action_client/share/examples_rclcpp_minimal_action_client/environment/ament_prefix_path.dsv
[1.089s] -- Up-to-date symlink: /home/ge/Desktop/ros2/ws/install/examples_rclcpp_minimal_action_client/share/examples_rclcpp_minimal_action_client/environment/path.sh
[1.089s] -- Up-to-date symlink: /home/ge/Desktop/ros2/ws/install/examples_rclcpp_minimal_action_client/share/examples_rclcpp_minimal_action_client/environment/path.dsv
[1.089s] -- Up-to-date symlink: /home/ge/Desktop/ros2/ws/install/examples_rclcpp_minimal_action_client/share/examples_rclcpp_minimal_action_client/local_setup.bash
[1.090s] -- Up-to-date symlink: /home/ge/Desktop/ros2/ws/install/examples_rclcpp_minimal_action_client/share/examples_rclcpp_minimal_action_client/local_setup.sh
[1.090s] -- Up-to-date symlink: /home/ge/Desktop/ros2/ws/install/examples_rclcpp_minimal_action_client/share/examples_rclcpp_minimal_action_client/local_setup.zsh
[1.090s] -- Up-to-date symlink: /home/ge/Desktop/ros2/ws/install/examples_rclcpp_minimal_action_client/share/examples_rclcpp_minimal_action_client/local_setup.dsv
[1.090s] -- Symlinking: /home/ge/Desktop/ros2/ws/install/examples_rclcpp_minimal_action_client/share/examples_rclcpp_minimal_action_client/package.dsv
[1.116s] -- Up-to-date symlink: /home/ge/Desktop/ros2/ws/install/examples_rclcpp_minimal_action_client/share/ament_index/resource_index/packages/examples_rclcpp_minimal_action_client
[1.116s] -- Up-to-date symlink: /home/ge/Desktop/ros2/ws/install/examples_rclcpp_minimal_action_client/share/examples_rclcpp_minimal_action_client/cmake/examples_rclcpp_minimal_action_clientConfig.cmake
[1.116s] -- Up-to-date symlink: /home/ge/Desktop/ros2/ws/install/examples_rclcpp_minimal_action_client/share/examples_rclcpp_minimal_action_client/cmake/examples_rclcpp_minimal_action_clientConfig-version.cmake
[1.116s] -- Up-to-date symlink: /home/ge/Desktop/ros2/ws/install/examples_rclcpp_minimal_action_client/share/examples_rclcpp_minimal_action_client/package.xml
[1.229s] Invoked command in '/home/ge/Desktop/ros2/ws/build/examples_rclcpp_minimal_action_client' returned '0': CMAKE_PREFIX_PATH=/opt/ros/foxy _=/usr/bin/env /usr/bin/cmake --install /home/ge/Desktop/ros2/ws/build/examples_rclcpp_minimal_action_client
