-- The C compiler identification is GNU 9.4.0
-- The CXX compiler identification is GNU 9.4.0
-- Check for working C compiler: /usr/bin/cc
-- Check for working C compiler: /usr/bin/cc -- works
-- Detecting C compiler ABI info
-- Detecting C compiler ABI info - done
-- Detecting C compile features
-- Detecting C compile features - done
-- Check for working CXX compiler: /usr/bin/c++
-- Check for working CXX compiler: /usr/bin/c++ -- works
-- Detecting CXX compiler ABI info
-- Detecting CXX compiler ABI info - done
-- Detecting CXX compile features
-- Detecting CXX compile features - done
-- Found ament_cmake: 0.9.11 (/opt/ros/foxy/share/ament_cmake/cmake)
-- Found PythonInterp: /usr/bin/python3 (found suitable version "3.8.10", minimum required is "3") 
-- Using PYTHON_EXECUTABLE: /usr/bin/python3
-- Found ament_cmake_ros: 0.9.2 (/opt/ros/foxy/share/ament_cmake_ros/cmake)
-- Found polygon_base: 0.0.0 (/home/ge/Desktop/ros2/ws/install/polygon_base/share/polygon_base/cmake)
-- Found pluginlib: 2.5.4 (/opt/ros/foxy/share/pluginlib/cmake)
CMake Error at CMakeLists.txt:44 (add_library):
  add_library cannot create target "polygon_plugins" because another target
  with the same name already exists.  The existing target is a shared library
  created in source directory "/home/ge/Desktop/ros2/ws/src/polygon_plugins".
  See documentation for policy CMP0002 for more details.


-- Configuring incomplete, errors occurred!
See also "/home/ge/Desktop/ros2/ws/build/polygon_plugins/CMakeFiles/CMakeOutput.log".
