[0.012s] Invoking command in '/home/ge/Desktop/ros2/ws/build/polygon_plugins': AMENT_PREFIX_PATH=/home/ge/Desktop/ros2/ws/install/polygon_base:${AMENT_PREFIX_PATH} CMAKE_PREFIX_PATH=/home/ge/Desktop/ros2/ws/install/polygon_base:/home/ge/Desktop/ros2/ws/install/cpp_pubsub:/home/ge/Desktop/ros2/ws/install/tutorial_interfaces:/home/ge/Desktop/ros2/ws/install/more_interfaces:/home/ge/Desktop/ros2/ws/install/examples_rclcpp_multithreaded_executor:/home/ge/Desktop/ros2/ws/install/examples_rclcpp_minimal_timer:/home/ge/Desktop/ros2/ws/install/examples_rclcpp_minimal_subscriber:/home/ge/Desktop/ros2/ws/install/examples_rclcpp_minimal_service:/home/ge/Desktop/ros2/ws/install/examples_rclcpp_minimal_publisher:/home/ge/Desktop/ros2/ws/install/examples_rclcpp_minimal_composition:/home/ge/Desktop/ros2/ws/install/examples_rclcpp_minimal_client:/home/ge/Desktop/ros2/ws/install/examples_rclcpp_minimal_action_server:/home/ge/Desktop/ros2/ws/install/examples_rclcpp_minimal_action_client:/home/ge/Desktop/ros2/ws/install/cpp_srvcli:/home/ge/Desktop/ros2/ws/install/cpp_parameters:/home/ge/Desktop/ros2/ws/install/examples_rclpy_minimal_subscriber:/home/ge/Desktop/ros2/ws/install/examples_rclpy_minimal_service:/home/ge/Desktop/ros2/ws/install/examples_rclpy_minimal_publisher:/home/ge/Desktop/ros2/ws/install/examples_rclpy_minimal_client:/home/ge/Desktop/ros2/ws/install/examples_rclpy_minimal_action_server:/home/ge/Desktop/ros2/ws/install/examples_rclpy_minimal_action_client:/home/ge/Desktop/ros2/ws/install/examples_rclpy_executors:/opt/ros/foxy _=/usr/bin/env /usr/bin/cmake /home/ge/Desktop/ros2/ws/src/polygon_plugins -DCMAKE_INSTALL_PREFIX=/home/ge/Desktop/ros2/ws/install/polygon_plugins
[0.054s] -- The C compiler identification is GNU 9.4.0
[0.104s] -- The CXX compiler identification is GNU 9.4.0
[0.109s] -- Check for working C compiler: /usr/bin/cc
[0.173s] -- Check for working C compiler: /usr/bin/cc -- works
[0.174s] -- Detecting C compiler ABI info
[0.233s] -- Detecting C compiler ABI info - done
[0.244s] -- Detecting C compile features
[0.244s] -- Detecting C compile features - done
[0.245s] -- Check for working CXX compiler: /usr/bin/c++
[0.311s] -- Check for working CXX compiler: /usr/bin/c++ -- works
[0.312s] -- Detecting CXX compiler ABI info
[0.384s] -- Detecting CXX compiler ABI info - done
[0.395s] -- Detecting CXX compile features
[0.395s] -- Detecting CXX compile features - done
[0.399s] -- Found ament_cmake: 0.9.11 (/opt/ros/foxy/share/ament_cmake/cmake)
[0.434s] -- Found PythonInterp: /usr/bin/python3 (found suitable version "3.8.10", minimum required is "3") 
[0.434s] -- Using PYTHON_EXECUTABLE: /usr/bin/python3
[0.635s] -- Found ament_cmake_ros: 0.9.2 (/opt/ros/foxy/share/ament_cmake_ros/cmake)
[0.642s] -- Found polygon_base: 0.0.0 (/home/ge/Desktop/ros2/ws/install/polygon_base/share/polygon_base/cmake)
[0.645s] -- Found pluginlib: 2.5.4 (/opt/ros/foxy/share/pluginlib/cmake)
[0.686s] CMake Error at CMakeLists.txt:44 (add_library):
[0.686s]   add_library cannot create target "polygon_plugins" because another target
[0.686s]   with the same name already exists.  The existing target is a shared library
[0.686s]   created in source directory "/home/ge/Desktop/ros2/ws/src/polygon_plugins".
[0.686s]   See documentation for policy CMP0002 for more details.
[0.686s] 
[0.686s] 
[0.747s] -- Configuring incomplete, errors occurred!
[0.747s] See also "/home/ge/Desktop/ros2/ws/build/polygon_plugins/CMakeFiles/CMakeOutput.log".
[0.753s] Invoked command in '/home/ge/Desktop/ros2/ws/build/polygon_plugins' returned '1': AMENT_PREFIX_PATH=/home/ge/Desktop/ros2/ws/install/polygon_base:${AMENT_PREFIX_PATH} CMAKE_PREFIX_PATH=/home/ge/Desktop/ros2/ws/install/polygon_base:/home/ge/Desktop/ros2/ws/install/cpp_pubsub:/home/ge/Desktop/ros2/ws/install/tutorial_interfaces:/home/ge/Desktop/ros2/ws/install/more_interfaces:/home/ge/Desktop/ros2/ws/install/examples_rclcpp_multithreaded_executor:/home/ge/Desktop/ros2/ws/install/examples_rclcpp_minimal_timer:/home/ge/Desktop/ros2/ws/install/examples_rclcpp_minimal_subscriber:/home/ge/Desktop/ros2/ws/install/examples_rclcpp_minimal_service:/home/ge/Desktop/ros2/ws/install/examples_rclcpp_minimal_publisher:/home/ge/Desktop/ros2/ws/install/examples_rclcpp_minimal_composition:/home/ge/Desktop/ros2/ws/install/examples_rclcpp_minimal_client:/home/ge/Desktop/ros2/ws/install/examples_rclcpp_minimal_action_server:/home/ge/Desktop/ros2/ws/install/examples_rclcpp_minimal_action_client:/home/ge/Desktop/ros2/ws/install/cpp_srvcli:/home/ge/Desktop/ros2/ws/install/cpp_parameters:/home/ge/Desktop/ros2/ws/install/examples_rclpy_minimal_subscriber:/home/ge/Desktop/ros2/ws/install/examples_rclpy_minimal_service:/home/ge/Desktop/ros2/ws/install/examples_rclpy_minimal_publisher:/home/ge/Desktop/ros2/ws/install/examples_rclpy_minimal_client:/home/ge/Desktop/ros2/ws/install/examples_rclpy_minimal_action_server:/home/ge/Desktop/ros2/ws/install/examples_rclpy_minimal_action_client:/home/ge/Desktop/ros2/ws/install/examples_rclpy_executors:/opt/ros/foxy _=/usr/bin/env /usr/bin/cmake /home/ge/Desktop/ros2/ws/src/polygon_plugins -DCMAKE_INSTALL_PREFIX=/home/ge/Desktop/ros2/ws/install/polygon_plugins
