[0.132s] Invoking command in '/home/ge/Desktop/ros2/ws/build/examples_rclcpp_multithreaded_executor': CMAKE_PREFIX_PATH=/opt/ros/foxy _=/usr/bin/env /usr/bin/cmake --build /home/ge/Desktop/ros2/ws/build/examples_rclcpp_multithreaded_executor -- -j16 -l16
[0.961s] [100%] Built target multithreaded_executor
[0.978s] Invoked command in '/home/ge/Desktop/ros2/ws/build/examples_rclcpp_multithreaded_executor' returned '0': CMAKE_PREFIX_PATH=/opt/ros/foxy _=/usr/bin/env /usr/bin/cmake --build /home/ge/Desktop/ros2/ws/build/examples_rclcpp_multithreaded_executor -- -j16 -l16
[1.078s] Invoking command in '/home/ge/Desktop/ros2/ws/build/examples_rclcpp_multithreaded_executor': CMAKE_PREFIX_PATH=/opt/ros/foxy _=/usr/bin/env /usr/bin/cmake --install /home/ge/Desktop/ros2/ws/build/examples_rclcpp_multithreaded_executor
[1.091s] -- Install configuration: ""
[1.092s] -- Execute custom install script
[1.092s] -- Up-to-date symlink: /home/ge/Desktop/ros2/ws/install/examples_rclcpp_multithreaded_executor/lib/examples_rclcpp_multithreaded_executor/multithreaded_executor
[1.093s] -- Up-to-date symlink: /home/ge/Desktop/ros2/ws/install/examples_rclcpp_multithreaded_executor/share/ament_index/resource_index/package_run_dependencies/examples_rclcpp_multithreaded_executor
[1.093s] -- Up-to-date symlink: /home/ge/Desktop/ros2/ws/install/examples_rclcpp_multithreaded_executor/share/ament_index/resource_index/parent_prefix_path/examples_rclcpp_multithreaded_executor
[1.093s] -- Up-to-date symlink: /home/ge/Desktop/ros2/ws/install/examples_rclcpp_multithreaded_executor/share/examples_rclcpp_multithreaded_executor/environment/ament_prefix_path.sh
[1.093s] -- Up-to-date symlink: /home/ge/Desktop/ros2/ws/install/examples_rclcpp_multithreaded_executor/share/examples_rclcpp_multithreaded_executor/environment/ament_prefix_path.dsv
[1.093s] -- Up-to-date symlink: /home/ge/Desktop/ros2/ws/install/examples_rclcpp_multithreaded_executor/share/examples_rclcpp_multithreaded_executor/environment/path.sh
[1.093s] -- Up-to-date symlink: /home/ge/Desktop/ros2/ws/install/examples_rclcpp_multithreaded_executor/share/examples_rclcpp_multithreaded_executor/environment/path.dsv
[1.093s] -- Up-to-date symlink: /home/ge/Desktop/ros2/ws/install/examples_rclcpp_multithreaded_executor/share/examples_rclcpp_multithreaded_executor/local_setup.bash
[1.093s] -- Up-to-date symlink: /home/ge/Desktop/ros2/ws/install/examples_rclcpp_multithreaded_executor/share/examples_rclcpp_multithreaded_executor/local_setup.sh
[1.093s] -- Up-to-date symlink: /home/ge/Desktop/ros2/ws/install/examples_rclcpp_multithreaded_executor/share/examples_rclcpp_multithreaded_executor/local_setup.zsh
[1.093s] -- Up-to-date symlink: /home/ge/Desktop/ros2/ws/install/examples_rclcpp_multithreaded_executor/share/examples_rclcpp_multithreaded_executor/local_setup.dsv
[1.094s] -- Symlinking: /home/ge/Desktop/ros2/ws/install/examples_rclcpp_multithreaded_executor/share/examples_rclcpp_multithreaded_executor/package.dsv
[1.095s] -- Up-to-date symlink: /home/ge/Desktop/ros2/ws/install/examples_rclcpp_multithreaded_executor/share/ament_index/resource_index/packages/examples_rclcpp_multithreaded_executor
[1.095s] -- Up-to-date symlink: /home/ge/Desktop/ros2/ws/install/examples_rclcpp_multithreaded_executor/share/examples_rclcpp_multithreaded_executor/cmake/examples_rclcpp_multithreaded_executorConfig.cmake
[1.095s] -- Up-to-date symlink: /home/ge/Desktop/ros2/ws/install/examples_rclcpp_multithreaded_executor/share/examples_rclcpp_multithreaded_executor/cmake/examples_rclcpp_multithreaded_executorConfig-version.cmake
[1.095s] -- Up-to-date symlink: /home/ge/Desktop/ros2/ws/install/examples_rclcpp_multithreaded_executor/share/examples_rclcpp_multithreaded_executor/package.xml
[1.274s] Invoked command in '/home/ge/Desktop/ros2/ws/build/examples_rclcpp_multithreaded_executor' returned '0': CMAKE_PREFIX_PATH=/opt/ros/foxy _=/usr/bin/env /usr/bin/cmake --install /home/ge/Desktop/ros2/ws/build/examples_rclcpp_multithreaded_executor
