[0.137s] Invoking command in '/home/ge/Desktop/ros2/ws/build/examples_rclcpp_minimal_client': CMAKE_PREFIX_PATH=/opt/ros/foxy _=/usr/bin/env /usr/bin/cmake /home/ge/Desktop/ros2/ws/src/examples/rclcpp/services/minimal_client -DAMENT_CMAKE_SYMLINK_INSTALL=1 -DCMAKE_INSTALL_PREFIX=/home/ge/Desktop/ros2/ws/install/examples_rclcpp_minimal_client
[2.222s] -- The C compiler identification is GNU 9.4.0
[2.222s] -- The CXX compiler identification is GNU 9.4.0
[2.222s] -- Check for working C compiler: /usr/bin/cc
[2.223s] -- Check for working C compiler: /usr/bin/cc -- works
[2.223s] -- Detecting C compiler ABI info
[2.223s] -- Detecting C compiler ABI info - done
[2.223s] -- Detecting C compile features
[2.223s] -- Detecting C compile features - done
[2.223s] -- Check for working CXX compiler: /usr/bin/c++
[2.223s] -- Check for working CXX compiler: /usr/bin/c++ -- works
[2.223s] -- Detecting CXX compiler ABI info
[2.223s] -- Detecting CXX compiler ABI info - done
[2.223s] -- Detecting CXX compile features
[2.223s] -- Detecting CXX compile features - done
[2.224s] -- Found ament_cmake: 0.9.11 (/opt/ros/foxy/share/ament_cmake/cmake)
[2.224s] -- Found PythonInterp: /usr/bin/python3 (found suitable version "3.8.10", minimum required is "3") 
[2.224s] -- Using PYTHON_EXECUTABLE: /usr/bin/python3
[2.224s] -- Override CMake install command with custom implementation using symlinks instead of copying resources
[2.224s] -- Found example_interfaces: 0.9.1 (/opt/ros/foxy/share/example_interfaces/cmake)
[2.224s] -- Using all available rosidl_typesupport_c: rosidl_typesupport_connext_c;rosidl_typesupport_fastrtps_c;rosidl_typesupport_introspection_c
[2.224s] -- Found rosidl_adapter: 1.3.0 (/opt/ros/foxy/share/rosidl_adapter/cmake)
[2.224s] -- Found RTI Connext: /opt/rti.com/rti_connext_dds-5.3.1
[2.224s] -- Found OpenSSL: /usr/lib/x86_64-linux-gnu/libcrypto.so (found version "1.1.1f")  
[2.224s] -- Found FastRTPS: /opt/ros/foxy/include  
[2.224s] -- Using all available rosidl_typesupport_cpp: rosidl_typesupport_connext_cpp;rosidl_typesupport_fastrtps_cpp;rosidl_typesupport_introspection_cpp
[2.224s] -- Found rclcpp: 2.4.2 (/opt/ros/foxy/share/rclcpp/cmake)
[2.225s] -- Found rmw_implementation_cmake: 1.0.3 (/opt/ros/foxy/share/rmw_implementation_cmake/cmake)
[2.225s] -- Using RMW implementation 'rmw_fastrtps_cpp' as default
[2.225s] -- Looking for pthread.h
[2.225s] -- Looking for pthread.h - found
[2.225s] -- Performing Test CMAKE_HAVE_LIBC_PTHREAD
[2.262s] -- Performing Test CMAKE_HAVE_LIBC_PTHREAD - Failed
[2.262s] -- Looking for pthread_create in pthreads
[2.326s] -- Looking for pthread_create in pthreads - not found
[2.326s] -- Looking for pthread_create in pthread
[2.419s] -- Looking for pthread_create in pthread - found
[2.421s] -- Found Threads: TRUE  
[2.653s] -- Found ament_lint_auto: 0.9.7 (/opt/ros/foxy/share/ament_lint_auto/cmake)
[2.770s] -- Added test 'copyright' to check source files copyright and LICENSE
[2.771s] -- Added test 'cppcheck' to perform static code analysis on C / C++ code
[2.771s] -- Configured cppcheck include dirs: 
[2.771s] -- Configured cppcheck exclude dirs and/or files: 
[2.772s] -- Added test 'cpplint' to check C / C++ code against the Google style
[2.772s] -- Configured cpplint exclude dirs and/or files: 
[2.773s] -- Added test 'lint_cmake' to check CMake code style
[2.774s] -- Added test 'uncrustify' to check C / C++ code style
[2.774s] -- Configured uncrustify additional arguments: 
[2.775s] -- Added test 'xmllint' to check XML markup files
[2.780s] -- Configuring done
[2.794s] -- Generating done
[2.798s] -- Build files have been written to: /home/ge/Desktop/ros2/ws/build/examples_rclcpp_minimal_client
[2.816s] Invoked command in '/home/ge/Desktop/ros2/ws/build/examples_rclcpp_minimal_client' returned '0': CMAKE_PREFIX_PATH=/opt/ros/foxy _=/usr/bin/env /usr/bin/cmake /home/ge/Desktop/ros2/ws/src/examples/rclcpp/services/minimal_client -DAMENT_CMAKE_SYMLINK_INSTALL=1 -DCMAKE_INSTALL_PREFIX=/home/ge/Desktop/ros2/ws/install/examples_rclcpp_minimal_client
[2.817s] Invoking command in '/home/ge/Desktop/ros2/ws/build/examples_rclcpp_minimal_client': CMAKE_PREFIX_PATH=/opt/ros/foxy _=/usr/bin/env /usr/bin/cmake --build /home/ge/Desktop/ros2/ws/build/examples_rclcpp_minimal_client -- -j16 -l16
[2.983s] [35m[1mScanning dependencies of target client_main[0m
[3.029s] [ 50%] [32mBuilding CXX object CMakeFiles/client_main.dir/main.cpp.o[0m
[6.666s] [100%] [32m[1mLinking CXX executable client_main[0m
[7.043s] [100%] Built target client_main
[7.102s] Invoked command in '/home/ge/Desktop/ros2/ws/build/examples_rclcpp_minimal_client' returned '0': CMAKE_PREFIX_PATH=/opt/ros/foxy _=/usr/bin/env /usr/bin/cmake --build /home/ge/Desktop/ros2/ws/build/examples_rclcpp_minimal_client -- -j16 -l16
[7.323s] Invoking command in '/home/ge/Desktop/ros2/ws/build/examples_rclcpp_minimal_client': CMAKE_PREFIX_PATH=/opt/ros/foxy _=/usr/bin/env /usr/bin/cmake --install /home/ge/Desktop/ros2/ws/build/examples_rclcpp_minimal_client
[7.362s] -- Install configuration: ""
[7.362s] -- Execute custom install script
[7.363s] -- Symlinking: /home/ge/Desktop/ros2/ws/install/examples_rclcpp_minimal_client/lib/examples_rclcpp_minimal_client/client_main
[7.399s] -- Symlinking: /home/ge/Desktop/ros2/ws/install/examples_rclcpp_minimal_client/share/ament_index/resource_index/package_run_dependencies/examples_rclcpp_minimal_client
[7.434s] -- Symlinking: /home/ge/Desktop/ros2/ws/install/examples_rclcpp_minimal_client/share/ament_index/resource_index/parent_prefix_path/examples_rclcpp_minimal_client
[7.455s] -- Symlinking: /home/ge/Desktop/ros2/ws/install/examples_rclcpp_minimal_client/share/examples_rclcpp_minimal_client/environment/ament_prefix_path.sh
[7.479s] -- Symlinking: /home/ge/Desktop/ros2/ws/install/examples_rclcpp_minimal_client/share/examples_rclcpp_minimal_client/environment/ament_prefix_path.dsv
[7.491s] -- Symlinking: /home/ge/Desktop/ros2/ws/install/examples_rclcpp_minimal_client/share/examples_rclcpp_minimal_client/environment/path.sh
[7.504s] -- Symlinking: /home/ge/Desktop/ros2/ws/install/examples_rclcpp_minimal_client/share/examples_rclcpp_minimal_client/environment/path.dsv
[7.528s] -- Symlinking: /home/ge/Desktop/ros2/ws/install/examples_rclcpp_minimal_client/share/examples_rclcpp_minimal_client/local_setup.bash
[7.530s] -- Symlinking: /home/ge/Desktop/ros2/ws/install/examples_rclcpp_minimal_client/share/examples_rclcpp_minimal_client/local_setup.sh
[7.543s] -- Symlinking: /home/ge/Desktop/ros2/ws/install/examples_rclcpp_minimal_client/share/examples_rclcpp_minimal_client/local_setup.zsh
[7.559s] -- Symlinking: /home/ge/Desktop/ros2/ws/install/examples_rclcpp_minimal_client/share/examples_rclcpp_minimal_client/local_setup.dsv
[7.575s] -- Symlinking: /home/ge/Desktop/ros2/ws/install/examples_rclcpp_minimal_client/share/examples_rclcpp_minimal_client/package.dsv
[7.587s] -- Symlinking: /home/ge/Desktop/ros2/ws/install/examples_rclcpp_minimal_client/share/ament_index/resource_index/packages/examples_rclcpp_minimal_client
[7.604s] -- Symlinking: /home/ge/Desktop/ros2/ws/install/examples_rclcpp_minimal_client/share/examples_rclcpp_minimal_client/cmake/examples_rclcpp_minimal_clientConfig.cmake
[7.611s] -- Symlinking: /home/ge/Desktop/ros2/ws/install/examples_rclcpp_minimal_client/share/examples_rclcpp_minimal_client/cmake/examples_rclcpp_minimal_clientConfig-version.cmake
[7.623s] -- Symlinking: /home/ge/Desktop/ros2/ws/install/examples_rclcpp_minimal_client/share/examples_rclcpp_minimal_client/package.xml
[7.644s] Invoked command in '/home/ge/Desktop/ros2/ws/build/examples_rclcpp_minimal_client' returned '0': CMAKE_PREFIX_PATH=/opt/ros/foxy _=/usr/bin/env /usr/bin/cmake --install /home/ge/Desktop/ros2/ws/build/examples_rclcpp_minimal_client
