[0.119s] Invoking command in '/home/ge/Desktop/ros2/ws/build/cpp_parameters': CMAKE_PREFIX_PATH=/opt/ros/foxy _=/usr/bin/env /usr/bin/cmake --build /home/ge/Desktop/ros2/ws/build/cpp_parameters -- -j16 -l16
[0.453s] [100%] Built target minimal_param_node
[0.464s] Invoked command in '/home/ge/Desktop/ros2/ws/build/cpp_parameters' returned '0': CMAKE_PREFIX_PATH=/opt/ros/foxy _=/usr/bin/env /usr/bin/cmake --build /home/ge/Desktop/ros2/ws/build/cpp_parameters -- -j16 -l16
[0.525s] Invoking command in '/home/ge/Desktop/ros2/ws/build/cpp_parameters': CMAKE_PREFIX_PATH=/opt/ros/foxy _=/usr/bin/env /usr/bin/cmake --install /home/ge/Desktop/ros2/ws/build/cpp_parameters
[0.555s] -- Install configuration: ""
[0.556s] -- Execute custom install script
[0.556s] -- Up-to-date symlink: /home/ge/Desktop/ros2/ws/install/cpp_parameters/lib/cpp_parameters/minimal_param_node
[0.556s] -- Up-to-date symlink: /home/ge/Desktop/ros2/ws/install/cpp_parameters/share/cpp_parameters/launch/cpp_parameters_launch.py
[0.556s] -- Up-to-date symlink: /home/ge/Desktop/ros2/ws/install/cpp_parameters/share/ament_index/resource_index/package_run_dependencies/cpp_parameters
[0.556s] -- Up-to-date symlink: /home/ge/Desktop/ros2/ws/install/cpp_parameters/share/ament_index/resource_index/parent_prefix_path/cpp_parameters
[0.556s] -- Up-to-date symlink: /home/ge/Desktop/ros2/ws/install/cpp_parameters/share/cpp_parameters/environment/ament_prefix_path.sh
[0.556s] -- Up-to-date symlink: /home/ge/Desktop/ros2/ws/install/cpp_parameters/share/cpp_parameters/environment/ament_prefix_path.dsv
[0.556s] -- Up-to-date symlink: /home/ge/Desktop/ros2/ws/install/cpp_parameters/share/cpp_parameters/environment/path.sh
[0.556s] -- Up-to-date symlink: /home/ge/Desktop/ros2/ws/install/cpp_parameters/share/cpp_parameters/environment/path.dsv
[0.556s] -- Up-to-date symlink: /home/ge/Desktop/ros2/ws/install/cpp_parameters/share/cpp_parameters/local_setup.bash
[0.556s] -- Up-to-date symlink: /home/ge/Desktop/ros2/ws/install/cpp_parameters/share/cpp_parameters/local_setup.sh
[0.556s] -- Up-to-date symlink: /home/ge/Desktop/ros2/ws/install/cpp_parameters/share/cpp_parameters/local_setup.zsh
[0.556s] -- Up-to-date symlink: /home/ge/Desktop/ros2/ws/install/cpp_parameters/share/cpp_parameters/local_setup.dsv
[0.556s] -- Symlinking: /home/ge/Desktop/ros2/ws/install/cpp_parameters/share/cpp_parameters/package.dsv
[0.557s] -- Up-to-date symlink: /home/ge/Desktop/ros2/ws/install/cpp_parameters/share/ament_index/resource_index/packages/cpp_parameters
[0.557s] -- Up-to-date symlink: /home/ge/Desktop/ros2/ws/install/cpp_parameters/share/cpp_parameters/cmake/cpp_parametersConfig.cmake
[0.557s] -- Up-to-date symlink: /home/ge/Desktop/ros2/ws/install/cpp_parameters/share/cpp_parameters/cmake/cpp_parametersConfig-version.cmake
[0.557s] -- Up-to-date symlink: /home/ge/Desktop/ros2/ws/install/cpp_parameters/share/cpp_parameters/package.xml
