-- Found ament_cmake: 0.9.11 (/opt/ros/foxy/share/ament_cmake/cmake)
-- Using PYTHON_EXECUTABLE: /usr/bin/python3
-- Found action_tutorials_interfaces: 0.0.0 (/home/ge/Desktop/ros2/ws/install/action_tutorials_interfaces/share/action_tutorials_interfaces/cmake)
-- Using all available rosidl_typesupport_c: rosidl_typesupport_connext_c;rosidl_typesupport_fastrtps_c;rosidl_typesupport_introspection_c
-- Found rosidl_adapter: 1.3.0 (/opt/ros/foxy/share/rosidl_adapter/cmake)
-- Found RTI Connext: /opt/rti.com/rti_connext_dds-5.3.1
-- Using all available rosidl_typesupport_cpp: rosidl_typesupport_connext_cpp;rosidl_typesupport_fastrtps_cpp;rosidl_typesupport_introspection_cpp
-- Found rclcpp: 2.4.2 (/opt/ros/foxy/share/rclcpp/cmake)
-- Found rmw_implementation_cmake: 1.0.3 (/opt/ros/foxy/share/rmw_implementation_cmake/cmake)
-- Using RMW implementation 'rmw_fastrtps_cpp' as default
-- Found rclcpp_action: 2.4.2 (/opt/ros/foxy/share/rclcpp_action/cmake)
-- Found rclcpp_components: 2.4.2 (/opt/ros/foxy/share/rclcpp_components/cmake)
-- Configuring done
-- Generating done
-- Build files have been written to: /home/ge/Desktop/ros2/ws/src/build/action_tutorials
[35m[1mScanning dependencies of target action_server[0m
[ 25%] [32mBuilding CXX object CMakeFiles/action_server.dir/src/fibonacci_action_server.cpp.o[0m
[ 75%] Built target fibonacci_action_server
[01m[K/home/ge/Desktop/ros2/ws/src/action_tutorials/src/fibonacci_action_server.cpp:10:10:[m[K [01;31m[Kfatal error: [m[Kaction_tutorials_cpp/visibility_control.h: No such file or directory
   10 | #include [01;31m[K"action_tutorials_cpp/visibility_control.h"[m[K
      |          [01;31m[K^~~~~~~~~~~~~~~~~~~~~~~~~~~~~~~~~~~~~~~~~~~[m[K
compilation terminated.
make[2]: *** [CMakeFiles/action_server.dir/build.make:63: CMakeFiles/action_server.dir/src/fibonacci_action_server.cpp.o] Error 1
make[1]: *** [CMakeFiles/Makefile2:80: CMakeFiles/action_server.dir/all] Error 2
make: *** [Makefile:141: all] Error 2
