-- Found ament_cmake: 0.9.11 (/opt/ros/foxy/share/ament_cmake/cmake)
-- Using PYTHON_EXECUTABLE: /usr/bin/python3
-- Found rclcpp: 2.4.2 (/opt/ros/foxy/share/rclcpp/cmake)
-- Using all available rosidl_typesupport_c: rosidl_typesupport_connext_c;rosidl_typesupport_fastrtps_c;rosidl_typesupport_introspection_c
-- Found rosidl_adapter: 1.3.0 (/opt/ros/foxy/share/rosidl_adapter/cmake)
-- Found RTI Connext: /opt/rti.com/rti_connext_dds-5.3.1
-- Using all available rosidl_typesupport_cpp: rosidl_typesupport_connext_cpp;rosidl_typesupport_fastrtps_cpp;rosidl_typesupport_introspection_cpp
-- Found rmw_implementation_cmake: 1.0.3 (/opt/ros/foxy/share/rmw_implementation_cmake/cmake)
-- Using RMW implementation 'rmw_fastrtps_cpp' as default
-- Found tutorial_interfaces: 0.0.0 (/home/ge/Desktop/ros2/ws/install/tutorial_interfaces/share/tutorial_interfaces/cmake)
-- Configuring done
-- Generating done
-- Build files have been written to: /home/ge/Desktop/ros2/ws/build/cpp_pubsub
[ 50%] Built target listener
[ 50%] Built target talker
[ 62%] [32m[1mLinking CXX executable publisher[0m
[ 75%] [32m[1mLinking CXX executable subscriber[0m
[ 87%] Built target publisher
[100%] Built target subscriber
-- Install configuration: ""
-- Up-to-date: /home/ge/Desktop/ros2/ws/install/cpp_pubsub/lib/cpp_pubsub/talker
-- Up-to-date: /home/ge/Desktop/ros2/ws/install/cpp_pubsub/lib/cpp_pubsub/listener
-- Installing: /home/ge/Desktop/ros2/ws/install/cpp_pubsub/lib/cpp_pubsub/publisher
-- Set runtime path of "/home/ge/Desktop/ros2/ws/install/cpp_pubsub/lib/cpp_pubsub/publisher" to ""
-- Installing: /home/ge/Desktop/ros2/ws/install/cpp_pubsub/lib/cpp_pubsub/subscriber
-- Set runtime path of "/home/ge/Desktop/ros2/ws/install/cpp_pubsub/lib/cpp_pubsub/subscriber" to ""
-- Up-to-date: /home/ge/Desktop/ros2/ws/install/cpp_pubsub/share/ament_index/resource_index/package_run_dependencies/cpp_pubsub
-- Up-to-date: /home/ge/Desktop/ros2/ws/install/cpp_pubsub/share/ament_index/resource_index/parent_prefix_path/cpp_pubsub
-- Up-to-date: /home/ge/Desktop/ros2/ws/install/cpp_pubsub/share/cpp_pubsub/environment/ament_prefix_path.sh
-- Installing: /home/ge/Desktop/ros2/ws/install/cpp_pubsub/share/cpp_pubsub/environment/ament_prefix_path.dsv
-- Up-to-date: /home/ge/Desktop/ros2/ws/install/cpp_pubsub/share/cpp_pubsub/environment/path.sh
-- Installing: /home/ge/Desktop/ros2/ws/install/cpp_pubsub/share/cpp_pubsub/environment/path.dsv
-- Up-to-date: /home/ge/Desktop/ros2/ws/install/cpp_pubsub/share/cpp_pubsub/local_setup.bash
-- Up-to-date: /home/ge/Desktop/ros2/ws/install/cpp_pubsub/share/cpp_pubsub/local_setup.sh
-- Up-to-date: /home/ge/Desktop/ros2/ws/install/cpp_pubsub/share/cpp_pubsub/local_setup.zsh
-- Installing: /home/ge/Desktop/ros2/ws/install/cpp_pubsub/share/cpp_pubsub/local_setup.dsv
-- Installing: /home/ge/Desktop/ros2/ws/install/cpp_pubsub/share/cpp_pubsub/package.dsv
-- Up-to-date: /home/ge/Desktop/ros2/ws/install/cpp_pubsub/share/ament_index/resource_index/packages/cpp_pubsub
-- Up-to-date: /home/ge/Desktop/ros2/ws/install/cpp_pubsub/share/cpp_pubsub/cmake/cpp_pubsubConfig.cmake
-- Up-to-date: /home/ge/Desktop/ros2/ws/install/cpp_pubsub/share/cpp_pubsub/cmake/cpp_pubsubConfig-version.cmake
-- Up-to-date: /home/ge/Desktop/ros2/ws/install/cpp_pubsub/share/cpp_pubsub/package.xml
