[0.023s] Invoking command in '/home/ge/Desktop/ros2/ws/build/cpp_pubsub': CMAKE_PREFIX_PATH=${CMAKE_PREFIX_PATH}:/home/ge/Desktop/ros2/ws/install/examples_rclpy_minimal_subscriber:/home/ge/Desktop/ros2/ws/install/examples_rclpy_minimal_service:/home/ge/Desktop/ros2/ws/install/examples_rclpy_minimal_publisher:/home/ge/Desktop/ros2/ws/install/examples_rclpy_minimal_client:/home/ge/Desktop/ros2/ws/install/examples_rclpy_minimal_action_server:/home/ge/Desktop/ros2/ws/install/examples_rclpy_minimal_action_client:/home/ge/Desktop/ros2/ws/install/examples_rclpy_executors:/opt/ros/foxy LD_LIBRARY_PATH=/home/ge/Desktop/ros2/ws/install/tutorial_interfaces/lib:/opt/rti.com/rti_connext_dds-5.3.1/lib/x64Linux3gcc5.4.0:/opt/rti.com/rti_connext_dds-5.3.1/lib/x64Linux3gcc5.4.0:/opt/rti.com/rti_connext_dds-5.3.1/lib/x64Linux3gcc5.4.0:/opt/rti.com/rti_connext_dds-5.3.1/lib/x64Linux3gcc5.4.0:/opt/rti.com/rti_connext_dds-5.3.1/lib/x64Linux3gcc5.4.0:/home/ge/Desktop/ros2/ws/install/examples_rclcpp_minimal_composition/lib:/opt/rti.com/rti_connext_dds-5.3.1/lib/x64Linux3gcc5.4.0:/opt/rti.com/rti_connext_dds-5.3.1/lib/x64Linux3gcc5.4.0:/opt/ros/foxy/opt/yaml_cpp_vendor/lib:/opt/ros/foxy/opt/rviz_ogre_vendor/lib:/opt/ros/foxy/lib/x86_64-linux-gnu:/opt/rti.com/rti_connext_dds-5.3.1/lib/x64Linux3gcc5.4.0:/opt/ros/foxy/lib _=/usr/bin/env /usr/bin/cmake --build /home/ge/Desktop/ros2/ws/build/cpp_pubsub -- -j16 -l16
[0.050s] -- Found ament_cmake: 0.9.11 (/opt/ros/foxy/share/ament_cmake/cmake)
[0.076s] -- Using PYTHON_EXECUTABLE: /usr/bin/python3
[0.243s] -- Found rclcpp: 2.4.2 (/opt/ros/foxy/share/rclcpp/cmake)
[0.269s] -- Using all available rosidl_typesupport_c: rosidl_typesupport_connext_c;rosidl_typesupport_fastrtps_c;rosidl_typesupport_introspection_c
[0.273s] -- Found rosidl_adapter: 1.3.0 (/opt/ros/foxy/share/rosidl_adapter/cmake)
[0.276s] -- Found RTI Connext: /opt/rti.com/rti_connext_dds-5.3.1
[0.614s] -- Using all available rosidl_typesupport_cpp: rosidl_typesupport_connext_cpp;rosidl_typesupport_fastrtps_cpp;rosidl_typesupport_introspection_cpp
[0.650s] -- Found rmw_implementation_cmake: 1.0.3 (/opt/ros/foxy/share/rmw_implementation_cmake/cmake)
[0.652s] -- Using RMW implementation 'rmw_fastrtps_cpp' as default
[0.757s] -- Found tutorial_interfaces: 0.0.0 (/home/ge/Desktop/ros2/ws/install/tutorial_interfaces/share/tutorial_interfaces/cmake)
[0.889s] -- Configuring done
[0.904s] -- Generating done
[0.905s] -- Build files have been written to: /home/ge/Desktop/ros2/ws/build/cpp_pubsub
[0.943s] [ 50%] Built target listener
[0.943s] [ 50%] Built target talker
[0.944s] [ 62%] [32m[1mLinking CXX executable publisher[0m
[0.944s] [ 75%] [32m[1mLinking CXX executable subscriber[0m
[1.061s] [ 87%] Built target publisher
[1.070s] [100%] Built target subscriber
[1.080s] Invoked command in '/home/ge/Desktop/ros2/ws/build/cpp_pubsub' returned '0': CMAKE_PREFIX_PATH=${CMAKE_PREFIX_PATH}:/home/ge/Desktop/ros2/ws/install/examples_rclpy_minimal_subscriber:/home/ge/Desktop/ros2/ws/install/examples_rclpy_minimal_service:/home/ge/Desktop/ros2/ws/install/examples_rclpy_minimal_publisher:/home/ge/Desktop/ros2/ws/install/examples_rclpy_minimal_client:/home/ge/Desktop/ros2/ws/install/examples_rclpy_minimal_action_server:/home/ge/Desktop/ros2/ws/install/examples_rclpy_minimal_action_client:/home/ge/Desktop/ros2/ws/install/examples_rclpy_executors:/opt/ros/foxy LD_LIBRARY_PATH=/home/ge/Desktop/ros2/ws/install/tutorial_interfaces/lib:/opt/rti.com/rti_connext_dds-5.3.1/lib/x64Linux3gcc5.4.0:/opt/rti.com/rti_connext_dds-5.3.1/lib/x64Linux3gcc5.4.0:/opt/rti.com/rti_connext_dds-5.3.1/lib/x64Linux3gcc5.4.0:/opt/rti.com/rti_connext_dds-5.3.1/lib/x64Linux3gcc5.4.0:/opt/rti.com/rti_connext_dds-5.3.1/lib/x64Linux3gcc5.4.0:/home/ge/Desktop/ros2/ws/install/examples_rclcpp_minimal_composition/lib:/opt/rti.com/rti_connext_dds-5.3.1/lib/x64Linux3gcc5.4.0:/opt/rti.com/rti_connext_dds-5.3.1/lib/x64Linux3gcc5.4.0:/opt/ros/foxy/opt/yaml_cpp_vendor/lib:/opt/ros/foxy/opt/rviz_ogre_vendor/lib:/opt/ros/foxy/lib/x86_64-linux-gnu:/opt/rti.com/rti_connext_dds-5.3.1/lib/x64Linux3gcc5.4.0:/opt/ros/foxy/lib _=/usr/bin/env /usr/bin/cmake --build /home/ge/Desktop/ros2/ws/build/cpp_pubsub -- -j16 -l16
[1.125s] Invoking command in '/home/ge/Desktop/ros2/ws/build/cpp_pubsub': CMAKE_PREFIX_PATH=${CMAKE_PREFIX_PATH}:/home/ge/Desktop/ros2/ws/install/examples_rclpy_minimal_subscriber:/home/ge/Desktop/ros2/ws/install/examples_rclpy_minimal_service:/home/ge/Desktop/ros2/ws/install/examples_rclpy_minimal_publisher:/home/ge/Desktop/ros2/ws/install/examples_rclpy_minimal_client:/home/ge/Desktop/ros2/ws/install/examples_rclpy_minimal_action_server:/home/ge/Desktop/ros2/ws/install/examples_rclpy_minimal_action_client:/home/ge/Desktop/ros2/ws/install/examples_rclpy_executors:/opt/ros/foxy LD_LIBRARY_PATH=/home/ge/Desktop/ros2/ws/install/tutorial_interfaces/lib:/opt/rti.com/rti_connext_dds-5.3.1/lib/x64Linux3gcc5.4.0:/opt/rti.com/rti_connext_dds-5.3.1/lib/x64Linux3gcc5.4.0:/opt/rti.com/rti_connext_dds-5.3.1/lib/x64Linux3gcc5.4.0:/opt/rti.com/rti_connext_dds-5.3.1/lib/x64Linux3gcc5.4.0:/opt/rti.com/rti_connext_dds-5.3.1/lib/x64Linux3gcc5.4.0:/home/ge/Desktop/ros2/ws/install/examples_rclcpp_minimal_composition/lib:/opt/rti.com/rti_connext_dds-5.3.1/lib/x64Linux3gcc5.4.0:/opt/rti.com/rti_connext_dds-5.3.1/lib/x64Linux3gcc5.4.0:/opt/ros/foxy/opt/yaml_cpp_vendor/lib:/opt/ros/foxy/opt/rviz_ogre_vendor/lib:/opt/ros/foxy/lib/x86_64-linux-gnu:/opt/rti.com/rti_connext_dds-5.3.1/lib/x64Linux3gcc5.4.0:/opt/ros/foxy/lib _=/usr/bin/env /usr/bin/cmake --install /home/ge/Desktop/ros2/ws/build/cpp_pubsub
[1.133s] -- Install configuration: ""
[1.133s] -- Up-to-date: /home/ge/Desktop/ros2/ws/install/cpp_pubsub/lib/cpp_pubsub/talker
[1.134s] -- Up-to-date: /home/ge/Desktop/ros2/ws/install/cpp_pubsub/lib/cpp_pubsub/listener
[1.134s] -- Installing: /home/ge/Desktop/ros2/ws/install/cpp_pubsub/lib/cpp_pubsub/publisher
[1.135s] -- Set runtime path of "/home/ge/Desktop/ros2/ws/install/cpp_pubsub/lib/cpp_pubsub/publisher" to ""
[1.135s] -- Installing: /home/ge/Desktop/ros2/ws/install/cpp_pubsub/lib/cpp_pubsub/subscriber
[1.136s] -- Set runtime path of "/home/ge/Desktop/ros2/ws/install/cpp_pubsub/lib/cpp_pubsub/subscriber" to ""
[1.136s] -- Up-to-date: /home/ge/Desktop/ros2/ws/install/cpp_pubsub/share/ament_index/resource_index/package_run_dependencies/cpp_pubsub
[1.136s] -- Up-to-date: /home/ge/Desktop/ros2/ws/install/cpp_pubsub/share/ament_index/resource_index/parent_prefix_path/cpp_pubsub
[1.136s] -- Up-to-date: /home/ge/Desktop/ros2/ws/install/cpp_pubsub/share/cpp_pubsub/environment/ament_prefix_path.sh
[1.136s] -- Installing: /home/ge/Desktop/ros2/ws/install/cpp_pubsub/share/cpp_pubsub/environment/ament_prefix_path.dsv
[1.136s] -- Up-to-date: /home/ge/Desktop/ros2/ws/install/cpp_pubsub/share/cpp_pubsub/environment/path.sh
[1.137s] -- Installing: /home/ge/Desktop/ros2/ws/install/cpp_pubsub/share/cpp_pubsub/environment/path.dsv
[1.137s] -- Up-to-date: /home/ge/Desktop/ros2/ws/install/cpp_pubsub/share/cpp_pubsub/local_setup.bash
[1.137s] -- Up-to-date: /home/ge/Desktop/ros2/ws/install/cpp_pubsub/share/cpp_pubsub/local_setup.sh
[1.137s] -- Up-to-date: /home/ge/Desktop/ros2/ws/install/cpp_pubsub/share/cpp_pubsub/local_setup.zsh
[1.137s] -- Installing: /home/ge/Desktop/ros2/ws/install/cpp_pubsub/share/cpp_pubsub/local_setup.dsv
[1.137s] -- Installing: /home/ge/Desktop/ros2/ws/install/cpp_pubsub/share/cpp_pubsub/package.dsv
[1.137s] -- Up-to-date: /home/ge/Desktop/ros2/ws/install/cpp_pubsub/share/ament_index/resource_index/packages/cpp_pubsub
[1.137s] -- Up-to-date: /home/ge/Desktop/ros2/ws/install/cpp_pubsub/share/cpp_pubsub/cmake/cpp_pubsubConfig.cmake
[1.138s] -- Up-to-date: /home/ge/Desktop/ros2/ws/install/cpp_pubsub/share/cpp_pubsub/cmake/cpp_pubsubConfig-version.cmake
[1.138s] -- Up-to-date: /home/ge/Desktop/ros2/ws/install/cpp_pubsub/share/cpp_pubsub/package.xml
[1.139s] Invoked command in '/home/ge/Desktop/ros2/ws/build/cpp_pubsub' returned '0': CMAKE_PREFIX_PATH=${CMAKE_PREFIX_PATH}:/home/ge/Desktop/ros2/ws/install/examples_rclpy_minimal_subscriber:/home/ge/Desktop/ros2/ws/install/examples_rclpy_minimal_service:/home/ge/Desktop/ros2/ws/install/examples_rclpy_minimal_publisher:/home/ge/Desktop/ros2/ws/install/examples_rclpy_minimal_client:/home/ge/Desktop/ros2/ws/install/examples_rclpy_minimal_action_server:/home/ge/Desktop/ros2/ws/install/examples_rclpy_minimal_action_client:/home/ge/Desktop/ros2/ws/install/examples_rclpy_executors:/opt/ros/foxy LD_LIBRARY_PATH=/home/ge/Desktop/ros2/ws/install/tutorial_interfaces/lib:/opt/rti.com/rti_connext_dds-5.3.1/lib/x64Linux3gcc5.4.0:/opt/rti.com/rti_connext_dds-5.3.1/lib/x64Linux3gcc5.4.0:/opt/rti.com/rti_connext_dds-5.3.1/lib/x64Linux3gcc5.4.0:/opt/rti.com/rti_connext_dds-5.3.1/lib/x64Linux3gcc5.4.0:/opt/rti.com/rti_connext_dds-5.3.1/lib/x64Linux3gcc5.4.0:/home/ge/Desktop/ros2/ws/install/examples_rclcpp_minimal_composition/lib:/opt/rti.com/rti_connext_dds-5.3.1/lib/x64Linux3gcc5.4.0:/opt/rti.com/rti_connext_dds-5.3.1/lib/x64Linux3gcc5.4.0:/opt/ros/foxy/opt/yaml_cpp_vendor/lib:/opt/ros/foxy/opt/rviz_ogre_vendor/lib:/opt/ros/foxy/lib/x86_64-linux-gnu:/opt/rti.com/rti_connext_dds-5.3.1/lib/x64Linux3gcc5.4.0:/opt/ros/foxy/lib _=/usr/bin/env /usr/bin/cmake --install /home/ge/Desktop/ros2/ws/build/cpp_pubsub
