[0.011s] Invoking command in '/home/ge/Desktop/ros2/ws/build/cpp_pubsub': AMENT_PREFIX_PATH=/home/ge/Desktop/ros2/ws/install/tutorial_interfaces:${AMENT_PREFIX_PATH} CMAKE_PREFIX_PATH=/home/ge/Desktop/ros2/ws/install/tutorial_interfaces:/opt/ros/foxy LD_LIBRARY_PATH=/home/ge/Desktop/ros2/ws/install/tutorial_interfaces/lib:/usr/lib/x86_64-linux-gnu/gazebo-11/plugins:/opt/ros/foxy/opt/yaml_cpp_vendor/lib:/opt/ros/foxy/opt/rviz_ogre_vendor/lib:/opt/ros/foxy/lib/x86_64-linux-gnu:/opt/rti.com/rti_connext_dds-5.3.1/lib/x64Linux3gcc5.4.0:/opt/ros/foxy/lib:/opt/MVS/lib/64:/opt/MVS/lib/32:/opt/MVS/lib/64:/opt/MVS/lib/32 PYTHONPATH=/home/ge/Desktop/ros2/ws/install/tutorial_interfaces/lib/python3.8/site-packages:${PYTHONPATH} _=/usr/bin/env /usr/bin/cmake /home/ge/Desktop/ros2/ws/src/cpp_pubsub -DAMENT_CMAKE_SYMLINK_INSTALL=1 -DCMAKE_INSTALL_PREFIX=/home/ge/Desktop/ros2/ws/install/cpp_pubsub
[0.021s] -- Found ament_cmake: 0.9.11 (/opt/ros/foxy/share/ament_cmake/cmake)
[0.042s] -- Using PYTHON_EXECUTABLE: /usr/bin/python3
[0.193s] -- Override CMake install command with custom implementation using symlinks instead of copying resources
[0.197s] -- Found rclcpp: 2.4.2 (/opt/ros/foxy/share/rclcpp/cmake)
[0.227s] -- Using all available rosidl_typesupport_c: rosidl_typesupport_connext_c;rosidl_typesupport_fastrtps_c;rosidl_typesupport_introspection_c
[0.231s] -- Found rosidl_adapter: 1.3.0 (/opt/ros/foxy/share/rosidl_adapter/cmake)
[0.234s] -- Found RTI Connext: /opt/rti.com/rti_connext_dds-5.3.1
[0.549s] -- Using all available rosidl_typesupport_cpp: rosidl_typesupport_connext_cpp;rosidl_typesupport_fastrtps_cpp;rosidl_typesupport_introspection_cpp
[0.585s] -- Found rmw_implementation_cmake: 1.0.3 (/opt/ros/foxy/share/rmw_implementation_cmake/cmake)
[0.586s] -- Using RMW implementation 'rmw_fastrtps_cpp' as default
[0.685s] -- Found tutorial_interfaces: 0.0.0 (/home/ge/Desktop/ros2/ws/install/tutorial_interfaces/share/tutorial_interfaces/cmake)
[0.830s] -- Configuring done
[0.844s] -- Generating done
[0.845s] -- Build files have been written to: /home/ge/Desktop/ros2/ws/build/cpp_pubsub
[0.849s] Invoked command in '/home/ge/Desktop/ros2/ws/build/cpp_pubsub' returned '0': AMENT_PREFIX_PATH=/home/ge/Desktop/ros2/ws/install/tutorial_interfaces:${AMENT_PREFIX_PATH} CMAKE_PREFIX_PATH=/home/ge/Desktop/ros2/ws/install/tutorial_interfaces:/opt/ros/foxy LD_LIBRARY_PATH=/home/ge/Desktop/ros2/ws/install/tutorial_interfaces/lib:/usr/lib/x86_64-linux-gnu/gazebo-11/plugins:/opt/ros/foxy/opt/yaml_cpp_vendor/lib:/opt/ros/foxy/opt/rviz_ogre_vendor/lib:/opt/ros/foxy/lib/x86_64-linux-gnu:/opt/rti.com/rti_connext_dds-5.3.1/lib/x64Linux3gcc5.4.0:/opt/ros/foxy/lib:/opt/MVS/lib/64:/opt/MVS/lib/32:/opt/MVS/lib/64:/opt/MVS/lib/32 PYTHONPATH=/home/ge/Desktop/ros2/ws/install/tutorial_interfaces/lib/python3.8/site-packages:${PYTHONPATH} _=/usr/bin/env /usr/bin/cmake /home/ge/Desktop/ros2/ws/src/cpp_pubsub -DAMENT_CMAKE_SYMLINK_INSTALL=1 -DCMAKE_INSTALL_PREFIX=/home/ge/Desktop/ros2/ws/install/cpp_pubsub
[0.852s] Invoking command in '/home/ge/Desktop/ros2/ws/build/cpp_pubsub': AMENT_PREFIX_PATH=/home/ge/Desktop/ros2/ws/install/tutorial_interfaces:${AMENT_PREFIX_PATH} CMAKE_PREFIX_PATH=/home/ge/Desktop/ros2/ws/install/tutorial_interfaces:/opt/ros/foxy LD_LIBRARY_PATH=/home/ge/Desktop/ros2/ws/install/tutorial_interfaces/lib:/usr/lib/x86_64-linux-gnu/gazebo-11/plugins:/opt/ros/foxy/opt/yaml_cpp_vendor/lib:/opt/ros/foxy/opt/rviz_ogre_vendor/lib:/opt/ros/foxy/lib/x86_64-linux-gnu:/opt/rti.com/rti_connext_dds-5.3.1/lib/x64Linux3gcc5.4.0:/opt/ros/foxy/lib:/opt/MVS/lib/64:/opt/MVS/lib/32:/opt/MVS/lib/64:/opt/MVS/lib/32 PYTHONPATH=/home/ge/Desktop/ros2/ws/install/tutorial_interfaces/lib/python3.8/site-packages:${PYTHONPATH} _=/usr/bin/env /usr/bin/cmake --build /home/ge/Desktop/ros2/ws/build/cpp_pubsub -- -j16 -l16
[0.888s] [35m[1mScanning dependencies of target server[0m
[0.888s] [35m[1mScanning dependencies of target client[0m
[0.904s] [ 25%] [32m[1mLinking CXX executable listener[0m
[0.904s] [ 25%] [32m[1mLinking CXX executable talker[0m
[0.913s] [ 50%] [32mBuilding CXX object CMakeFiles/client.dir/src/publisher_customize_function.cpp.o[0m
[0.913s] [ 50%] [32mBuilding CXX object CMakeFiles/server.dir/src/publisher_customize_function.cpp.o[0m
[1.028s] [ 62%] Built target talker
[1.058s] [ 75%] Built target listener
[2.355s] [ 87%] [32m[1mLinking CXX executable client[0m
[2.355s] [100%] [32m[1mLinking CXX executable server[0m
[2.450s] [100%] Built target client
[2.452s] [100%] Built target server
[2.463s] Invoked command in '/home/ge/Desktop/ros2/ws/build/cpp_pubsub' returned '0': AMENT_PREFIX_PATH=/home/ge/Desktop/ros2/ws/install/tutorial_interfaces:${AMENT_PREFIX_PATH} CMAKE_PREFIX_PATH=/home/ge/Desktop/ros2/ws/install/tutorial_interfaces:/opt/ros/foxy LD_LIBRARY_PATH=/home/ge/Desktop/ros2/ws/install/tutorial_interfaces/lib:/usr/lib/x86_64-linux-gnu/gazebo-11/plugins:/opt/ros/foxy/opt/yaml_cpp_vendor/lib:/opt/ros/foxy/opt/rviz_ogre_vendor/lib:/opt/ros/foxy/lib/x86_64-linux-gnu:/opt/rti.com/rti_connext_dds-5.3.1/lib/x64Linux3gcc5.4.0:/opt/ros/foxy/lib:/opt/MVS/lib/64:/opt/MVS/lib/32:/opt/MVS/lib/64:/opt/MVS/lib/32 PYTHONPATH=/home/ge/Desktop/ros2/ws/install/tutorial_interfaces/lib/python3.8/site-packages:${PYTHONPATH} _=/usr/bin/env /usr/bin/cmake --build /home/ge/Desktop/ros2/ws/build/cpp_pubsub -- -j16 -l16
[2.501s] Invoking command in '/home/ge/Desktop/ros2/ws/build/cpp_pubsub': AMENT_PREFIX_PATH=/home/ge/Desktop/ros2/ws/install/tutorial_interfaces:${AMENT_PREFIX_PATH} CMAKE_PREFIX_PATH=/home/ge/Desktop/ros2/ws/install/tutorial_interfaces:/opt/ros/foxy LD_LIBRARY_PATH=/home/ge/Desktop/ros2/ws/install/tutorial_interfaces/lib:/usr/lib/x86_64-linux-gnu/gazebo-11/plugins:/opt/ros/foxy/opt/yaml_cpp_vendor/lib:/opt/ros/foxy/opt/rviz_ogre_vendor/lib:/opt/ros/foxy/lib/x86_64-linux-gnu:/opt/rti.com/rti_connext_dds-5.3.1/lib/x64Linux3gcc5.4.0:/opt/ros/foxy/lib:/opt/MVS/lib/64:/opt/MVS/lib/32:/opt/MVS/lib/64:/opt/MVS/lib/32 PYTHONPATH=/home/ge/Desktop/ros2/ws/install/tutorial_interfaces/lib/python3.8/site-packages:${PYTHONPATH} _=/usr/bin/env /usr/bin/cmake --install /home/ge/Desktop/ros2/ws/build/cpp_pubsub
[2.507s] -- Install configuration: ""
[2.507s] -- Execute custom install script
[2.507s] -- Symlinking: /home/ge/Desktop/ros2/ws/install/cpp_pubsub/lib/cpp_pubsub/talker
[2.516s] -- Symlinking: /home/ge/Desktop/ros2/ws/install/cpp_pubsub/lib/cpp_pubsub/listener
[2.522s] -- Symlinking: /home/ge/Desktop/ros2/ws/install/cpp_pubsub/lib/cpp_pubsub/server
[2.527s] -- Symlinking: /home/ge/Desktop/ros2/ws/install/cpp_pubsub/lib/cpp_pubsub/client
[2.532s] -- Symlinking: /home/ge/Desktop/ros2/ws/install/cpp_pubsub/share/ament_index/resource_index/package_run_dependencies/cpp_pubsub
[2.540s] -- Symlinking: /home/ge/Desktop/ros2/ws/install/cpp_pubsub/share/ament_index/resource_index/parent_prefix_path/cpp_pubsub
[2.545s] -- Symlinking: /home/ge/Desktop/ros2/ws/install/cpp_pubsub/share/cpp_pubsub/environment/ament_prefix_path.sh
[2.553s] -- Symlinking: /home/ge/Desktop/ros2/ws/install/cpp_pubsub/share/cpp_pubsub/environment/ament_prefix_path.dsv
[2.561s] -- Symlinking: /home/ge/Desktop/ros2/ws/install/cpp_pubsub/share/cpp_pubsub/environment/path.sh
[2.567s] -- Symlinking: /home/ge/Desktop/ros2/ws/install/cpp_pubsub/share/cpp_pubsub/environment/path.dsv
[2.573s] -- Symlinking: /home/ge/Desktop/ros2/ws/install/cpp_pubsub/share/cpp_pubsub/local_setup.bash
[2.580s] -- Symlinking: /home/ge/Desktop/ros2/ws/install/cpp_pubsub/share/cpp_pubsub/local_setup.sh
[2.587s] -- Symlinking: /home/ge/Desktop/ros2/ws/install/cpp_pubsub/share/cpp_pubsub/local_setup.zsh
[2.596s] -- Symlinking: /home/ge/Desktop/ros2/ws/install/cpp_pubsub/share/cpp_pubsub/local_setup.dsv
[2.605s] -- Symlinking: /home/ge/Desktop/ros2/ws/install/cpp_pubsub/share/cpp_pubsub/package.dsv
[2.612s] -- Symlinking: /home/ge/Desktop/ros2/ws/install/cpp_pubsub/share/ament_index/resource_index/packages/cpp_pubsub
[2.623s] -- Symlinking: /home/ge/Desktop/ros2/ws/install/cpp_pubsub/share/cpp_pubsub/cmake/cpp_pubsubConfig.cmake
[2.631s] -- Symlinking: /home/ge/Desktop/ros2/ws/install/cpp_pubsub/share/cpp_pubsub/cmake/cpp_pubsubConfig-version.cmake
[2.638s] -- Symlinking: /home/ge/Desktop/ros2/ws/install/cpp_pubsub/share/cpp_pubsub/package.xml
[2.652s] Invoked command in '/home/ge/Desktop/ros2/ws/build/cpp_pubsub' returned '0': AMENT_PREFIX_PATH=/home/ge/Desktop/ros2/ws/install/tutorial_interfaces:${AMENT_PREFIX_PATH} CMAKE_PREFIX_PATH=/home/ge/Desktop/ros2/ws/install/tutorial_interfaces:/opt/ros/foxy LD_LIBRARY_PATH=/home/ge/Desktop/ros2/ws/install/tutorial_interfaces/lib:/usr/lib/x86_64-linux-gnu/gazebo-11/plugins:/opt/ros/foxy/opt/yaml_cpp_vendor/lib:/opt/ros/foxy/opt/rviz_ogre_vendor/lib:/opt/ros/foxy/lib/x86_64-linux-gnu:/opt/rti.com/rti_connext_dds-5.3.1/lib/x64Linux3gcc5.4.0:/opt/ros/foxy/lib:/opt/MVS/lib/64:/opt/MVS/lib/32:/opt/MVS/lib/64:/opt/MVS/lib/32 PYTHONPATH=/home/ge/Desktop/ros2/ws/install/tutorial_interfaces/lib/python3.8/site-packages:${PYTHONPATH} _=/usr/bin/env /usr/bin/cmake --install /home/ge/Desktop/ros2/ws/build/cpp_pubsub
