[0.015s] Invoking command in '/home/ge/Desktop/ros2/ws/build/cpp_pubsub': CMAKE_PREFIX_PATH=${CMAKE_PREFIX_PATH}:/home/ge/Desktop/ros2/ws/install/examples_rclpy_minimal_subscriber:/home/ge/Desktop/ros2/ws/install/examples_rclpy_minimal_service:/home/ge/Desktop/ros2/ws/install/examples_rclpy_minimal_publisher:/home/ge/Desktop/ros2/ws/install/examples_rclpy_minimal_client:/home/ge/Desktop/ros2/ws/install/examples_rclpy_minimal_action_server:/home/ge/Desktop/ros2/ws/install/examples_rclpy_minimal_action_client:/home/ge/Desktop/ros2/ws/install/examples_rclpy_executors:/opt/ros/foxy _=/usr/bin/env /usr/bin/cmake /home/ge/Desktop/ros2/ws/src/cpp_pubsub -DCMAKE_INSTALL_PREFIX=/home/ge/Desktop/ros2/ws/install/cpp_pubsub
[0.088s] -- The C compiler identification is GNU 9.4.0
[0.142s] -- The CXX compiler identification is GNU 9.4.0
[0.148s] -- Check for working C compiler: /usr/bin/cc
[0.216s] -- Check for working C compiler: /usr/bin/cc -- works
[0.217s] -- Detecting C compiler ABI info
[0.283s] -- Detecting C compiler ABI info - done
[0.292s] -- Detecting C compile features
[0.292s] -- Detecting C compile features - done
[0.295s] -- Check for working CXX compiler: /usr/bin/c++
[0.367s] -- Check for working CXX compiler: /usr/bin/c++ -- works
[0.368s] -- Detecting CXX compiler ABI info
[0.441s] -- Detecting CXX compiler ABI info - done
[0.452s] -- Detecting CXX compile features
[0.453s] -- Detecting CXX compile features - done
[0.455s] -- Found ament_cmake: 0.9.11 (/opt/ros/foxy/share/ament_cmake/cmake)
[0.485s] -- Found PythonInterp: /usr/bin/python3 (found suitable version "3.8.10", minimum required is "3") 
[0.486s] -- Using PYTHON_EXECUTABLE: /usr/bin/python3
[0.680s] -- Found rclcpp: 2.4.2 (/opt/ros/foxy/share/rclcpp/cmake)
[0.721s] -- Using all available rosidl_typesupport_c: rosidl_typesupport_connext_c;rosidl_typesupport_fastrtps_c;rosidl_typesupport_introspection_c
[0.729s] -- Found rosidl_adapter: 1.3.0 (/opt/ros/foxy/share/rosidl_adapter/cmake)
[0.734s] -- Found RTI Connext: /opt/rti.com/rti_connext_dds-5.3.1
[1.438s] -- Found OpenSSL: /usr/lib/x86_64-linux-gnu/libcrypto.so (found version "1.1.1f")  
[1.460s] -- Found FastRTPS: /opt/ros/foxy/include  
[1.520s] -- Using all available rosidl_typesupport_cpp: rosidl_typesupport_connext_cpp;rosidl_typesupport_fastrtps_cpp;rosidl_typesupport_introspection_cpp
[1.564s] -- Found rmw_implementation_cmake: 1.0.3 (/opt/ros/foxy/share/rmw_implementation_cmake/cmake)
[1.566s] -- Using RMW implementation 'rmw_fastrtps_cpp' as default
[1.566s] -- Looking for pthread.h
[1.626s] -- Looking for pthread.h - found
[1.626s] -- Performing Test CMAKE_HAVE_LIBC_PTHREAD
[1.696s] -- Performing Test CMAKE_HAVE_LIBC_PTHREAD - Failed
[1.696s] -- Looking for pthread_create in pthreads
[1.756s] -- Looking for pthread_create in pthreads - not found
[1.756s] -- Looking for pthread_create in pthread
[1.819s] -- Looking for pthread_create in pthread - found
[1.820s] -- Found Threads: TRUE  
[1.939s] -- Found ament_lint_auto: 0.9.7 (/opt/ros/foxy/share/ament_lint_auto/cmake)
[2.010s] -- Added test 'copyright' to check source files copyright and LICENSE
[2.011s] -- Added test 'cppcheck' to perform static code analysis on C / C++ code
[2.011s] -- Configured cppcheck include dirs: 
[2.011s] -- Configured cppcheck exclude dirs and/or files: 
[2.012s] -- Added test 'cpplint' to check C / C++ code against the Google style
[2.012s] -- Configured cpplint exclude dirs and/or files: 
[2.012s] -- Added test 'lint_cmake' to check CMake code style
[2.013s] -- Added test 'uncrustify' to check C / C++ code style
[2.013s] -- Configured uncrustify additional arguments: 
[2.013s] -- Added test 'xmllint' to check XML markup files
[2.015s] -- Configuring done
[2.022s] -- Generating done
[2.023s] -- Build files have been written to: /home/ge/Desktop/ros2/ws/build/cpp_pubsub
[2.030s] Invoked command in '/home/ge/Desktop/ros2/ws/build/cpp_pubsub' returned '0': CMAKE_PREFIX_PATH=${CMAKE_PREFIX_PATH}:/home/ge/Desktop/ros2/ws/install/examples_rclpy_minimal_subscriber:/home/ge/Desktop/ros2/ws/install/examples_rclpy_minimal_service:/home/ge/Desktop/ros2/ws/install/examples_rclpy_minimal_publisher:/home/ge/Desktop/ros2/ws/install/examples_rclpy_minimal_client:/home/ge/Desktop/ros2/ws/install/examples_rclpy_minimal_action_server:/home/ge/Desktop/ros2/ws/install/examples_rclpy_minimal_action_client:/home/ge/Desktop/ros2/ws/install/examples_rclpy_executors:/opt/ros/foxy _=/usr/bin/env /usr/bin/cmake /home/ge/Desktop/ros2/ws/src/cpp_pubsub -DCMAKE_INSTALL_PREFIX=/home/ge/Desktop/ros2/ws/install/cpp_pubsub
[2.032s] Invoking command in '/home/ge/Desktop/ros2/ws/build/cpp_pubsub': CMAKE_PREFIX_PATH=${CMAKE_PREFIX_PATH}:/home/ge/Desktop/ros2/ws/install/examples_rclpy_minimal_subscriber:/home/ge/Desktop/ros2/ws/install/examples_rclpy_minimal_service:/home/ge/Desktop/ros2/ws/install/examples_rclpy_minimal_publisher:/home/ge/Desktop/ros2/ws/install/examples_rclpy_minimal_client:/home/ge/Desktop/ros2/ws/install/examples_rclpy_minimal_action_server:/home/ge/Desktop/ros2/ws/install/examples_rclpy_minimal_action_client:/home/ge/Desktop/ros2/ws/install/examples_rclpy_executors:/opt/ros/foxy _=/usr/bin/env /usr/bin/cmake --build /home/ge/Desktop/ros2/ws/build/cpp_pubsub -- -j16 -l16
[2.070s] [35m[1mScanning dependencies of target listener[0m
[2.070s] [35m[1mScanning dependencies of target talker[0m
[2.095s] [ 50%] [32mBuilding CXX object CMakeFiles/listener.dir/src/subscriber_member_function.cpp.o[0m
[2.095s] [ 50%] [32mBuilding CXX object CMakeFiles/talker.dir/src/publisher_member_function.cpp.o[0m
[4.220s] [ 75%] [32m[1mLinking CXX executable talker[0m
[4.327s] [ 75%] Built target talker
[5.357s] [100%] [32m[1mLinking CXX executable listener[0m
[5.508s] [100%] Built target listener
[5.522s] Invoked command in '/home/ge/Desktop/ros2/ws/build/cpp_pubsub' returned '0': CMAKE_PREFIX_PATH=${CMAKE_PREFIX_PATH}:/home/ge/Desktop/ros2/ws/install/examples_rclpy_minimal_subscriber:/home/ge/Desktop/ros2/ws/install/examples_rclpy_minimal_service:/home/ge/Desktop/ros2/ws/install/examples_rclpy_minimal_publisher:/home/ge/Desktop/ros2/ws/install/examples_rclpy_minimal_client:/home/ge/Desktop/ros2/ws/install/examples_rclpy_minimal_action_server:/home/ge/Desktop/ros2/ws/install/examples_rclpy_minimal_action_client:/home/ge/Desktop/ros2/ws/install/examples_rclpy_executors:/opt/ros/foxy _=/usr/bin/env /usr/bin/cmake --build /home/ge/Desktop/ros2/ws/build/cpp_pubsub -- -j16 -l16
[5.561s] Invoking command in '/home/ge/Desktop/ros2/ws/build/cpp_pubsub': CMAKE_PREFIX_PATH=${CMAKE_PREFIX_PATH}:/home/ge/Desktop/ros2/ws/install/examples_rclpy_minimal_subscriber:/home/ge/Desktop/ros2/ws/install/examples_rclpy_minimal_service:/home/ge/Desktop/ros2/ws/install/examples_rclpy_minimal_publisher:/home/ge/Desktop/ros2/ws/install/examples_rclpy_minimal_client:/home/ge/Desktop/ros2/ws/install/examples_rclpy_minimal_action_server:/home/ge/Desktop/ros2/ws/install/examples_rclpy_minimal_action_client:/home/ge/Desktop/ros2/ws/install/examples_rclpy_executors:/opt/ros/foxy _=/usr/bin/env /usr/bin/cmake --install /home/ge/Desktop/ros2/ws/build/cpp_pubsub
[5.566s] -- Install configuration: ""
[5.567s] -- Installing: /home/ge/Desktop/ros2/ws/install/cpp_pubsub/lib/cpp_pubsub/talker
[5.567s] -- Set runtime path of "/home/ge/Desktop/ros2/ws/install/cpp_pubsub/lib/cpp_pubsub/talker" to ""
[5.567s] -- Installing: /home/ge/Desktop/ros2/ws/install/cpp_pubsub/lib/cpp_pubsub/listener
[5.568s] -- Set runtime path of "/home/ge/Desktop/ros2/ws/install/cpp_pubsub/lib/cpp_pubsub/listener" to ""
[5.569s] -- Installing: /home/ge/Desktop/ros2/ws/install/cpp_pubsub/share/ament_index/resource_index/package_run_dependencies/cpp_pubsub
[5.569s] -- Installing: /home/ge/Desktop/ros2/ws/install/cpp_pubsub/share/ament_index/resource_index/parent_prefix_path/cpp_pubsub
[5.569s] -- Installing: /home/ge/Desktop/ros2/ws/install/cpp_pubsub/share/cpp_pubsub/environment/ament_prefix_path.sh
[5.569s] -- Installing: /home/ge/Desktop/ros2/ws/install/cpp_pubsub/share/cpp_pubsub/environment/ament_prefix_path.dsv
[5.569s] -- Installing: /home/ge/Desktop/ros2/ws/install/cpp_pubsub/share/cpp_pubsub/environment/path.sh
[5.569s] -- Installing: /home/ge/Desktop/ros2/ws/install/cpp_pubsub/share/cpp_pubsub/environment/path.dsv
[5.570s] -- Installing: /home/ge/Desktop/ros2/ws/install/cpp_pubsub/share/cpp_pubsub/local_setup.bash
[5.570s] -- Installing: /home/ge/Desktop/ros2/ws/install/cpp_pubsub/share/cpp_pubsub/local_setup.sh
[5.570s] -- Installing: /home/ge/Desktop/ros2/ws/install/cpp_pubsub/share/cpp_pubsub/local_setup.zsh
[5.570s] -- Installing: /home/ge/Desktop/ros2/ws/install/cpp_pubsub/share/cpp_pubsub/local_setup.dsv
[5.570s] -- Installing: /home/ge/Desktop/ros2/ws/install/cpp_pubsub/share/cpp_pubsub/package.dsv
[5.570s] -- Installing: /home/ge/Desktop/ros2/ws/install/cpp_pubsub/share/ament_index/resource_index/packages/cpp_pubsub
[5.570s] -- Installing: /home/ge/Desktop/ros2/ws/install/cpp_pubsub/share/cpp_pubsub/cmake/cpp_pubsubConfig.cmake
[5.570s] -- Installing: /home/ge/Desktop/ros2/ws/install/cpp_pubsub/share/cpp_pubsub/cmake/cpp_pubsubConfig-version.cmake
[5.570s] -- Installing: /home/ge/Desktop/ros2/ws/install/cpp_pubsub/share/cpp_pubsub/package.xml
[5.572s] Invoked command in '/home/ge/Desktop/ros2/ws/build/cpp_pubsub' returned '0': CMAKE_PREFIX_PATH=${CMAKE_PREFIX_PATH}:/home/ge/Desktop/ros2/ws/install/examples_rclpy_minimal_subscriber:/home/ge/Desktop/ros2/ws/install/examples_rclpy_minimal_service:/home/ge/Desktop/ros2/ws/install/examples_rclpy_minimal_publisher:/home/ge/Desktop/ros2/ws/install/examples_rclpy_minimal_client:/home/ge/Desktop/ros2/ws/install/examples_rclpy_minimal_action_server:/home/ge/Desktop/ros2/ws/install/examples_rclpy_minimal_action_client:/home/ge/Desktop/ros2/ws/install/examples_rclpy_executors:/opt/ros/foxy _=/usr/bin/env /usr/bin/cmake --install /home/ge/Desktop/ros2/ws/build/cpp_pubsub
