[0.094s] Invoking command in '/home/ge/Desktop/ros2/ws/build/examples_rclcpp_minimal_action_server': CMAKE_PREFIX_PATH=/opt/ros/foxy _=/usr/bin/env /usr/bin/cmake --build /home/ge/Desktop/ros2/ws/build/examples_rclcpp_minimal_action_server -- -j16 -l16
[0.994s] [ 50%] Built target action_server_member_functions
[0.994s] [100%] Built target action_server_not_composable
[1.002s] Invoked command in '/home/ge/Desktop/ros2/ws/build/examples_rclcpp_minimal_action_server' returned '0': CMAKE_PREFIX_PATH=/opt/ros/foxy _=/usr/bin/env /usr/bin/cmake --build /home/ge/Desktop/ros2/ws/build/examples_rclcpp_minimal_action_server -- -j16 -l16
[1.058s] Invoking command in '/home/ge/Desktop/ros2/ws/build/examples_rclcpp_minimal_action_server': CMAKE_PREFIX_PATH=/opt/ros/foxy _=/usr/bin/env /usr/bin/cmake --install /home/ge/Desktop/ros2/ws/build/examples_rclcpp_minimal_action_server
[1.084s] -- Install configuration: ""
[1.084s] -- Execute custom install script
[1.084s] -- Up-to-date symlink: /home/ge/Desktop/ros2/ws/install/examples_rclcpp_minimal_action_server/lib/examples_rclcpp_minimal_action_server/action_server_not_composable
[1.084s] -- Up-to-date symlink: /home/ge/Desktop/ros2/ws/install/examples_rclcpp_minimal_action_server/lib/examples_rclcpp_minimal_action_server/action_server_member_functions
[1.084s] -- Up-to-date symlink: /home/ge/Desktop/ros2/ws/install/examples_rclcpp_minimal_action_server/share/ament_index/resource_index/package_run_dependencies/examples_rclcpp_minimal_action_server
[1.084s] -- Up-to-date symlink: /home/ge/Desktop/ros2/ws/install/examples_rclcpp_minimal_action_server/share/ament_index/resource_index/parent_prefix_path/examples_rclcpp_minimal_action_server
[1.084s] -- Up-to-date symlink: /home/ge/Desktop/ros2/ws/install/examples_rclcpp_minimal_action_server/share/examples_rclcpp_minimal_action_server/environment/ament_prefix_path.sh
[1.084s] -- Up-to-date symlink: /home/ge/Desktop/ros2/ws/install/examples_rclcpp_minimal_action_server/share/examples_rclcpp_minimal_action_server/environment/ament_prefix_path.dsv
[1.084s] -- Up-to-date symlink: /home/ge/Desktop/ros2/ws/install/examples_rclcpp_minimal_action_server/share/examples_rclcpp_minimal_action_server/environment/path.sh
[1.084s] -- Up-to-date symlink: /home/ge/Desktop/ros2/ws/install/examples_rclcpp_minimal_action_server/share/examples_rclcpp_minimal_action_server/environment/path.dsv
[1.085s] -- Up-to-date symlink: /home/ge/Desktop/ros2/ws/install/examples_rclcpp_minimal_action_server/share/examples_rclcpp_minimal_action_server/local_setup.bash
[1.085s] -- Up-to-date symlink: /home/ge/Desktop/ros2/ws/install/examples_rclcpp_minimal_action_server/share/examples_rclcpp_minimal_action_server/local_setup.sh
[1.085s] -- Up-to-date symlink: /home/ge/Desktop/ros2/ws/install/examples_rclcpp_minimal_action_server/share/examples_rclcpp_minimal_action_server/local_setup.zsh
[1.085s] -- Up-to-date symlink: /home/ge/Desktop/ros2/ws/install/examples_rclcpp_minimal_action_server/share/examples_rclcpp_minimal_action_server/local_setup.dsv
[1.085s] -- Symlinking: /home/ge/Desktop/ros2/ws/install/examples_rclcpp_minimal_action_server/share/examples_rclcpp_minimal_action_server/package.dsv
[1.093s] -- Up-to-date symlink: /home/ge/Desktop/ros2/ws/install/examples_rclcpp_minimal_action_server/share/ament_index/resource_index/packages/examples_rclcpp_minimal_action_server
[1.093s] -- Up-to-date symlink: /home/ge/Desktop/ros2/ws/install/examples_rclcpp_minimal_action_server/share/examples_rclcpp_minimal_action_server/cmake/examples_rclcpp_minimal_action_serverConfig.cmake
[1.094s] -- Up-to-date symlink: /home/ge/Desktop/ros2/ws/install/examples_rclcpp_minimal_action_server/share/examples_rclcpp_minimal_action_server/cmake/examples_rclcpp_minimal_action_serverConfig-version.cmake
[1.094s] -- Up-to-date symlink: /home/ge/Desktop/ros2/ws/install/examples_rclcpp_minimal_action_server/share/examples_rclcpp_minimal_action_server/package.xml
[1.128s] Invoked command in '/home/ge/Desktop/ros2/ws/build/examples_rclcpp_minimal_action_server' returned '0': CMAKE_PREFIX_PATH=/opt/ros/foxy _=/usr/bin/env /usr/bin/cmake --install /home/ge/Desktop/ros2/ws/build/examples_rclcpp_minimal_action_server
