[0.025s] Invoking command in '/home/ge/Desktop/ros2/ws00_hw/build/pkg03_hellovscode_cpp': CMAKE_PREFIX_PATH=${CMAKE_PREFIX_PATH}:/opt/ros/foxy _=/usr/bin/env /usr/bin/cmake --build /home/ge/Desktop/ros2/ws00_hw/build/pkg03_hellovscode_cpp -- -j16 -l16
[0.052s] -- Found ament_cmake: 0.9.11 (/opt/ros/foxy/share/ament_cmake/cmake)
[0.077s] -- Using PYTHON_EXECUTABLE: /usr/bin/python3
[0.294s] -- Found rclcpp: 2.4.2 (/opt/ros/foxy/share/rclcpp/cmake)
[0.327s] -- Using all available rosidl_typesupport_c: rosidl_typesupport_connext_c;rosidl_typesupport_fastrtps_c;rosidl_typesupport_introspection_c
[0.330s] -- Found rosidl_adapter: 1.3.0 (/opt/ros/foxy/share/rosidl_adapter/cmake)
[0.333s] -- Found RTI Connext: /opt/rti.com/rti_connext_dds-5.3.1
[0.783s] -- Using all available rosidl_typesupport_cpp: rosidl_typesupport_connext_cpp;rosidl_typesupport_fastrtps_cpp;rosidl_typesupport_introspection_cpp
[0.831s] -- Found rmw_implementation_cmake: 1.0.3 (/opt/ros/foxy/share/rmw_implementation_cmake/cmake)
[0.833s] -- Using RMW implementation 'rmw_fastrtps_cpp' as default
[0.971s] -- Found ament_lint_auto: 0.9.7 (/opt/ros/foxy/share/ament_lint_auto/cmake)
[1.035s] -- Added test 'copyright' to check source files copyright and LICENSE
[1.037s] -- Added test 'cppcheck' to perform static code analysis on C / C++ code
[1.037s] -- Configured cppcheck include dirs: 
[1.037s] -- Configured cppcheck exclude dirs and/or files: 
[1.038s] -- Added test 'cpplint' to check C / C++ code against the Google style
[1.038s] -- Configured cpplint exclude dirs and/or files: 
[1.038s] -- Added test 'lint_cmake' to check CMake code style
[1.039s] -- Added test 'uncrustify' to check C / C++ code style
[1.039s] -- Configured uncrustify additional arguments: 
[1.039s] -- Added test 'xmllint' to check XML markup files
[1.041s] -- Configuring done
[1.050s] -- Generating done
[1.052s] -- Build files have been written to: /home/ge/Desktop/ros2/ws00_hw/build/pkg03_hellovscode_cpp
[1.080s] [35m[1mScanning dependencies of target hellovscode[0m
[1.099s] [ 50%] [32mBuilding CXX object CMakeFiles/hellovscode.dir/src/hellovscode.cpp.o[0m
[1.099s] [ 50%] [32m[1mLinking CXX executable hellovscode2[0m
[1.200s] [ 75%] Built target hellovscode2
[2.765s] [100%] [32m[1mLinking CXX executable hellovscode[0m
[2.866s] [100%] Built target hellovscode
[2.877s] Invoked command in '/home/ge/Desktop/ros2/ws00_hw/build/pkg03_hellovscode_cpp' returned '0': CMAKE_PREFIX_PATH=${CMAKE_PREFIX_PATH}:/opt/ros/foxy _=/usr/bin/env /usr/bin/cmake --build /home/ge/Desktop/ros2/ws00_hw/build/pkg03_hellovscode_cpp -- -j16 -l16
[2.918s] Invoking command in '/home/ge/Desktop/ros2/ws00_hw/build/pkg03_hellovscode_cpp': CMAKE_PREFIX_PATH=${CMAKE_PREFIX_PATH}:/opt/ros/foxy _=/usr/bin/env /usr/bin/cmake --install /home/ge/Desktop/ros2/ws00_hw/build/pkg03_hellovscode_cpp
[2.925s] -- Install configuration: ""
[2.925s] -- Installing: /home/ge/Desktop/ros2/ws00_hw/install/pkg03_hellovscode_cpp/lib/pkg03_hellovscode_cpp/hellovscode
[2.925s] -- Set runtime path of "/home/ge/Desktop/ros2/ws00_hw/install/pkg03_hellovscode_cpp/lib/pkg03_hellovscode_cpp/hellovscode" to ""
[2.925s] -- Installing: /home/ge/Desktop/ros2/ws00_hw/install/pkg03_hellovscode_cpp/lib/pkg03_hellovscode_cpp/hellovscode2
[2.926s] -- Set runtime path of "/home/ge/Desktop/ros2/ws00_hw/install/pkg03_hellovscode_cpp/lib/pkg03_hellovscode_cpp/hellovscode2" to ""
[2.926s] -- Up-to-date: /home/ge/Desktop/ros2/ws00_hw/install/pkg03_hellovscode_cpp/share/ament_index/resource_index/package_run_dependencies/pkg03_hellovscode_cpp
[2.926s] -- Up-to-date: /home/ge/Desktop/ros2/ws00_hw/install/pkg03_hellovscode_cpp/share/ament_index/resource_index/parent_prefix_path/pkg03_hellovscode_cpp
[2.926s] -- Up-to-date: /home/ge/Desktop/ros2/ws00_hw/install/pkg03_hellovscode_cpp/share/pkg03_hellovscode_cpp/environment/ament_prefix_path.sh
[2.926s] -- Installing: /home/ge/Desktop/ros2/ws00_hw/install/pkg03_hellovscode_cpp/share/pkg03_hellovscode_cpp/environment/ament_prefix_path.dsv
[2.926s] -- Up-to-date: /home/ge/Desktop/ros2/ws00_hw/install/pkg03_hellovscode_cpp/share/pkg03_hellovscode_cpp/environment/path.sh
[2.926s] -- Installing: /home/ge/Desktop/ros2/ws00_hw/install/pkg03_hellovscode_cpp/share/pkg03_hellovscode_cpp/environment/path.dsv
[2.927s] -- Up-to-date: /home/ge/Desktop/ros2/ws00_hw/install/pkg03_hellovscode_cpp/share/pkg03_hellovscode_cpp/local_setup.bash
[2.927s] -- Up-to-date: /home/ge/Desktop/ros2/ws00_hw/install/pkg03_hellovscode_cpp/share/pkg03_hellovscode_cpp/local_setup.sh
[2.927s] -- Up-to-date: /home/ge/Desktop/ros2/ws00_hw/install/pkg03_hellovscode_cpp/share/pkg03_hellovscode_cpp/local_setup.zsh
[2.927s] -- Installing: /home/ge/Desktop/ros2/ws00_hw/install/pkg03_hellovscode_cpp/share/pkg03_hellovscode_cpp/local_setup.dsv
[2.927s] -- Installing: /home/ge/Desktop/ros2/ws00_hw/install/pkg03_hellovscode_cpp/share/pkg03_hellovscode_cpp/package.dsv
[2.927s] -- Up-to-date: /home/ge/Desktop/ros2/ws00_hw/install/pkg03_hellovscode_cpp/share/ament_index/resource_index/packages/pkg03_hellovscode_cpp
[2.927s] -- Up-to-date: /home/ge/Desktop/ros2/ws00_hw/install/pkg03_hellovscode_cpp/share/pkg03_hellovscode_cpp/cmake/pkg03_hellovscode_cppConfig.cmake
[2.927s] -- Up-to-date: /home/ge/Desktop/ros2/ws00_hw/install/pkg03_hellovscode_cpp/share/pkg03_hellovscode_cpp/cmake/pkg03_hellovscode_cppConfig-version.cmake
[2.927s] -- Up-to-date: /home/ge/Desktop/ros2/ws00_hw/install/pkg03_hellovscode_cpp/share/pkg03_hellovscode_cpp/package.xml
[2.929s] Invoked command in '/home/ge/Desktop/ros2/ws00_hw/build/pkg03_hellovscode_cpp' returned '0': CMAKE_PREFIX_PATH=${CMAKE_PREFIX_PATH}:/opt/ros/foxy _=/usr/bin/env /usr/bin/cmake --install /home/ge/Desktop/ros2/ws00_hw/build/pkg03_hellovscode_cpp
