[0.020s] Invoking command in '/home/ge/Desktop/ros2/ws/build/tutorial_interfaces': CMAKE_PREFIX_PATH=${CMAKE_PREFIX_PATH}:/home/ge/Desktop/ros2/ws/install/examples_rclpy_minimal_subscriber:/home/ge/Desktop/ros2/ws/install/examples_rclpy_minimal_service:/home/ge/Desktop/ros2/ws/install/examples_rclpy_minimal_publisher:/home/ge/Desktop/ros2/ws/install/examples_rclpy_minimal_client:/home/ge/Desktop/ros2/ws/install/examples_rclpy_minimal_action_server:/home/ge/Desktop/ros2/ws/install/examples_rclpy_minimal_action_client:/home/ge/Desktop/ros2/ws/install/examples_rclpy_executors:/opt/ros/foxy _=/usr/bin/env /usr/bin/cmake /home/ge/Desktop/ros2/ws/src/tutorial_interfaces -DCMAKE_INSTALL_PREFIX=/home/ge/Desktop/ros2/ws/install/tutorial_interfaces
[0.033s] -- Found ament_cmake: 0.9.11 (/opt/ros/foxy/share/ament_cmake/cmake)
[0.060s] -- Using PYTHON_EXECUTABLE: /usr/bin/python3
[0.230s] -- Found geometry_msgs: 2.0.5 (/opt/ros/foxy/share/geometry_msgs/cmake)
[0.246s] -- Using all available rosidl_typesupport_c: rosidl_typesupport_connext_c;rosidl_typesupport_fastrtps_c;rosidl_typesupport_introspection_c
[0.248s] -- Found rosidl_adapter: 1.3.0 (/opt/ros/foxy/share/rosidl_adapter/cmake)
[0.250s] -- Found RTI Connext: /opt/rti.com/rti_connext_dds-5.3.1
[0.580s] -- Using all available rosidl_typesupport_cpp: rosidl_typesupport_connext_cpp;rosidl_typesupport_fastrtps_cpp;rosidl_typesupport_introspection_cpp
[0.639s] -- Found rosidl_default_generators: 1.0.1 (/opt/ros/foxy/share/rosidl_default_generators/cmake)
[0.647s] CMake Error at /opt/ros/foxy/share/rosidl_cmake/cmake/rosidl_generate_interfaces.cmake:93 (message):
[0.647s]   rosidl_generate_interfaces() the passed file 'msg/Num.msg' doesn't exist
[0.647s]   relative to the CMAKE_CURRENT_SOURCE_DIR
[0.647s]   '/home/ge/Desktop/ros2/ws/src/tutorial_interfaces'
[0.647s] Call Stack (most recent call first):
[0.647s]   CMakeLists.txt:26 (rosidl_generate_interfaces)
[0.647s] 
[0.648s] 
[0.648s] -- Configuring incomplete, errors occurred!
[0.648s] See also "/home/ge/Desktop/ros2/ws/build/tutorial_interfaces/CMakeFiles/CMakeOutput.log".
[0.653s] Invoked command in '/home/ge/Desktop/ros2/ws/build/tutorial_interfaces' returned '1': CMAKE_PREFIX_PATH=${CMAKE_PREFIX_PATH}:/home/ge/Desktop/ros2/ws/install/examples_rclpy_minimal_subscriber:/home/ge/Desktop/ros2/ws/install/examples_rclpy_minimal_service:/home/ge/Desktop/ros2/ws/install/examples_rclpy_minimal_publisher:/home/ge/Desktop/ros2/ws/install/examples_rclpy_minimal_client:/home/ge/Desktop/ros2/ws/install/examples_rclpy_minimal_action_server:/home/ge/Desktop/ros2/ws/install/examples_rclpy_minimal_action_client:/home/ge/Desktop/ros2/ws/install/examples_rclpy_executors:/opt/ros/foxy _=/usr/bin/env /usr/bin/cmake /home/ge/Desktop/ros2/ws/src/tutorial_interfaces -DCMAKE_INSTALL_PREFIX=/home/ge/Desktop/ros2/ws/install/tutorial_interfaces
