[3.056s] Invoking command in '/home/ge/Desktop/ros2/ws/build/examples_rclpy_executors': PYTHONPATH=/home/ge/Desktop/ros2/ws/build/examples_rclpy_executors/prefix_override:/home/ge/Desktop/ros2/ws/install/examples_rclpy_executors/lib/python3.8/site-packages:${PYTHONPATH} _=/usr/bin/env /usr/bin/python3 setup.py develop --editable --build-directory /home/ge/Desktop/ros2/ws/build/examples_rclpy_executors/build --no-deps install_data
[4.491s] running develop
[4.491s] running egg_info
[4.492s] creating examples_rclpy_executors.egg-info
[4.492s] writing examples_rclpy_executors.egg-info/PKG-INFO
[4.492s] writing dependency_links to examples_rclpy_executors.egg-info/dependency_links.txt
[4.492s] writing entry points to examples_rclpy_executors.egg-info/entry_points.txt
[4.492s] writing requirements to examples_rclpy_executors.egg-info/requires.txt
[4.492s] writing top-level names to examples_rclpy_executors.egg-info/top_level.txt
[4.492s] writing manifest file 'examples_rclpy_executors.egg-info/SOURCES.txt'
[4.492s] reading manifest file 'examples_rclpy_executors.egg-info/SOURCES.txt'
[4.492s] writing manifest file 'examples_rclpy_executors.egg-info/SOURCES.txt'
[4.493s] running build_ext
[4.493s] Creating /home/ge/Desktop/ros2/ws/install/examples_rclpy_executors/lib/python3.8/site-packages/site.py
[4.493s] Creating /home/ge/Desktop/ros2/ws/install/examples_rclpy_executors/lib/python3.8/site-packages/examples-rclpy-executors.egg-link (link to .)
[4.493s] Installing callback_group script to /home/ge/Desktop/ros2/ws/install/examples_rclpy_executors/lib/examples_rclpy_executors
[4.493s] Installing composed script to /home/ge/Desktop/ros2/ws/install/examples_rclpy_executors/lib/examples_rclpy_executors
[4.493s] Installing custom_callback_group script to /home/ge/Desktop/ros2/ws/install/examples_rclpy_executors/lib/examples_rclpy_executors
[4.493s] Installing custom_executor script to /home/ge/Desktop/ros2/ws/install/examples_rclpy_executors/lib/examples_rclpy_executors
[4.493s] Installing listener script to /home/ge/Desktop/ros2/ws/install/examples_rclpy_executors/lib/examples_rclpy_executors
[4.493s] Installing talker script to /home/ge/Desktop/ros2/ws/install/examples_rclpy_executors/lib/examples_rclpy_executors
[4.493s] 
[4.494s] Installed /home/ge/Desktop/ros2/ws/build/examples_rclpy_executors
[4.494s] running install_data
[4.494s] creating /home/ge/Desktop/ros2/ws/install/examples_rclpy_executors/share/ament_index
[4.494s] creating /home/ge/Desktop/ros2/ws/install/examples_rclpy_executors/share/ament_index/resource_index
[4.494s] creating /home/ge/Desktop/ros2/ws/install/examples_rclpy_executors/share/ament_index/resource_index/packages
[4.494s] copying resource/examples_rclpy_executors -> /home/ge/Desktop/ros2/ws/install/examples_rclpy_executors/share/ament_index/resource_index/packages
[4.494s] copying package.xml -> /home/ge/Desktop/ros2/ws/install/examples_rclpy_executors/share/examples_rclpy_executors
[4.528s] Invoked command in '/home/ge/Desktop/ros2/ws/build/examples_rclpy_executors' returned '0': PYTHONPATH=/home/ge/Desktop/ros2/ws/build/examples_rclpy_executors/prefix_override:/home/ge/Desktop/ros2/ws/install/examples_rclpy_executors/lib/python3.8/site-packages:${PYTHONPATH} _=/usr/bin/env /usr/bin/python3 setup.py develop --editable --build-directory /home/ge/Desktop/ros2/ws/build/examples_rclpy_executors/build --no-deps install_data
