[0.013s] Invoking command in '/home/ge/Desktop/ros2/ws00_hw/build/pkg01_helloworld_cpp': CMAKE_PREFIX_PATH=${CMAKE_PREFIX_PATH}:/opt/ros/foxy _=/usr/bin/env /usr/bin/cmake --build /home/ge/Desktop/ros2/ws00_hw/build/pkg01_helloworld_cpp -- -j16 -l16
[0.052s] [35m[1mScanning dependencies of target helloworld[0m
[0.129s] [ 50%] [32mBuilding CXX object CMakeFiles/helloworld.dir/src/helloworld.cpp.o[0m
[1.311s] [100%] [32m[1mLinking CXX executable helloworld[0m
[1.384s] [100%] Built target helloworld
[1.394s] Invoked command in '/home/ge/Desktop/ros2/ws00_hw/build/pkg01_helloworld_cpp' returned '0': CMAKE_PREFIX_PATH=${CMAKE_PREFIX_PATH}:/opt/ros/foxy _=/usr/bin/env /usr/bin/cmake --build /home/ge/Desktop/ros2/ws00_hw/build/pkg01_helloworld_cpp -- -j16 -l16
[1.434s] Invoking command in '/home/ge/Desktop/ros2/ws00_hw/build/pkg01_helloworld_cpp': CMAKE_PREFIX_PATH=${CMAKE_PREFIX_PATH}:/opt/ros/foxy _=/usr/bin/env /usr/bin/cmake --install /home/ge/Desktop/ros2/ws00_hw/build/pkg01_helloworld_cpp
[1.443s] -- Install configuration: ""
[1.443s] -- Installing: /home/ge/Desktop/ros2/ws00_hw/install/pkg01_helloworld_cpp/lib/pkg01_helloworld_cpp/helloworld
[1.444s] -- Set runtime path of "/home/ge/Desktop/ros2/ws00_hw/install/pkg01_helloworld_cpp/lib/pkg01_helloworld_cpp/helloworld" to ""
[1.444s] -- Up-to-date: /home/ge/Desktop/ros2/ws00_hw/install/pkg01_helloworld_cpp/share/ament_index/resource_index/package_run_dependencies/pkg01_helloworld_cpp
[1.444s] -- Up-to-date: /home/ge/Desktop/ros2/ws00_hw/install/pkg01_helloworld_cpp/share/ament_index/resource_index/parent_prefix_path/pkg01_helloworld_cpp
[1.444s] -- Up-to-date: /home/ge/Desktop/ros2/ws00_hw/install/pkg01_helloworld_cpp/share/pkg01_helloworld_cpp/environment/ament_prefix_path.sh
[1.445s] -- Up-to-date: /home/ge/Desktop/ros2/ws00_hw/install/pkg01_helloworld_cpp/share/pkg01_helloworld_cpp/environment/ament_prefix_path.dsv
[1.445s] -- Up-to-date: /home/ge/Desktop/ros2/ws00_hw/install/pkg01_helloworld_cpp/share/pkg01_helloworld_cpp/environment/path.sh
[1.445s] -- Up-to-date: /home/ge/Desktop/ros2/ws00_hw/install/pkg01_helloworld_cpp/share/pkg01_helloworld_cpp/environment/path.dsv
[1.445s] -- Up-to-date: /home/ge/Desktop/ros2/ws00_hw/install/pkg01_helloworld_cpp/share/pkg01_helloworld_cpp/local_setup.bash
[1.445s] -- Up-to-date: /home/ge/Desktop/ros2/ws00_hw/install/pkg01_helloworld_cpp/share/pkg01_helloworld_cpp/local_setup.sh
[1.445s] -- Up-to-date: /home/ge/Desktop/ros2/ws00_hw/install/pkg01_helloworld_cpp/share/pkg01_helloworld_cpp/local_setup.zsh
[1.445s] -- Up-to-date: /home/ge/Desktop/ros2/ws00_hw/install/pkg01_helloworld_cpp/share/pkg01_helloworld_cpp/local_setup.dsv
[1.445s] -- Up-to-date: /home/ge/Desktop/ros2/ws00_hw/install/pkg01_helloworld_cpp/share/pkg01_helloworld_cpp/package.dsv
[1.445s] -- Up-to-date: /home/ge/Desktop/ros2/ws00_hw/install/pkg01_helloworld_cpp/share/ament_index/resource_index/packages/pkg01_helloworld_cpp
[1.445s] -- Up-to-date: /home/ge/Desktop/ros2/ws00_hw/install/pkg01_helloworld_cpp/share/pkg01_helloworld_cpp/cmake/pkg01_helloworld_cppConfig.cmake
[1.446s] -- Up-to-date: /home/ge/Desktop/ros2/ws00_hw/install/pkg01_helloworld_cpp/share/pkg01_helloworld_cpp/cmake/pkg01_helloworld_cppConfig-version.cmake
[1.446s] -- Up-to-date: /home/ge/Desktop/ros2/ws00_hw/install/pkg01_helloworld_cpp/share/pkg01_helloworld_cpp/package.xml
[1.447s] Invoked command in '/home/ge/Desktop/ros2/ws00_hw/build/pkg01_helloworld_cpp' returned '0': CMAKE_PREFIX_PATH=${CMAKE_PREFIX_PATH}:/opt/ros/foxy _=/usr/bin/env /usr/bin/cmake --install /home/ge/Desktop/ros2/ws00_hw/build/pkg01_helloworld_cpp
