[0.037s] Invoking command in '/home/ge/Desktop/ros2/ws00_hw/build/pkg01_helloworld_cpp': CMAKE_PREFIX_PATH=/opt/ros/foxy _=/usr/bin/env /usr/bin/cmake --build /home/ge/Desktop/ros2/ws00_hw/build/pkg01_helloworld_cpp -- -j16 -l16
[0.115s] [35m[1mScanning dependencies of target helloworld[0m
[0.146s] [ 50%] [32mBuilding CXX object CMakeFiles/helloworld.dir/src/helloworld.cpp.o[0m
[2.048s] [100%] [32m[1mLinking CXX executable helloworld[0m
[2.167s] [100%] Built target helloworld
[2.179s] Invoked command in '/home/ge/Desktop/ros2/ws00_hw/build/pkg01_helloworld_cpp' returned '0': CMAKE_PREFIX_PATH=/opt/ros/foxy _=/usr/bin/env /usr/bin/cmake --build /home/ge/Desktop/ros2/ws00_hw/build/pkg01_helloworld_cpp -- -j16 -l16
[2.221s] Invoking command in '/home/ge/Desktop/ros2/ws00_hw/build/pkg01_helloworld_cpp': CMAKE_PREFIX_PATH=/opt/ros/foxy _=/usr/bin/env /usr/bin/cmake --install /home/ge/Desktop/ros2/ws00_hw/build/pkg01_helloworld_cpp
[2.228s] -- Install configuration: ""
[2.229s] -- Installing: /home/ge/Desktop/ros2/ws00_hw/install/pkg01_helloworld_cpp/lib/pkg01_helloworld_cpp/helloworld
[2.229s] -- Set runtime path of "/home/ge/Desktop/ros2/ws00_hw/install/pkg01_helloworld_cpp/lib/pkg01_helloworld_cpp/helloworld" to ""
[2.229s] -- Up-to-date: /home/ge/Desktop/ros2/ws00_hw/install/pkg01_helloworld_cpp/share/ament_index/resource_index/package_run_dependencies/pkg01_helloworld_cpp
[2.230s] -- Up-to-date: /home/ge/Desktop/ros2/ws00_hw/install/pkg01_helloworld_cpp/share/ament_index/resource_index/parent_prefix_path/pkg01_helloworld_cpp
[2.230s] -- Up-to-date: /home/ge/Desktop/ros2/ws00_hw/install/pkg01_helloworld_cpp/share/pkg01_helloworld_cpp/environment/ament_prefix_path.sh
[2.230s] -- Up-to-date: /home/ge/Desktop/ros2/ws00_hw/install/pkg01_helloworld_cpp/share/pkg01_helloworld_cpp/environment/ament_prefix_path.dsv
[2.230s] -- Up-to-date: /home/ge/Desktop/ros2/ws00_hw/install/pkg01_helloworld_cpp/share/pkg01_helloworld_cpp/environment/path.sh
[2.230s] -- Up-to-date: /home/ge/Desktop/ros2/ws00_hw/install/pkg01_helloworld_cpp/share/pkg01_helloworld_cpp/environment/path.dsv
[2.230s] -- Up-to-date: /home/ge/Desktop/ros2/ws00_hw/install/pkg01_helloworld_cpp/share/pkg01_helloworld_cpp/local_setup.bash
[2.230s] -- Up-to-date: /home/ge/Desktop/ros2/ws00_hw/install/pkg01_helloworld_cpp/share/pkg01_helloworld_cpp/local_setup.sh
[2.230s] -- Up-to-date: /home/ge/Desktop/ros2/ws00_hw/install/pkg01_helloworld_cpp/share/pkg01_helloworld_cpp/local_setup.zsh
[2.231s] -- Up-to-date: /home/ge/Desktop/ros2/ws00_hw/install/pkg01_helloworld_cpp/share/pkg01_helloworld_cpp/local_setup.dsv
[2.231s] -- Installing: /home/ge/Desktop/ros2/ws00_hw/install/pkg01_helloworld_cpp/share/pkg01_helloworld_cpp/package.dsv
[2.231s] -- Up-to-date: /home/ge/Desktop/ros2/ws00_hw/install/pkg01_helloworld_cpp/share/ament_index/resource_index/packages/pkg01_helloworld_cpp
[2.231s] -- Up-to-date: /home/ge/Desktop/ros2/ws00_hw/install/pkg01_helloworld_cpp/share/pkg01_helloworld_cpp/cmake/pkg01_helloworld_cppConfig.cmake
[2.231s] -- Up-to-date: /home/ge/Desktop/ros2/ws00_hw/install/pkg01_helloworld_cpp/share/pkg01_helloworld_cpp/cmake/pkg01_helloworld_cppConfig-version.cmake
[2.231s] -- Up-to-date: /home/ge/Desktop/ros2/ws00_hw/install/pkg01_helloworld_cpp/share/pkg01_helloworld_cpp/package.xml
[2.233s] Invoked command in '/home/ge/Desktop/ros2/ws00_hw/build/pkg01_helloworld_cpp' returned '0': CMAKE_PREFIX_PATH=/opt/ros/foxy _=/usr/bin/env /usr/bin/cmake --install /home/ge/Desktop/ros2/ws00_hw/build/pkg01_helloworld_cpp
