[0.115s] Invoking command in '/home/ge/Desktop/ros2/ws/build/examples_rclcpp_multithreaded_executor': CMAKE_PREFIX_PATH=/opt/ros/foxy _=/usr/bin/env /usr/bin/cmake /home/ge/Desktop/ros2/ws/src/examples/rclcpp/executors/multithreaded_executor -DAMENT_CMAKE_SYMLINK_INSTALL=1 -DCMAKE_INSTALL_PREFIX=/home/ge/Desktop/ros2/ws/install/examples_rclcpp_multithreaded_executor
[2.201s] -- The C compiler identification is GNU 9.4.0
[2.202s] -- The CXX compiler identification is GNU 9.4.0
[2.202s] -- Check for working C compiler: /usr/bin/cc
[2.202s] -- Check for working C compiler: /usr/bin/cc -- works
[2.202s] -- Detecting C compiler ABI info
[2.202s] -- Detecting C compiler ABI info - done
[2.202s] -- Detecting C compile features
[2.202s] -- Detecting C compile features - done
[2.202s] -- Check for working CXX compiler: /usr/bin/c++
[2.203s] -- Check for working CXX compiler: /usr/bin/c++ -- works
[2.203s] -- Detecting CXX compiler ABI info
[2.203s] -- Detecting CXX compiler ABI info - done
[2.203s] -- Detecting CXX compile features
[2.203s] -- Detecting CXX compile features - done
[2.203s] -- Found ament_cmake: 0.9.11 (/opt/ros/foxy/share/ament_cmake/cmake)
[2.203s] -- Found PythonInterp: /usr/bin/python3 (found suitable version "3.8.10", minimum required is "3") 
[2.203s] -- Using PYTHON_EXECUTABLE: /usr/bin/python3
[2.203s] -- Override CMake install command with custom implementation using symlinks instead of copying resources
[2.203s] -- Found rclcpp: 2.4.2 (/opt/ros/foxy/share/rclcpp/cmake)
[2.203s] -- Using all available rosidl_typesupport_c: rosidl_typesupport_connext_c;rosidl_typesupport_fastrtps_c;rosidl_typesupport_introspection_c
[2.203s] -- Found rosidl_adapter: 1.3.0 (/opt/ros/foxy/share/rosidl_adapter/cmake)
[2.204s] -- Found RTI Connext: /opt/rti.com/rti_connext_dds-5.3.1
[2.204s] -- Found OpenSSL: /usr/lib/x86_64-linux-gnu/libcrypto.so (found version "1.1.1f")  
[2.204s] -- Found FastRTPS: /opt/ros/foxy/include  
[2.204s] -- Using all available rosidl_typesupport_cpp: rosidl_typesupport_connext_cpp;rosidl_typesupport_fastrtps_cpp;rosidl_typesupport_introspection_cpp
[2.204s] -- Found rmw_implementation_cmake: 1.0.3 (/opt/ros/foxy/share/rmw_implementation_cmake/cmake)
[2.204s] -- Using RMW implementation 'rmw_fastrtps_cpp' as default
[2.204s] -- Looking for pthread.h
[2.205s] -- Looking for pthread.h - found
[2.205s] -- Performing Test CMAKE_HAVE_LIBC_PTHREAD
[2.205s] -- Performing Test CMAKE_HAVE_LIBC_PTHREAD - Failed
[2.205s] -- Looking for pthread_create in pthreads
[2.205s] -- Looking for pthread_create in pthreads - not found
[2.205s] -- Looking for pthread_create in pthread
[2.205s] -- Looking for pthread_create in pthread - found
[2.205s] -- Found Threads: TRUE  
[2.356s] -- Found ament_lint_auto: 0.9.7 (/opt/ros/foxy/share/ament_lint_auto/cmake)
[2.459s] -- Added test 'copyright' to check source files copyright and LICENSE
[2.461s] -- Added test 'cppcheck' to perform static code analysis on C / C++ code
[2.461s] -- Configured cppcheck include dirs: 
[2.461s] -- Configured cppcheck exclude dirs and/or files: 
[2.462s] -- Added test 'cpplint' to check C / C++ code against the Google style
[2.462s] -- Configured cpplint exclude dirs and/or files: 
[2.463s] -- Added test 'lint_cmake' to check CMake code style
[2.464s] -- Added test 'uncrustify' to check C / C++ code style
[2.465s] -- Configured uncrustify additional arguments: 
[2.466s] -- Added test 'xmllint' to check XML markup files
[2.472s] -- Configuring done
[2.490s] -- Generating done
[2.493s] -- Build files have been written to: /home/ge/Desktop/ros2/ws/build/examples_rclcpp_multithreaded_executor
[2.510s] Invoked command in '/home/ge/Desktop/ros2/ws/build/examples_rclcpp_multithreaded_executor' returned '0': CMAKE_PREFIX_PATH=/opt/ros/foxy _=/usr/bin/env /usr/bin/cmake /home/ge/Desktop/ros2/ws/src/examples/rclcpp/executors/multithreaded_executor -DAMENT_CMAKE_SYMLINK_INSTALL=1 -DCMAKE_INSTALL_PREFIX=/home/ge/Desktop/ros2/ws/install/examples_rclcpp_multithreaded_executor
[2.511s] Invoking command in '/home/ge/Desktop/ros2/ws/build/examples_rclcpp_multithreaded_executor': CMAKE_PREFIX_PATH=/opt/ros/foxy _=/usr/bin/env /usr/bin/cmake --build /home/ge/Desktop/ros2/ws/build/examples_rclcpp_multithreaded_executor -- -j16 -l16
[2.599s] [35m[1mScanning dependencies of target multithreaded_executor[0m
[2.657s] [ 50%] [32mBuilding CXX object CMakeFiles/multithreaded_executor.dir/multithreaded_executor.cpp.o[0m
[9.655s] [100%] [32m[1mLinking CXX executable multithreaded_executor[0m
[9.828s] [100%] Built target multithreaded_executor
[9.836s] Invoked command in '/home/ge/Desktop/ros2/ws/build/examples_rclcpp_multithreaded_executor' returned '0': CMAKE_PREFIX_PATH=/opt/ros/foxy _=/usr/bin/env /usr/bin/cmake --build /home/ge/Desktop/ros2/ws/build/examples_rclcpp_multithreaded_executor -- -j16 -l16
[9.862s] Invoking command in '/home/ge/Desktop/ros2/ws/build/examples_rclcpp_multithreaded_executor': CMAKE_PREFIX_PATH=/opt/ros/foxy _=/usr/bin/env /usr/bin/cmake --install /home/ge/Desktop/ros2/ws/build/examples_rclcpp_multithreaded_executor
[9.870s] -- Install configuration: ""
[9.870s] -- Execute custom install script
[9.871s] -- Symlinking: /home/ge/Desktop/ros2/ws/install/examples_rclcpp_multithreaded_executor/lib/examples_rclcpp_multithreaded_executor/multithreaded_executor
[9.879s] -- Symlinking: /home/ge/Desktop/ros2/ws/install/examples_rclcpp_multithreaded_executor/share/ament_index/resource_index/package_run_dependencies/examples_rclcpp_multithreaded_executor
[9.886s] -- Symlinking: /home/ge/Desktop/ros2/ws/install/examples_rclcpp_multithreaded_executor/share/ament_index/resource_index/parent_prefix_path/examples_rclcpp_multithreaded_executor
[9.894s] -- Symlinking: /home/ge/Desktop/ros2/ws/install/examples_rclcpp_multithreaded_executor/share/examples_rclcpp_multithreaded_executor/environment/ament_prefix_path.sh
[9.902s] -- Symlinking: /home/ge/Desktop/ros2/ws/install/examples_rclcpp_multithreaded_executor/share/examples_rclcpp_multithreaded_executor/environment/ament_prefix_path.dsv
[9.910s] -- Symlinking: /home/ge/Desktop/ros2/ws/install/examples_rclcpp_multithreaded_executor/share/examples_rclcpp_multithreaded_executor/environment/path.sh
[9.918s] -- Symlinking: /home/ge/Desktop/ros2/ws/install/examples_rclcpp_multithreaded_executor/share/examples_rclcpp_multithreaded_executor/environment/path.dsv
[9.926s] -- Symlinking: /home/ge/Desktop/ros2/ws/install/examples_rclcpp_multithreaded_executor/share/examples_rclcpp_multithreaded_executor/local_setup.bash
[9.934s] -- Symlinking: /home/ge/Desktop/ros2/ws/install/examples_rclcpp_multithreaded_executor/share/examples_rclcpp_multithreaded_executor/local_setup.sh
[9.942s] -- Symlinking: /home/ge/Desktop/ros2/ws/install/examples_rclcpp_multithreaded_executor/share/examples_rclcpp_multithreaded_executor/local_setup.zsh
[9.950s] -- Symlinking: /home/ge/Desktop/ros2/ws/install/examples_rclcpp_multithreaded_executor/share/examples_rclcpp_multithreaded_executor/local_setup.dsv
[9.958s] -- Symlinking: /home/ge/Desktop/ros2/ws/install/examples_rclcpp_multithreaded_executor/share/examples_rclcpp_multithreaded_executor/package.dsv
[9.964s] -- Symlinking: /home/ge/Desktop/ros2/ws/install/examples_rclcpp_multithreaded_executor/share/ament_index/resource_index/packages/examples_rclcpp_multithreaded_executor
[9.971s] -- Symlinking: /home/ge/Desktop/ros2/ws/install/examples_rclcpp_multithreaded_executor/share/examples_rclcpp_multithreaded_executor/cmake/examples_rclcpp_multithreaded_executorConfig.cmake
[9.977s] -- Symlinking: /home/ge/Desktop/ros2/ws/install/examples_rclcpp_multithreaded_executor/share/examples_rclcpp_multithreaded_executor/cmake/examples_rclcpp_multithreaded_executorConfig-version.cmake
[9.984s] -- Symlinking: /home/ge/Desktop/ros2/ws/install/examples_rclcpp_multithreaded_executor/share/examples_rclcpp_multithreaded_executor/package.xml
[9.997s] Invoked command in '/home/ge/Desktop/ros2/ws/build/examples_rclcpp_multithreaded_executor' returned '0': CMAKE_PREFIX_PATH=/opt/ros/foxy _=/usr/bin/env /usr/bin/cmake --install /home/ge/Desktop/ros2/ws/build/examples_rclcpp_multithreaded_executor
