[2.913s] Invoking command in '/home/ge/Desktop/ros2/ws/build/examples_rclpy_minimal_action_client': PYTHONPATH=/home/ge/Desktop/ros2/ws/build/examples_rclpy_minimal_action_client/prefix_override:/home/ge/Desktop/ros2/ws/install/examples_rclpy_minimal_action_client/lib/python3.8/site-packages:${PYTHONPATH} _=/usr/bin/env /usr/bin/python3 setup.py develop --editable --build-directory /home/ge/Desktop/ros2/ws/build/examples_rclpy_minimal_action_client/build --no-deps install_data
[3.732s] running develop
[4.262s] running egg_info
[4.263s] creating examples_rclpy_minimal_action_client.egg-info
[4.263s] writing examples_rclpy_minimal_action_client.egg-info/PKG-INFO
[4.263s] writing dependency_links to examples_rclpy_minimal_action_client.egg-info/dependency_links.txt
[4.263s] writing entry points to examples_rclpy_minimal_action_client.egg-info/entry_points.txt
[4.264s] writing requirements to examples_rclpy_minimal_action_client.egg-info/requires.txt
[4.264s] writing top-level names to examples_rclpy_minimal_action_client.egg-info/top_level.txt
[4.265s] writing manifest file 'examples_rclpy_minimal_action_client.egg-info/SOURCES.txt'
[4.339s] reading manifest file 'examples_rclpy_minimal_action_client.egg-info/SOURCES.txt'
[4.340s] writing manifest file 'examples_rclpy_minimal_action_client.egg-info/SOURCES.txt'
[4.388s] running build_ext
[4.388s] Creating /home/ge/Desktop/ros2/ws/install/examples_rclpy_minimal_action_client/lib/python3.8/site-packages/site.py
[4.392s] Creating /home/ge/Desktop/ros2/ws/install/examples_rclpy_minimal_action_client/lib/python3.8/site-packages/examples-rclpy-minimal-action-client.egg-link (link to .)
[4.393s] Installing client script to /home/ge/Desktop/ros2/ws/install/examples_rclpy_minimal_action_client/lib/examples_rclpy_minimal_action_client
[4.393s] Installing client_cancel script to /home/ge/Desktop/ros2/ws/install/examples_rclpy_minimal_action_client/lib/examples_rclpy_minimal_action_client
[4.393s] Installing client_not_composable script to /home/ge/Desktop/ros2/ws/install/examples_rclpy_minimal_action_client/lib/examples_rclpy_minimal_action_client
[4.394s] 
[4.394s] Installed /home/ge/Desktop/ros2/ws/build/examples_rclpy_minimal_action_client
[4.394s] running install_data
[4.394s] creating /home/ge/Desktop/ros2/ws/install/examples_rclpy_minimal_action_client/share/ament_index
[4.394s] creating /home/ge/Desktop/ros2/ws/install/examples_rclpy_minimal_action_client/share/ament_index/resource_index
[4.395s] creating /home/ge/Desktop/ros2/ws/install/examples_rclpy_minimal_action_client/share/ament_index/resource_index/packages
[4.395s] copying resource/examples_rclpy_minimal_action_client -> /home/ge/Desktop/ros2/ws/install/examples_rclpy_minimal_action_client/share/ament_index/resource_index/packages
[4.395s] copying package.xml -> /home/ge/Desktop/ros2/ws/install/examples_rclpy_minimal_action_client/share/examples_rclpy_minimal_action_client
[4.578s] Invoked command in '/home/ge/Desktop/ros2/ws/build/examples_rclpy_minimal_action_client' returned '0': PYTHONPATH=/home/ge/Desktop/ros2/ws/build/examples_rclpy_minimal_action_client/prefix_override:/home/ge/Desktop/ros2/ws/install/examples_rclpy_minimal_action_client/lib/python3.8/site-packages:${PYTHONPATH} _=/usr/bin/env /usr/bin/python3 setup.py develop --editable --build-directory /home/ge/Desktop/ros2/ws/build/examples_rclpy_minimal_action_client/build --no-deps install_data
