[2.981s] Invoking command in '/home/ge/Desktop/ros2/ws/build/examples_rclpy_minimal_publisher': PYTHONPATH=/home/ge/Desktop/ros2/ws/build/examples_rclpy_minimal_publisher/prefix_override:/home/ge/Desktop/ros2/ws/install/examples_rclpy_minimal_publisher/lib/python3.8/site-packages:${PYTHONPATH} _=/usr/bin/env /usr/bin/python3 setup.py develop --editable --build-directory /home/ge/Desktop/ros2/ws/build/examples_rclpy_minimal_publisher/build --no-deps install_data
[4.445s] running develop
[4.445s] running egg_info
[4.445s] creating examples_rclpy_minimal_publisher.egg-info
[4.446s] writing examples_rclpy_minimal_publisher.egg-info/PKG-INFO
[4.446s] writing dependency_links to examples_rclpy_minimal_publisher.egg-info/dependency_links.txt
[4.446s] writing entry points to examples_rclpy_minimal_publisher.egg-info/entry_points.txt
[4.446s] writing requirements to examples_rclpy_minimal_publisher.egg-info/requires.txt
[4.446s] writing top-level names to examples_rclpy_minimal_publisher.egg-info/top_level.txt
[4.446s] writing manifest file 'examples_rclpy_minimal_publisher.egg-info/SOURCES.txt'
[4.446s] reading manifest file 'examples_rclpy_minimal_publisher.egg-info/SOURCES.txt'
[4.446s] writing manifest file 'examples_rclpy_minimal_publisher.egg-info/SOURCES.txt'
[4.446s] running build_ext
[4.446s] Creating /home/ge/Desktop/ros2/ws/install/examples_rclpy_minimal_publisher/lib/python3.8/site-packages/site.py
[4.446s] Creating /home/ge/Desktop/ros2/ws/install/examples_rclpy_minimal_publisher/lib/python3.8/site-packages/examples-rclpy-minimal-publisher.egg-link (link to .)
[4.447s] Installing publisher_local_function script to /home/ge/Desktop/ros2/ws/install/examples_rclpy_minimal_publisher/lib/examples_rclpy_minimal_publisher
[4.447s] Installing publisher_member_function script to /home/ge/Desktop/ros2/ws/install/examples_rclpy_minimal_publisher/lib/examples_rclpy_minimal_publisher
[4.447s] Installing publisher_old_school script to /home/ge/Desktop/ros2/ws/install/examples_rclpy_minimal_publisher/lib/examples_rclpy_minimal_publisher
[4.447s] 
[4.447s] Installed /home/ge/Desktop/ros2/ws/build/examples_rclpy_minimal_publisher
[4.447s] running install_data
[4.447s] creating /home/ge/Desktop/ros2/ws/install/examples_rclpy_minimal_publisher/share/ament_index
[4.447s] creating /home/ge/Desktop/ros2/ws/install/examples_rclpy_minimal_publisher/share/ament_index/resource_index
[4.447s] creating /home/ge/Desktop/ros2/ws/install/examples_rclpy_minimal_publisher/share/ament_index/resource_index/packages
[4.447s] copying resource/examples_rclpy_minimal_publisher -> /home/ge/Desktop/ros2/ws/install/examples_rclpy_minimal_publisher/share/ament_index/resource_index/packages
[4.448s] copying package.xml -> /home/ge/Desktop/ros2/ws/install/examples_rclpy_minimal_publisher/share/examples_rclpy_minimal_publisher
[4.461s] Invoked command in '/home/ge/Desktop/ros2/ws/build/examples_rclpy_minimal_publisher' returned '0': PYTHONPATH=/home/ge/Desktop/ros2/ws/build/examples_rclpy_minimal_publisher/prefix_override:/home/ge/Desktop/ros2/ws/install/examples_rclpy_minimal_publisher/lib/python3.8/site-packages:${PYTHONPATH} _=/usr/bin/env /usr/bin/python3 setup.py develop --editable --build-directory /home/ge/Desktop/ros2/ws/build/examples_rclpy_minimal_publisher/build --no-deps install_data
