[0.133s] Invoking command in '/home/ge/Desktop/ros2/ws/build/examples_rclcpp_minimal_service': CMAKE_PREFIX_PATH=/opt/ros/foxy _=/usr/bin/env /usr/bin/cmake --build /home/ge/Desktop/ros2/ws/build/examples_rclcpp_minimal_service -- -j16 -l16
[0.971s] [100%] Built target service_main
[0.982s] Invoked command in '/home/ge/Desktop/ros2/ws/build/examples_rclcpp_minimal_service' returned '0': CMAKE_PREFIX_PATH=/opt/ros/foxy _=/usr/bin/env /usr/bin/cmake --build /home/ge/Desktop/ros2/ws/build/examples_rclcpp_minimal_service -- -j16 -l16
[1.042s] Invoking command in '/home/ge/Desktop/ros2/ws/build/examples_rclcpp_minimal_service': CMAKE_PREFIX_PATH=/opt/ros/foxy _=/usr/bin/env /usr/bin/cmake --install /home/ge/Desktop/ros2/ws/build/examples_rclcpp_minimal_service
[1.064s] -- Install configuration: ""
[1.064s] -- Execute custom install script
[1.067s] -- Up-to-date symlink: /home/ge/Desktop/ros2/ws/install/examples_rclcpp_minimal_service/lib/examples_rclcpp_minimal_service/service_main
[1.067s] -- Up-to-date symlink: /home/ge/Desktop/ros2/ws/install/examples_rclcpp_minimal_service/share/ament_index/resource_index/package_run_dependencies/examples_rclcpp_minimal_service
[1.068s] -- Up-to-date symlink: /home/ge/Desktop/ros2/ws/install/examples_rclcpp_minimal_service/share/ament_index/resource_index/parent_prefix_path/examples_rclcpp_minimal_service
[1.068s] -- Up-to-date symlink: /home/ge/Desktop/ros2/ws/install/examples_rclcpp_minimal_service/share/examples_rclcpp_minimal_service/environment/ament_prefix_path.sh
[1.068s] -- Up-to-date symlink: /home/ge/Desktop/ros2/ws/install/examples_rclcpp_minimal_service/share/examples_rclcpp_minimal_service/environment/ament_prefix_path.dsv
[1.068s] -- Up-to-date symlink: /home/ge/Desktop/ros2/ws/install/examples_rclcpp_minimal_service/share/examples_rclcpp_minimal_service/environment/path.sh
[1.068s] -- Up-to-date symlink: /home/ge/Desktop/ros2/ws/install/examples_rclcpp_minimal_service/share/examples_rclcpp_minimal_service/environment/path.dsv
[1.068s] -- Up-to-date symlink: /home/ge/Desktop/ros2/ws/install/examples_rclcpp_minimal_service/share/examples_rclcpp_minimal_service/local_setup.bash
[1.068s] -- Up-to-date symlink: /home/ge/Desktop/ros2/ws/install/examples_rclcpp_minimal_service/share/examples_rclcpp_minimal_service/local_setup.sh
[1.068s] -- Up-to-date symlink: /home/ge/Desktop/ros2/ws/install/examples_rclcpp_minimal_service/share/examples_rclcpp_minimal_service/local_setup.zsh
[1.069s] -- Up-to-date symlink: /home/ge/Desktop/ros2/ws/install/examples_rclcpp_minimal_service/share/examples_rclcpp_minimal_service/local_setup.dsv
[1.069s] -- Symlinking: /home/ge/Desktop/ros2/ws/install/examples_rclcpp_minimal_service/share/examples_rclcpp_minimal_service/package.dsv
[1.091s] -- Up-to-date symlink: /home/ge/Desktop/ros2/ws/install/examples_rclcpp_minimal_service/share/ament_index/resource_index/packages/examples_rclcpp_minimal_service
[1.092s] -- Up-to-date symlink: /home/ge/Desktop/ros2/ws/install/examples_rclcpp_minimal_service/share/examples_rclcpp_minimal_service/cmake/examples_rclcpp_minimal_serviceConfig.cmake
[1.092s] -- Up-to-date symlink: /home/ge/Desktop/ros2/ws/install/examples_rclcpp_minimal_service/share/examples_rclcpp_minimal_service/cmake/examples_rclcpp_minimal_serviceConfig-version.cmake
[1.092s] -- Up-to-date symlink: /home/ge/Desktop/ros2/ws/install/examples_rclcpp_minimal_service/share/examples_rclcpp_minimal_service/package.xml
[1.156s] Invoked command in '/home/ge/Desktop/ros2/ws/build/examples_rclcpp_minimal_service' returned '0': CMAKE_PREFIX_PATH=/opt/ros/foxy _=/usr/bin/env /usr/bin/cmake --install /home/ge/Desktop/ros2/ws/build/examples_rclcpp_minimal_service
