[0.020s] Invoking command in '/home/ge/Desktop/ros2/ws/build/more_interfaces': CMAKE_PREFIX_PATH=${CMAKE_PREFIX_PATH}:/home/ge/Desktop/ros2/ws/install/examples_rclpy_minimal_subscriber:/home/ge/Desktop/ros2/ws/install/examples_rclpy_minimal_service:/home/ge/Desktop/ros2/ws/install/examples_rclpy_minimal_publisher:/home/ge/Desktop/ros2/ws/install/examples_rclpy_minimal_client:/home/ge/Desktop/ros2/ws/install/examples_rclpy_minimal_action_server:/home/ge/Desktop/ros2/ws/install/examples_rclpy_minimal_action_client:/home/ge/Desktop/ros2/ws/install/examples_rclpy_executors:/opt/ros/foxy _=/usr/bin/env /usr/bin/cmake --build /home/ge/Desktop/ros2/ws/build/more_interfaces -- -j16 -l16
[0.067s] [  1%] Built target more_interfaces__cpp
[0.068s] [  3%] Built target more_interfaces__dds_connext_idl
[0.069s] [  9%] Built target more_interfaces__rosidl_generator_c
[0.083s] [ 21%] Built target more_interfaces__rosidl_typesupport_cpp
[0.083s] [ 21%] Built target more_interfaces__rosidl_typesupport_introspection_cpp
[0.083s] [ 27%] Built target more_interfaces__rosidl_typesupport_introspection_c
[0.084s] [ 33%] Built target more_interfaces__rosidl_typesupport_c
[0.086s] [ 39%] Built target more_interfaces__rosidl_typesupport_fastrtps_cpp
[0.094s] [ 52%] Built target more_interfaces__rosidl_typesupport_connext_cpp
[0.106s] [ 58%] Built target more_interfaces__rosidl_typesupport_fastrtps_c
[0.120s] [ 74%] Built target more_interfaces__rosidl_typesupport_connext_c
[0.138s] [ 74%] Built target more_interfaces
[0.155s] [ 76%] Built target more_interfaces__py
[0.162s] [ 80%] Built target publish_address_book
[0.173s] [ 84%] Built target more_interfaces__python
[0.197s] [100%] Built target more_interfaces__rosidl_typesupport_introspection_c__pyext
[0.197s] [100%] Built target more_interfaces__rosidl_typesupport_connext_c__pyext
[0.197s] [100%] Built target more_interfaces__rosidl_typesupport_fastrtps_c__pyext
[0.197s] [100%] Built target more_interfaces__rosidl_typesupport_c__pyext
[0.206s] Invoked command in '/home/ge/Desktop/ros2/ws/build/more_interfaces' returned '0': CMAKE_PREFIX_PATH=${CMAKE_PREFIX_PATH}:/home/ge/Desktop/ros2/ws/install/examples_rclpy_minimal_subscriber:/home/ge/Desktop/ros2/ws/install/examples_rclpy_minimal_service:/home/ge/Desktop/ros2/ws/install/examples_rclpy_minimal_publisher:/home/ge/Desktop/ros2/ws/install/examples_rclpy_minimal_client:/home/ge/Desktop/ros2/ws/install/examples_rclpy_minimal_action_server:/home/ge/Desktop/ros2/ws/install/examples_rclpy_minimal_action_client:/home/ge/Desktop/ros2/ws/install/examples_rclpy_executors:/opt/ros/foxy _=/usr/bin/env /usr/bin/cmake --build /home/ge/Desktop/ros2/ws/build/more_interfaces -- -j16 -l16
[0.282s] Invoking command in '/home/ge/Desktop/ros2/ws/build/more_interfaces': CMAKE_PREFIX_PATH=${CMAKE_PREFIX_PATH}:/home/ge/Desktop/ros2/ws/install/examples_rclpy_minimal_subscriber:/home/ge/Desktop/ros2/ws/install/examples_rclpy_minimal_service:/home/ge/Desktop/ros2/ws/install/examples_rclpy_minimal_publisher:/home/ge/Desktop/ros2/ws/install/examples_rclpy_minimal_client:/home/ge/Desktop/ros2/ws/install/examples_rclpy_minimal_action_server:/home/ge/Desktop/ros2/ws/install/examples_rclpy_minimal_action_client:/home/ge/Desktop/ros2/ws/install/examples_rclpy_executors:/opt/ros/foxy _=/usr/bin/env /usr/bin/cmake --install /home/ge/Desktop/ros2/ws/build/more_interfaces
[0.290s] -- Install configuration: ""
[0.290s] -- Up-to-date: /home/ge/Desktop/ros2/ws/install/more_interfaces/lib/more_interfaces/publish_address_book
[0.290s] -- Up-to-date: /home/ge/Desktop/ros2/ws/install/more_interfaces/share/ament_index/resource_index/rosidl_interfaces/more_interfaces
[0.290s] -- Up-to-date: /home/ge/Desktop/ros2/ws/install/more_interfaces/include/more_interfaces
[0.291s] -- Up-to-date: /home/ge/Desktop/ros2/ws/install/more_interfaces/include/more_interfaces/msg
[0.291s] -- Up-to-date: /home/ge/Desktop/ros2/ws/install/more_interfaces/include/more_interfaces/msg/rosidl_generator_c__visibility_control.h
[0.291s] -- Up-to-date: /home/ge/Desktop/ros2/ws/install/more_interfaces/include/more_interfaces/msg/address_book.h
[0.291s] -- Up-to-date: /home/ge/Desktop/ros2/ws/install/more_interfaces/include/more_interfaces/msg/detail
[0.291s] -- Up-to-date: /home/ge/Desktop/ros2/ws/install/more_interfaces/include/more_interfaces/msg/detail/address_book__struct.h
[0.291s] -- Up-to-date: /home/ge/Desktop/ros2/ws/install/more_interfaces/include/more_interfaces/msg/detail/address_book__type_support.h
[0.291s] -- Up-to-date: /home/ge/Desktop/ros2/ws/install/more_interfaces/include/more_interfaces/msg/detail/address_book__functions.h
[0.291s] -- Up-to-date: /home/ge/Desktop/ros2/ws/install/more_interfaces/include/more_interfaces/msg/detail/address_book__functions.c
[0.291s] -- Up-to-date: /home/ge/Desktop/ros2/ws/install/more_interfaces/share/more_interfaces/environment/library_path.sh
[0.292s] -- Up-to-date: /home/ge/Desktop/ros2/ws/install/more_interfaces/share/more_interfaces/environment/library_path.dsv
[0.292s] -- Up-to-date: /home/ge/Desktop/ros2/ws/install/more_interfaces/lib/libmore_interfaces__rosidl_generator_c.so
[0.292s] -- Up-to-date: /home/ge/Desktop/ros2/ws/install/more_interfaces/include/more_interfaces
[0.292s] -- Up-to-date: /home/ge/Desktop/ros2/ws/install/more_interfaces/include/more_interfaces/msg
[0.292s] -- Up-to-date: /home/ge/Desktop/ros2/ws/install/more_interfaces/include/more_interfaces/msg/rosidl_typesupport_connext_c__visibility_control.h
[0.292s] -- Up-to-date: /home/ge/Desktop/ros2/ws/install/more_interfaces/include/more_interfaces/msg/dds_connext
[0.292s] -- Up-to-date: /home/ge/Desktop/ros2/ws/install/more_interfaces/include/more_interfaces/msg/address_book__rosidl_typesupport_connext_c.h
[0.292s] -- Up-to-date: /home/ge/Desktop/ros2/ws/install/more_interfaces/lib/libmore_interfaces__rosidl_typesupport_connext_c.so
[0.292s] -- Up-to-date: /home/ge/Desktop/ros2/ws/install/more_interfaces/share/more_interfaces/msg/dds_connext
[0.292s] -- Up-to-date: /home/ge/Desktop/ros2/ws/install/more_interfaces/share/more_interfaces/msg/dds_connext/AddressBook_.idl
[0.292s] -- Up-to-date: /home/ge/Desktop/ros2/ws/install/more_interfaces/include/more_interfaces
[0.292s] -- Up-to-date: /home/ge/Desktop/ros2/ws/install/more_interfaces/include/more_interfaces/msg
[0.293s] -- Up-to-date: /home/ge/Desktop/ros2/ws/install/more_interfaces/include/more_interfaces/msg/rosidl_typesupport_connext_cpp__visibility_control.h
[0.293s] -- Up-to-date: /home/ge/Desktop/ros2/ws/install/more_interfaces/include/more_interfaces/msg/dds_connext
[0.293s] -- Up-to-date: /home/ge/Desktop/ros2/ws/install/more_interfaces/include/more_interfaces/msg/dds_connext/AddressBook_Plugin.h
[0.293s] -- Up-to-date: /home/ge/Desktop/ros2/ws/install/more_interfaces/include/more_interfaces/msg/dds_connext/AddressBook_.h
[0.293s] -- Up-to-date: /home/ge/Desktop/ros2/ws/install/more_interfaces/include/more_interfaces/msg/dds_connext/AddressBook_.cxx
[0.293s] -- Up-to-date: /home/ge/Desktop/ros2/ws/install/more_interfaces/include/more_interfaces/msg/dds_connext/AddressBook_Plugin.cxx
[0.293s] -- Up-to-date: /home/ge/Desktop/ros2/ws/install/more_interfaces/include/more_interfaces/msg/dds_connext/AddressBook_Support.h
[0.293s] -- Up-to-date: /home/ge/Desktop/ros2/ws/install/more_interfaces/include/more_interfaces/msg/dds_connext/AddressBook_Support.cxx
[0.293s] -- Up-to-date: /home/ge/Desktop/ros2/ws/install/more_interfaces/include/more_interfaces/msg/address_book__rosidl_typesupport_connext_cpp.hpp
[0.293s] -- Up-to-date: /home/ge/Desktop/ros2/ws/install/more_interfaces/lib/libmore_interfaces__rosidl_typesupport_connext_cpp.so
[0.293s] -- Up-to-date: /home/ge/Desktop/ros2/ws/install/more_interfaces/include/more_interfaces
[0.293s] -- Up-to-date: /home/ge/Desktop/ros2/ws/install/more_interfaces/include/more_interfaces/msg
[0.293s] -- Up-to-date: /home/ge/Desktop/ros2/ws/install/more_interfaces/include/more_interfaces/msg/detail
[0.293s] -- Up-to-date: /home/ge/Desktop/ros2/ws/install/more_interfaces/include/more_interfaces/msg/detail/address_book__rosidl_typesupport_fastrtps_c.h
[0.294s] -- Up-to-date: /home/ge/Desktop/ros2/ws/install/more_interfaces/include/more_interfaces/msg/rosidl_typesupport_fastrtps_c__visibility_control.h
[0.294s] -- Up-to-date: /home/ge/Desktop/ros2/ws/install/more_interfaces/lib/libmore_interfaces__rosidl_typesupport_fastrtps_c.so
[0.294s] -- Up-to-date: /home/ge/Desktop/ros2/ws/install/more_interfaces/include/more_interfaces
[0.294s] -- Up-to-date: /home/ge/Desktop/ros2/ws/install/more_interfaces/include/more_interfaces/msg
[0.294s] -- Up-to-date: /home/ge/Desktop/ros2/ws/install/more_interfaces/include/more_interfaces/msg/detail
[0.294s] -- Up-to-date: /home/ge/Desktop/ros2/ws/install/more_interfaces/include/more_interfaces/msg/detail/dds_fastrtps
[0.294s] -- Up-to-date: /home/ge/Desktop/ros2/ws/install/more_interfaces/include/more_interfaces/msg/detail/address_book__rosidl_typesupport_fastrtps_cpp.hpp
[0.294s] -- Up-to-date: /home/ge/Desktop/ros2/ws/install/more_interfaces/include/more_interfaces/msg/rosidl_typesupport_fastrtps_cpp__visibility_control.h
[0.294s] -- Up-to-date: /home/ge/Desktop/ros2/ws/install/more_interfaces/lib/libmore_interfaces__rosidl_typesupport_fastrtps_cpp.so
[0.294s] -- Up-to-date: /home/ge/Desktop/ros2/ws/install/more_interfaces/include/more_interfaces
[0.294s] -- Up-to-date: /home/ge/Desktop/ros2/ws/install/more_interfaces/include/more_interfaces/msg
[0.294s] -- Up-to-date: /home/ge/Desktop/ros2/ws/install/more_interfaces/include/more_interfaces/msg/rosidl_typesupport_introspection_c__visibility_control.h
[0.294s] -- Up-to-date: /home/ge/Desktop/ros2/ws/install/more_interfaces/include/more_interfaces/msg/detail
[0.295s] -- Up-to-date: /home/ge/Desktop/ros2/ws/install/more_interfaces/include/more_interfaces/msg/detail/address_book__rosidl_typesupport_introspection_c.h
[0.295s] -- Up-to-date: /home/ge/Desktop/ros2/ws/install/more_interfaces/include/more_interfaces/msg/detail/address_book__type_support.c
[0.295s] -- Up-to-date: /home/ge/Desktop/ros2/ws/install/more_interfaces/lib/libmore_interfaces__rosidl_typesupport_introspection_c.so
[0.295s] -- Up-to-date: /home/ge/Desktop/ros2/ws/install/more_interfaces/lib/libmore_interfaces__rosidl_typesupport_c.so
[0.295s] -- Up-to-date: /home/ge/Desktop/ros2/ws/install/more_interfaces/include/more_interfaces
[0.295s] -- Up-to-date: /home/ge/Desktop/ros2/ws/install/more_interfaces/include/more_interfaces/msg
[0.295s] -- Up-to-date: /home/ge/Desktop/ros2/ws/install/more_interfaces/include/more_interfaces/msg/detail
[0.295s] -- Up-to-date: /home/ge/Desktop/ros2/ws/install/more_interfaces/include/more_interfaces/msg/detail/address_book__traits.hpp
[0.295s] -- Up-to-date: /home/ge/Desktop/ros2/ws/install/more_interfaces/include/more_interfaces/msg/detail/address_book__builder.hpp
[0.295s] -- Up-to-date: /home/ge/Desktop/ros2/ws/install/more_interfaces/include/more_interfaces/msg/detail/address_book__struct.hpp
[0.295s] -- Up-to-date: /home/ge/Desktop/ros2/ws/install/more_interfaces/include/more_interfaces/msg/address_book.hpp
[0.295s] -- Up-to-date: /home/ge/Desktop/ros2/ws/install/more_interfaces/include/more_interfaces
[0.295s] -- Up-to-date: /home/ge/Desktop/ros2/ws/install/more_interfaces/include/more_interfaces/msg
[0.295s] -- Up-to-date: /home/ge/Desktop/ros2/ws/install/more_interfaces/include/more_interfaces/msg/detail
[0.295s] -- Up-to-date: /home/ge/Desktop/ros2/ws/install/more_interfaces/include/more_interfaces/msg/detail/address_book__rosidl_typesupport_introspection_cpp.hpp
[0.296s] -- Up-to-date: /home/ge/Desktop/ros2/ws/install/more_interfaces/include/more_interfaces/msg/detail/address_book__type_support.cpp
[0.296s] -- Up-to-date: /home/ge/Desktop/ros2/ws/install/more_interfaces/lib/libmore_interfaces__rosidl_typesupport_introspection_cpp.so
[0.296s] -- Up-to-date: /home/ge/Desktop/ros2/ws/install/more_interfaces/lib/libmore_interfaces__rosidl_typesupport_cpp.so
[0.296s] -- Up-to-date: /home/ge/Desktop/ros2/ws/install/more_interfaces/share/more_interfaces/environment/pythonpath.sh
[0.296s] -- Up-to-date: /home/ge/Desktop/ros2/ws/install/more_interfaces/share/more_interfaces/environment/pythonpath.dsv
[0.296s] -- Up-to-date: /home/ge/Desktop/ros2/ws/install/more_interfaces/lib/python3.8/site-packages/more_interfaces/__init__.py
[0.332s] -- Up-to-date: /home/ge/Desktop/ros2/ws/install/more_interfaces/lib/python3.8/site-packages/more_interfaces/msg
[0.332s] -- Up-to-date: /home/ge/Desktop/ros2/ws/install/more_interfaces/lib/python3.8/site-packages/more_interfaces/msg/_address_book.py
[0.332s] -- Up-to-date: /home/ge/Desktop/ros2/ws/install/more_interfaces/lib/python3.8/site-packages/more_interfaces/msg/_address_book_s.c
[0.332s] -- Up-to-date: /home/ge/Desktop/ros2/ws/install/more_interfaces/lib/python3.8/site-packages/more_interfaces/msg/__init__.py
[0.332s] -- Up-to-date: /home/ge/Desktop/ros2/ws/install/more_interfaces/lib/python3.8/site-packages/more_interfaces/more_interfaces_s__rosidl_typesupport_connext_c.cpython-38-x86_64-linux-gnu.so
[0.332s] -- Up-to-date: /home/ge/Desktop/ros2/ws/install/more_interfaces/lib/python3.8/site-packages/more_interfaces/more_interfaces_s__rosidl_typesupport_fastrtps_c.cpython-38-x86_64-linux-gnu.so
[0.333s] -- Up-to-date: /home/ge/Desktop/ros2/ws/install/more_interfaces/lib/python3.8/site-packages/more_interfaces/more_interfaces_s__rosidl_typesupport_introspection_c.cpython-38-x86_64-linux-gnu.so
[0.333s] -- Up-to-date: /home/ge/Desktop/ros2/ws/install/more_interfaces/lib/python3.8/site-packages/more_interfaces/more_interfaces_s__rosidl_typesupport_c.cpython-38-x86_64-linux-gnu.so
[0.334s] -- Up-to-date: /home/ge/Desktop/ros2/ws/install/more_interfaces/lib/libmore_interfaces__python.so
[0.334s] -- Up-to-date: /home/ge/Desktop/ros2/ws/install/more_interfaces/share/more_interfaces/msg/AddressBook.idl
[0.334s] -- Up-to-date: /home/ge/Desktop/ros2/ws/install/more_interfaces/share/more_interfaces/msg/AddressBook.msg
[0.334s] -- Up-to-date: /home/ge/Desktop/ros2/ws/install/more_interfaces/share/ament_index/resource_index/package_run_dependencies/more_interfaces
[0.334s] -- Up-to-date: /home/ge/Desktop/ros2/ws/install/more_interfaces/share/ament_index/resource_index/parent_prefix_path/more_interfaces
[0.334s] -- Up-to-date: /home/ge/Desktop/ros2/ws/install/more_interfaces/share/more_interfaces/environment/ament_prefix_path.sh
[0.334s] -- Up-to-date: /home/ge/Desktop/ros2/ws/install/more_interfaces/share/more_interfaces/environment/ament_prefix_path.dsv
[0.334s] -- Up-to-date: /home/ge/Desktop/ros2/ws/install/more_interfaces/share/more_interfaces/environment/path.sh
[0.334s] -- Up-to-date: /home/ge/Desktop/ros2/ws/install/more_interfaces/share/more_interfaces/environment/path.dsv
[0.334s] -- Up-to-date: /home/ge/Desktop/ros2/ws/install/more_interfaces/share/more_interfaces/local_setup.bash
[0.335s] -- Up-to-date: /home/ge/Desktop/ros2/ws/install/more_interfaces/share/more_interfaces/local_setup.sh
[0.335s] -- Up-to-date: /home/ge/Desktop/ros2/ws/install/more_interfaces/share/more_interfaces/local_setup.zsh
[0.335s] -- Up-to-date: /home/ge/Desktop/ros2/ws/install/more_interfaces/share/more_interfaces/local_setup.dsv
[0.335s] -- Installing: /home/ge/Desktop/ros2/ws/install/more_interfaces/share/more_interfaces/package.dsv
[0.335s] -- Up-to-date: /home/ge/Desktop/ros2/ws/install/more_interfaces/share/ament_index/resource_index/packages/more_interfaces
[0.335s] -- Up-to-date: /home/ge/Desktop/ros2/ws/install/more_interfaces/share/more_interfaces/cmake/more_interfaces__rosidl_generator_cExport.cmake
[0.335s] -- Up-to-date: /home/ge/Desktop/ros2/ws/install/more_interfaces/share/more_interfaces/cmake/more_interfaces__rosidl_generator_cExport-noconfig.cmake
[0.335s] -- Up-to-date: /home/ge/Desktop/ros2/ws/install/more_interfaces/share/more_interfaces/cmake/more_interfaces__rosidl_typesupport_introspection_cExport.cmake
[0.335s] -- Up-to-date: /home/ge/Desktop/ros2/ws/install/more_interfaces/share/more_interfaces/cmake/more_interfaces__rosidl_typesupport_introspection_cExport-noconfig.cmake
[0.335s] -- Up-to-date: /home/ge/Desktop/ros2/ws/install/more_interfaces/share/more_interfaces/cmake/more_interfaces__rosidl_typesupport_cExport.cmake
[0.335s] -- Up-to-date: /home/ge/Desktop/ros2/ws/install/more_interfaces/share/more_interfaces/cmake/more_interfaces__rosidl_typesupport_cExport-noconfig.cmake
[0.335s] -- Up-to-date: /home/ge/Desktop/ros2/ws/install/more_interfaces/share/more_interfaces/cmake/more_interfaces__rosidl_generator_cppExport.cmake
[0.335s] -- Up-to-date: /home/ge/Desktop/ros2/ws/install/more_interfaces/share/more_interfaces/cmake/more_interfaces__rosidl_typesupport_introspection_cppExport.cmake
[0.336s] -- Up-to-date: /home/ge/Desktop/ros2/ws/install/more_interfaces/share/more_interfaces/cmake/more_interfaces__rosidl_typesupport_introspection_cppExport-noconfig.cmake
[0.336s] -- Up-to-date: /home/ge/Desktop/ros2/ws/install/more_interfaces/share/more_interfaces/cmake/more_interfaces__rosidl_typesupport_cppExport.cmake
[0.336s] -- Up-to-date: /home/ge/Desktop/ros2/ws/install/more_interfaces/share/more_interfaces/cmake/more_interfaces__rosidl_typesupport_cppExport-noconfig.cmake
[0.336s] -- Up-to-date: /home/ge/Desktop/ros2/ws/install/more_interfaces/share/more_interfaces/cmake/rosidl_cmake-extras.cmake
[0.336s] -- Up-to-date: /home/ge/Desktop/ros2/ws/install/more_interfaces/share/more_interfaces/cmake/ament_cmake_export_dependencies-extras.cmake
[0.336s] -- Up-to-date: /home/ge/Desktop/ros2/ws/install/more_interfaces/share/more_interfaces/cmake/ament_cmake_export_libraries-extras.cmake
[0.336s] -- Up-to-date: /home/ge/Desktop/ros2/ws/install/more_interfaces/share/more_interfaces/cmake/ament_cmake_export_targets-extras.cmake
[0.336s] -- Up-to-date: /home/ge/Desktop/ros2/ws/install/more_interfaces/share/more_interfaces/cmake/ament_cmake_export_include_directories-extras.cmake
[0.336s] -- Up-to-date: /home/ge/Desktop/ros2/ws/install/more_interfaces/share/more_interfaces/cmake/rosidl_cmake_export_typesupport_libraries-extras.cmake
[0.336s] -- Up-to-date: /home/ge/Desktop/ros2/ws/install/more_interfaces/share/more_interfaces/cmake/rosidl_cmake_export_typesupport_targets-extras.cmake
[0.336s] -- Up-to-date: /home/ge/Desktop/ros2/ws/install/more_interfaces/share/more_interfaces/cmake/more_interfacesConfig.cmake
[0.336s] -- Up-to-date: /home/ge/Desktop/ros2/ws/install/more_interfaces/share/more_interfaces/cmake/more_interfacesConfig-version.cmake
[0.336s] -- Up-to-date: /home/ge/Desktop/ros2/ws/install/more_interfaces/share/more_interfaces/package.xml
[0.338s] Invoked command in '/home/ge/Desktop/ros2/ws/build/more_interfaces' returned '0': CMAKE_PREFIX_PATH=${CMAKE_PREFIX_PATH}:/home/ge/Desktop/ros2/ws/install/examples_rclpy_minimal_subscriber:/home/ge/Desktop/ros2/ws/install/examples_rclpy_minimal_service:/home/ge/Desktop/ros2/ws/install/examples_rclpy_minimal_publisher:/home/ge/Desktop/ros2/ws/install/examples_rclpy_minimal_client:/home/ge/Desktop/ros2/ws/install/examples_rclpy_minimal_action_server:/home/ge/Desktop/ros2/ws/install/examples_rclpy_minimal_action_client:/home/ge/Desktop/ros2/ws/install/examples_rclpy_executors:/opt/ros/foxy _=/usr/bin/env /usr/bin/cmake --install /home/ge/Desktop/ros2/ws/build/more_interfaces
