-- Found ament_cmake: 0.9.11 (/opt/ros/foxy/share/ament_cmake/cmake)
-- Using PYTHON_EXECUTABLE: /usr/bin/python3
-- Override CMake install command with custom implementation using symlinks instead of copying resources
-- Found rclcpp: 2.4.2 (/opt/ros/foxy/share/rclcpp/cmake)
-- Using all available rosidl_typesupport_c: rosidl_typesupport_connext_c;rosidl_typesupport_fastrtps_c;rosidl_typesupport_introspection_c
-- Found rosidl_adapter: 1.3.0 (/opt/ros/foxy/share/rosidl_adapter/cmake)
-- Found RTI Connext: /opt/rti.com/rti_connext_dds-5.3.1
-- Using all available rosidl_typesupport_cpp: rosidl_typesupport_connext_cpp;rosidl_typesupport_fastrtps_cpp;rosidl_typesupport_introspection_cpp
-- Found rmw_implementation_cmake: 1.0.3 (/opt/ros/foxy/share/rmw_implementation_cmake/cmake)
-- Using RMW implementation 'rmw_fastrtps_cpp' as default
-- Configuring done
-- Generating done
-- Build files have been written to: /home/ge/Desktop/ros2/ws/build/cpp_parameters
[35m[1mScanning dependencies of target minimal_param_node[0m
[ 50%] [32mBuilding CXX object CMakeFiles/minimal_param_node.dir/src/cpp_parameters_node.cpp.o[0m
[100%] [32m[1mLinking CXX executable minimal_param_node[0m
[100%] Built target minimal_param_node
-- Install configuration: ""
-- Execute custom install script
-- Up-to-date symlink: /home/ge/Desktop/ros2/ws/install/cpp_parameters/lib/cpp_parameters/minimal_param_node
-- Symlinking: /home/ge/Desktop/ros2/ws/install/cpp_parameters/share/cpp_parameters/launch/cpp_parameters_launch.py
-- Up-to-date symlink: /home/ge/Desktop/ros2/ws/install/cpp_parameters/share/ament_index/resource_index/package_run_dependencies/cpp_parameters
-- Up-to-date symlink: /home/ge/Desktop/ros2/ws/install/cpp_parameters/share/ament_index/resource_index/parent_prefix_path/cpp_parameters
-- Up-to-date symlink: /home/ge/Desktop/ros2/ws/install/cpp_parameters/share/cpp_parameters/environment/ament_prefix_path.sh
-- Up-to-date symlink: /home/ge/Desktop/ros2/ws/install/cpp_parameters/share/cpp_parameters/environment/ament_prefix_path.dsv
-- Up-to-date symlink: /home/ge/Desktop/ros2/ws/install/cpp_parameters/share/cpp_parameters/environment/path.sh
-- Up-to-date symlink: /home/ge/Desktop/ros2/ws/install/cpp_parameters/share/cpp_parameters/environment/path.dsv
-- Up-to-date symlink: /home/ge/Desktop/ros2/ws/install/cpp_parameters/share/cpp_parameters/local_setup.bash
-- Up-to-date symlink: /home/ge/Desktop/ros2/ws/install/cpp_parameters/share/cpp_parameters/local_setup.sh
-- Up-to-date symlink: /home/ge/Desktop/ros2/ws/install/cpp_parameters/share/cpp_parameters/local_setup.zsh
-- Up-to-date symlink: /home/ge/Desktop/ros2/ws/install/cpp_parameters/share/cpp_parameters/local_setup.dsv
-- Symlinking: /home/ge/Desktop/ros2/ws/install/cpp_parameters/share/cpp_parameters/package.dsv
-- Up-to-date symlink: /home/ge/Desktop/ros2/ws/install/cpp_parameters/share/ament_index/resource_index/packages/cpp_parameters
-- Up-to-date symlink: /home/ge/Desktop/ros2/ws/install/cpp_parameters/share/cpp_parameters/cmake/cpp_parametersConfig.cmake
-- Up-to-date symlink: /home/ge/Desktop/ros2/ws/install/cpp_parameters/share/cpp_parameters/cmake/cpp_parametersConfig-version.cmake
-- Up-to-date symlink: /home/ge/Desktop/ros2/ws/install/cpp_parameters/share/cpp_parameters/package.xml
