[0.123s] Invoking command in '/home/ge/Desktop/ros2/ws/build/action_tutorials_interfaces': CMAKE_PREFIX_PATH=/opt/ros/foxy _=/usr/bin/env /usr/bin/cmake --build /home/ge/Desktop/ros2/ws/build/action_tutorials_interfaces -- -j16 -l16
[0.456s] [  2%] Built target action_tutorials_interfaces__cpp
[0.457s] [  8%] Built target action_tutorials_interfaces__rosidl_generator_c
[0.457s] [ 10%] Built target action_tutorials_interfaces__dds_connext_idl
[0.457s] [ 16%] Built target action_tutorials_interfaces__rosidl_typesupport_introspection_cpp
[0.457s] [ 22%] Built target action_tutorials_interfaces__rosidl_typesupport_cpp
[0.457s] [ 28%] Built target action_tutorials_interfaces__rosidl_typesupport_c
[0.457s] [ 34%] Built target action_tutorials_interfaces__rosidl_typesupport_introspection_c
[0.457s] [ 51%] Built target action_tutorials_interfaces__rosidl_typesupport_connext_cpp
[0.457s] [ 55%] Built target action_tutorials_interfaces__rosidl_typesupport_fastrtps_cpp
[0.457s] [ 61%] Built target action_tutorials_interfaces__rosidl_typesupport_fastrtps_c
[0.458s] [ 77%] Built target action_tutorials_interfaces__rosidl_typesupport_connext_c
[0.459s] [ 77%] Built target action_tutorials_interfaces
[0.460s] [ 79%] Built target action_tutorials_interfaces__py
[0.460s] [ 83%] Built target action_tutorials_interfaces__python
[0.460s] [ 87%] Built target action_tutorials_interfaces__rosidl_typesupport_c__pyext
[0.460s] [ 91%] Built target action_tutorials_interfaces__rosidl_typesupport_connext_c__pyext
[0.460s] [ 95%] Built target action_tutorials_interfaces__rosidl_typesupport_introspection_c__pyext
[0.460s] [100%] Built target action_tutorials_interfaces__rosidl_typesupport_fastrtps_c__pyext
[0.472s] Invoked command in '/home/ge/Desktop/ros2/ws/build/action_tutorials_interfaces' returned '0': CMAKE_PREFIX_PATH=/opt/ros/foxy _=/usr/bin/env /usr/bin/cmake --build /home/ge/Desktop/ros2/ws/build/action_tutorials_interfaces -- -j16 -l16
