[0.013s] Invoking command in '/home/ge/Desktop/ros2/ws/build/cpp_parameters': CMAKE_PREFIX_PATH=/opt/ros/foxy _=/usr/bin/env /usr/bin/cmake /home/ge/Desktop/ros2/ws/src/cpp_parameters -DCMAKE_INSTALL_PREFIX=/home/ge/Desktop/ros2/ws/install/cpp_parameters
[0.026s] -- Found ament_cmake: 0.9.11 (/opt/ros/foxy/share/ament_cmake/cmake)
[0.045s] -- Using PYTHON_EXECUTABLE: /usr/bin/python3
[0.206s] -- Override CMake install command with custom implementation using symlinks instead of copying resources
[0.213s] -- Found rclcpp: 2.4.2 (/opt/ros/foxy/share/rclcpp/cmake)
[0.238s] -- Using all available rosidl_typesupport_c: rosidl_typesupport_connext_c;rosidl_typesupport_fastrtps_c;rosidl_typesupport_introspection_c
[0.241s] -- Found rosidl_adapter: 1.3.0 (/opt/ros/foxy/share/rosidl_adapter/cmake)
[0.245s] -- Found RTI Connext: /opt/rti.com/rti_connext_dds-5.3.1
[0.577s] -- Using all available rosidl_typesupport_cpp: rosidl_typesupport_connext_cpp;rosidl_typesupport_fastrtps_cpp;rosidl_typesupport_introspection_cpp
[0.614s] -- Found rmw_implementation_cmake: 1.0.3 (/opt/ros/foxy/share/rmw_implementation_cmake/cmake)
[0.615s] -- Using RMW implementation 'rmw_fastrtps_cpp' as default
[0.790s] -- Configuring done
[0.791s] CMake Error at CMakeLists.txt:22 (add_executable):
[0.791s]   Cannot find source file:
[0.791s] 
[0.791s]     src/cpp_parameters_node.cpp
[0.791s] 
[0.791s]   Tried extensions .c .C .c++ .cc .cpp .cxx .cu .m .M .mm .h .hh .h++ .hm
[0.791s]   .hpp .hxx .in .txx
[0.791s] 
[0.791s] 
[0.791s] CMake Error at CMakeLists.txt:22 (add_executable):
[0.791s]   No SOURCES given to target: minimal_param_node
[0.791s] 
[0.791s] 
[0.791s] CMake Generate step failed.  Build files cannot be regenerated correctly.
[0.797s] Invoked command in '/home/ge/Desktop/ros2/ws/build/cpp_parameters' returned '1': CMAKE_PREFIX_PATH=/opt/ros/foxy _=/usr/bin/env /usr/bin/cmake /home/ge/Desktop/ros2/ws/src/cpp_parameters -DCMAKE_INSTALL_PREFIX=/home/ge/Desktop/ros2/ws/install/cpp_parameters
