[0.015s] Invoking command in '/home/ge/Desktop/ros2/ws/build/cpp_parameters': CMAKE_PREFIX_PATH=/opt/ros/foxy _=/usr/bin/env /usr/bin/cmake /home/ge/Desktop/ros2/ws/src/cpp_parameters -DCMAKE_INSTALL_PREFIX=/home/ge/Desktop/ros2/ws/install/cpp_parameters
[0.025s] -- Found ament_cmake: 0.9.11 (/opt/ros/foxy/share/ament_cmake/cmake)
[0.044s] -- Using PYTHON_EXECUTABLE: /usr/bin/python3
[0.216s] -- Override CMake install command with custom implementation using symlinks instead of copying resources
[0.225s] -- Found rclcpp: 2.4.2 (/opt/ros/foxy/share/rclcpp/cmake)
[0.250s] -- Using all available rosidl_typesupport_c: rosidl_typesupport_connext_c;rosidl_typesupport_fastrtps_c;rosidl_typesupport_introspection_c
[0.254s] -- Found rosidl_adapter: 1.3.0 (/opt/ros/foxy/share/rosidl_adapter/cmake)
[0.256s] -- Found RTI Connext: /opt/rti.com/rti_connext_dds-5.3.1
[0.606s] -- Using all available rosidl_typesupport_cpp: rosidl_typesupport_connext_cpp;rosidl_typesupport_fastrtps_cpp;rosidl_typesupport_introspection_cpp
[0.647s] -- Found rmw_implementation_cmake: 1.0.3 (/opt/ros/foxy/share/rmw_implementation_cmake/cmake)
[0.648s] -- Using RMW implementation 'rmw_fastrtps_cpp' as default
[0.808s] -- Configuring done
[0.814s] -- Generating done
[0.815s] -- Build files have been written to: /home/ge/Desktop/ros2/ws/build/cpp_parameters
[0.820s] Invoked command in '/home/ge/Desktop/ros2/ws/build/cpp_parameters' returned '0': CMAKE_PREFIX_PATH=/opt/ros/foxy _=/usr/bin/env /usr/bin/cmake /home/ge/Desktop/ros2/ws/src/cpp_parameters -DCMAKE_INSTALL_PREFIX=/home/ge/Desktop/ros2/ws/install/cpp_parameters
[0.823s] Invoking command in '/home/ge/Desktop/ros2/ws/build/cpp_parameters': CMAKE_PREFIX_PATH=/opt/ros/foxy _=/usr/bin/env /usr/bin/cmake --build /home/ge/Desktop/ros2/ws/build/cpp_parameters -- -j16 -l16
[0.858s] [35m[1mScanning dependencies of target minimal_param_node[0m
[0.886s] [ 50%] [32mBuilding CXX object CMakeFiles/minimal_param_node.dir/src/cpp_parameters_node.cpp.o[0m
[2.364s] [100%] [32m[1mLinking CXX executable minimal_param_node[0m
[2.455s] [100%] Built target minimal_param_node
[2.468s] Invoked command in '/home/ge/Desktop/ros2/ws/build/cpp_parameters' returned '0': CMAKE_PREFIX_PATH=/opt/ros/foxy _=/usr/bin/env /usr/bin/cmake --build /home/ge/Desktop/ros2/ws/build/cpp_parameters -- -j16 -l16
[2.509s] Invoking command in '/home/ge/Desktop/ros2/ws/build/cpp_parameters': CMAKE_PREFIX_PATH=/opt/ros/foxy _=/usr/bin/env /usr/bin/cmake --install /home/ge/Desktop/ros2/ws/build/cpp_parameters
[2.515s] -- Install configuration: ""
[2.515s] -- Execute custom install script
[2.515s] -- Symlinking: /home/ge/Desktop/ros2/ws/install/cpp_parameters/lib/cpp_parameters/minimal_param_node
[2.525s] -- Up-to-date symlink: /home/ge/Desktop/ros2/ws/install/cpp_parameters/share/ament_index/resource_index/package_run_dependencies/cpp_parameters
[2.525s] -- Up-to-date symlink: /home/ge/Desktop/ros2/ws/install/cpp_parameters/share/ament_index/resource_index/parent_prefix_path/cpp_parameters
[2.525s] -- Up-to-date symlink: /home/ge/Desktop/ros2/ws/install/cpp_parameters/share/cpp_parameters/environment/ament_prefix_path.sh
[2.526s] -- Up-to-date symlink: /home/ge/Desktop/ros2/ws/install/cpp_parameters/share/cpp_parameters/environment/ament_prefix_path.dsv
[2.526s] -- Up-to-date symlink: /home/ge/Desktop/ros2/ws/install/cpp_parameters/share/cpp_parameters/environment/path.sh
[2.526s] -- Up-to-date symlink: /home/ge/Desktop/ros2/ws/install/cpp_parameters/share/cpp_parameters/environment/path.dsv
[2.527s] -- Up-to-date symlink: /home/ge/Desktop/ros2/ws/install/cpp_parameters/share/cpp_parameters/local_setup.bash
[2.527s] -- Up-to-date symlink: /home/ge/Desktop/ros2/ws/install/cpp_parameters/share/cpp_parameters/local_setup.sh
[2.527s] -- Up-to-date symlink: /home/ge/Desktop/ros2/ws/install/cpp_parameters/share/cpp_parameters/local_setup.zsh
[2.527s] -- Up-to-date symlink: /home/ge/Desktop/ros2/ws/install/cpp_parameters/share/cpp_parameters/local_setup.dsv
[2.528s] -- Symlinking: /home/ge/Desktop/ros2/ws/install/cpp_parameters/share/cpp_parameters/package.dsv
[2.535s] -- Up-to-date symlink: /home/ge/Desktop/ros2/ws/install/cpp_parameters/share/ament_index/resource_index/packages/cpp_parameters
[2.535s] -- Up-to-date symlink: /home/ge/Desktop/ros2/ws/install/cpp_parameters/share/cpp_parameters/cmake/cpp_parametersConfig.cmake
[2.535s] -- Up-to-date symlink: /home/ge/Desktop/ros2/ws/install/cpp_parameters/share/cpp_parameters/cmake/cpp_parametersConfig-version.cmake
[2.536s] -- Up-to-date symlink: /home/ge/Desktop/ros2/ws/install/cpp_parameters/share/cpp_parameters/package.xml
[2.538s] Invoked command in '/home/ge/Desktop/ros2/ws/build/cpp_parameters' returned '0': CMAKE_PREFIX_PATH=/opt/ros/foxy _=/usr/bin/env /usr/bin/cmake --install /home/ge/Desktop/ros2/ws/build/cpp_parameters
